creating model and allocating memory
initilzing model with pretrained weights
creating data loaders
start training
Epoch: [0][0/430]	Time 2.630 (2.630)	Data 0.888 (0.888)	Loss 403.5843 (403.5843)	Prec@1 21.875 (21.875)	Prec@5 50.000 (50.000)
Epoch: [0][10/430]	Time 0.156 (0.381)	Data 0.000 (0.081)	Loss 339.4412 (405.9141)	Prec@1 28.125 (20.739)	Prec@5 56.250 (50.000)
Epoch: [0][20/430]	Time 0.157 (0.278)	Data 0.000 (0.043)	Loss 277.4754 (345.8483)	Prec@1 21.875 (25.298)	Prec@5 56.250 (53.571)
Epoch: [0][30/430]	Time 0.221 (0.242)	Data 0.053 (0.031)	Loss 263.4904 (318.2878)	Prec@1 25.000 (25.302)	Prec@5 68.750 (55.544)
Epoch: [0][40/430]	Time 0.156 (0.226)	Data 0.000 (0.026)	Loss 210.4293 (297.2050)	Prec@1 21.875 (25.381)	Prec@5 71.875 (58.765)
Epoch: [0][50/430]	Time 0.166 (0.221)	Data 0.000 (0.029)	Loss 185.7963 (279.9970)	Prec@1 28.125 (26.961)	Prec@5 68.750 (61.152)
Epoch: [0][60/430]	Time 0.159 (0.215)	Data 0.000 (0.029)	Loss 201.6504 (264.7261)	Prec@1 31.250 (27.766)	Prec@5 78.125 (63.268)
Epoch: [0][70/430]	Time 0.179 (0.209)	Data 0.022 (0.027)	Loss 299.1031 (257.3783)	Prec@1 21.875 (27.993)	Prec@5 53.125 (64.305)
Epoch: [0][80/430]	Time 0.276 (0.207)	Data 0.112 (0.027)	Loss 147.3183 (248.0596)	Prec@1 34.375 (28.588)	Prec@5 75.000 (65.162)
Epoch: [0][90/430]	Time 0.166 (0.204)	Data 0.000 (0.026)	Loss 179.9584 (238.3309)	Prec@1 31.250 (28.674)	Prec@5 65.625 (66.243)
Epoch: [0][100/430]	Time 0.174 (0.202)	Data 0.018 (0.026)	Loss 120.3569 (230.6413)	Prec@1 31.250 (28.929)	Prec@5 81.250 (67.141)
Epoch: [0][110/430]	Time 0.183 (0.200)	Data 0.026 (0.025)	Loss 119.8316 (222.9311)	Prec@1 34.375 (29.279)	Prec@5 81.250 (67.736)
Epoch: [0][120/430]	Time 0.226 (0.199)	Data 0.070 (0.026)	Loss 141.0273 (216.6744)	Prec@1 25.000 (29.236)	Prec@5 78.125 (68.363)
Epoch: [0][130/430]	Time 0.168 (0.199)	Data 0.000 (0.027)	Loss 135.9638 (211.1350)	Prec@1 34.375 (29.318)	Prec@5 71.875 (69.036)
Epoch: [0][140/430]	Time 0.177 (0.197)	Data 0.019 (0.025)	Loss 145.4215 (205.8394)	Prec@1 21.875 (29.433)	Prec@5 68.750 (69.637)
Epoch: [0][150/430]	Time 0.197 (0.196)	Data 0.021 (0.025)	Loss 103.9597 (201.1821)	Prec@1 31.250 (29.470)	Prec@5 84.375 (70.219)
Epoch: [0][160/430]	Time 0.159 (0.195)	Data 0.000 (0.025)	Loss 150.0939 (197.1954)	Prec@1 37.500 (29.620)	Prec@5 65.625 (70.691)
Epoch: [0][170/430]	Time 0.172 (0.194)	Data 0.013 (0.025)	Loss 100.5067 (192.5366)	Prec@1 40.625 (30.080)	Prec@5 81.250 (71.217)
Epoch: [0][180/430]	Time 0.182 (0.194)	Data 0.022 (0.025)	Loss 103.5858 (189.1452)	Prec@1 46.875 (30.231)	Prec@5 71.875 (71.443)
Epoch: [0][190/430]	Time 0.227 (0.193)	Data 0.066 (0.025)	Loss 153.6443 (185.6752)	Prec@1 34.375 (30.317)	Prec@5 68.750 (71.875)
Epoch: [0][200/430]	Time 0.200 (0.193)	Data 0.040 (0.025)	Loss 68.8621 (182.0869)	Prec@1 50.000 (30.566)	Prec@5 87.500 (72.233)
Epoch: [0][210/430]	Time 0.164 (0.193)	Data 0.002 (0.025)	Loss 135.2922 (178.8390)	Prec@1 18.750 (30.835)	Prec@5 81.250 (72.645)
Epoch: [0][220/430]	Time 0.267 (0.193)	Data 0.102 (0.025)	Loss 73.5526 (175.7303)	Prec@1 37.500 (31.080)	Prec@5 87.500 (73.006)
Epoch: [0][230/430]	Time 0.158 (0.192)	Data 0.000 (0.025)	Loss 124.4715 (173.1365)	Prec@1 50.000 (31.250)	Prec@5 81.250 (73.377)
Epoch: [0][240/430]	Time 0.182 (0.192)	Data 0.025 (0.025)	Loss 86.8725 (170.4277)	Prec@1 37.500 (31.224)	Prec@5 78.125 (73.703)
Epoch: [0][250/430]	Time 0.206 (0.191)	Data 0.033 (0.025)	Loss 110.1779 (167.5312)	Prec@1 37.500 (31.536)	Prec@5 75.000 (73.929)
Epoch: [0][260/430]	Time 0.264 (0.191)	Data 0.109 (0.025)	Loss 134.8889 (164.8761)	Prec@1 40.625 (31.789)	Prec@5 75.000 (74.210)
Epoch: [0][270/430]	Time 0.157 (0.191)	Data 0.000 (0.025)	Loss 79.7385 (162.4341)	Prec@1 21.875 (31.953)	Prec@5 87.500 (74.527)
Epoch: [0][280/430]	Time 0.157 (0.191)	Data 0.000 (0.025)	Loss 105.5159 (160.3986)	Prec@1 40.625 (32.173)	Prec@5 75.000 (74.677)
Epoch: [0][290/430]	Time 0.179 (0.191)	Data 0.023 (0.025)	Loss 88.5339 (158.4715)	Prec@1 31.250 (32.410)	Prec@5 84.375 (74.839)
Epoch: [0][300/430]	Time 0.308 (0.191)	Data 0.150 (0.026)	Loss 86.9400 (155.9632)	Prec@1 43.750 (32.818)	Prec@5 78.125 (75.114)
Epoch: [0][310/430]	Time 0.177 (0.191)	Data 0.020 (0.026)	Loss 96.0162 (153.8614)	Prec@1 37.500 (33.109)	Prec@5 78.125 (75.402)
Epoch: [0][320/430]	Time 0.188 (0.191)	Data 0.033 (0.026)	Loss 127.1298 (151.9755)	Prec@1 43.750 (33.460)	Prec@5 78.125 (75.613)
Epoch: [0][330/430]	Time 0.168 (0.191)	Data 0.004 (0.026)	Loss 78.5214 (149.9384)	Prec@1 43.750 (33.865)	Prec@5 84.375 (75.840)
Epoch: [0][340/430]	Time 0.166 (0.191)	Data 0.000 (0.026)	Loss 75.9196 (148.4032)	Prec@1 53.125 (33.963)	Prec@5 87.500 (75.981)
Epoch: [0][350/430]	Time 0.165 (0.190)	Data 0.000 (0.026)	Loss 61.6269 (146.3085)	Prec@1 46.875 (34.322)	Prec@5 84.375 (76.282)
Epoch: [0][360/430]	Time 0.214 (0.190)	Data 0.058 (0.026)	Loss 46.5664 (144.5192)	Prec@1 40.625 (34.470)	Prec@5 100.000 (76.515)
Epoch: [0][370/430]	Time 0.191 (0.190)	Data 0.033 (0.026)	Loss 84.5098 (142.8774)	Prec@1 46.875 (34.729)	Prec@5 78.125 (76.659)
Epoch: [0][380/430]	Time 0.165 (0.191)	Data 0.000 (0.026)	Loss 94.7785 (141.3654)	Prec@1 50.000 (35.031)	Prec@5 84.375 (76.878)
Epoch: [0][390/430]	Time 0.178 (0.190)	Data 0.022 (0.026)	Loss 69.4846 (139.7263)	Prec@1 37.500 (35.286)	Prec@5 84.375 (77.062)
Epoch: [0][400/430]	Time 0.177 (0.190)	Data 0.020 (0.026)	Loss 79.5465 (138.1386)	Prec@1 37.500 (35.521)	Prec@5 90.625 (77.213)
Epoch: [0][410/430]	Time 0.164 (0.190)	Data 0.000 (0.026)	Loss 59.3406 (136.5428)	Prec@1 40.625 (35.759)	Prec@5 84.375 (77.327)
Epoch: [0][420/430]	Time 0.190 (0.190)	Data 0.023 (0.026)	Loss 88.9932 (134.8930)	Prec@1 43.750 (36.038)	Prec@5 84.375 (77.516)
Test: [0/160]	Time 3.046 (3.046)	Loss 137.1081 (137.1081)	Prec@1 28.125 (28.125)	Prec@5 81.250 (81.250)
Test: [10/160]	Time 1.574 (0.748)	Loss 125.5413 (148.5247)	Prec@1 34.375 (29.545)	Prec@5 78.125 (74.716)
Test: [20/160]	Time 0.326 (0.605)	Loss 182.0886 (152.1292)	Prec@1 31.250 (29.464)	Prec@5 75.000 (73.958)
Test: [30/160]	Time 0.795 (0.584)	Loss 175.8647 (147.3996)	Prec@1 25.000 (29.940)	Prec@5 59.375 (73.589)
Test: [40/160]	Time 0.167 (0.557)	Loss 87.3260 (148.5967)	Prec@1 40.625 (29.497)	Prec@5 84.375 (73.399)
Test: [50/160]	Time 1.678 (0.563)	Loss 130.9567 (145.0149)	Prec@1 28.125 (29.289)	Prec@5 75.000 (73.346)
Test: [60/160]	Time 0.149 (0.534)	Loss 85.6172 (142.6672)	Prec@1 43.750 (29.201)	Prec@5 87.500 (73.258)
Test: [70/160]	Time 0.148 (0.515)	Loss 136.5212 (143.8648)	Prec@1 50.000 (28.829)	Prec@5 75.000 (72.403)
Test: [80/160]	Time 0.149 (0.495)	Loss 136.4026 (142.9644)	Prec@1 21.875 (28.974)	Prec@5 71.875 (72.840)
Test: [90/160]	Time 1.257 (0.489)	Loss 86.5358 (142.6745)	Prec@1 31.250 (28.812)	Prec@5 84.375 (72.974)
Test: [100/160]	Time 0.779 (0.473)	Loss 125.4479 (142.6971)	Prec@1 21.875 (28.837)	Prec@5 68.750 (72.556)
Test: [110/160]	Time 0.163 (0.454)	Loss 184.6907 (143.1445)	Prec@1 21.875 (29.082)	Prec@5 65.625 (72.354)
Test: [120/160]	Time 0.727 (0.443)	Loss 100.4123 (142.9778)	Prec@1 34.375 (29.003)	Prec@5 71.875 (72.392)
Test: [130/160]	Time 0.205 (0.428)	Loss 123.1502 (141.6985)	Prec@1 12.500 (28.626)	Prec@5 75.000 (72.638)
Test: [140/160]	Time 0.158 (0.423)	Loss 123.2738 (140.7093)	Prec@1 28.125 (28.679)	Prec@5 65.625 (72.562)
Test: [150/160]	Time 0.267 (0.413)	Loss 131.8974 (140.4208)	Prec@1 31.250 (28.974)	Prec@5 71.875 (72.661)
 * Prec@1 28.750 Prec@5 72.444
0 168 0.023809523809523808
1 190 0.042105263157894736
2 11 0.0
3 15 0.0
4 1833 0.36224768139661756
5 231 0.1038961038961039
6 13 0.0
7 313 0.05750798722044728
8 91 0.06593406593406594
9 33 0.0
10 54 0.0
11 14 0.0
12 211 0.02843601895734597
13 326 0.0
14 294 0.3673469387755102
15 1309 0.48128342245989303
