creating model and allocating memory
initilzing model with pretrained weights
creating data loaders
start training
Epoch: [0][0/430]	Time 2.632 (2.632)	Data 0.827 (0.827)	Loss 794.8151 (794.8151)	Prec@1 0.000 (0.000)	Prec@5 9.375 (9.375)
Epoch: [0][10/430]	Time 0.158 (0.384)	Data 0.000 (0.075)	Loss 478.8756 (628.7358)	Prec@1 0.000 (0.568)	Prec@5 18.750 (14.205)
Epoch: [0][20/430]	Time 0.158 (0.281)	Data 0.000 (0.040)	Loss 289.5079 (497.2678)	Prec@1 6.250 (2.530)	Prec@5 50.000 (23.958)
Epoch: [0][30/430]	Time 0.158 (0.245)	Data 0.000 (0.030)	Loss 215.8775 (407.6540)	Prec@1 18.750 (7.157)	Prec@5 62.500 (34.980)
Epoch: [0][40/430]	Time 0.161 (0.230)	Data 0.002 (0.028)	Loss 126.2543 (352.4347)	Prec@1 46.875 (13.262)	Prec@5 78.125 (43.064)
Epoch: [0][50/430]	Time 0.177 (0.219)	Data 0.019 (0.025)	Loss 143.0843 (317.0569)	Prec@1 28.125 (16.238)	Prec@5 81.250 (49.326)
Epoch: [0][60/430]	Time 0.177 (0.215)	Data 0.019 (0.027)	Loss 146.8380 (290.4192)	Prec@1 46.875 (19.314)	Prec@5 78.125 (53.945)
Epoch: [0][70/430]	Time 0.174 (0.210)	Data 0.019 (0.026)	Loss 162.6806 (272.2971)	Prec@1 28.125 (20.819)	Prec@5 75.000 (56.426)
Epoch: [0][80/430]	Time 0.172 (0.208)	Data 0.011 (0.027)	Loss 116.7093 (254.5567)	Prec@1 31.250 (21.991)	Prec@5 81.250 (59.452)
Epoch: [0][90/430]	Time 0.169 (0.205)	Data 0.000 (0.026)	Loss 110.6473 (242.9841)	Prec@1 43.750 (23.420)	Prec@5 68.750 (60.817)
Epoch: [0][100/430]	Time 0.185 (0.203)	Data 0.026 (0.026)	Loss 142.4429 (233.4864)	Prec@1 21.875 (23.577)	Prec@5 68.750 (61.974)
Epoch: [0][110/430]	Time 0.157 (0.202)	Data 0.000 (0.026)	Loss 127.1294 (223.1837)	Prec@1 28.125 (24.465)	Prec@5 71.875 (63.485)
Epoch: [0][120/430]	Time 0.160 (0.201)	Data 0.000 (0.026)	Loss 168.5344 (216.0779)	Prec@1 25.000 (25.129)	Prec@5 78.125 (64.437)
Epoch: [0][130/430]	Time 0.158 (0.199)	Data 0.000 (0.026)	Loss 159.6243 (209.7535)	Prec@1 25.000 (25.501)	Prec@5 62.500 (65.052)
Epoch: [0][140/430]	Time 0.158 (0.198)	Data 0.000 (0.026)	Loss 110.9184 (202.7947)	Prec@1 28.125 (26.020)	Prec@5 81.250 (66.223)
Epoch: [0][150/430]	Time 0.174 (0.197)	Data 0.019 (0.026)	Loss 96.1076 (198.0804)	Prec@1 31.250 (26.200)	Prec@5 81.250 (66.929)
Epoch: [0][160/430]	Time 0.174 (0.197)	Data 0.000 (0.026)	Loss 115.2584 (192.2437)	Prec@1 28.125 (26.766)	Prec@5 78.125 (67.721)
Epoch: [0][170/430]	Time 0.163 (0.196)	Data 0.006 (0.026)	Loss 114.5013 (186.9973)	Prec@1 40.625 (27.376)	Prec@5 78.125 (68.421)
Epoch: [0][180/430]	Time 0.214 (0.196)	Data 0.042 (0.026)	Loss 122.5630 (183.1518)	Prec@1 28.125 (27.452)	Prec@5 75.000 (69.147)
Epoch: [0][190/430]	Time 0.162 (0.196)	Data 0.000 (0.026)	Loss 86.1088 (179.0194)	Prec@1 50.000 (28.060)	Prec@5 87.500 (69.748)
Epoch: [0][200/430]	Time 0.236 (0.195)	Data 0.079 (0.026)	Loss 87.7510 (176.3421)	Prec@1 31.250 (28.187)	Prec@5 93.750 (70.149)
Epoch: [0][210/430]	Time 0.181 (0.195)	Data 0.020 (0.026)	Loss 64.6778 (172.8151)	Prec@1 40.625 (28.392)	Prec@5 87.500 (70.720)
Epoch: [0][220/430]	Time 0.225 (0.195)	Data 0.069 (0.026)	Loss 117.8716 (169.3860)	Prec@1 31.250 (28.889)	Prec@5 78.125 (71.225)
Epoch: [0][230/430]	Time 0.178 (0.195)	Data 0.021 (0.027)	Loss 114.1196 (166.3070)	Prec@1 40.625 (29.288)	Prec@5 62.500 (71.523)
Epoch: [0][240/430]	Time 0.175 (0.195)	Data 0.017 (0.027)	Loss 121.8965 (163.5814)	Prec@1 34.375 (29.422)	Prec@5 71.875 (71.914)
Epoch: [0][250/430]	Time 0.164 (0.194)	Data 0.006 (0.027)	Loss 91.6399 (161.0633)	Prec@1 43.750 (29.806)	Prec@5 84.375 (72.261)
Epoch: [0][260/430]	Time 0.198 (0.194)	Data 0.023 (0.027)	Loss 102.1361 (158.3807)	Prec@1 31.250 (29.993)	Prec@5 78.125 (72.629)
Epoch: [0][270/430]	Time 0.173 (0.194)	Data 0.000 (0.027)	Loss 101.8290 (155.6621)	Prec@1 40.625 (30.512)	Prec@5 87.500 (73.040)
Epoch: [0][280/430]	Time 0.215 (0.194)	Data 0.057 (0.027)	Loss 63.2324 (153.4156)	Prec@1 40.625 (30.794)	Prec@5 87.500 (73.387)
Epoch: [0][290/430]	Time 0.161 (0.193)	Data 0.002 (0.027)	Loss 92.2143 (151.0930)	Prec@1 34.375 (31.110)	Prec@5 81.250 (73.797)
Epoch: [0][300/430]	Time 0.270 (0.193)	Data 0.093 (0.027)	Loss 65.4862 (149.0614)	Prec@1 50.000 (31.406)	Prec@5 93.750 (74.066)
Epoch: [0][310/430]	Time 0.158 (0.193)	Data 0.000 (0.027)	Loss 71.8611 (147.2959)	Prec@1 43.750 (31.803)	Prec@5 87.500 (74.156)
Epoch: [0][320/430]	Time 0.178 (0.193)	Data 0.006 (0.027)	Loss 63.4898 (145.1317)	Prec@1 53.125 (32.058)	Prec@5 87.500 (74.474)
Epoch: [0][330/430]	Time 0.180 (0.193)	Data 0.008 (0.026)	Loss 99.2076 (143.1196)	Prec@1 40.625 (32.411)	Prec@5 75.000 (74.755)
Epoch: [0][340/430]	Time 0.161 (0.193)	Data 0.004 (0.026)	Loss 40.2112 (140.8181)	Prec@1 59.375 (32.817)	Prec@5 93.750 (75.027)
Epoch: [0][350/430]	Time 0.173 (0.192)	Data 0.013 (0.026)	Loss 79.2305 (138.9684)	Prec@1 46.875 (33.200)	Prec@5 71.875 (75.303)
Epoch: [0][360/430]	Time 0.159 (0.192)	Data 0.001 (0.026)	Loss 53.3716 (137.2747)	Prec@1 50.000 (33.535)	Prec@5 93.750 (75.571)
Epoch: [0][370/430]	Time 0.181 (0.192)	Data 0.017 (0.026)	Loss 96.3777 (135.5244)	Prec@1 43.750 (33.794)	Prec@5 87.500 (75.842)
Epoch: [0][380/430]	Time 0.159 (0.192)	Data 0.000 (0.027)	Loss 50.0839 (133.9475)	Prec@1 62.500 (34.031)	Prec@5 96.875 (76.083)
Epoch: [0][390/430]	Time 0.200 (0.192)	Data 0.030 (0.026)	Loss 76.4899 (132.4920)	Prec@1 43.750 (34.239)	Prec@5 84.375 (76.255)
Epoch: [0][400/430]	Time 0.167 (0.192)	Data 0.000 (0.026)	Loss 78.0237 (131.1588)	Prec@1 40.625 (34.453)	Prec@5 84.375 (76.411)
Epoch: [0][410/430]	Time 0.245 (0.192)	Data 0.065 (0.026)	Loss 83.9154 (129.9779)	Prec@1 40.625 (34.626)	Prec@5 75.000 (76.521)
Epoch: [0][420/430]	Time 0.179 (0.192)	Data 0.022 (0.026)	Loss 95.1222 (128.6079)	Prec@1 37.500 (34.895)	Prec@5 81.250 (76.730)
Test: [0/160]	Time 0.970 (0.970)	Loss 161.8532 (161.8532)	Prec@1 31.250 (31.250)	Prec@5 65.625 (65.625)
Test: [10/160]	Time 0.217 (0.284)	Loss 115.7757 (128.4361)	Prec@1 43.750 (35.227)	Prec@5 78.125 (73.011)
Test: [20/160]	Time 0.284 (0.258)	Loss 149.3152 (117.8895)	Prec@1 40.625 (37.054)	Prec@5 62.500 (73.958)
Test: [30/160]	Time 0.189 (0.239)	Loss 168.5286 (119.4084)	Prec@1 21.875 (36.190)	Prec@5 56.250 (73.387)
Test: [40/160]	Time 0.176 (0.242)	Loss 70.8938 (123.0027)	Prec@1 50.000 (35.899)	Prec@5 87.500 (73.018)
Test: [50/160]	Time 0.148 (0.236)	Loss 125.4051 (123.0249)	Prec@1 25.000 (35.784)	Prec@5 78.125 (73.713)
Test: [60/160]	Time 0.373 (0.241)	Loss 65.4862 (123.4267)	Prec@1 46.875 (35.758)	Prec@5 87.500 (73.617)
Test: [70/160]	Time 0.166 (0.240)	Loss 147.9800 (122.2846)	Prec@1 40.625 (35.343)	Prec@5 68.750 (73.812)
Test: [80/160]	Time 0.493 (0.244)	Loss 160.7003 (123.5418)	Prec@1 28.125 (34.838)	Prec@5 78.125 (73.958)
Test: [90/160]	Time 0.149 (0.244)	Loss 174.6382 (126.1747)	Prec@1 25.000 (34.375)	Prec@5 71.875 (73.592)
Test: [100/160]	Time 0.149 (0.240)	Loss 75.8478 (125.2334)	Prec@1 34.375 (34.808)	Prec@5 78.125 (73.793)
Test: [110/160]	Time 0.163 (0.241)	Loss 148.2587 (126.0909)	Prec@1 28.125 (34.488)	Prec@5 78.125 (73.846)
Test: [120/160]	Time 0.292 (0.244)	Loss 96.4818 (125.3979)	Prec@1 34.375 (34.814)	Prec@5 87.500 (74.019)
Test: [130/160]	Time 0.455 (0.245)	Loss 158.8447 (124.9281)	Prec@1 25.000 (34.566)	Prec@5 62.500 (74.141)
Test: [140/160]	Time 0.167 (0.240)	Loss 104.8549 (124.6471)	Prec@1 37.500 (34.707)	Prec@5 78.125 (74.512)
Test: [150/160]	Time 0.413 (0.242)	Loss 132.3692 (124.2213)	Prec@1 28.125 (34.727)	Prec@5 65.625 (74.607)
 * Prec@1 34.841 Prec@5 74.363
0 168 0.02976190476190476
1 190 0.04736842105263158
2 11 0.0
3 15 0.0
4 1833 0.35406437534097107
5 231 0.021645021645021644
6 13 0.0
7 313 0.05750798722044728
8 91 0.02197802197802198
9 33 0.030303030303030304
10 54 0.0
11 14 0.0
12 211 0.1848341232227488
13 326 0.0
14 294 0.09523809523809523
15 1309 0.7815126050420168
Epoch: [1][0/430]	Time 1.003 (1.003)	Data 0.819 (0.819)	Loss 65.3144 (65.3144)	Prec@1 50.000 (50.000)	Prec@5 90.625 (90.625)
Epoch: [1][10/430]	Time 0.180 (0.243)	Data 0.022 (0.081)	Loss 37.3161 (72.9742)	Prec@1 53.125 (44.034)	Prec@5 90.625 (82.955)
Epoch: [1][20/430]	Time 0.167 (0.212)	Data 0.010 (0.050)	Loss 51.4241 (74.0287)	Prec@1 56.250 (43.750)	Prec@5 93.750 (84.524)
Epoch: [1][30/430]	Time 0.175 (0.205)	Data 0.017 (0.043)	Loss 86.2489 (73.4466)	Prec@1 40.625 (44.052)	Prec@5 84.375 (84.375)
Epoch: [1][40/430]	Time 0.169 (0.202)	Data 0.000 (0.039)	Loss 56.7846 (72.5254)	Prec@1 46.875 (44.970)	Prec@5 84.375 (84.451)
Epoch: [1][50/430]	Time 0.159 (0.199)	Data 0.000 (0.037)	Loss 45.8807 (70.0285)	Prec@1 46.875 (45.343)	Prec@5 93.750 (85.478)
Epoch: [1][60/430]	Time 0.178 (0.198)	Data 0.000 (0.037)	Loss 77.2529 (69.8612)	Prec@1 40.625 (45.184)	Prec@5 87.500 (85.400)
Epoch: [1][70/430]	Time 0.174 (0.195)	Data 0.000 (0.034)	Loss 32.7384 (69.3397)	Prec@1 56.250 (45.731)	Prec@5 93.750 (85.519)
Epoch: [1][80/430]	Time 0.159 (0.195)	Data 0.000 (0.034)	Loss 82.4404 (69.6360)	Prec@1 37.500 (45.988)	Prec@5 78.125 (85.224)
Epoch: [1][90/430]	Time 0.174 (0.193)	Data 0.000 (0.032)	Loss 76.4873 (69.3132)	Prec@1 40.625 (46.016)	Prec@5 78.125 (85.268)
Epoch: [1][100/430]	Time 0.171 (0.192)	Data 0.015 (0.030)	Loss 62.6256 (68.7760)	Prec@1 43.750 (46.473)	Prec@5 75.000 (85.241)
Epoch: [1][110/430]	Time 0.158 (0.191)	Data 0.000 (0.030)	Loss 100.7968 (68.1208)	Prec@1 34.375 (46.875)	Prec@5 75.000 (85.191)
Epoch: [1][120/430]	Time 0.179 (0.191)	Data 0.022 (0.030)	Loss 69.9762 (68.2119)	Prec@1 50.000 (46.617)	Prec@5 87.500 (84.995)
Epoch: [1][130/430]	Time 0.158 (0.190)	Data 0.000 (0.030)	Loss 40.9803 (66.9953)	Prec@1 59.375 (46.851)	Prec@5 96.875 (85.234)
Epoch: [1][140/430]	Time 0.297 (0.190)	Data 0.127 (0.029)	Loss 44.8910 (66.4919)	Prec@1 56.250 (47.008)	Prec@5 87.500 (85.306)
Epoch: [1][150/430]	Time 0.176 (0.189)	Data 0.020 (0.029)	Loss 43.2209 (66.4331)	Prec@1 46.875 (47.020)	Prec@5 87.500 (85.203)
Epoch: [1][160/430]	Time 0.181 (0.189)	Data 0.014 (0.028)	Loss 47.4863 (65.6042)	Prec@1 43.750 (47.341)	Prec@5 84.375 (85.268)
Epoch: [1][170/430]	Time 0.175 (0.189)	Data 0.000 (0.028)	Loss 59.3123 (65.3280)	Prec@1 56.250 (47.460)	Prec@5 84.375 (85.234)
Epoch: [1][180/430]	Time 0.178 (0.188)	Data 0.018 (0.028)	Loss 54.0224 (65.0939)	Prec@1 40.625 (47.479)	Prec@5 93.750 (85.325)
Epoch: [1][190/430]	Time 0.164 (0.189)	Data 0.007 (0.028)	Loss 41.2873 (64.4313)	Prec@1 53.125 (47.660)	Prec@5 93.750 (85.389)
Epoch: [1][200/430]	Time 0.292 (0.189)	Data 0.135 (0.028)	Loss 59.0114 (63.9509)	Prec@1 43.750 (47.746)	Prec@5 87.500 (85.494)
Epoch: [1][210/430]	Time 0.192 (0.188)	Data 0.020 (0.027)	Loss 29.9103 (63.9258)	Prec@1 59.375 (47.778)	Prec@5 90.625 (85.456)
Epoch: [1][220/430]	Time 0.181 (0.188)	Data 0.020 (0.027)	Loss 79.9545 (63.9936)	Prec@1 40.625 (47.766)	Prec@5 81.250 (85.280)
Epoch: [1][230/430]	Time 0.173 (0.188)	Data 0.000 (0.027)	Loss 29.0158 (63.2946)	Prec@1 62.500 (48.079)	Prec@5 90.625 (85.430)
Epoch: [1][240/430]	Time 0.180 (0.188)	Data 0.022 (0.026)	Loss 56.1484 (63.0250)	Prec@1 43.750 (48.133)	Prec@5 87.500 (85.490)
Epoch: [1][250/430]	Time 0.170 (0.188)	Data 0.000 (0.026)	Loss 59.7517 (62.9934)	Prec@1 53.125 (48.182)	Prec@5 87.500 (85.421)
Epoch: [1][260/430]	Time 0.184 (0.188)	Data 0.022 (0.026)	Loss 51.4592 (62.6057)	Prec@1 53.125 (48.252)	Prec@5 87.500 (85.524)
Epoch: [1][270/430]	Time 0.157 (0.188)	Data 0.000 (0.026)	Loss 57.5803 (62.2603)	Prec@1 53.125 (48.316)	Prec@5 84.375 (85.609)
Epoch: [1][280/430]	Time 0.233 (0.187)	Data 0.060 (0.026)	Loss 75.3801 (61.8626)	Prec@1 43.750 (48.421)	Prec@5 84.375 (85.698)
Epoch: [1][290/430]	Time 0.160 (0.188)	Data 0.000 (0.026)	Loss 52.0712 (61.5873)	Prec@1 46.875 (48.572)	Prec@5 96.875 (85.728)
Epoch: [1][300/430]	Time 0.176 (0.188)	Data 0.000 (0.026)	Loss 84.9516 (61.5828)	Prec@1 37.500 (48.536)	Prec@5 81.250 (85.704)
Epoch: [1][310/430]	Time 0.181 (0.187)	Data 0.020 (0.026)	Loss 40.7936 (61.1037)	Prec@1 56.250 (48.704)	Prec@5 93.750 (85.812)
Epoch: [1][320/430]	Time 0.171 (0.187)	Data 0.014 (0.026)	Loss 47.2946 (60.9073)	Prec@1 59.375 (48.822)	Prec@5 90.625 (85.864)
Epoch: [1][330/430]	Time 0.189 (0.187)	Data 0.028 (0.026)	Loss 47.9886 (60.8692)	Prec@1 50.000 (48.961)	Prec@5 84.375 (85.848)
Epoch: [1][340/430]	Time 0.174 (0.188)	Data 0.000 (0.026)	Loss 38.1683 (60.6533)	Prec@1 40.625 (49.010)	Prec@5 93.750 (85.841)
Epoch: [1][350/430]	Time 0.158 (0.187)	Data 0.000 (0.025)	Loss 53.4783 (60.3414)	Prec@1 62.500 (49.021)	Prec@5 90.625 (85.835)
Epoch: [1][360/430]	Time 0.158 (0.187)	Data 0.000 (0.025)	Loss 63.7670 (60.0980)	Prec@1 46.875 (49.065)	Prec@5 87.500 (85.864)
Epoch: [1][370/430]	Time 0.187 (0.187)	Data 0.022 (0.025)	Loss 66.6711 (59.9770)	Prec@1 53.125 (49.090)	Prec@5 81.250 (85.916)
Epoch: [1][380/430]	Time 0.173 (0.187)	Data 0.016 (0.025)	Loss 46.3320 (59.8589)	Prec@1 56.250 (49.024)	Prec@5 90.625 (85.917)
Epoch: [1][390/430]	Time 0.181 (0.187)	Data 0.018 (0.025)	Loss 58.7338 (59.5717)	Prec@1 59.375 (49.129)	Prec@5 81.250 (85.934)
Epoch: [1][400/430]	Time 0.179 (0.187)	Data 0.000 (0.025)	Loss 67.8211 (59.4046)	Prec@1 56.250 (49.182)	Prec@5 81.250 (85.980)
Epoch: [1][410/430]	Time 0.177 (0.187)	Data 0.018 (0.025)	Loss 34.4575 (59.1665)	Prec@1 62.500 (49.339)	Prec@5 93.750 (86.017)
Epoch: [1][420/430]	Time 0.163 (0.187)	Data 0.005 (0.025)	Loss 49.5713 (58.9597)	Prec@1 46.875 (49.325)	Prec@5 87.500 (86.015)
Test: [0/160]	Time 1.031 (1.031)	Loss 117.0545 (117.0545)	Prec@1 28.125 (28.125)	Prec@5 75.000 (75.000)
Test: [10/160]	Time 0.150 (0.272)	Loss 129.4245 (99.1253)	Prec@1 34.375 (34.375)	Prec@5 65.625 (76.989)
Test: [20/160]	Time 0.309 (0.231)	Loss 90.8513 (104.8835)	Prec@1 28.125 (34.821)	Prec@5 78.125 (75.744)
Test: [30/160]	Time 0.153 (0.218)	Loss 110.5530 (103.6315)	Prec@1 25.000 (34.778)	Prec@5 71.875 (76.210)
Test: [40/160]	Time 0.177 (0.209)	Loss 69.1486 (101.5529)	Prec@1 43.750 (35.137)	Prec@5 90.625 (77.058)
Test: [50/160]	Time 0.169 (0.209)	Loss 104.1196 (101.3843)	Prec@1 25.000 (34.252)	Prec@5 75.000 (76.900)
Test: [60/160]	Time 0.177 (0.205)	Loss 90.3147 (102.2710)	Prec@1 31.250 (34.016)	Prec@5 71.875 (76.332)
Test: [70/160]	Time 0.172 (0.203)	Loss 85.6842 (102.3668)	Prec@1 31.250 (34.023)	Prec@5 90.625 (76.188)
Test: [80/160]	Time 0.151 (0.203)	Loss 82.6100 (101.7813)	Prec@1 59.375 (34.259)	Prec@5 78.125 (75.887)
Test: [90/160]	Time 0.255 (0.202)	Loss 110.7734 (101.3856)	Prec@1 37.500 (34.341)	Prec@5 81.250 (75.859)
Test: [100/160]	Time 0.170 (0.200)	Loss 101.1685 (101.4768)	Prec@1 40.625 (34.499)	Prec@5 71.875 (75.712)
Test: [110/160]	Time 0.171 (0.200)	Loss 97.5000 (101.2156)	Prec@1 28.125 (34.459)	Prec@5 78.125 (75.648)
Test: [120/160]	Time 0.167 (0.200)	Loss 83.4797 (101.2607)	Prec@1 31.250 (34.452)	Prec@5 71.875 (75.723)
Test: [130/160]	Time 0.209 (0.200)	Loss 121.6786 (101.6837)	Prec@1 43.750 (34.590)	Prec@5 75.000 (75.954)
Test: [140/160]	Time 0.158 (0.201)	Loss 97.2468 (100.3093)	Prec@1 18.750 (34.641)	Prec@5 78.125 (76.330)
Test: [150/160]	Time 0.386 (0.201)	Loss 139.1982 (101.0789)	Prec@1 31.250 (34.685)	Prec@5 56.250 (75.993)
 * Prec@1 34.743 Prec@5 76.048
0 168 0.02976190476190476
1 190 0.09473684210526316
2 11 0.0
3 15 0.0
4 1833 0.32133115111838517
5 231 0.06493506493506493
6 13 0.0
7 313 0.10543130990415335
8 91 0.02197802197802198
9 33 0.030303030303030304
10 54 0.0
11 14 0.0
12 211 0.32701421800947866
13 326 0.003067484662576687
14 294 0.2891156462585034
15 1309 0.7303284950343774
Epoch: [2][0/430]	Time 0.945 (0.945)	Data 0.765 (0.765)	Loss 62.7389 (62.7389)	Prec@1 53.125 (53.125)	Prec@5 84.375 (84.375)
Epoch: [2][10/430]	Time 0.199 (0.244)	Data 0.042 (0.083)	Loss 47.3670 (53.7909)	Prec@1 56.250 (47.159)	Prec@5 90.625 (86.364)
Epoch: [2][20/430]	Time 0.167 (0.213)	Data 0.006 (0.050)	Loss 85.2038 (54.3484)	Prec@1 43.750 (48.810)	Prec@5 84.375 (84.970)
Epoch: [2][30/430]	Time 0.181 (0.205)	Data 0.015 (0.042)	Loss 85.8666 (52.1284)	Prec@1 40.625 (51.210)	Prec@5 81.250 (85.988)
Epoch: [2][40/430]	Time 0.188 (0.198)	Data 0.022 (0.036)	Loss 55.7379 (50.1278)	Prec@1 46.875 (52.363)	Prec@5 90.625 (87.043)
Epoch: [2][50/430]	Time 0.159 (0.194)	Data 0.000 (0.032)	Loss 31.9752 (48.8470)	Prec@1 68.750 (53.002)	Prec@5 90.625 (87.561)
Epoch: [2][60/430]	Time 0.157 (0.193)	Data 0.000 (0.030)	Loss 50.5607 (48.8566)	Prec@1 50.000 (52.766)	Prec@5 87.500 (87.193)
Epoch: [2][70/430]	Time 0.187 (0.193)	Data 0.011 (0.030)	Loss 46.7255 (47.9923)	Prec@1 59.375 (52.905)	Prec@5 90.625 (87.412)
Epoch: [2][80/430]	Time 0.175 (0.192)	Data 0.014 (0.029)	Loss 48.9648 (48.0389)	Prec@1 53.125 (53.318)	Prec@5 90.625 (87.500)
Epoch: [2][90/430]	Time 0.169 (0.191)	Data 0.010 (0.029)	Loss 24.9976 (47.1877)	Prec@1 65.625 (53.674)	Prec@5 93.750 (87.637)
Epoch: [2][100/430]	Time 0.182 (0.191)	Data 0.005 (0.028)	Loss 44.7427 (47.1780)	Prec@1 53.125 (53.434)	Prec@5 90.625 (87.593)
Epoch: [2][110/430]	Time 0.181 (0.191)	Data 0.000 (0.028)	Loss 39.3629 (46.8725)	Prec@1 56.250 (53.744)	Prec@5 93.750 (87.866)
Epoch: [2][120/430]	Time 0.202 (0.190)	Data 0.027 (0.027)	Loss 54.1183 (46.5879)	Prec@1 56.250 (53.796)	Prec@5 81.250 (87.758)
Epoch: [2][130/430]	Time 0.161 (0.191)	Data 0.003 (0.028)	Loss 42.4608 (46.4247)	Prec@1 46.875 (53.721)	Prec@5 93.750 (87.739)
Epoch: [2][140/430]	Time 0.333 (0.191)	Data 0.160 (0.028)	Loss 46.9478 (46.4853)	Prec@1 56.250 (53.834)	Prec@5 87.500 (87.877)
Epoch: [2][150/430]	Time 0.158 (0.190)	Data 0.000 (0.027)	Loss 38.5965 (46.8152)	Prec@1 50.000 (53.932)	Prec@5 81.250 (87.603)
Epoch: [2][160/430]	Time 0.185 (0.190)	Data 0.007 (0.026)	Loss 58.5328 (46.6690)	Prec@1 43.750 (54.193)	Prec@5 81.250 (87.616)
Epoch: [2][170/430]	Time 0.168 (0.189)	Data 0.003 (0.026)	Loss 22.8404 (46.3215)	Prec@1 65.625 (54.386)	Prec@5 93.750 (87.683)
Epoch: [2][180/430]	Time 0.188 (0.190)	Data 0.013 (0.026)	Loss 24.1164 (46.1601)	Prec@1 68.750 (54.627)	Prec@5 96.875 (87.707)
Epoch: [2][190/430]	Time 0.159 (0.189)	Data 0.000 (0.025)	Loss 29.0605 (45.8218)	Prec@1 53.125 (54.777)	Prec@5 96.875 (87.811)
Epoch: [2][200/430]	Time 0.198 (0.188)	Data 0.023 (0.025)	Loss 45.7551 (45.6377)	Prec@1 37.500 (54.742)	Prec@5 87.500 (87.935)
Epoch: [2][210/430]	Time 0.161 (0.188)	Data 0.000 (0.025)	Loss 70.1997 (45.5199)	Prec@1 59.375 (54.917)	Prec@5 81.250 (87.974)
Epoch: [2][220/430]	Time 0.211 (0.188)	Data 0.054 (0.025)	Loss 52.2382 (45.5558)	Prec@1 50.000 (54.935)	Prec@5 84.375 (87.981)
Epoch: [2][230/430]	Time 0.171 (0.188)	Data 0.014 (0.024)	Loss 40.6876 (45.7725)	Prec@1 59.375 (54.681)	Prec@5 84.375 (87.919)
Epoch: [2][240/430]	Time 0.218 (0.188)	Data 0.061 (0.025)	Loss 25.9568 (45.6568)	Prec@1 65.625 (54.733)	Prec@5 90.625 (87.967)
Epoch: [2][250/430]	Time 0.160 (0.188)	Data 0.000 (0.025)	Loss 32.5438 (45.4269)	Prec@1 46.875 (54.831)	Prec@5 93.750 (88.135)
Epoch: [2][260/430]	Time 0.215 (0.188)	Data 0.037 (0.025)	Loss 39.5701 (45.2492)	Prec@1 62.500 (55.005)	Prec@5 81.250 (88.147)
Epoch: [2][270/430]	Time 0.160 (0.188)	Data 0.000 (0.025)	Loss 35.5677 (44.9577)	Prec@1 56.250 (55.281)	Prec@5 96.875 (88.307)
Epoch: [2][280/430]	Time 0.225 (0.188)	Data 0.051 (0.025)	Loss 50.3307 (45.1328)	Prec@1 40.625 (55.071)	Prec@5 90.625 (88.312)
Epoch: [2][290/430]	Time 0.176 (0.188)	Data 0.017 (0.025)	Loss 84.4948 (45.2772)	Prec@1 50.000 (54.951)	Prec@5 71.875 (88.241)
Epoch: [2][300/430]	Time 0.277 (0.188)	Data 0.120 (0.025)	Loss 47.1497 (45.5501)	Prec@1 53.125 (54.734)	Prec@5 93.750 (88.123)
Epoch: [2][310/430]	Time 0.158 (0.188)	Data 0.000 (0.025)	Loss 41.8726 (45.8818)	Prec@1 62.500 (54.542)	Prec@5 93.750 (88.033)
Epoch: [2][320/430]	Time 0.335 (0.188)	Data 0.174 (0.025)	Loss 31.0726 (45.6704)	Prec@1 65.625 (54.673)	Prec@5 90.625 (88.084)
Epoch: [2][330/430]	Time 0.176 (0.188)	Data 0.019 (0.025)	Loss 38.3535 (45.6270)	Prec@1 50.000 (54.569)	Prec@5 93.750 (88.180)
Epoch: [2][340/430]	Time 0.199 (0.188)	Data 0.036 (0.024)	Loss 48.4410 (45.5964)	Prec@1 59.375 (54.637)	Prec@5 93.750 (88.169)
Epoch: [2][350/430]	Time 0.162 (0.187)	Data 0.002 (0.024)	Loss 28.0711 (45.4908)	Prec@1 59.375 (54.630)	Prec@5 93.750 (88.132)
Epoch: [2][360/430]	Time 0.285 (0.187)	Data 0.127 (0.024)	Loss 57.9750 (45.3245)	Prec@1 53.125 (54.718)	Prec@5 87.500 (88.149)
Epoch: [2][370/430]	Time 0.167 (0.187)	Data 0.005 (0.024)	Loss 42.7382 (45.0212)	Prec@1 37.500 (54.852)	Prec@5 96.875 (88.216)
Epoch: [2][380/430]	Time 0.312 (0.188)	Data 0.138 (0.025)	Loss 31.2409 (44.8604)	Prec@1 68.750 (55.003)	Prec@5 90.625 (88.246)
Epoch: [2][390/430]	Time 0.160 (0.188)	Data 0.000 (0.025)	Loss 24.3750 (44.7465)	Prec@1 65.625 (55.083)	Prec@5 93.750 (88.235)
Epoch: [2][400/430]	Time 0.174 (0.188)	Data 0.011 (0.025)	Loss 91.3660 (44.7467)	Prec@1 25.000 (55.097)	Prec@5 75.000 (88.225)
Epoch: [2][410/430]	Time 0.181 (0.188)	Data 0.022 (0.025)	Loss 42.7092 (44.6353)	Prec@1 53.125 (55.064)	Prec@5 87.500 (88.253)
Epoch: [2][420/430]	Time 0.170 (0.188)	Data 0.011 (0.025)	Loss 46.4353 (44.4205)	Prec@1 59.375 (55.211)	Prec@5 87.500 (88.331)
Test: [0/160]	Time 1.024 (1.024)	Loss 93.3569 (93.3569)	Prec@1 34.375 (34.375)	Prec@5 81.250 (81.250)
Test: [10/160]	Time 0.198 (0.256)	Loss 95.7461 (89.1465)	Prec@1 43.750 (36.932)	Prec@5 68.750 (77.557)
Test: [20/160]	Time 0.291 (0.229)	Loss 72.9170 (84.7080)	Prec@1 34.375 (38.244)	Prec@5 84.375 (78.571)
Test: [30/160]	Time 0.180 (0.219)	Loss 86.8554 (86.8125)	Prec@1 43.750 (38.206)	Prec@5 71.875 (77.722)
Test: [40/160]	Time 0.151 (0.210)	Loss 97.9392 (86.7109)	Prec@1 34.375 (37.881)	Prec@5 75.000 (77.820)
Test: [50/160]	Time 0.181 (0.209)	Loss 94.7330 (88.2864)	Prec@1 34.375 (36.887)	Prec@5 71.875 (77.022)
Test: [60/160]	Time 0.188 (0.208)	Loss 59.6617 (86.8516)	Prec@1 37.500 (37.602)	Prec@5 75.000 (77.305)
Test: [70/160]	Time 0.296 (0.208)	Loss 112.5675 (86.3027)	Prec@1 43.750 (37.588)	Prec@5 68.750 (77.201)
Test: [80/160]	Time 0.154 (0.205)	Loss 84.0637 (86.9652)	Prec@1 34.375 (37.346)	Prec@5 78.125 (77.122)
Test: [90/160]	Time 0.162 (0.204)	Loss 64.4021 (86.6676)	Prec@1 50.000 (37.500)	Prec@5 81.250 (77.301)
Test: [100/160]	Time 0.200 (0.204)	Loss 109.7503 (85.8777)	Prec@1 21.875 (37.840)	Prec@5 68.750 (77.444)
Test: [110/160]	Time 0.184 (0.202)	Loss 106.3195 (86.5191)	Prec@1 28.125 (37.753)	Prec@5 81.250 (77.083)
Test: [120/160]	Time 0.180 (0.202)	Loss 66.9077 (86.7088)	Prec@1 53.125 (37.681)	Prec@5 78.125 (77.169)
Test: [130/160]	Time 0.185 (0.201)	Loss 68.8315 (86.7854)	Prec@1 18.750 (37.548)	Prec@5 84.375 (77.099)
Test: [140/160]	Time 0.201 (0.200)	Loss 44.6929 (87.1421)	Prec@1 43.750 (37.389)	Prec@5 84.375 (77.039)
Test: [150/160]	Time 0.152 (0.201)	Loss 59.7277 (87.5315)	Prec@1 43.750 (37.169)	Prec@5 84.375 (76.863)
 * Prec@1 37.192 Prec@5 76.772
0 168 0.023809523809523808
1 190 0.06842105263157895
2 11 0.0
3 15 0.0
4 1833 0.3436988543371522
5 231 0.17316017316017315
6 13 0.0
7 313 0.21405750798722045
8 91 0.04395604395604396
9 33 0.030303030303030304
10 54 0.0
11 14 0.0
12 211 0.36492890995260663
13 326 0.0
14 294 0.42517006802721086
15 1309 0.7165775401069518
Epoch: [3][0/430]	Time 1.113 (1.113)	Data 0.955 (0.955)	Loss 51.4198 (51.4198)	Prec@1 50.000 (50.000)	Prec@5 78.125 (78.125)
Epoch: [3][10/430]	Time 0.158 (0.258)	Data 0.000 (0.094)	Loss 50.3831 (52.4676)	Prec@1 40.625 (45.170)	Prec@5 90.625 (83.807)
Epoch: [3][20/430]	Time 0.211 (0.221)	Data 0.019 (0.057)	Loss 35.2275 (47.2811)	Prec@1 56.250 (49.107)	Prec@5 96.875 (86.458)
Epoch: [3][30/430]	Time 0.176 (0.207)	Data 0.013 (0.043)	Loss 59.1442 (46.5377)	Prec@1 53.125 (51.915)	Prec@5 81.250 (87.198)
Epoch: [3][40/430]	Time 0.157 (0.204)	Data 0.000 (0.040)	Loss 29.8479 (45.0519)	Prec@1 65.625 (53.049)	Prec@5 90.625 (86.814)
Epoch: [3][50/430]	Time 0.172 (0.199)	Data 0.013 (0.036)	Loss 21.8239 (43.5150)	Prec@1 68.750 (53.493)	Prec@5 93.750 (87.377)
Epoch: [3][60/430]	Time 0.163 (0.197)	Data 0.005 (0.033)	Loss 41.6949 (42.6677)	Prec@1 50.000 (54.406)	Prec@5 96.875 (87.859)
Epoch: [3][70/430]	Time 0.297 (0.198)	Data 0.134 (0.034)	Loss 43.3843 (42.2222)	Prec@1 53.125 (54.798)	Prec@5 90.625 (88.116)
Epoch: [3][80/430]	Time 0.177 (0.196)	Data 0.010 (0.033)	Loss 48.4733 (42.1094)	Prec@1 43.750 (54.784)	Prec@5 81.250 (88.310)
Epoch: [3][90/430]	Time 0.165 (0.195)	Data 0.006 (0.032)	Loss 25.0894 (41.5893)	Prec@1 65.625 (54.808)	Prec@5 96.875 (88.599)
Epoch: [3][100/430]	Time 0.159 (0.194)	Data 0.000 (0.031)	Loss 38.3325 (41.4826)	Prec@1 56.250 (55.322)	Prec@5 87.500 (88.397)
Epoch: [3][110/430]	Time 0.199 (0.193)	Data 0.018 (0.030)	Loss 8.7399 (41.6701)	Prec@1 75.000 (55.434)	Prec@5 100.000 (88.232)
Epoch: [3][120/430]	Time 0.187 (0.193)	Data 0.021 (0.030)	Loss 52.8255 (41.2952)	Prec@1 50.000 (55.398)	Prec@5 87.500 (88.301)
Epoch: [3][130/430]	Time 0.204 (0.192)	Data 0.048 (0.029)	Loss 25.6108 (40.8405)	Prec@1 62.500 (55.797)	Prec@5 90.625 (88.550)
Epoch: [3][140/430]	Time 0.164 (0.192)	Data 0.000 (0.030)	Loss 40.9710 (40.8619)	Prec@1 68.750 (56.095)	Prec@5 81.250 (88.431)
Epoch: [3][150/430]	Time 0.195 (0.192)	Data 0.020 (0.029)	Loss 19.8715 (40.2414)	Prec@1 68.750 (56.416)	Prec@5 96.875 (88.597)
Epoch: [3][160/430]	Time 0.179 (0.191)	Data 0.000 (0.028)	Loss 34.0813 (40.0427)	Prec@1 68.750 (56.619)	Prec@5 96.875 (88.645)
Epoch: [3][170/430]	Time 0.221 (0.191)	Data 0.062 (0.028)	Loss 34.2646 (39.8582)	Prec@1 56.250 (56.725)	Prec@5 93.750 (88.688)
Epoch: [3][180/430]	Time 0.222 (0.191)	Data 0.066 (0.028)	Loss 51.0076 (39.6252)	Prec@1 53.125 (56.889)	Prec@5 84.375 (88.778)
Epoch: [3][190/430]	Time 0.235 (0.190)	Data 0.077 (0.027)	Loss 28.5168 (39.2938)	Prec@1 65.625 (57.035)	Prec@5 87.500 (88.776)
Epoch: [3][200/430]	Time 0.159 (0.189)	Data 0.000 (0.027)	Loss 32.1203 (39.4880)	Prec@1 71.875 (57.043)	Prec@5 96.875 (88.697)
Epoch: [3][210/430]	Time 0.202 (0.189)	Data 0.034 (0.027)	Loss 49.2363 (39.5644)	Prec@1 59.375 (56.842)	Prec@5 90.625 (88.655)
Epoch: [3][220/430]	Time 0.160 (0.190)	Data 0.001 (0.027)	Loss 24.8385 (39.5957)	Prec@1 62.500 (56.844)	Prec@5 96.875 (88.730)
Epoch: [3][230/430]	Time 0.180 (0.189)	Data 0.006 (0.027)	Loss 29.8287 (39.7701)	Prec@1 56.250 (56.791)	Prec@5 93.750 (88.677)
Epoch: [3][240/430]	Time 0.158 (0.189)	Data 0.000 (0.027)	Loss 37.0438 (39.5273)	Prec@1 53.125 (56.872)	Prec@5 84.375 (88.706)
Epoch: [3][250/430]	Time 0.176 (0.189)	Data 0.019 (0.027)	Loss 33.0049 (39.2746)	Prec@1 62.500 (57.022)	Prec@5 84.375 (88.757)
Epoch: [3][260/430]	Time 0.182 (0.189)	Data 0.009 (0.027)	Loss 43.2947 (39.2285)	Prec@1 65.625 (57.112)	Prec@5 87.500 (88.829)
Epoch: [3][270/430]	Time 0.209 (0.189)	Data 0.051 (0.027)	Loss 49.1290 (39.1623)	Prec@1 50.000 (57.219)	Prec@5 87.500 (88.930)
Epoch: [3][280/430]	Time 0.158 (0.189)	Data 0.000 (0.027)	Loss 40.6967 (39.1377)	Prec@1 53.125 (57.173)	Prec@5 90.625 (88.923)
Epoch: [3][290/430]	Time 0.223 (0.189)	Data 0.062 (0.026)	Loss 16.6517 (38.8357)	Prec@1 68.750 (57.302)	Prec@5 96.875 (89.057)
Epoch: [3][300/430]	Time 0.217 (0.189)	Data 0.053 (0.026)	Loss 40.7290 (38.8013)	Prec@1 56.250 (57.278)	Prec@5 93.750 (89.078)
Epoch: [3][310/430]	Time 0.162 (0.189)	Data 0.000 (0.026)	Loss 43.3523 (38.5979)	Prec@1 56.250 (57.245)	Prec@5 81.250 (89.068)
Epoch: [3][320/430]	Time 0.192 (0.189)	Data 0.028 (0.026)	Loss 17.8475 (38.4080)	Prec@1 84.375 (57.428)	Prec@5 96.875 (89.204)
Epoch: [3][330/430]	Time 0.157 (0.189)	Data 0.000 (0.026)	Loss 12.4766 (38.1833)	Prec@1 71.875 (57.496)	Prec@5 100.000 (89.247)
Epoch: [3][340/430]	Time 0.190 (0.189)	Data 0.024 (0.026)	Loss 30.4885 (37.8930)	Prec@1 59.375 (57.634)	Prec@5 87.500 (89.315)
Epoch: [3][350/430]	Time 0.159 (0.188)	Data 0.000 (0.026)	Loss 33.0383 (37.7772)	Prec@1 56.250 (57.683)	Prec@5 84.375 (89.316)
Epoch: [3][360/430]	Time 0.197 (0.188)	Data 0.016 (0.026)	Loss 48.8894 (37.8772)	Prec@1 65.625 (57.696)	Prec@5 81.250 (89.275)
Epoch: [3][370/430]	Time 0.159 (0.188)	Data 0.002 (0.026)	Loss 38.8034 (37.8033)	Prec@1 59.375 (57.766)	Prec@5 78.125 (89.286)
Epoch: [3][380/430]	Time 0.178 (0.188)	Data 0.020 (0.026)	Loss 30.8093 (37.7444)	Prec@1 65.625 (57.767)	Prec@5 93.750 (89.313)
Epoch: [3][390/430]	Time 0.180 (0.188)	Data 0.020 (0.026)	Loss 20.5781 (37.6734)	Prec@1 68.750 (57.729)	Prec@5 96.875 (89.362)
Epoch: [3][400/430]	Time 0.183 (0.188)	Data 0.000 (0.025)	Loss 39.3156 (37.7217)	Prec@1 53.125 (57.707)	Prec@5 93.750 (89.324)
Epoch: [3][410/430]	Time 0.187 (0.188)	Data 0.017 (0.025)	Loss 48.4676 (37.7611)	Prec@1 53.125 (57.725)	Prec@5 81.250 (89.256)
Epoch: [3][420/430]	Time 0.166 (0.188)	Data 0.000 (0.025)	Loss 19.8921 (37.6112)	Prec@1 71.875 (57.779)	Prec@5 93.750 (89.348)
Test: [0/160]	Time 1.198 (1.198)	Loss 82.9659 (82.9659)	Prec@1 37.500 (37.500)	Prec@5 78.125 (78.125)
Test: [10/160]	Time 0.160 (0.269)	Loss 28.0956 (71.3576)	Prec@1 65.625 (45.170)	Prec@5 93.750 (80.966)
Test: [20/160]	Time 0.449 (0.243)	Loss 104.9742 (74.6709)	Prec@1 40.625 (44.792)	Prec@5 62.500 (80.506)
Test: [30/160]	Time 0.177 (0.224)	Loss 124.1104 (80.7879)	Prec@1 40.625 (42.843)	Prec@5 68.750 (78.931)
Test: [40/160]	Time 0.177 (0.214)	Loss 124.3861 (81.3158)	Prec@1 37.500 (42.530)	Prec@5 75.000 (79.573)
Test: [50/160]	Time 0.209 (0.213)	Loss 79.9988 (81.0693)	Prec@1 34.375 (41.850)	Prec@5 62.500 (79.534)
Test: [60/160]	Time 0.163 (0.207)	Loss 109.3528 (83.0431)	Prec@1 43.750 (41.035)	Prec@5 71.875 (78.791)
Test: [70/160]	Time 0.230 (0.206)	Loss 105.4475 (82.6174)	Prec@1 37.500 (41.373)	Prec@5 75.000 (78.477)
Test: [80/160]	Time 0.153 (0.204)	Loss 74.9223 (81.7373)	Prec@1 43.750 (41.474)	Prec@5 81.250 (78.356)
Test: [90/160]	Time 0.178 (0.203)	Loss 88.2341 (82.0333)	Prec@1 34.375 (41.346)	Prec@5 78.125 (78.571)
Test: [100/160]	Time 0.371 (0.204)	Loss 75.7200 (81.8159)	Prec@1 40.625 (41.491)	Prec@5 84.375 (78.342)
Test: [110/160]	Time 0.157 (0.203)	Loss 61.7277 (82.4729)	Prec@1 50.000 (41.385)	Prec@5 78.125 (78.153)
Test: [120/160]	Time 0.178 (0.202)	Loss 36.8345 (80.9155)	Prec@1 53.125 (41.684)	Prec@5 81.250 (78.487)
Test: [130/160]	Time 0.243 (0.202)	Loss 61.8755 (81.1051)	Prec@1 37.500 (41.293)	Prec@5 81.250 (78.292)
Test: [140/160]	Time 0.158 (0.200)	Loss 86.6412 (81.1499)	Prec@1 21.875 (41.223)	Prec@5 78.125 (78.169)
Test: [150/160]	Time 0.210 (0.201)	Loss 105.5868 (81.6051)	Prec@1 34.375 (41.267)	Prec@5 65.625 (78.125)
 * Prec@1 41.226 Prec@5 78.045
0 168 0.03571428571428571
1 190 0.06315789473684211
2 11 0.0
3 15 0.0
4 1833 0.42225859247135844
5 231 0.19047619047619047
6 13 0.0
7 313 0.11182108626198083
8 91 0.054945054945054944
9 33 0.030303030303030304
10 54 0.0
11 14 0.0
12 211 0.20853080568720378
13 326 0.0
14 294 0.46598639455782315
15 1309 0.7998472116119175
Epoch: [4][0/430]	Time 0.946 (0.946)	Data 0.780 (0.780)	Loss 22.5182 (22.5182)	Prec@1 65.625 (65.625)	Prec@5 96.875 (96.875)
Epoch: [4][10/430]	Time 0.158 (0.247)	Data 0.000 (0.084)	Loss 49.8561 (36.0907)	Prec@1 40.625 (52.273)	Prec@5 84.375 (89.205)
Epoch: [4][20/430]	Time 0.214 (0.214)	Data 0.042 (0.050)	Loss 45.6069 (33.2212)	Prec@1 56.250 (56.696)	Prec@5 87.500 (89.881)
Epoch: [4][30/430]	Time 0.186 (0.205)	Data 0.024 (0.041)	Loss 26.5165 (33.0443)	Prec@1 75.000 (57.964)	Prec@5 90.625 (90.323)
Epoch: [4][40/430]	Time 0.178 (0.201)	Data 0.021 (0.037)	Loss 20.2781 (34.8341)	Prec@1 71.875 (58.003)	Prec@5 90.625 (90.244)
Epoch: [4][50/430]	Time 0.161 (0.199)	Data 0.000 (0.035)	Loss 9.2425 (34.8672)	Prec@1 78.125 (58.762)	Prec@5 96.875 (90.380)
Epoch: [4][60/430]	Time 0.157 (0.197)	Data 0.000 (0.033)	Loss 32.5124 (34.9185)	Prec@1 75.000 (59.273)	Prec@5 90.625 (90.164)
Epoch: [4][70/430]	Time 0.188 (0.198)	Data 0.021 (0.034)	Loss 21.5377 (34.4802)	Prec@1 71.875 (59.375)	Prec@5 90.625 (90.537)
Epoch: [4][80/430]	Time 0.160 (0.195)	Data 0.003 (0.031)	Loss 31.7274 (34.5189)	Prec@1 59.375 (59.182)	Prec@5 93.750 (90.625)
Epoch: [4][90/430]	Time 0.169 (0.194)	Data 0.006 (0.030)	Loss 8.3941 (34.2395)	Prec@1 71.875 (59.238)	Prec@5 96.875 (90.350)
Epoch: [4][100/430]	Time 0.174 (0.194)	Data 0.016 (0.031)	Loss 20.6163 (34.6031)	Prec@1 62.500 (58.973)	Prec@5 93.750 (90.254)
Epoch: [4][110/430]	Time 0.186 (0.193)	Data 0.024 (0.030)	Loss 30.8527 (34.0803)	Prec@1 68.750 (59.459)	Prec@5 93.750 (90.428)
Epoch: [4][120/430]	Time 0.172 (0.193)	Data 0.014 (0.029)	Loss 38.3199 (34.0801)	Prec@1 56.250 (59.452)	Prec@5 90.625 (90.393)
Epoch: [4][130/430]	Time 0.222 (0.192)	Data 0.047 (0.029)	Loss 31.7751 (34.3162)	Prec@1 65.625 (58.922)	Prec@5 87.500 (90.410)
Epoch: [4][140/430]	Time 0.176 (0.192)	Data 0.009 (0.028)	Loss 51.7299 (34.1834)	Prec@1 53.125 (59.153)	Prec@5 84.375 (90.426)
Epoch: [4][150/430]	Time 0.291 (0.192)	Data 0.132 (0.029)	Loss 34.6293 (33.7612)	Prec@1 53.125 (59.582)	Prec@5 96.875 (90.646)
Epoch: [4][160/430]	Time 0.158 (0.192)	Data 0.000 (0.028)	Loss 29.8436 (33.4904)	Prec@1 53.125 (59.530)	Prec@5 90.625 (90.683)
Epoch: [4][170/430]	Time 0.209 (0.192)	Data 0.019 (0.028)	Loss 25.5699 (33.3761)	Prec@1 59.375 (59.448)	Prec@5 96.875 (90.716)
Epoch: [4][180/430]	Time 0.162 (0.191)	Data 0.000 (0.027)	Loss 37.9775 (33.4381)	Prec@1 53.125 (59.461)	Prec@5 84.375 (90.642)
Epoch: [4][190/430]	Time 0.321 (0.191)	Data 0.162 (0.027)	Loss 40.1842 (33.3894)	Prec@1 53.125 (59.391)	Prec@5 93.750 (90.707)
Epoch: [4][200/430]	Time 0.160 (0.190)	Data 0.000 (0.027)	Loss 35.0523 (33.7609)	Prec@1 50.000 (59.204)	Prec@5 87.500 (90.609)
Epoch: [4][210/430]	Time 0.182 (0.190)	Data 0.008 (0.026)	Loss 19.9643 (33.6191)	Prec@1 68.750 (59.434)	Prec@5 93.750 (90.595)
Epoch: [4][220/430]	Time 0.159 (0.190)	Data 0.000 (0.026)	Loss 39.6728 (33.6840)	Prec@1 62.500 (59.460)	Prec@5 87.500 (90.540)
Epoch: [4][230/430]	Time 0.186 (0.190)	Data 0.028 (0.027)	Loss 26.6378 (33.4997)	Prec@1 46.875 (59.294)	Prec@5 90.625 (90.530)
Epoch: [4][240/430]	Time 0.194 (0.190)	Data 0.016 (0.026)	Loss 25.7374 (33.6219)	Prec@1 59.375 (59.219)	Prec@5 96.875 (90.521)
Epoch: [4][250/430]	Time 0.175 (0.190)	Data 0.000 (0.027)	Loss 31.2101 (33.3716)	Prec@1 62.500 (59.475)	Prec@5 93.750 (90.563)
Epoch: [4][260/430]	Time 0.176 (0.190)	Data 0.018 (0.026)	Loss 31.7633 (33.2686)	Prec@1 59.375 (59.435)	Prec@5 93.750 (90.565)
Epoch: [4][270/430]	Time 0.203 (0.190)	Data 0.041 (0.026)	Loss 25.3183 (33.2782)	Prec@1 59.375 (59.375)	Prec@5 90.625 (90.510)
Epoch: [4][280/430]	Time 0.229 (0.190)	Data 0.057 (0.026)	Loss 30.0250 (33.0646)	Prec@1 50.000 (59.497)	Prec@5 93.750 (90.581)
Epoch: [4][290/430]	Time 0.168 (0.189)	Data 0.004 (0.025)	Loss 43.8227 (33.0399)	Prec@1 59.375 (59.654)	Prec@5 84.375 (90.614)
Epoch: [4][300/430]	Time 0.180 (0.190)	Data 0.000 (0.026)	Loss 48.6340 (33.2429)	Prec@1 56.250 (59.468)	Prec@5 87.500 (90.583)
Epoch: [4][310/430]	Time 0.183 (0.189)	Data 0.024 (0.025)	Loss 50.9333 (33.2452)	Prec@1 65.625 (59.405)	Prec@5 78.125 (90.525)
Epoch: [4][320/430]	Time 0.158 (0.189)	Data 0.000 (0.025)	Loss 17.4215 (33.0712)	Prec@1 68.750 (59.472)	Prec@5 100.000 (90.586)
Epoch: [4][330/430]	Time 0.165 (0.189)	Data 0.008 (0.025)	Loss 24.6928 (33.0751)	Prec@1 62.500 (59.535)	Prec@5 93.750 (90.578)
Epoch: [4][340/430]	Time 0.158 (0.189)	Data 0.000 (0.025)	Loss 31.9675 (33.0071)	Prec@1 75.000 (59.696)	Prec@5 93.750 (90.616)
Epoch: [4][350/430]	Time 0.212 (0.188)	Data 0.054 (0.025)	Loss 37.6179 (32.9216)	Prec@1 43.750 (59.758)	Prec@5 84.375 (90.607)
Epoch: [4][360/430]	Time 0.178 (0.188)	Data 0.020 (0.025)	Loss 33.2288 (33.0094)	Prec@1 56.250 (59.695)	Prec@5 87.500 (90.521)
Epoch: [4][370/430]	Time 0.174 (0.188)	Data 0.013 (0.025)	Loss 36.9524 (33.0834)	Prec@1 50.000 (59.636)	Prec@5 90.625 (90.457)
Epoch: [4][380/430]	Time 0.174 (0.188)	Data 0.016 (0.024)	Loss 41.0036 (32.9853)	Prec@1 59.375 (59.703)	Prec@5 81.250 (90.436)
Epoch: [4][390/430]	Time 0.189 (0.188)	Data 0.025 (0.025)	Loss 31.4442 (32.8555)	Prec@1 75.000 (59.871)	Prec@5 87.500 (90.481)
Epoch: [4][400/430]	Time 0.159 (0.188)	Data 0.000 (0.025)	Loss 29.5360 (32.7912)	Prec@1 65.625 (59.905)	Prec@5 90.625 (90.493)
Epoch: [4][410/430]	Time 0.159 (0.188)	Data 0.000 (0.025)	Loss 56.3007 (32.8272)	Prec@1 43.750 (59.884)	Prec@5 87.500 (90.496)
Epoch: [4][420/430]	Time 0.158 (0.188)	Data 0.000 (0.025)	Loss 42.7761 (32.8414)	Prec@1 53.125 (59.843)	Prec@5 84.375 (90.447)
Test: [0/160]	Time 1.126 (1.126)	Loss 58.5182 (58.5182)	Prec@1 50.000 (50.000)	Prec@5 78.125 (78.125)
Test: [10/160]	Time 0.155 (0.265)	Loss 86.2439 (71.4247)	Prec@1 37.500 (43.466)	Prec@5 81.250 (82.386)
Test: [20/160]	Time 0.402 (0.244)	Loss 60.0482 (75.1562)	Prec@1 50.000 (42.262)	Prec@5 90.625 (82.738)
Test: [30/160]	Time 0.172 (0.220)	Loss 85.8746 (77.0499)	Prec@1 50.000 (43.649)	Prec@5 75.000 (80.948)
Test: [40/160]	Time 0.266 (0.214)	Loss 106.1139 (77.2828)	Prec@1 28.125 (42.378)	Prec@5 65.625 (79.726)
Test: [50/160]	Time 0.166 (0.210)	Loss 86.2335 (75.3360)	Prec@1 31.250 (42.525)	Prec@5 75.000 (80.025)
Test: [60/160]	Time 0.150 (0.208)	Loss 76.9121 (74.2806)	Prec@1 43.750 (42.777)	Prec@5 78.125 (80.020)
Test: [70/160]	Time 0.172 (0.205)	Loss 79.0042 (75.3120)	Prec@1 46.875 (42.694)	Prec@5 81.250 (79.489)
Test: [80/160]	Time 0.184 (0.202)	Loss 66.9194 (75.4754)	Prec@1 46.875 (42.361)	Prec@5 84.375 (79.552)
Test: [90/160]	Time 0.164 (0.202)	Loss 99.0708 (76.4572)	Prec@1 43.750 (42.067)	Prec@5 78.125 (79.361)
Test: [100/160]	Time 0.231 (0.201)	Loss 52.7582 (76.9097)	Prec@1 53.125 (42.327)	Prec@5 90.625 (79.332)
Test: [110/160]	Time 0.151 (0.201)	Loss 86.8710 (76.8573)	Prec@1 43.750 (42.511)	Prec@5 68.750 (79.307)
Test: [120/160]	Time 0.209 (0.200)	Loss 69.9921 (77.4601)	Prec@1 53.125 (42.175)	Prec@5 78.125 (79.081)
Test: [130/160]	Time 0.151 (0.199)	Loss 72.7060 (78.0473)	Prec@1 59.375 (41.985)	Prec@5 75.000 (78.888)
Test: [140/160]	Time 0.150 (0.199)	Loss 71.7205 (78.3970)	Prec@1 34.375 (42.021)	Prec@5 78.125 (78.989)
Test: [150/160]	Time 0.152 (0.199)	Loss 61.6122 (78.4451)	Prec@1 56.250 (41.970)	Prec@5 81.250 (79.036)
 * Prec@1 42.029 Prec@5 79.083
0 168 0.005952380952380952
1 190 0.06842105263157895
2 11 0.0
3 15 0.0
4 1833 0.4337152209492635
5 231 0.14285714285714285
6 13 0.0
7 313 0.13099041533546327
8 91 0.0
9 33 0.0
10 54 0.0
11 14 0.0
12 211 0.3222748815165877
13 326 0.0
14 294 0.4489795918367347
15 1309 0.812070282658518
Epoch: [5][0/430]	Time 0.852 (0.852)	Data 0.692 (0.692)	Loss 32.4082 (32.4082)	Prec@1 56.250 (56.250)	Prec@5 90.625 (90.625)
Epoch: [5][10/430]	Time 0.159 (0.245)	Data 0.000 (0.082)	Loss 28.1041 (32.6297)	Prec@1 65.625 (62.216)	Prec@5 84.375 (89.205)
Epoch: [5][20/430]	Time 0.203 (0.214)	Data 0.046 (0.050)	Loss 22.9391 (31.0275)	Prec@1 59.375 (61.756)	Prec@5 93.750 (89.732)
Epoch: [5][30/430]	Time 0.178 (0.204)	Data 0.018 (0.041)	Loss 38.7247 (32.8108)	Prec@1 65.625 (60.887)	Prec@5 81.250 (89.315)
Epoch: [5][40/430]	Time 0.180 (0.200)	Data 0.020 (0.037)	Loss 44.6828 (32.3993)	Prec@1 53.125 (60.366)	Prec@5 84.375 (90.015)
Epoch: [5][50/430]	Time 0.310 (0.199)	Data 0.136 (0.037)	Loss 38.9072 (32.3830)	Prec@1 37.500 (59.926)	Prec@5 90.625 (90.135)
Epoch: [5][60/430]	Time 0.161 (0.196)	Data 0.001 (0.034)	Loss 35.5813 (32.0294)	Prec@1 62.500 (59.887)	Prec@5 84.375 (90.318)
Epoch: [5][70/430]	Time 0.196 (0.193)	Data 0.037 (0.031)	Loss 40.4356 (32.7696)	Prec@1 62.500 (59.507)	Prec@5 87.500 (89.877)
Epoch: [5][80/430]	Time 0.330 (0.194)	Data 0.160 (0.032)	Loss 25.1186 (32.1066)	Prec@1 59.375 (59.684)	Prec@5 93.750 (90.085)
Epoch: [5][90/430]	Time 0.165 (0.191)	Data 0.000 (0.029)	Loss 25.2973 (31.4191)	Prec@1 68.750 (60.337)	Prec@5 96.875 (90.419)
Epoch: [5][100/430]	Time 0.158 (0.190)	Data 0.000 (0.029)	Loss 29.9493 (31.4358)	Prec@1 59.375 (60.272)	Prec@5 84.375 (90.285)
Epoch: [5][110/430]	Time 0.178 (0.189)	Data 0.020 (0.028)	Loss 20.5292 (30.9874)	Prec@1 65.625 (60.445)	Prec@5 96.875 (90.428)
Epoch: [5][120/430]	Time 0.160 (0.190)	Data 0.000 (0.028)	Loss 30.3433 (31.0842)	Prec@1 65.625 (60.640)	Prec@5 87.500 (90.238)
Epoch: [5][130/430]	Time 0.337 (0.190)	Data 0.179 (0.029)	Loss 35.1398 (31.0227)	Prec@1 53.125 (60.544)	Prec@5 93.750 (90.267)
Epoch: [5][140/430]	Time 0.160 (0.189)	Data 0.000 (0.027)	Loss 26.4092 (30.9281)	Prec@1 68.750 (60.461)	Prec@5 84.375 (90.448)
Epoch: [5][150/430]	Time 0.159 (0.187)	Data 0.000 (0.026)	Loss 42.5597 (30.9519)	Prec@1 50.000 (60.389)	Prec@5 84.375 (90.459)
Epoch: [5][160/430]	Time 0.306 (0.187)	Data 0.142 (0.026)	Loss 50.0182 (30.7083)	Prec@1 56.250 (60.287)	Prec@5 90.625 (90.567)
Epoch: [5][170/430]	Time 0.160 (0.186)	Data 0.000 (0.025)	Loss 25.5343 (30.6195)	Prec@1 59.375 (60.307)	Prec@5 90.625 (90.588)
Epoch: [5][180/430]	Time 0.175 (0.185)	Data 0.015 (0.024)	Loss 33.1339 (30.7314)	Prec@1 53.125 (60.411)	Prec@5 90.625 (90.470)
Epoch: [5][190/430]	Time 0.163 (0.185)	Data 0.005 (0.023)	Loss 27.8010 (30.9465)	Prec@1 59.375 (60.177)	Prec@5 96.875 (90.429)
Epoch: [5][200/430]	Time 0.173 (0.184)	Data 0.016 (0.023)	Loss 35.4865 (31.4020)	Prec@1 62.500 (60.059)	Prec@5 90.625 (90.345)
Epoch: [5][210/430]	Time 0.184 (0.184)	Data 0.025 (0.023)	Loss 33.2695 (31.1875)	Prec@1 59.375 (60.308)	Prec@5 93.750 (90.462)
Epoch: [5][220/430]	Time 0.164 (0.183)	Data 0.000 (0.022)	Loss 29.3513 (31.2310)	Prec@1 71.875 (60.351)	Prec@5 90.625 (90.441)
Epoch: [5][230/430]	Time 0.198 (0.184)	Data 0.039 (0.022)	Loss 38.4701 (31.2883)	Prec@1 62.500 (60.471)	Prec@5 87.500 (90.490)
Epoch: [5][240/430]	Time 0.162 (0.183)	Data 0.004 (0.022)	Loss 29.3182 (31.2154)	Prec@1 68.750 (60.607)	Prec@5 84.375 (90.469)
Epoch: [5][250/430]	Time 0.158 (0.182)	Data 0.000 (0.021)	Loss 17.4855 (31.1073)	Prec@1 65.625 (60.707)	Prec@5 96.875 (90.525)
Epoch: [5][260/430]	Time 0.167 (0.182)	Data 0.008 (0.021)	Loss 35.8313 (31.0345)	Prec@1 56.250 (60.788)	Prec@5 81.250 (90.553)
Epoch: [5][270/430]	Time 0.181 (0.182)	Data 0.023 (0.021)	Loss 29.2141 (30.7694)	Prec@1 59.375 (60.909)	Prec@5 96.875 (90.613)
Epoch: [5][280/430]	Time 0.159 (0.182)	Data 0.000 (0.021)	Loss 39.7312 (30.9078)	Prec@1 75.000 (60.910)	Prec@5 84.375 (90.592)
Epoch: [5][290/430]	Time 0.187 (0.182)	Data 0.028 (0.021)	Loss 24.6563 (30.7202)	Prec@1 53.125 (60.975)	Prec@5 93.750 (90.668)
Epoch: [5][300/430]	Time 0.175 (0.182)	Data 0.000 (0.020)	Loss 20.4371 (30.6295)	Prec@1 65.625 (61.047)	Prec@5 93.750 (90.698)
Epoch: [5][310/430]	Time 0.179 (0.181)	Data 0.012 (0.020)	Loss 21.9367 (30.6275)	Prec@1 62.500 (60.993)	Prec@5 96.875 (90.776)
Epoch: [5][320/430]	Time 0.162 (0.181)	Data 0.000 (0.020)	Loss 20.5400 (30.6146)	Prec@1 65.625 (60.962)	Prec@5 93.750 (90.800)
Epoch: [5][330/430]	Time 0.268 (0.181)	Data 0.110 (0.020)	Loss 45.8245 (30.7289)	Prec@1 53.125 (60.876)	Prec@5 93.750 (90.795)
Epoch: [5][340/430]	Time 0.159 (0.181)	Data 0.001 (0.020)	Loss 39.4894 (30.7094)	Prec@1 56.250 (60.933)	Prec@5 87.500 (90.735)
Epoch: [5][350/430]	Time 0.159 (0.181)	Data 0.000 (0.020)	Loss 26.4175 (30.6703)	Prec@1 62.500 (60.906)	Prec@5 90.625 (90.776)
Epoch: [5][360/430]	Time 0.270 (0.181)	Data 0.114 (0.020)	Loss 22.8429 (30.5403)	Prec@1 62.500 (61.002)	Prec@5 90.625 (90.841)
Epoch: [5][370/430]	Time 0.177 (0.180)	Data 0.020 (0.019)	Loss 27.0446 (30.4464)	Prec@1 71.875 (61.001)	Prec@5 84.375 (90.844)
Epoch: [5][380/430]	Time 0.164 (0.180)	Data 0.000 (0.019)	Loss 39.5911 (30.3038)	Prec@1 56.250 (61.220)	Prec@5 90.625 (90.863)
Epoch: [5][390/430]	Time 0.159 (0.180)	Data 0.000 (0.019)	Loss 19.8175 (30.0408)	Prec@1 68.750 (61.389)	Prec@5 96.875 (90.937)
Epoch: [5][400/430]	Time 0.181 (0.180)	Data 0.023 (0.019)	Loss 33.8440 (29.9685)	Prec@1 59.375 (61.362)	Prec@5 90.625 (91.007)
Epoch: [5][410/430]	Time 0.160 (0.180)	Data 0.000 (0.019)	Loss 24.3471 (29.9378)	Prec@1 56.250 (61.344)	Prec@5 100.000 (91.058)
Epoch: [5][420/430]	Time 0.158 (0.180)	Data 0.000 (0.019)	Loss 20.6064 (29.8976)	Prec@1 78.125 (61.357)	Prec@5 90.625 (91.070)
Test: [0/160]	Time 1.156 (1.156)	Loss 106.8013 (106.8013)	Prec@1 40.625 (40.625)	Prec@5 71.875 (71.875)
Test: [10/160]	Time 0.161 (0.256)	Loss 58.0846 (81.0797)	Prec@1 28.125 (42.045)	Prec@5 84.375 (78.409)
Test: [20/160]	Time 0.211 (0.224)	Loss 83.5481 (78.4228)	Prec@1 37.500 (41.220)	Prec@5 78.125 (79.315)
Test: [30/160]	Time 0.271 (0.213)	Loss 74.6789 (74.8920)	Prec@1 53.125 (43.448)	Prec@5 81.250 (80.746)
Test: [40/160]	Time 0.161 (0.209)	Loss 105.9716 (73.1261)	Prec@1 37.500 (44.436)	Prec@5 68.750 (81.707)
Test: [50/160]	Time 0.169 (0.205)	Loss 63.5026 (72.8920)	Prec@1 40.625 (44.730)	Prec@5 81.250 (81.618)
Test: [60/160]	Time 0.163 (0.201)	Loss 92.4550 (72.1846)	Prec@1 37.500 (45.184)	Prec@5 71.875 (81.557)
Test: [70/160]	Time 0.168 (0.199)	Loss 77.2011 (73.0318)	Prec@1 46.875 (44.938)	Prec@5 81.250 (81.470)
Test: [80/160]	Time 0.257 (0.199)	Loss 67.4913 (75.3630)	Prec@1 40.625 (44.560)	Prec@5 75.000 (80.748)
Test: [90/160]	Time 0.150 (0.198)	Loss 22.0035 (74.2642)	Prec@1 59.375 (44.952)	Prec@5 93.750 (80.975)
Test: [100/160]	Time 0.150 (0.195)	Loss 68.6767 (74.6578)	Prec@1 40.625 (44.616)	Prec@5 78.125 (80.755)
Test: [110/160]	Time 0.150 (0.194)	Loss 88.4671 (75.3659)	Prec@1 46.875 (44.172)	Prec@5 81.250 (80.602)
Test: [120/160]	Time 0.151 (0.194)	Loss 78.7014 (75.0549)	Prec@1 28.125 (44.318)	Prec@5 81.250 (80.604)
Test: [130/160]	Time 0.308 (0.194)	Loss 125.8918 (74.6269)	Prec@1 40.625 (44.442)	Prec@5 65.625 (80.677)
Test: [140/160]	Time 0.203 (0.193)	Loss 69.0293 (74.1302)	Prec@1 56.250 (44.570)	Prec@5 81.250 (80.762)
Test: [150/160]	Time 0.150 (0.193)	Loss 62.3525 (73.9883)	Prec@1 40.625 (44.371)	Prec@5 87.500 (80.857)
 * Prec@1 44.497 Prec@5 80.964
0 168 0.0
1 190 0.1
2 11 0.0
3 15 0.0
4 1833 0.49427168576104746
5 231 0.1774891774891775
6 13 0.0
7 313 0.1757188498402556
8 91 0.01098901098901099
9 33 0.0
10 54 0.0
11 14 0.0
12 211 0.27014218009478674
13 326 0.0
14 294 0.45918367346938777
15 1309 0.8082505729564553
Epoch: [6][0/430]	Time 0.791 (0.791)	Data 0.633 (0.633)	Loss 37.9586 (37.9586)	Prec@1 59.375 (59.375)	Prec@5 90.625 (90.625)
Epoch: [6][10/430]	Time 0.160 (0.237)	Data 0.002 (0.077)	Loss 18.0523 (30.0676)	Prec@1 65.625 (58.523)	Prec@5 93.750 (91.477)
Epoch: [6][20/430]	Time 0.168 (0.204)	Data 0.011 (0.044)	Loss 15.0019 (26.7196)	Prec@1 78.125 (62.351)	Prec@5 96.875 (93.304)
Epoch: [6][30/430]	Time 0.285 (0.199)	Data 0.128 (0.039)	Loss 20.8660 (26.3240)	Prec@1 71.875 (62.702)	Prec@5 90.625 (92.540)
Epoch: [6][40/430]	Time 0.158 (0.193)	Data 0.000 (0.033)	Loss 20.6152 (25.0601)	Prec@1 71.875 (64.177)	Prec@5 96.875 (92.835)
Epoch: [6][50/430]	Time 0.158 (0.188)	Data 0.000 (0.029)	Loss 46.4035 (25.7375)	Prec@1 65.625 (64.645)	Prec@5 87.500 (92.831)
Epoch: [6][60/430]	Time 0.193 (0.186)	Data 0.026 (0.027)	Loss 25.9072 (26.6275)	Prec@1 56.250 (64.037)	Prec@5 81.250 (92.213)
Epoch: [6][70/430]	Time 0.162 (0.184)	Data 0.000 (0.025)	Loss 25.3463 (27.0961)	Prec@1 68.750 (63.292)	Prec@5 90.625 (91.813)
Epoch: [6][80/430]	Time 0.158 (0.183)	Data 0.000 (0.023)	Loss 33.1620 (27.1124)	Prec@1 56.250 (63.117)	Prec@5 87.500 (91.898)
Epoch: [6][90/430]	Time 0.191 (0.182)	Data 0.033 (0.023)	Loss 38.7751 (27.5555)	Prec@1 68.750 (63.359)	Prec@5 87.500 (91.793)
Epoch: [6][100/430]	Time 0.178 (0.181)	Data 0.018 (0.022)	Loss 31.9911 (27.6238)	Prec@1 62.500 (62.995)	Prec@5 93.750 (91.801)
Epoch: [6][110/430]	Time 0.166 (0.182)	Data 0.000 (0.022)	Loss 42.0797 (27.7821)	Prec@1 50.000 (62.584)	Prec@5 90.625 (91.864)
Epoch: [6][120/430]	Time 0.157 (0.188)	Data 0.000 (0.027)	Loss 25.8967 (27.5744)	Prec@1 59.375 (62.577)	Prec@5 87.500 (91.942)
Epoch: [6][130/430]	Time 0.180 (0.192)	Data 0.000 (0.030)	Loss 31.1220 (27.4466)	Prec@1 56.250 (62.452)	Prec@5 87.500 (91.985)
Epoch: [6][140/430]	Time 0.158 (0.195)	Data 0.000 (0.033)	Loss 21.6118 (27.4384)	Prec@1 59.375 (62.589)	Prec@5 93.750 (91.999)
Epoch: [6][150/430]	Time 0.158 (0.200)	Data 0.000 (0.038)	Loss 28.7147 (27.3717)	Prec@1 71.875 (62.624)	Prec@5 93.750 (92.074)
Epoch: [6][160/430]	Time 0.190 (0.201)	Data 0.000 (0.039)	Loss 19.9530 (27.3050)	Prec@1 62.500 (62.636)	Prec@5 87.500 (92.120)
Epoch: [6][170/430]	Time 0.325 (0.203)	Data 0.167 (0.040)	Loss 35.6604 (27.1181)	Prec@1 53.125 (62.957)	Prec@5 81.250 (92.105)
Epoch: [6][180/430]	Time 0.173 (0.204)	Data 0.000 (0.041)	Loss 26.2913 (27.0379)	Prec@1 68.750 (62.983)	Prec@5 96.875 (92.127)
Epoch: [6][190/430]	Time 0.377 (0.207)	Data 0.177 (0.043)	Loss 18.2864 (26.9746)	Prec@1 75.000 (63.073)	Prec@5 96.875 (92.179)
Epoch: [6][200/430]	Time 0.164 (0.207)	Data 0.000 (0.043)	Loss 26.0904 (26.8411)	Prec@1 53.125 (63.122)	Prec@5 93.750 (92.257)
Epoch: [6][210/430]	Time 0.193 (0.208)	Data 0.036 (0.044)	Loss 21.0080 (26.8469)	Prec@1 65.625 (63.211)	Prec@5 93.750 (92.210)
Epoch: [6][220/430]	Time 0.310 (0.211)	Data 0.140 (0.046)	Loss 30.5720 (27.0872)	Prec@1 53.125 (62.952)	Prec@5 96.875 (92.152)
Epoch: [6][230/430]	Time 0.162 (0.212)	Data 0.001 (0.047)	Loss 52.4437 (27.2921)	Prec@1 53.125 (62.730)	Prec@5 87.500 (92.086)
Epoch: [6][240/430]	Time 0.300 (0.214)	Data 0.099 (0.048)	Loss 28.2777 (27.3824)	Prec@1 62.500 (62.526)	Prec@5 93.750 (91.987)
Epoch: [6][250/430]	Time 0.162 (0.214)	Data 0.000 (0.049)	Loss 29.2879 (27.4283)	Prec@1 62.500 (62.463)	Prec@5 96.875 (92.007)
Epoch: [6][260/430]	Time 0.339 (0.215)	Data 0.162 (0.050)	Loss 18.1267 (27.5208)	Prec@1 62.500 (62.273)	Prec@5 96.875 (91.954)
Epoch: [6][270/430]	Time 0.159 (0.216)	Data 0.000 (0.050)	Loss 54.3429 (27.7299)	Prec@1 56.250 (62.223)	Prec@5 90.625 (91.951)
Epoch: [6][280/430]	Time 0.283 (0.217)	Data 0.109 (0.051)	Loss 28.8591 (27.6788)	Prec@1 71.875 (62.389)	Prec@5 87.500 (91.893)
Epoch: [6][290/430]	Time 0.174 (0.217)	Data 0.000 (0.051)	Loss 26.9611 (27.7298)	Prec@1 56.250 (62.328)	Prec@5 100.000 (91.924)
Epoch: [6][300/430]	Time 0.197 (0.218)	Data 0.013 (0.051)	Loss 30.3786 (27.7514)	Prec@1 68.750 (62.303)	Prec@5 96.875 (91.902)
Epoch: [6][310/430]	Time 0.554 (0.219)	Data 0.396 (0.052)	Loss 36.8462 (27.7325)	Prec@1 53.125 (62.279)	Prec@5 87.500 (91.901)
Epoch: [6][320/430]	Time 0.176 (0.219)	Data 0.000 (0.052)	Loss 30.2661 (27.6873)	Prec@1 50.000 (62.257)	Prec@5 87.500 (91.852)
Epoch: [6][330/430]	Time 0.164 (0.219)	Data 0.006 (0.053)	Loss 26.2839 (27.6788)	Prec@1 65.625 (62.273)	Prec@5 93.750 (91.871)
Epoch: [6][340/430]	Time 0.173 (0.221)	Data 0.000 (0.054)	Loss 15.0071 (27.5928)	Prec@1 75.000 (62.317)	Prec@5 96.875 (91.890)
Epoch: [6][350/430]	Time 0.170 (0.221)	Data 0.000 (0.054)	Loss 8.5973 (27.5478)	Prec@1 78.125 (62.322)	Prec@5 93.750 (91.871)
Epoch: [6][360/430]	Time 0.177 (0.221)	Data 0.020 (0.054)	Loss 31.7260 (27.5890)	Prec@1 62.500 (62.136)	Prec@5 87.500 (91.837)
Epoch: [6][370/430]	Time 0.188 (0.219)	Data 0.018 (0.053)	Loss 46.4026 (27.6547)	Prec@1 65.625 (62.171)	Prec@5 90.625 (91.796)
Epoch: [6][380/430]	Time 0.161 (0.219)	Data 0.000 (0.052)	Loss 20.6901 (27.6405)	Prec@1 68.750 (62.213)	Prec@5 93.750 (91.806)
Epoch: [6][390/430]	Time 0.218 (0.219)	Data 0.048 (0.052)	Loss 27.3934 (27.6000)	Prec@1 56.250 (62.188)	Prec@5 90.625 (91.816)
Epoch: [6][400/430]	Time 0.168 (0.218)	Data 0.000 (0.051)	Loss 28.7022 (27.5052)	Prec@1 59.375 (62.258)	Prec@5 90.625 (91.810)
Epoch: [6][410/430]	Time 0.259 (0.217)	Data 0.099 (0.051)	Loss 26.0610 (27.3852)	Prec@1 56.250 (62.363)	Prec@5 90.625 (91.834)
