creating model and allocating memory
initilzing model with pretrained weights
creating data loaders
start training
Epoch: [0][0/430]	Time 3.870 (3.870)	Data 0.749 (0.749)	Loss 515.7530 (515.7530)	Prec@1 0.000 (0.000)	Prec@5 28.125 (28.125)
Epoch: [0][10/430]	Time 0.323 (0.643)	Data 0.000 (0.068)	Loss 153.1735 (233.9487)	Prec@1 34.375 (20.739)	Prec@5 62.500 (51.989)
creating model and allocating memory
initilzing model with pretrained weights
creating data loaders
start training
Epoch: [0][0/430]	Time 3.845 (3.845)	Data 0.684 (0.684)	Loss 560.3567 (560.3567)	Prec@1 0.000 (0.000)	Prec@5 6.250 (6.250)
Epoch: [0][10/430]	Time 0.326 (0.642)	Data 0.000 (0.062)	Loss 202.8725 (364.6882)	Prec@1 40.625 (13.920)	Prec@5 56.250 (29.830)
Epoch: [0][20/430]	Time 0.325 (0.490)	Data 0.000 (0.033)	Loss 101.0921 (250.5735)	Prec@1 56.250 (31.994)	Prec@5 75.000 (49.851)
Epoch: [0][30/430]	Time 0.324 (0.436)	Data 0.000 (0.022)	Loss 47.6271 (198.6711)	Prec@1 71.875 (42.540)	Prec@5 81.250 (60.081)
Epoch: [0][40/430]	Time 0.326 (0.409)	Data 0.000 (0.017)	Loss 84.9020 (166.1406)	Prec@1 53.125 (48.628)	Prec@5 81.250 (67.302)
Epoch: [0][50/430]	Time 0.324 (0.392)	Data 0.000 (0.014)	Loss 48.5413 (147.2094)	Prec@1 65.625 (51.287)	Prec@5 93.750 (71.630)
Epoch: [0][60/430]	Time 0.323 (0.381)	Data 0.000 (0.011)	Loss 60.6507 (133.5079)	Prec@1 71.875 (54.047)	Prec@5 87.500 (74.334)
Epoch: [0][70/430]	Time 0.325 (0.373)	Data 0.000 (0.010)	Loss 9.5458 (122.9858)	Prec@1 81.250 (55.898)	Prec@5 100.000 (76.540)
Epoch: [0][80/430]	Time 0.325 (0.367)	Data 0.000 (0.009)	Loss 81.8027 (115.0942)	Prec@1 68.750 (57.176)	Prec@5 84.375 (78.048)
Epoch: [0][90/430]	Time 0.325 (0.362)	Data 0.000 (0.008)	Loss 58.3904 (107.4921)	Prec@1 68.750 (58.723)	Prec@5 84.375 (79.396)
Epoch: [0][100/430]	Time 0.324 (0.358)	Data 0.000 (0.007)	Loss 66.6294 (101.5899)	Prec@1 68.750 (59.839)	Prec@5 84.375 (80.415)
Epoch: [0][110/430]	Time 0.326 (0.355)	Data 0.000 (0.006)	Loss 56.0592 (96.6992)	Prec@1 65.625 (60.698)	Prec@5 84.375 (81.137)
Epoch: [0][120/430]	Time 0.323 (0.353)	Data 0.000 (0.006)	Loss 63.2936 (93.3301)	Prec@1 59.375 (61.338)	Prec@5 87.500 (81.689)
Epoch: [0][130/430]	Time 0.324 (0.350)	Data 0.000 (0.005)	Loss 35.5565 (88.8981)	Prec@1 65.625 (62.118)	Prec@5 93.750 (82.490)
Epoch: [0][140/430]	Time 0.323 (0.348)	Data 0.000 (0.005)	Loss 50.2759 (85.8114)	Prec@1 71.875 (62.544)	Prec@5 90.625 (83.045)
Epoch: [0][150/430]	Time 0.325 (0.347)	Data 0.000 (0.005)	Loss 24.4992 (82.9137)	Prec@1 81.250 (63.162)	Prec@5 93.750 (83.713)
Epoch: [0][160/430]	Time 0.323 (0.345)	Data 0.000 (0.004)	Loss 19.8196 (80.5994)	Prec@1 71.875 (63.626)	Prec@5 93.750 (84.026)
Epoch: [0][170/430]	Time 0.323 (0.344)	Data 0.000 (0.004)	Loss 31.7312 (78.4920)	Prec@1 59.375 (63.761)	Prec@5 100.000 (84.503)
Epoch: [0][180/430]	Time 0.322 (0.343)	Data 0.000 (0.004)	Loss 24.0744 (76.0329)	Prec@1 84.375 (64.399)	Prec@5 93.750 (84.945)
Epoch: [0][190/430]	Time 0.324 (0.342)	Data 0.000 (0.004)	Loss 62.7410 (73.9816)	Prec@1 53.125 (64.807)	Prec@5 87.500 (85.308)
Epoch: [0][200/430]	Time 0.325 (0.341)	Data 0.000 (0.004)	Loss 15.0630 (72.1225)	Prec@1 84.375 (65.330)	Prec@5 96.875 (85.743)
Epoch: [0][210/430]	Time 0.323 (0.340)	Data 0.000 (0.003)	Loss 63.0714 (70.5099)	Prec@1 56.250 (65.684)	Prec@5 90.625 (86.049)
Epoch: [0][220/430]	Time 0.324 (0.340)	Data 0.000 (0.003)	Loss 25.4835 (68.6860)	Prec@1 78.125 (65.993)	Prec@5 96.875 (86.439)
Epoch: [0][230/430]	Time 0.323 (0.339)	Data 0.000 (0.003)	Loss 66.0823 (67.3033)	Prec@1 59.375 (66.383)	Prec@5 90.625 (86.742)
Epoch: [0][240/430]	Time 0.323 (0.338)	Data 0.000 (0.003)	Loss 23.5547 (66.0230)	Prec@1 81.250 (66.662)	Prec@5 93.750 (87.033)
Epoch: [0][250/430]	Time 0.323 (0.338)	Data 0.000 (0.003)	Loss 8.9085 (64.3508)	Prec@1 87.500 (67.131)	Prec@5 93.750 (87.338)
Epoch: [0][260/430]	Time 0.325 (0.337)	Data 0.000 (0.003)	Loss 31.8866 (62.8232)	Prec@1 78.125 (67.589)	Prec@5 96.875 (87.620)
Epoch: [0][270/430]	Time 0.324 (0.337)	Data 0.000 (0.003)	Loss 14.7063 (61.6635)	Prec@1 87.500 (67.851)	Prec@5 96.875 (87.869)
Epoch: [0][280/430]	Time 0.324 (0.336)	Data 0.000 (0.003)	Loss 30.3344 (60.6505)	Prec@1 78.125 (68.127)	Prec@5 93.750 (88.045)
Epoch: [0][290/430]	Time 0.323 (0.336)	Data 0.000 (0.003)	Loss 55.9504 (59.6136)	Prec@1 65.625 (68.406)	Prec@5 81.250 (88.252)
Epoch: [0][300/430]	Time 0.325 (0.335)	Data 0.000 (0.002)	Loss 17.1886 (58.6588)	Prec@1 81.250 (68.698)	Prec@5 96.875 (88.476)
Epoch: [0][310/430]	Time 0.326 (0.335)	Data 0.000 (0.002)	Loss 59.2320 (57.8866)	Prec@1 68.750 (68.830)	Prec@5 78.125 (88.645)
Epoch: [0][320/430]	Time 0.321 (0.335)	Data 0.000 (0.002)	Loss 49.1838 (57.0499)	Prec@1 78.125 (68.935)	Prec@5 93.750 (88.814)
Epoch: [0][330/430]	Time 0.324 (0.334)	Data 0.000 (0.002)	Loss 41.7696 (56.2172)	Prec@1 71.875 (69.184)	Prec@5 87.500 (88.944)
Epoch: [0][340/430]	Time 0.327 (0.334)	Data 0.000 (0.002)	Loss 37.3261 (55.2744)	Prec@1 71.875 (69.364)	Prec@5 93.750 (89.113)
Epoch: [0][350/430]	Time 0.324 (0.334)	Data 0.000 (0.002)	Loss 25.0747 (54.5577)	Prec@1 81.250 (69.551)	Prec@5 96.875 (89.272)
Epoch: [0][360/430]	Time 0.325 (0.334)	Data 0.000 (0.002)	Loss 24.3392 (53.9153)	Prec@1 84.375 (69.745)	Prec@5 96.875 (89.430)
Epoch: [0][370/430]	Time 0.325 (0.333)	Data 0.000 (0.002)	Loss 19.0691 (53.3244)	Prec@1 81.250 (69.870)	Prec@5 93.750 (89.555)
Epoch: [0][380/430]	Time 0.325 (0.333)	Data 0.000 (0.002)	Loss 40.5380 (52.8157)	Prec@1 75.000 (70.005)	Prec@5 90.625 (89.674)
Epoch: [0][390/430]	Time 0.326 (0.333)	Data 0.000 (0.002)	Loss 5.1031 (52.0635)	Prec@1 90.625 (70.229)	Prec@5 100.000 (89.778)
Epoch: [0][400/430]	Time 0.326 (0.333)	Data 0.000 (0.002)	Loss 13.1651 (51.5831)	Prec@1 87.500 (70.309)	Prec@5 100.000 (89.916)
Epoch: [0][410/430]	Time 0.323 (0.333)	Data 0.000 (0.002)	Loss 17.6368 (50.9038)	Prec@1 78.125 (70.514)	Prec@5 96.875 (90.055)
Epoch: [0][420/430]	Time 0.325 (0.332)	Data 0.000 (0.002)	Loss 33.9556 (50.2493)	Prec@1 71.875 (70.717)	Prec@5 93.750 (90.217)
Test: [0/160]	Time 0.944 (0.944)	Loss 62.7583 (62.7583)	Prec@1 43.750 (43.750)	Prec@5 84.375 (84.375)
Test: [10/160]	Time 0.152 (0.224)	Loss 99.6033 (102.1482)	Prec@1 53.125 (41.761)	Prec@5 81.250 (75.852)
Test: [20/160]	Time 0.152 (0.190)	Loss 154.8540 (114.0485)	Prec@1 18.750 (37.649)	Prec@5 59.375 (72.321)
Test: [30/160]	Time 0.151 (0.178)	Loss 115.0029 (117.1855)	Prec@1 34.375 (36.996)	Prec@5 75.000 (71.270)
Test: [40/160]	Time 0.151 (0.171)	Loss 149.6351 (121.5208)	Prec@1 34.375 (35.671)	Prec@5 62.500 (69.970)
Test: [50/160]	Time 0.151 (0.168)	Loss 168.8819 (121.5793)	Prec@1 15.625 (36.213)	Prec@5 56.250 (70.098)
Test: [60/160]	Time 0.151 (0.165)	Loss 162.5073 (119.7999)	Prec@1 21.875 (36.168)	Prec@5 50.000 (71.004)
Test: [70/160]	Time 0.151 (0.163)	Loss 127.1231 (120.1551)	Prec@1 25.000 (36.004)	Prec@5 78.125 (71.303)
Test: [80/160]	Time 0.152 (0.162)	Loss 129.7246 (121.4437)	Prec@1 40.625 (35.417)	Prec@5 75.000 (70.756)
Test: [90/160]	Time 0.151 (0.161)	Loss 160.9310 (121.6869)	Prec@1 31.250 (35.577)	Prec@5 56.250 (70.673)
Test: [100/160]	Time 0.151 (0.160)	Loss 90.7857 (121.1707)	Prec@1 40.625 (35.458)	Prec@5 78.125 (70.792)
Test: [110/160]	Time 0.153 (0.159)	Loss 151.6608 (122.4581)	Prec@1 28.125 (35.163)	Prec@5 71.875 (70.383)
Test: [120/160]	Time 0.152 (0.159)	Loss 150.6180 (122.8322)	Prec@1 34.375 (35.046)	Prec@5 62.500 (70.196)
Test: [130/160]	Time 0.151 (0.158)	Loss 139.4714 (123.0904)	Prec@1 40.625 (35.353)	Prec@5 65.625 (70.086)
Test: [140/160]	Time 0.153 (0.158)	Loss 109.7978 (122.7846)	Prec@1 37.500 (35.527)	Prec@5 71.875 (70.080)
Test: [150/160]	Time 0.153 (0.157)	Loss 57.6507 (122.9145)	Prec@1 37.500 (35.637)	Prec@5 93.750 (70.219)
 * Prec@1 35.625 Prec@5 70.388
0 168 0.05357142857142857
1 190 0.05263157894736842
2 11 0.0
3 15 0.0
4 1833 0.3840698308783415
5 231 0.48917748917748916
6 13 0.3076923076923077
7 313 0.2268370607028754
8 91 0.01098901098901099
9 33 0.06060606060606061
10 54 0.0
11 14 0.0
12 211 0.2796208530805687
13 326 0.0
14 294 0.02040816326530612
15 1309 0.6417112299465241
***********************saving best model *********************
Epoch: [1][0/430]	Time 0.950 (0.950)	Data 0.628 (0.628)	Loss 6.8242 (6.8242)	Prec@1 90.625 (90.625)	Prec@5 100.000 (100.000)
Epoch: [1][10/430]	Time 0.323 (0.381)	Data 0.000 (0.057)	Loss 26.0774 (16.5311)	Prec@1 81.250 (82.955)	Prec@5 96.875 (98.295)
Epoch: [1][20/430]	Time 0.325 (0.354)	Data 0.000 (0.030)	Loss 11.3056 (16.6688)	Prec@1 90.625 (81.696)	Prec@5 93.750 (97.619)
Epoch: [1][30/430]	Time 0.324 (0.344)	Data 0.000 (0.020)	Loss 27.6185 (16.8558)	Prec@1 75.000 (82.157)	Prec@5 93.750 (97.581)
Epoch: [1][40/430]	Time 0.323 (0.339)	Data 0.000 (0.015)	Loss 16.1176 (18.1091)	Prec@1 78.125 (81.326)	Prec@5 96.875 (97.485)
Epoch: [1][50/430]	Time 0.326 (0.336)	Data 0.000 (0.012)	Loss 27.0199 (17.0322)	Prec@1 81.250 (82.414)	Prec@5 93.750 (97.610)
Epoch: [1][60/430]	Time 0.327 (0.334)	Data 0.000 (0.010)	Loss 17.0491 (17.0417)	Prec@1 81.250 (82.736)	Prec@5 100.000 (97.643)
Epoch: [1][70/430]	Time 0.324 (0.333)	Data 0.000 (0.009)	Loss 30.9146 (17.3940)	Prec@1 81.250 (82.746)	Prec@5 96.875 (97.623)
Epoch: [1][80/430]	Time 0.323 (0.332)	Data 0.000 (0.008)	Loss 22.1690 (17.9091)	Prec@1 84.375 (82.446)	Prec@5 96.875 (97.492)
Epoch: [1][90/430]	Time 0.323 (0.331)	Data 0.000 (0.007)	Loss 24.9613 (17.6040)	Prec@1 84.375 (82.315)	Prec@5 96.875 (97.527)
Epoch: [1][100/430]	Time 0.324 (0.331)	Data 0.000 (0.006)	Loss 3.6388 (17.7075)	Prec@1 87.500 (82.116)	Prec@5 100.000 (97.525)
Epoch: [1][110/430]	Time 0.325 (0.330)	Data 0.000 (0.006)	Loss 12.4959 (17.4619)	Prec@1 84.375 (82.292)	Prec@5 100.000 (97.494)
Epoch: [1][120/430]	Time 0.325 (0.330)	Data 0.000 (0.005)	Loss 16.6290 (17.4695)	Prec@1 78.125 (82.076)	Prec@5 96.875 (97.495)
Epoch: [1][130/430]	Time 0.326 (0.329)	Data 0.000 (0.005)	Loss 26.2813 (17.2813)	Prec@1 71.875 (82.133)	Prec@5 100.000 (97.615)
Epoch: [1][140/430]	Time 0.325 (0.329)	Data 0.000 (0.005)	Loss 14.8214 (16.9741)	Prec@1 81.250 (82.203)	Prec@5 100.000 (97.673)
Epoch: [1][150/430]	Time 0.326 (0.329)	Data 0.000 (0.004)	Loss 40.0190 (16.9732)	Prec@1 68.750 (82.181)	Prec@5 93.750 (97.620)
Epoch: [1][160/430]	Time 0.326 (0.328)	Data 0.000 (0.004)	Loss 15.0330 (17.0990)	Prec@1 90.625 (82.123)	Prec@5 100.000 (97.613)
Epoch: [1][170/430]	Time 0.325 (0.328)	Data 0.000 (0.004)	Loss 30.2451 (17.1239)	Prec@1 78.125 (82.164)	Prec@5 90.625 (97.515)
Epoch: [1][180/430]	Time 0.324 (0.328)	Data 0.000 (0.004)	Loss 22.3679 (17.2350)	Prec@1 78.125 (82.044)	Prec@5 93.750 (97.462)
Epoch: [1][190/430]	Time 0.323 (0.328)	Data 0.000 (0.003)	Loss 26.4041 (17.4372)	Prec@1 75.000 (81.757)	Prec@5 93.750 (97.431)
Epoch: [1][200/430]	Time 0.327 (0.328)	Data 0.000 (0.003)	Loss 13.6005 (17.4824)	Prec@1 90.625 (81.981)	Prec@5 96.875 (97.388)
Epoch: [1][210/430]	Time 0.325 (0.328)	Data 0.000 (0.003)	Loss 12.6610 (17.5911)	Prec@1 90.625 (81.916)	Prec@5 96.875 (97.349)
Epoch: [1][220/430]	Time 0.325 (0.327)	Data 0.000 (0.003)	Loss 20.6987 (17.4585)	Prec@1 87.500 (81.985)	Prec@5 93.750 (97.327)
Epoch: [1][230/430]	Time 0.325 (0.327)	Data 0.000 (0.003)	Loss 17.8937 (17.7118)	Prec@1 81.250 (81.953)	Prec@5 100.000 (97.254)
Epoch: [1][240/430]	Time 0.325 (0.327)	Data 0.000 (0.003)	Loss 7.0203 (17.7120)	Prec@1 87.500 (82.015)	Prec@5 96.875 (97.238)
Epoch: [1][250/430]	Time 0.325 (0.327)	Data 0.000 (0.003)	Loss 4.5124 (17.8191)	Prec@1 84.375 (81.897)	Prec@5 100.000 (97.224)
Epoch: [1][260/430]	Time 0.325 (0.327)	Data 0.000 (0.003)	Loss 9.0146 (17.7969)	Prec@1 84.375 (81.837)	Prec@5 96.875 (97.198)
Epoch: [1][270/430]	Time 0.324 (0.327)	Data 0.000 (0.002)	Loss 15.5444 (17.9250)	Prec@1 84.375 (81.769)	Prec@5 96.875 (97.129)
Epoch: [1][280/430]	Time 0.327 (0.327)	Data 0.000 (0.002)	Loss 36.5201 (17.9047)	Prec@1 65.625 (81.762)	Prec@5 96.875 (97.131)
Epoch: [1][290/430]	Time 0.324 (0.327)	Data 0.000 (0.002)	Loss 16.6171 (17.6887)	Prec@1 81.250 (81.798)	Prec@5 100.000 (97.197)
Epoch: [1][300/430]	Time 0.325 (0.327)	Data 0.000 (0.002)	Loss 18.3782 (17.7467)	Prec@1 84.375 (81.665)	Prec@5 93.750 (97.176)
Epoch: [1][310/430]	Time 0.324 (0.327)	Data 0.000 (0.002)	Loss 8.5920 (17.9847)	Prec@1 75.000 (81.511)	Prec@5 100.000 (97.166)
Epoch: [1][320/430]	Time 0.326 (0.327)	Data 0.000 (0.002)	Loss 1.8743 (17.9352)	Prec@1 96.875 (81.513)	Prec@5 100.000 (97.196)
Epoch: [1][330/430]	Time 0.329 (0.327)	Data 0.000 (0.002)	Loss 0.0000 (17.9650)	Prec@1 100.000 (81.543)	Prec@5 100.000 (97.158)
Epoch: [1][340/430]	Time 0.325 (0.327)	Data 0.000 (0.002)	Loss 11.6774 (17.8903)	Prec@1 78.125 (81.571)	Prec@5 96.875 (97.196)
Epoch: [1][350/430]	Time 0.326 (0.327)	Data 0.000 (0.002)	Loss 17.9390 (17.8851)	Prec@1 78.125 (81.437)	Prec@5 96.875 (97.196)
Epoch: [1][360/430]	Time 0.325 (0.326)	Data 0.000 (0.002)	Loss 7.5134 (17.8426)	Prec@1 90.625 (81.423)	Prec@5 100.000 (97.195)
Epoch: [1][370/430]	Time 0.326 (0.326)	Data 0.000 (0.002)	Loss 15.8917 (17.7792)	Prec@1 78.125 (81.393)	Prec@5 100.000 (97.237)
Epoch: [1][380/430]	Time 0.324 (0.326)	Data 0.000 (0.002)	Loss 5.5533 (17.8448)	Prec@1 84.375 (81.291)	Prec@5 100.000 (97.252)
Epoch: [1][390/430]	Time 0.325 (0.326)	Data 0.000 (0.002)	Loss 14.3815 (17.8081)	Prec@1 81.250 (81.298)	Prec@5 100.000 (97.267)
Epoch: [1][400/430]	Time 0.323 (0.326)	Data 0.000 (0.002)	Loss 12.6024 (17.7810)	Prec@1 84.375 (81.359)	Prec@5 96.875 (97.233)
Epoch: [1][410/430]	Time 0.324 (0.326)	Data 0.000 (0.002)	Loss 12.0985 (17.6314)	Prec@1 81.250 (81.410)	Prec@5 100.000 (97.270)
Epoch: [1][420/430]	Time 0.325 (0.326)	Data 0.000 (0.002)	Loss 9.9655 (17.5907)	Prec@1 84.375 (81.443)	Prec@5 100.000 (97.246)
Test: [0/160]	Time 0.933 (0.933)	Loss 89.8685 (89.8685)	Prec@1 31.250 (31.250)	Prec@5 81.250 (81.250)
Test: [10/160]	Time 0.159 (0.224)	Loss 97.3030 (94.8874)	Prec@1 46.875 (40.625)	Prec@5 71.875 (79.261)
Test: [20/160]	Time 0.156 (0.191)	Loss 95.1720 (104.9320)	Prec@1 53.125 (39.583)	Prec@5 87.500 (76.637)
Test: [30/160]	Time 0.153 (0.179)	Loss 104.8438 (108.3637)	Prec@1 37.500 (40.524)	Prec@5 75.000 (75.101)
Test: [40/160]	Time 0.154 (0.172)	Loss 87.4739 (109.1980)	Prec@1 50.000 (41.159)	Prec@5 78.125 (74.695)
Test: [50/160]	Time 0.151 (0.168)	Loss 78.0199 (109.3875)	Prec@1 40.625 (41.054)	Prec@5 78.125 (74.694)
Test: [60/160]	Time 0.152 (0.166)	Loss 73.0872 (107.6793)	Prec@1 50.000 (41.547)	Prec@5 87.500 (75.461)
Test: [70/160]	Time 0.151 (0.164)	Loss 127.8798 (106.5690)	Prec@1 31.250 (41.637)	Prec@5 81.250 (75.880)
Test: [80/160]	Time 0.152 (0.162)	Loss 117.1980 (106.7268)	Prec@1 43.750 (42.207)	Prec@5 65.625 (75.926)
Test: [90/160]	Time 0.153 (0.161)	Loss 78.5992 (106.1946)	Prec@1 43.750 (42.067)	Prec@5 84.375 (76.065)
Test: [100/160]	Time 0.152 (0.160)	Loss 118.5025 (105.9626)	Prec@1 34.375 (42.203)	Prec@5 84.375 (76.176)
Test: [110/160]	Time 0.152 (0.160)	Loss 88.0272 (104.4170)	Prec@1 43.750 (42.652)	Prec@5 62.500 (76.211)
Test: [120/160]	Time 0.152 (0.159)	Loss 100.8084 (104.9560)	Prec@1 31.250 (42.381)	Prec@5 68.750 (76.214)
Test: [130/160]	Time 0.153 (0.158)	Loss 87.5408 (103.9965)	Prec@1 46.875 (42.104)	Prec@5 81.250 (76.360)
Test: [140/160]	Time 0.152 (0.158)	Loss 125.8047 (104.0338)	Prec@1 28.125 (41.955)	Prec@5 68.750 (76.418)
Test: [150/160]	Time 0.152 (0.158)	Loss 89.9204 (103.3841)	Prec@1 53.125 (42.032)	Prec@5 81.250 (76.780)
 * Prec@1 42.166 Prec@5 76.831
0 168 0.047619047619047616
1 190 0.02631578947368421
2 11 0.0
3 15 0.06666666666666667
4 1833 0.46372067648663395
5 231 0.5584415584415584
6 13 0.0
7 313 0.21725239616613418
8 91 0.0
9 33 0.030303030303030304
10 54 0.018518518518518517
11 14 0.0
12 211 0.3696682464454976
13 326 0.0
14 294 0.4557823129251701
15 1309 0.6707410236822001
***********************saving best model *********************
Epoch: [2][0/430]	Time 1.013 (1.013)	Data 0.697 (0.697)	Loss 4.7151 (4.7151)	Prec@1 90.625 (90.625)	Prec@5 96.875 (96.875)
Epoch: [2][10/430]	Time 0.325 (0.387)	Data 0.000 (0.064)	Loss 3.5757 (9.1353)	Prec@1 84.375 (86.648)	Prec@5 100.000 (98.580)
Epoch: [2][20/430]	Time 0.324 (0.357)	Data 0.000 (0.033)	Loss 11.6043 (9.1614)	Prec@1 81.250 (85.565)	Prec@5 100.000 (98.512)
Epoch: [2][30/430]	Time 0.325 (0.347)	Data 0.000 (0.023)	Loss 8.9823 (8.7397)	Prec@1 84.375 (86.290)	Prec@5 96.875 (98.185)
Epoch: [2][40/430]	Time 0.324 (0.341)	Data 0.000 (0.017)	Loss 6.3704 (8.9090)	Prec@1 90.625 (86.204)	Prec@5 100.000 (98.552)
Epoch: [2][50/430]	Time 0.325 (0.338)	Data 0.000 (0.014)	Loss 0.9036 (8.5386)	Prec@1 96.875 (86.703)	Prec@5 100.000 (98.713)
Epoch: [2][60/430]	Time 0.324 (0.336)	Data 0.000 (0.012)	Loss 17.4347 (9.2567)	Prec@1 81.250 (86.373)	Prec@5 96.875 (98.668)
Epoch: [2][70/430]	Time 0.325 (0.334)	Data 0.000 (0.010)	Loss 10.8648 (9.3086)	Prec@1 87.500 (86.312)	Prec@5 96.875 (98.680)
Epoch: [2][80/430]	Time 0.325 (0.333)	Data 0.000 (0.009)	Loss 12.7352 (9.5234)	Prec@1 87.500 (86.265)	Prec@5 96.875 (98.650)
Epoch: [2][90/430]	Time 0.325 (0.332)	Data 0.000 (0.008)	Loss 5.1861 (9.6500)	Prec@1 90.625 (86.126)	Prec@5 100.000 (98.523)
Epoch: [2][100/430]	Time 0.325 (0.332)	Data 0.000 (0.007)	Loss 14.1148 (9.6331)	Prec@1 84.375 (86.108)	Prec@5 100.000 (98.515)
Epoch: [2][110/430]	Time 0.325 (0.331)	Data 0.000 (0.006)	Loss 14.1939 (9.6965)	Prec@1 81.250 (86.177)	Prec@5 100.000 (98.564)
Epoch: [2][120/430]	Time 0.325 (0.330)	Data 0.000 (0.006)	Loss 3.7363 (9.6638)	Prec@1 93.750 (86.286)	Prec@5 100.000 (98.580)
Epoch: [2][130/430]	Time 0.325 (0.330)	Data 0.000 (0.006)	Loss 28.0812 (10.0194)	Prec@1 78.125 (86.188)	Prec@5 96.875 (98.497)
Epoch: [2][140/430]	Time 0.324 (0.330)	Data 0.000 (0.005)	Loss 17.5096 (9.9112)	Prec@1 87.500 (86.348)	Prec@5 93.750 (98.471)
Epoch: [2][150/430]	Time 0.324 (0.329)	Data 0.000 (0.005)	Loss 18.2277 (9.8803)	Prec@1 78.125 (86.465)	Prec@5 100.000 (98.510)
Epoch: [2][160/430]	Time 0.324 (0.329)	Data 0.000 (0.005)	Loss 8.6205 (10.1204)	Prec@1 90.625 (86.374)	Prec@5 100.000 (98.447)
Epoch: [2][170/430]	Time 0.326 (0.329)	Data 0.000 (0.004)	Loss 7.3644 (10.1299)	Prec@1 90.625 (86.422)	Prec@5 100.000 (98.447)
Epoch: [2][180/430]	Time 0.323 (0.329)	Data 0.000 (0.004)	Loss 11.6876 (10.2759)	Prec@1 84.375 (86.240)	Prec@5 100.000 (98.446)
Epoch: [2][190/430]	Time 0.323 (0.328)	Data 0.000 (0.004)	Loss 11.0118 (10.5258)	Prec@1 84.375 (86.044)	Prec@5 96.875 (98.429)
Epoch: [2][200/430]	Time 0.322 (0.328)	Data 0.000 (0.004)	Loss 5.6547 (10.6023)	Prec@1 87.500 (85.945)	Prec@5 100.000 (98.476)
Epoch: [2][210/430]	Time 0.326 (0.328)	Data 0.000 (0.004)	Loss 3.0033 (10.5343)	Prec@1 96.875 (85.930)	Prec@5 100.000 (98.489)
Epoch: [2][220/430]	Time 0.324 (0.328)	Data 0.000 (0.003)	Loss 1.7858 (10.4167)	Prec@1 93.750 (85.888)	Prec@5 100.000 (98.529)
Epoch: [2][230/430]	Time 0.325 (0.328)	Data 0.000 (0.003)	Loss 14.1198 (10.4146)	Prec@1 78.125 (85.850)	Prec@5 100.000 (98.539)
Epoch: [2][240/430]	Time 0.324 (0.328)	Data 0.000 (0.003)	Loss 12.8773 (10.4558)	Prec@1 78.125 (85.775)	Prec@5 100.000 (98.561)
Epoch: [2][250/430]	Time 0.325 (0.327)	Data 0.000 (0.003)	Loss 6.6931 (10.4975)	Prec@1 93.750 (85.794)	Prec@5 96.875 (98.531)
Epoch: [2][260/430]	Time 0.324 (0.327)	Data 0.000 (0.003)	Loss 0.7742 (10.4615)	Prec@1 96.875 (85.728)	Prec@5 100.000 (98.539)
Epoch: [2][270/430]	Time 0.325 (0.327)	Data 0.000 (0.003)	Loss 16.6008 (10.5055)	Prec@1 75.000 (85.655)	Prec@5 100.000 (98.547)
Epoch: [2][280/430]	Time 0.324 (0.327)	Data 0.000 (0.003)	Loss 11.3998 (10.6143)	Prec@1 81.250 (85.520)	Prec@5 100.000 (98.510)
Epoch: [2][290/430]	Time 0.326 (0.327)	Data 0.000 (0.003)	Loss 17.1039 (10.5823)	Prec@1 84.375 (85.492)	Prec@5 100.000 (98.497)
Epoch: [2][300/430]	Time 0.325 (0.327)	Data 0.000 (0.003)	Loss 6.8122 (10.5736)	Prec@1 84.375 (85.527)	Prec@5 100.000 (98.484)
Epoch: [2][310/430]	Time 0.325 (0.327)	Data 0.000 (0.002)	Loss 28.4377 (10.7180)	Prec@1 78.125 (85.460)	Prec@5 96.875 (98.503)
Epoch: [2][320/430]	Time 0.323 (0.327)	Data 0.000 (0.002)	Loss 2.3593 (10.7065)	Prec@1 93.750 (85.524)	Prec@5 100.000 (98.511)
Epoch: [2][330/430]	Time 0.325 (0.327)	Data 0.000 (0.002)	Loss 23.0177 (10.7026)	Prec@1 78.125 (85.536)	Prec@5 100.000 (98.537)
Epoch: [2][340/430]	Time 0.324 (0.327)	Data 0.000 (0.002)	Loss 17.7808 (10.6887)	Prec@1 78.125 (85.594)	Prec@5 96.875 (98.534)
Epoch: [2][350/430]	Time 0.327 (0.327)	Data 0.000 (0.002)	Loss 32.9995 (10.7181)	Prec@1 81.250 (85.595)	Prec@5 93.750 (98.522)
Epoch: [2][360/430]	Time 0.328 (0.327)	Data 0.000 (0.002)	Loss 5.5573 (10.7582)	Prec@1 87.500 (85.483)	Prec@5 100.000 (98.511)
Epoch: [2][370/430]	Time 0.325 (0.327)	Data 0.000 (0.002)	Loss 23.4026 (10.8580)	Prec@1 84.375 (85.428)	Prec@5 96.875 (98.492)
Epoch: [2][380/430]	Time 0.324 (0.326)	Data 0.000 (0.002)	Loss 11.1478 (10.9140)	Prec@1 81.250 (85.425)	Prec@5 100.000 (98.499)
Epoch: [2][390/430]	Time 0.323 (0.326)	Data 0.000 (0.002)	Loss 11.0712 (10.9326)	Prec@1 81.250 (85.430)	Prec@5 96.875 (98.473)
Epoch: [2][400/430]	Time 0.324 (0.326)	Data 0.000 (0.002)	Loss 7.2647 (10.9135)	Prec@1 84.375 (85.443)	Prec@5 96.875 (98.480)
Epoch: [2][410/430]	Time 0.323 (0.326)	Data 0.000 (0.002)	Loss 10.1809 (10.9652)	Prec@1 81.250 (85.363)	Prec@5 100.000 (98.464)
Epoch: [2][420/430]	Time 0.326 (0.326)	Data 0.000 (0.002)	Loss 10.8435 (10.8631)	Prec@1 84.375 (85.414)	Prec@5 100.000 (98.501)
Test: [0/160]	Time 0.853 (0.853)	Loss 78.8314 (78.8314)	Prec@1 31.250 (31.250)	Prec@5 90.625 (90.625)
Test: [10/160]	Time 0.152 (0.231)	Loss 78.6031 (87.8759)	Prec@1 43.750 (39.489)	Prec@5 78.125 (75.568)
Test: [20/160]	Time 0.153 (0.194)	Loss 97.8040 (87.8334)	Prec@1 34.375 (39.286)	Prec@5 78.125 (76.042)
Test: [30/160]	Time 0.153 (0.181)	Loss 82.7241 (86.7304)	Prec@1 34.375 (39.516)	Prec@5 71.875 (76.310)
Test: [40/160]	Time 0.152 (0.174)	Loss 102.7907 (89.1754)	Prec@1 34.375 (39.405)	Prec@5 75.000 (75.000)
Test: [50/160]	Time 0.152 (0.169)	Loss 95.0468 (89.9726)	Prec@1 43.750 (40.196)	Prec@5 75.000 (75.184)
Test: [60/160]	Time 0.151 (0.167)	Loss 83.8130 (90.0867)	Prec@1 50.000 (40.061)	Prec@5 81.250 (75.410)
Test: [70/160]	Time 0.152 (0.165)	Loss 103.0305 (90.1286)	Prec@1 31.250 (40.097)	Prec@5 71.875 (75.792)
Test: [80/160]	Time 0.153 (0.163)	Loss 92.5423 (90.7558)	Prec@1 25.000 (39.660)	Prec@5 71.875 (75.309)
Test: [90/160]	Time 0.151 (0.162)	Loss 87.1754 (91.2114)	Prec@1 43.750 (39.354)	Prec@5 75.000 (75.343)
Test: [100/160]	Time 0.152 (0.161)	Loss 102.9875 (92.0045)	Prec@1 34.375 (39.418)	Prec@5 71.875 (75.217)
Test: [110/160]	Time 0.152 (0.160)	Loss 91.9255 (91.9295)	Prec@1 31.250 (39.414)	Prec@5 81.250 (75.366)
Test: [120/160]	Time 0.152 (0.160)	Loss 83.4255 (91.7839)	Prec@1 43.750 (39.747)	Prec@5 81.250 (75.155)
Test: [130/160]	Time 0.153 (0.159)	Loss 83.2826 (92.0928)	Prec@1 46.875 (39.766)	Prec@5 78.125 (75.048)
Test: [140/160]	Time 0.152 (0.159)	Loss 93.5783 (92.1244)	Prec@1 40.625 (39.738)	Prec@5 75.000 (75.111)
Test: [150/160]	Time 0.151 (0.158)	Loss 121.9319 (91.9656)	Prec@1 40.625 (39.901)	Prec@5 62.500 (75.124)
 * Prec@1 39.777 Prec@5 75.108
0 168 0.10714285714285714
1 190 0.05789473684210526
2 11 0.0
3 15 0.0
4 1833 0.5935624659028914
5 231 0.42424242424242425
6 13 0.0
7 313 0.20447284345047922
8 91 0.01098901098901099
9 33 0.0
10 54 0.0
11 14 0.0
12 211 0.17061611374407584
13 326 0.006134969325153374
14 294 0.22789115646258504
15 1309 0.4935064935064935
Epoch: [3][0/430]	Time 0.976 (0.976)	Data 0.656 (0.656)	Loss 11.8623 (11.8623)	Prec@1 81.250 (81.250)	Prec@5 96.875 (96.875)
Epoch: [3][10/430]	Time 0.326 (0.383)	Data 0.000 (0.060)	Loss 9.6820 (8.0782)	Prec@1 87.500 (84.943)	Prec@5 96.875 (99.148)
Epoch: [3][20/430]	Time 0.326 (0.356)	Data 0.000 (0.031)	Loss 8.0702 (8.4496)	Prec@1 81.250 (86.161)	Prec@5 100.000 (98.512)
Epoch: [3][30/430]	Time 0.327 (0.346)	Data 0.000 (0.021)	Loss 7.3664 (9.1907)	Prec@1 84.375 (85.685)	Prec@5 96.875 (98.690)
Epoch: [3][40/430]	Time 0.324 (0.341)	Data 0.000 (0.016)	Loss 3.3711 (8.5340)	Prec@1 93.750 (86.280)	Prec@5 100.000 (98.933)
Epoch: [3][50/430]	Time 0.327 (0.338)	Data 0.000 (0.013)	Loss 5.1213 (8.2963)	Prec@1 87.500 (86.949)	Prec@5 100.000 (99.081)
Epoch: [3][60/430]	Time 0.325 (0.336)	Data 0.000 (0.011)	Loss 3.0330 (8.1126)	Prec@1 93.750 (87.346)	Prec@5 100.000 (99.078)
Epoch: [3][70/430]	Time 0.325 (0.334)	Data 0.000 (0.009)	Loss 11.2502 (7.8910)	Prec@1 90.625 (87.676)	Prec@5 96.875 (99.076)
Epoch: [3][80/430]	Time 0.325 (0.333)	Data 0.000 (0.008)	Loss 3.0601 (7.5808)	Prec@1 90.625 (88.040)	Prec@5 100.000 (99.074)
Epoch: [3][90/430]	Time 0.325 (0.332)	Data 0.000 (0.007)	Loss 7.2693 (7.3841)	Prec@1 81.250 (88.187)	Prec@5 100.000 (99.107)
Epoch: [3][100/430]	Time 0.322 (0.331)	Data 0.000 (0.007)	Loss 11.7355 (7.5370)	Prec@1 81.250 (87.995)	Prec@5 96.875 (99.041)
Epoch: [3][110/430]	Time 0.324 (0.331)	Data 0.000 (0.006)	Loss 13.3174 (7.4647)	Prec@1 81.250 (88.007)	Prec@5 100.000 (99.043)
Epoch: [3][120/430]	Time 0.326 (0.330)	Data 0.000 (0.006)	Loss 5.6854 (7.4025)	Prec@1 87.500 (88.146)	Prec@5 100.000 (99.096)
Epoch: [3][130/430]	Time 0.323 (0.330)	Data 0.000 (0.005)	Loss 16.8186 (7.5817)	Prec@1 68.750 (87.977)	Prec@5 100.000 (99.117)
Epoch: [3][140/430]	Time 0.325 (0.329)	Data 0.000 (0.005)	Loss 4.0874 (7.6559)	Prec@1 93.750 (87.943)	Prec@5 96.875 (99.091)
Epoch: [3][150/430]	Time 0.325 (0.329)	Data 0.000 (0.005)	Loss 9.2832 (7.8594)	Prec@1 87.500 (87.935)	Prec@5 100.000 (99.110)
Epoch: [3][160/430]	Time 0.326 (0.329)	Data 0.000 (0.004)	Loss 14.7327 (7.9302)	Prec@1 84.375 (87.811)	Prec@5 96.875 (99.088)
Epoch: [3][170/430]	Time 0.323 (0.328)	Data 0.000 (0.004)	Loss 11.4342 (8.0420)	Prec@1 78.125 (87.738)	Prec@5 100.000 (99.086)
Epoch: [3][180/430]	Time 0.324 (0.328)	Data 0.000 (0.004)	Loss 14.3845 (8.0459)	Prec@1 78.125 (87.724)	Prec@5 100.000 (99.102)
Epoch: [3][190/430]	Time 0.325 (0.328)	Data 0.000 (0.004)	Loss 5.5837 (7.8989)	Prec@1 96.875 (87.876)	Prec@5 96.875 (99.100)
Epoch: [3][200/430]	Time 0.323 (0.328)	Data 0.000 (0.003)	Loss 5.6771 (7.9086)	Prec@1 93.750 (87.998)	Prec@5 100.000 (99.083)
Epoch: [3][210/430]	Time 0.324 (0.328)	Data 0.000 (0.003)	Loss 20.4053 (7.9894)	Prec@1 78.125 (87.811)	Prec@5 96.875 (99.097)
Epoch: [3][220/430]	Time 0.326 (0.328)	Data 0.000 (0.003)	Loss 7.9578 (7.9749)	Prec@1 87.500 (87.854)	Prec@5 96.875 (99.109)
Epoch: [3][230/430]	Time 0.325 (0.327)	Data 0.000 (0.003)	Loss 1.0108 (7.9666)	Prec@1 96.875 (87.906)	Prec@5 100.000 (99.107)
Epoch: [3][240/430]	Time 0.324 (0.327)	Data 0.000 (0.003)	Loss 12.7563 (8.0616)	Prec@1 84.375 (87.915)	Prec@5 100.000 (99.105)
Epoch: [3][250/430]	Time 0.322 (0.327)	Data 0.000 (0.003)	Loss 4.4191 (8.0699)	Prec@1 87.500 (87.973)	Prec@5 96.875 (99.128)
Epoch: [3][260/430]	Time 0.324 (0.327)	Data 0.000 (0.003)	Loss 10.2657 (8.1014)	Prec@1 84.375 (87.907)	Prec@5 100.000 (99.126)
Epoch: [3][270/430]	Time 0.327 (0.327)	Data 0.000 (0.003)	Loss 8.5892 (8.2769)	Prec@1 87.500 (87.765)	Prec@5 100.000 (99.089)
Epoch: [3][280/430]	Time 0.327 (0.327)	Data 0.000 (0.003)	Loss 20.2314 (8.4042)	Prec@1 84.375 (87.667)	Prec@5 93.750 (99.077)
Epoch: [3][290/430]	Time 0.324 (0.327)	Data 0.000 (0.002)	Loss 10.8703 (8.5366)	Prec@1 84.375 (87.371)	Prec@5 96.875 (99.066)
Epoch: [3][300/430]	Time 0.323 (0.327)	Data 0.000 (0.002)	Loss 6.1600 (8.4015)	Prec@1 90.625 (87.458)	Prec@5 100.000 (99.076)
Epoch: [3][310/430]	Time 0.324 (0.327)	Data 0.000 (0.002)	Loss 2.4770 (8.4505)	Prec@1 90.625 (87.420)	Prec@5 100.000 (99.025)
Epoch: [3][320/430]	Time 0.327 (0.327)	Data 0.000 (0.002)	Loss 4.8302 (8.3596)	Prec@1 96.875 (87.471)	Prec@5 100.000 (99.056)
Epoch: [3][330/430]	Time 0.324 (0.327)	Data 0.000 (0.002)	Loss 0.0000 (8.3829)	Prec@1 100.000 (87.472)	Prec@5 100.000 (99.056)
Epoch: [3][340/430]	Time 0.325 (0.327)	Data 0.000 (0.002)	Loss 14.1485 (8.3452)	Prec@1 84.375 (87.555)	Prec@5 100.000 (99.047)
Epoch: [3][350/430]	Time 0.325 (0.327)	Data 0.000 (0.002)	Loss 2.2596 (8.3290)	Prec@1 93.750 (87.598)	Prec@5 96.875 (99.056)
Epoch: [3][360/430]	Time 0.326 (0.326)	Data 0.000 (0.002)	Loss 8.0940 (8.4032)	Prec@1 84.375 (87.561)	Prec@5 100.000 (99.030)
Epoch: [3][370/430]	Time 0.323 (0.326)	Data 0.000 (0.002)	Loss 4.0753 (8.4811)	Prec@1 90.625 (87.492)	Prec@5 100.000 (99.023)
Epoch: [3][380/430]	Time 0.324 (0.326)	Data 0.000 (0.002)	Loss 5.9044 (8.4302)	Prec@1 87.500 (87.508)	Prec@5 100.000 (99.024)
Epoch: [3][390/430]	Time 0.326 (0.326)	Data 0.000 (0.002)	Loss 21.7068 (8.4279)	Prec@1 78.125 (87.476)	Prec@5 90.625 (99.017)
Epoch: [3][400/430]	Time 0.324 (0.326)	Data 0.000 (0.002)	Loss 7.0688 (8.4433)	Prec@1 87.500 (87.438)	Prec@5 96.875 (98.995)
Epoch: [3][410/430]	Time 0.328 (0.326)	Data 0.000 (0.002)	Loss 13.1879 (8.4966)	Prec@1 90.625 (87.416)	Prec@5 100.000 (98.981)
Epoch: [3][420/430]	Time 0.326 (0.326)	Data 0.000 (0.002)	Loss 7.1929 (8.4808)	Prec@1 84.375 (87.396)	Prec@5 100.000 (98.990)
Test: [0/160]	Time 0.936 (0.936)	Loss 63.0512 (63.0512)	Prec@1 62.500 (62.500)	Prec@5 90.625 (90.625)
Test: [10/160]	Time 0.153 (0.224)	Loss 64.9691 (84.5423)	Prec@1 62.500 (47.443)	Prec@5 81.250 (80.398)
Test: [20/160]	Time 0.153 (0.190)	Loss 61.4418 (85.0494)	Prec@1 56.250 (44.792)	Prec@5 87.500 (79.315)
Test: [30/160]	Time 0.152 (0.178)	Loss 86.9587 (82.9811)	Prec@1 50.000 (45.665)	Prec@5 87.500 (80.242)
Test: [40/160]	Time 0.153 (0.171)	Loss 82.2087 (84.4019)	Prec@1 46.875 (46.646)	Prec@5 78.125 (79.726)
Test: [50/160]	Time 0.152 (0.168)	Loss 107.4466 (87.1540)	Prec@1 31.250 (45.956)	Prec@5 75.000 (78.738)
Test: [60/160]	Time 0.154 (0.165)	Loss 56.7489 (85.6176)	Prec@1 65.625 (45.953)	Prec@5 90.625 (78.791)
Test: [70/160]	Time 0.153 (0.163)	Loss 95.2844 (86.3711)	Prec@1 46.875 (45.687)	Prec@5 75.000 (78.433)
Test: [80/160]	Time 0.153 (0.162)	Loss 80.3694 (87.6946)	Prec@1 50.000 (45.293)	Prec@5 75.000 (78.279)
Test: [90/160]	Time 0.152 (0.161)	Loss 169.6309 (90.8289)	Prec@1 28.125 (43.990)	Prec@5 62.500 (77.438)
Test: [100/160]	Time 0.152 (0.160)	Loss 76.8228 (90.4652)	Prec@1 56.250 (43.998)	Prec@5 81.250 (77.599)
Test: [110/160]	Time 0.152 (0.159)	Loss 98.8955 (90.5694)	Prec@1 37.500 (43.975)	Prec@5 78.125 (77.618)
Test: [120/160]	Time 0.153 (0.159)	Loss 142.4334 (90.3740)	Prec@1 34.375 (43.827)	Prec@5 62.500 (77.376)
Test: [130/160]	Time 0.152 (0.158)	Loss 37.3526 (90.1129)	Prec@1 59.375 (44.203)	Prec@5 93.750 (77.362)
Test: [140/160]	Time 0.153 (0.158)	Loss 84.4194 (90.3544)	Prec@1 37.500 (44.215)	Prec@5 84.375 (77.371)
Test: [150/160]	Time 0.152 (0.158)	Loss 89.9517 (90.1979)	Prec@1 62.500 (44.392)	Prec@5 78.125 (77.339)
 * Prec@1 44.262 Prec@5 77.282
0 168 0.047619047619047616
1 190 0.07894736842105263
2 11 0.0
3 15 0.0
4 1833 0.48936170212765956
5 231 0.45021645021645024
6 13 0.0
7 313 0.3258785942492013
8 91 0.03296703296703297
9 33 0.0
10 54 0.0
11 14 0.0
12 211 0.1943127962085308
13 326 0.006134969325153374
14 294 0.32653061224489793
15 1309 0.7578304048892284
***********************saving best model *********************
Epoch: [4][0/430]	Time 0.937 (0.937)	Data 0.620 (0.620)	Loss 5.0309 (5.0309)	Prec@1 93.750 (93.750)	Prec@5 100.000 (100.000)
Epoch: [4][10/430]	Time 0.324 (0.380)	Data 0.000 (0.057)	Loss 15.8737 (7.0763)	Prec@1 84.375 (89.773)	Prec@5 100.000 (99.432)
Epoch: [4][20/430]	Time 0.325 (0.353)	Data 0.000 (0.030)	Loss 6.4582 (6.5094)	Prec@1 90.625 (89.583)	Prec@5 96.875 (99.107)
Epoch: [4][30/430]	Time 0.324 (0.344)	Data 0.000 (0.020)	Loss 0.0015 (5.4306)	Prec@1 100.000 (90.625)	Prec@5 100.000 (99.395)
Epoch: [4][40/430]	Time 0.326 (0.339)	Data 0.000 (0.015)	Loss 1.7487 (5.1786)	Prec@1 96.875 (91.006)	Prec@5 100.000 (99.543)
Epoch: [4][50/430]	Time 0.326 (0.336)	Data 0.000 (0.012)	Loss 6.8340 (5.2639)	Prec@1 87.500 (90.931)	Prec@5 100.000 (99.449)
Epoch: [4][60/430]	Time 0.323 (0.334)	Data 0.000 (0.010)	Loss 6.8732 (5.5913)	Prec@1 93.750 (90.574)	Prec@5 96.875 (99.283)
Epoch: [4][70/430]	Time 0.325 (0.333)	Data 0.000 (0.009)	Loss 2.4050 (5.6509)	Prec@1 90.625 (90.361)	Prec@5 100.000 (99.340)
Epoch: [4][80/430]	Time 0.324 (0.332)	Data 0.000 (0.008)	Loss 9.4007 (5.5930)	Prec@1 87.500 (90.355)	Prec@5 100.000 (99.383)
Epoch: [4][90/430]	Time 0.325 (0.331)	Data 0.000 (0.007)	Loss 2.2500 (5.5583)	Prec@1 90.625 (90.385)	Prec@5 100.000 (99.451)
Epoch: [4][100/430]	Time 0.323 (0.331)	Data 0.000 (0.006)	Loss 3.9610 (5.7191)	Prec@1 90.625 (90.130)	Prec@5 100.000 (99.474)
Epoch: [4][110/430]	Time 0.323 (0.330)	Data 0.000 (0.006)	Loss 8.7720 (5.8247)	Prec@1 84.375 (89.865)	Prec@5 96.875 (99.352)
Epoch: [4][120/430]	Time 0.326 (0.330)	Data 0.000 (0.005)	Loss 1.5725 (5.7607)	Prec@1 93.750 (89.902)	Prec@5 100.000 (99.380)
Epoch: [4][130/430]	Time 0.324 (0.329)	Data 0.000 (0.005)	Loss 17.3097 (5.7629)	Prec@1 78.125 (89.814)	Prec@5 100.000 (99.404)
Epoch: [4][140/430]	Time 0.325 (0.329)	Data 0.000 (0.005)	Loss 10.0752 (5.8015)	Prec@1 90.625 (89.805)	Prec@5 100.000 (99.424)
Epoch: [4][150/430]	Time 0.325 (0.329)	Data 0.000 (0.004)	Loss 5.0664 (5.8771)	Prec@1 90.625 (89.735)	Prec@5 100.000 (99.400)
Epoch: [4][160/430]	Time 0.325 (0.328)	Data 0.000 (0.004)	Loss 0.0000 (5.9587)	Prec@1 100.000 (89.674)	Prec@5 100.000 (99.379)
Epoch: [4][170/430]	Time 0.324 (0.328)	Data 0.000 (0.004)	Loss 1.1091 (5.8366)	Prec@1 93.750 (89.766)	Prec@5 100.000 (99.397)
Epoch: [4][180/430]	Time 0.325 (0.328)	Data 0.000 (0.004)	Loss 6.0486 (5.9663)	Prec@1 87.500 (89.468)	Prec@5 100.000 (99.413)
Epoch: [4][190/430]	Time 0.325 (0.328)	Data 0.000 (0.003)	Loss 7.4240 (6.1169)	Prec@1 93.750 (89.447)	Prec@5 100.000 (99.378)
Epoch: [4][200/430]	Time 0.326 (0.328)	Data 0.000 (0.003)	Loss 3.6361 (6.0725)	Prec@1 93.750 (89.537)	Prec@5 100.000 (99.394)
Epoch: [4][210/430]	Time 0.325 (0.328)	Data 0.000 (0.003)	Loss 3.1568 (5.9889)	Prec@1 90.625 (89.529)	Prec@5 100.000 (99.408)
Epoch: [4][220/430]	Time 0.326 (0.327)	Data 0.000 (0.003)	Loss 5.3045 (6.0435)	Prec@1 87.500 (89.395)	Prec@5 100.000 (99.392)
Epoch: [4][230/430]	Time 0.325 (0.327)	Data 0.000 (0.003)	Loss 2.8162 (6.1497)	Prec@1 87.500 (89.245)	Prec@5 100.000 (99.405)
Epoch: [4][240/430]	Time 0.325 (0.327)	Data 0.000 (0.003)	Loss 6.5305 (6.1055)	Prec@1 90.625 (89.328)	Prec@5 100.000 (99.416)
Epoch: [4][250/430]	Time 0.325 (0.327)	Data 0.000 (0.003)	Loss 8.6544 (6.1615)	Prec@1 78.125 (89.168)	Prec@5 100.000 (99.427)
Epoch: [4][260/430]	Time 0.324 (0.327)	Data 0.000 (0.003)	Loss 2.0116 (6.1539)	Prec@1 87.500 (89.068)	Prec@5 100.000 (99.437)
Epoch: [4][270/430]	Time 0.323 (0.327)	Data 0.000 (0.002)	Loss 5.5184 (6.2095)	Prec@1 90.625 (89.022)	Prec@5 100.000 (99.423)
Epoch: [4][280/430]	Time 0.324 (0.327)	Data 0.000 (0.002)	Loss 6.9336 (6.2588)	Prec@1 84.375 (88.968)	Prec@5 100.000 (99.422)
Epoch: [4][290/430]	Time 0.324 (0.327)	Data 0.000 (0.002)	Loss 18.1035 (6.3994)	Prec@1 65.625 (88.821)	Prec@5 93.750 (99.399)
Epoch: [4][300/430]	Time 0.325 (0.327)	Data 0.000 (0.002)	Loss 13.1909 (6.4260)	Prec@1 84.375 (88.787)	Prec@5 96.875 (99.398)
Epoch: [4][310/430]	Time 0.324 (0.327)	Data 0.000 (0.002)	Loss 5.4254 (6.4696)	Prec@1 90.625 (88.746)	Prec@5 100.000 (99.387)
Epoch: [4][320/430]	Time 0.324 (0.327)	Data 0.000 (0.002)	Loss 2.7321 (6.4618)	Prec@1 87.500 (88.766)	Prec@5 100.000 (99.377)
Epoch: [4][330/430]	Time 0.325 (0.327)	Data 0.000 (0.002)	Loss 9.8313 (6.4800)	Prec@1 90.625 (88.756)	Prec@5 96.875 (99.377)
Epoch: [4][340/430]	Time 0.326 (0.326)	Data 0.000 (0.002)	Loss 4.7508 (6.5326)	Prec@1 90.625 (88.737)	Prec@5 100.000 (99.377)
Epoch: [4][350/430]	Time 0.325 (0.326)	Data 0.000 (0.002)	Loss 16.2281 (6.6282)	Prec@1 84.375 (88.711)	Prec@5 93.750 (99.341)
Epoch: [4][360/430]	Time 0.324 (0.326)	Data 0.000 (0.002)	Loss 7.0237 (6.6610)	Prec@1 84.375 (88.695)	Prec@5 100.000 (99.342)
Epoch: [4][370/430]	Time 0.324 (0.326)	Data 0.000 (0.002)	Loss 16.7227 (6.7067)	Prec@1 87.500 (88.654)	Prec@5 100.000 (99.326)
Epoch: [4][380/430]	Time 0.324 (0.326)	Data 0.000 (0.002)	Loss 5.3355 (6.7281)	Prec@1 90.625 (88.615)	Prec@5 100.000 (99.327)
Epoch: [4][390/430]	Time 0.324 (0.326)	Data 0.000 (0.002)	Loss 16.4028 (6.7820)	Prec@1 75.000 (88.539)	Prec@5 100.000 (99.313)
Epoch: [4][400/430]	Time 0.324 (0.326)	Data 0.000 (0.002)	Loss 0.0000 (6.8058)	Prec@1 100.000 (88.498)	Prec@5 100.000 (99.299)
Epoch: [4][410/430]	Time 0.325 (0.326)	Data 0.000 (0.002)	Loss 14.0345 (6.7612)	Prec@1 78.125 (88.526)	Prec@5 96.875 (99.293)
Epoch: [4][420/430]	Time 0.325 (0.326)	Data 0.000 (0.002)	Loss 4.4052 (6.8457)	Prec@1 87.500 (88.465)	Prec@5 100.000 (99.250)
Test: [0/160]	Time 0.899 (0.899)	Loss 100.1115 (100.1115)	Prec@1 37.500 (37.500)	Prec@5 75.000 (75.000)
Test: [10/160]	Time 0.153 (0.221)	Loss 109.3023 (96.9672)	Prec@1 34.375 (36.932)	Prec@5 68.750 (73.011)
Test: [20/160]	Time 0.151 (0.189)	Loss 68.8416 (89.3661)	Prec@1 34.375 (37.500)	Prec@5 81.250 (75.000)
Test: [30/160]	Time 0.152 (0.177)	Loss 113.8536 (91.5642)	Prec@1 25.000 (35.887)	Prec@5 75.000 (74.294)
Test: [40/160]	Time 0.152 (0.171)	Loss 102.2086 (91.1060)	Prec@1 34.375 (36.128)	Prec@5 75.000 (75.152)
Test: [50/160]	Time 0.152 (0.167)	Loss 113.5981 (87.7770)	Prec@1 28.125 (37.194)	Prec@5 68.750 (76.287)
Test: [60/160]	Time 0.151 (0.165)	Loss 61.9201 (86.9037)	Prec@1 53.125 (37.602)	Prec@5 84.375 (76.281)
Test: [70/160]	Time 0.152 (0.163)	Loss 83.3640 (86.3721)	Prec@1 31.250 (37.808)	Prec@5 78.125 (76.452)
Test: [80/160]	Time 0.153 (0.162)	Loss 72.4669 (86.5935)	Prec@1 37.500 (37.809)	Prec@5 81.250 (76.505)
Test: [90/160]	Time 0.153 (0.161)	Loss 47.1971 (86.0773)	Prec@1 50.000 (37.912)	Prec@5 90.625 (76.889)
Test: [100/160]	Time 0.151 (0.160)	Loss 55.6959 (86.6821)	Prec@1 50.000 (37.871)	Prec@5 84.375 (76.795)
Test: [110/160]	Time 0.152 (0.159)	Loss 84.2214 (86.8273)	Prec@1 34.375 (38.091)	Prec@5 78.125 (76.943)
Test: [120/160]	Time 0.154 (0.159)	Loss 77.5627 (86.5668)	Prec@1 37.500 (38.326)	Prec@5 78.125 (77.040)
Test: [130/160]	Time 0.151 (0.158)	Loss 101.3532 (86.2645)	Prec@1 34.375 (38.526)	Prec@5 78.125 (77.147)
Test: [140/160]	Time 0.152 (0.158)	Loss 69.3331 (85.6779)	Prec@1 25.000 (38.542)	Prec@5 78.125 (77.172)
Test: [150/160]	Time 0.153 (0.157)	Loss 106.7440 (86.0135)	Prec@1 31.250 (38.555)	Prec@5 75.000 (77.297)
 * Prec@1 38.523 Prec@5 77.105
0 168 0.08333333333333333
1 190 0.30526315789473685
2 11 0.0
3 15 0.06666666666666667
4 1833 0.4451718494271686
5 231 0.35064935064935066
6 13 0.0
7 313 0.1757188498402556
8 91 0.0
9 33 0.0
10 54 0.037037037037037035
11 14 0.0
12 211 0.22748815165876776
13 326 0.012269938650306749
14 294 0.42857142857142855
15 1309 0.5821237585943468
Epoch: [5][0/430]	Time 0.978 (0.978)	Data 0.664 (0.664)	Loss 4.6163 (4.6163)	Prec@1 84.375 (84.375)	Prec@5 100.000 (100.000)
Epoch: [5][10/430]	Time 0.326 (0.384)	Data 0.000 (0.061)	Loss 4.4577 (9.2421)	Prec@1 87.500 (80.966)	Prec@5 100.000 (99.148)
Epoch: [5][20/430]	Time 0.326 (0.356)	Data 0.000 (0.032)	Loss 0.0000 (7.2851)	Prec@1 100.000 (85.268)	Prec@5 100.000 (99.405)
Epoch: [5][30/430]	Time 0.325 (0.346)	Data 0.000 (0.022)	Loss 5.0456 (7.8090)	Prec@1 84.375 (85.585)	Prec@5 96.875 (99.294)
Epoch: [5][40/430]	Time 0.324 (0.340)	Data 0.000 (0.016)	Loss 5.1860 (6.9166)	Prec@1 84.375 (86.890)	Prec@5 100.000 (99.466)
Epoch: [5][50/430]	Time 0.322 (0.337)	Data 0.000 (0.013)	Loss 1.1730 (6.6021)	Prec@1 93.750 (87.500)	Prec@5 100.000 (99.571)
Epoch: [5][60/430]	Time 0.326 (0.335)	Data 0.000 (0.011)	Loss 9.5634 (6.3420)	Prec@1 75.000 (87.756)	Prec@5 100.000 (99.590)
Epoch: [5][70/430]	Time 0.324 (0.334)	Data 0.000 (0.010)	Loss 3.0917 (6.0630)	Prec@1 90.625 (88.116)	Prec@5 100.000 (99.648)
Epoch: [5][80/430]	Time 0.324 (0.333)	Data 0.000 (0.008)	Loss 2.3786 (5.9742)	Prec@1 96.875 (88.503)	Prec@5 100.000 (99.653)
Epoch: [5][90/430]	Time 0.323 (0.332)	Data 0.000 (0.007)	Loss 1.6617 (5.8715)	Prec@1 93.750 (88.805)	Prec@5 100.000 (99.622)
Epoch: [5][100/430]	Time 0.325 (0.331)	Data 0.000 (0.007)	Loss 1.2830 (6.0799)	Prec@1 93.750 (88.614)	Prec@5 100.000 (99.629)
Epoch: [5][110/430]	Time 0.322 (0.330)	Data 0.000 (0.006)	Loss 3.9709 (5.9669)	Prec@1 90.625 (88.767)	Prec@5 100.000 (99.634)
Epoch: [5][120/430]	Time 0.325 (0.330)	Data 0.000 (0.006)	Loss 14.9268 (6.1146)	Prec@1 81.250 (88.636)	Prec@5 96.875 (99.587)
Epoch: [5][130/430]	Time 0.323 (0.330)	Data 0.000 (0.005)	Loss 3.7586 (6.1435)	Prec@1 93.750 (88.788)	Prec@5 100.000 (99.618)
Epoch: [5][140/430]	Time 0.325 (0.329)	Data 0.000 (0.005)	Loss 1.1480 (6.1217)	Prec@1 93.750 (88.852)	Prec@5 100.000 (99.623)
Epoch: [5][150/430]	Time 0.327 (0.329)	Data 0.000 (0.005)	Loss 1.8876 (6.1188)	Prec@1 87.500 (88.721)	Prec@5 100.000 (99.648)
Epoch: [5][160/430]	Time 0.323 (0.329)	Data 0.000 (0.004)	Loss 8.6648 (6.0648)	Prec@1 84.375 (88.878)	Prec@5 100.000 (99.651)
Epoch: [5][170/430]	Time 0.324 (0.328)	Data 0.000 (0.004)	Loss 1.6939 (5.9863)	Prec@1 93.750 (88.925)	Prec@5 100.000 (99.635)
Epoch: [5][180/430]	Time 0.323 (0.328)	Data 0.000 (0.004)	Loss 1.3868 (5.9425)	Prec@1 90.625 (88.933)	Prec@5 100.000 (99.620)
Epoch: [5][190/430]	Time 0.327 (0.328)	Data 0.000 (0.004)	Loss 6.9398 (5.7893)	Prec@1 84.375 (89.120)	Prec@5 100.000 (99.624)
Epoch: [5][200/430]	Time 0.327 (0.328)	Data 0.000 (0.004)	Loss 12.4339 (5.8234)	Prec@1 87.500 (89.070)	Prec@5 96.875 (99.596)
Epoch: [5][210/430]	Time 0.325 (0.328)	Data 0.000 (0.003)	Loss 13.7821 (5.8697)	Prec@1 78.125 (88.937)	Prec@5 100.000 (99.600)
Epoch: [5][220/430]	Time 0.324 (0.328)	Data 0.000 (0.003)	Loss 16.9652 (5.9721)	Prec@1 78.125 (88.758)	Prec@5 96.875 (99.576)
Epoch: [5][230/430]	Time 0.323 (0.328)	Data 0.000 (0.003)	Loss 1.7359 (6.1282)	Prec@1 93.750 (88.704)	Prec@5 100.000 (99.513)
Epoch: [5][240/430]	Time 0.323 (0.327)	Data 0.000 (0.003)	Loss 12.4338 (6.2262)	Prec@1 75.000 (88.615)	Prec@5 100.000 (99.494)
Epoch: [5][250/430]	Time 0.327 (0.327)	Data 0.000 (0.003)	Loss 1.2608 (6.2125)	Prec@1 90.625 (88.645)	Prec@5 100.000 (99.490)
Epoch: [5][260/430]	Time 0.323 (0.327)	Data 0.000 (0.003)	Loss 1.8407 (6.2479)	Prec@1 90.625 (88.637)	Prec@5 100.000 (99.497)
Epoch: [5][270/430]	Time 0.325 (0.327)	Data 0.000 (0.003)	Loss 10.3879 (6.3096)	Prec@1 84.375 (88.572)	Prec@5 100.000 (99.504)
Epoch: [5][280/430]	Time 0.325 (0.327)	Data 0.000 (0.003)	Loss 12.3849 (6.3421)	Prec@1 78.125 (88.468)	Prec@5 96.875 (99.500)
Epoch: [5][290/430]	Time 0.324 (0.327)	Data 0.000 (0.002)	Loss 4.6240 (6.3634)	Prec@1 90.625 (88.402)	Prec@5 100.000 (99.495)
Epoch: [5][300/430]	Time 0.324 (0.327)	Data 0.000 (0.002)	Loss 1.5487 (6.3506)	Prec@1 93.750 (88.424)	Prec@5 100.000 (99.491)
Epoch: [5][310/430]	Time 0.324 (0.327)	Data 0.000 (0.002)	Loss 8.5956 (6.3346)	Prec@1 87.500 (88.465)	Prec@5 96.875 (99.488)
Epoch: [5][320/430]	Time 0.325 (0.327)	Data 0.000 (0.002)	Loss 6.5632 (6.2865)	Prec@1 84.375 (88.512)	Prec@5 100.000 (99.494)
Epoch: [5][330/430]	Time 0.326 (0.327)	Data 0.000 (0.002)	Loss 2.3625 (6.3026)	Prec@1 96.875 (88.510)	Prec@5 100.000 (99.481)
Epoch: [5][340/430]	Time 0.325 (0.327)	Data 0.000 (0.002)	Loss 3.0887 (6.3222)	Prec@1 96.875 (88.508)	Prec@5 100.000 (99.478)
Epoch: [5][350/430]	Time 0.323 (0.327)	Data 0.000 (0.002)	Loss 3.5068 (6.3018)	Prec@1 87.500 (88.435)	Prec@5 100.000 (99.484)
Epoch: [5][360/430]	Time 0.323 (0.327)	Data 0.000 (0.002)	Loss 6.7217 (6.3070)	Prec@1 90.625 (88.452)	Prec@5 100.000 (99.481)
Epoch: [5][370/430]	Time 0.325 (0.326)	Data 0.000 (0.002)	Loss 8.0940 (6.2434)	Prec@1 81.250 (88.511)	Prec@5 96.875 (99.486)
Epoch: [5][380/430]	Time 0.323 (0.326)	Data 0.000 (0.002)	Loss 3.0957 (6.2229)	Prec@1 87.500 (88.542)	Prec@5 100.000 (99.491)
Epoch: [5][390/430]	Time 0.325 (0.326)	Data 0.000 (0.002)	Loss 14.4295 (6.2014)	Prec@1 81.250 (88.627)	Prec@5 100.000 (99.496)
Epoch: [5][400/430]	Time 0.323 (0.326)	Data 0.000 (0.002)	Loss 14.2312 (6.2118)	Prec@1 78.125 (88.622)	Prec@5 100.000 (99.493)
Epoch: [5][410/430]	Time 0.324 (0.326)	Data 0.000 (0.002)	Loss 0.0000 (6.2149)	Prec@1 100.000 (88.641)	Prec@5 100.000 (99.498)
Epoch: [5][420/430]	Time 0.325 (0.326)	Data 0.000 (0.002)	Loss 10.2488 (6.2501)	Prec@1 93.750 (88.673)	Prec@5 96.875 (99.488)
Test: [0/160]	Time 0.972 (0.972)	Loss 48.3334 (48.3334)	Prec@1 53.125 (53.125)	Prec@5 84.375 (84.375)
Test: [10/160]	Time 0.168 (0.229)	Loss 72.4049 (67.6926)	Prec@1 40.625 (44.886)	Prec@5 78.125 (82.670)
Test: [20/160]	Time 0.181 (0.195)	Loss 109.0643 (72.9179)	Prec@1 37.500 (45.089)	Prec@5 75.000 (80.060)
Test: [30/160]	Time 0.152 (0.182)	Loss 104.5693 (73.8292)	Prec@1 46.875 (45.060)	Prec@5 68.750 (79.738)
Test: [40/160]	Time 0.153 (0.175)	Loss 65.9437 (75.9185)	Prec@1 43.750 (44.970)	Prec@5 78.125 (78.659)
Test: [50/160]	Time 0.152 (0.170)	Loss 71.3973 (77.1606)	Prec@1 46.875 (44.179)	Prec@5 81.250 (78.248)
Test: [60/160]	Time 0.152 (0.167)	Loss 78.9557 (76.4295)	Prec@1 37.500 (44.109)	Prec@5 81.250 (78.074)
Test: [70/160]	Time 0.152 (0.165)	Loss 59.8087 (77.3056)	Prec@1 62.500 (44.058)	Prec@5 81.250 (77.905)
Test: [80/160]	Time 0.154 (0.164)	Loss 59.2522 (76.9956)	Prec@1 50.000 (44.174)	Prec@5 84.375 (78.125)
Test: [90/160]	Time 0.153 (0.163)	Loss 68.6909 (77.1231)	Prec@1 37.500 (44.093)	Prec@5 78.125 (78.091)
Test: [100/160]	Time 0.152 (0.162)	Loss 92.7328 (77.4258)	Prec@1 46.875 (44.276)	Prec@5 68.750 (78.094)
Test: [110/160]	Time 0.152 (0.161)	Loss 100.3309 (77.9947)	Prec@1 34.375 (43.778)	Prec@5 75.000 (78.069)
Test: [120/160]	Time 0.153 (0.160)	Loss 92.5250 (78.2469)	Prec@1 37.500 (43.957)	Prec@5 71.875 (77.918)
Test: [130/160]	Time 0.152 (0.159)	Loss 81.0559 (77.9995)	Prec@1 37.500 (44.084)	Prec@5 78.125 (78.077)
Test: [140/160]	Time 0.153 (0.159)	Loss 40.2314 (77.9551)	Prec@1 56.250 (44.149)	Prec@5 90.625 (77.992)
Test: [150/160]	Time 0.152 (0.159)	Loss 78.4944 (78.4460)	Prec@1 43.750 (43.791)	Prec@5 81.250 (77.980)
 * Prec@1 43.498 Prec@5 77.948
0 168 0.047619047619047616
1 190 0.11578947368421053
2 11 0.0
3 15 0.0
4 1833 0.4888161483906165
5 231 0.6277056277056277
6 13 0.0
7 313 0.20766773162939298
8 91 0.0
9 33 0.0
10 54 0.018518518518518517
11 14 0.0
12 211 0.2843601895734597
13 326 0.006134969325153374
14 294 0.25510204081632654
15 1309 0.7234530175706646
Epoch: [6][0/430]	Time 0.969 (0.969)	Data 0.651 (0.651)	Loss 0.0000 (0.0000)	Prec@1 100.000 (100.000)	Prec@5 100.000 (100.000)
Epoch: [6][10/430]	Time 0.324 (0.384)	Data 0.000 (0.059)	Loss 3.8050 (4.2225)	Prec@1 87.500 (92.330)	Prec@5 100.000 (99.716)
Epoch: [6][20/430]	Time 0.323 (0.355)	Data 0.000 (0.031)	Loss 3.7624 (3.7465)	Prec@1 93.750 (93.006)	Prec@5 100.000 (99.702)
Epoch: [6][30/430]	Time 0.325 (0.346)	Data 0.000 (0.021)	Loss 2.0540 (3.8963)	Prec@1 93.750 (92.036)	Prec@5 100.000 (99.698)
Epoch: [6][40/430]	Time 0.323 (0.341)	Data 0.000 (0.016)	Loss 3.8795 (4.1537)	Prec@1 90.625 (91.463)	Prec@5 100.000 (99.695)
Epoch: [6][50/430]	Time 0.325 (0.337)	Data 0.000 (0.013)	Loss 3.2226 (3.9712)	Prec@1 93.750 (91.850)	Prec@5 100.000 (99.755)
Epoch: [6][60/430]	Time 0.324 (0.335)	Data 0.000 (0.011)	Loss 9.7136 (3.9793)	Prec@1 87.500 (91.803)	Prec@5 100.000 (99.744)
Epoch: [6][70/430]	Time 0.326 (0.334)	Data 0.000 (0.009)	Loss 1.9402 (4.0718)	Prec@1 90.625 (91.637)	Prec@5 100.000 (99.780)
Epoch: [6][80/430]	Time 0.325 (0.333)	Data 0.000 (0.008)	Loss 3.6344 (4.0057)	Prec@1 90.625 (91.744)	Prec@5 100.000 (99.769)
Epoch: [6][90/430]	Time 0.324 (0.332)	Data 0.000 (0.007)	Loss 14.1876 (4.1724)	Prec@1 81.250 (91.449)	Prec@5 96.875 (99.691)
Epoch: [6][100/430]	Time 0.324 (0.331)	Data 0.000 (0.007)	Loss 8.3617 (4.3010)	Prec@1 75.000 (91.429)	Prec@5 100.000 (99.691)
Epoch: [6][110/430]	Time 0.323 (0.330)	Data 0.000 (0.006)	Loss 2.8210 (4.2743)	Prec@1 90.625 (91.329)	Prec@5 100.000 (99.718)
Epoch: [6][120/430]	Time 0.324 (0.330)	Data 0.000 (0.006)	Loss 1.5125 (4.3421)	Prec@1 93.750 (91.245)	Prec@5 100.000 (99.664)
Epoch: [6][130/430]	Time 0.325 (0.330)	Data 0.000 (0.005)	Loss 0.9214 (4.3204)	Prec@1 93.750 (91.317)	Prec@5 100.000 (99.690)
Epoch: [6][140/430]	Time 0.325 (0.329)	Data 0.000 (0.005)	Loss 4.2723 (4.2859)	Prec@1 90.625 (91.268)	Prec@5 100.000 (99.690)
Epoch: [6][150/430]	Time 0.328 (0.329)	Data 0.000 (0.005)	Loss 2.5402 (4.2458)	Prec@1 93.750 (91.370)	Prec@5 100.000 (99.710)
Epoch: [6][160/430]	Time 0.323 (0.329)	Data 0.000 (0.004)	Loss 4.2361 (4.2948)	Prec@1 93.750 (91.304)	Prec@5 100.000 (99.728)
Epoch: [6][170/430]	Time 0.325 (0.328)	Data 0.000 (0.004)	Loss 1.6821 (4.3144)	Prec@1 96.875 (91.228)	Prec@5 100.000 (99.726)
Epoch: [6][180/430]	Time 0.328 (0.328)	Data 0.000 (0.004)	Loss 2.1949 (4.4585)	Prec@1 93.750 (91.126)	Prec@5 100.000 (99.655)
Epoch: [6][190/430]	Time 0.326 (0.328)	Data 0.000 (0.004)	Loss 7.4074 (4.6170)	Prec@1 93.750 (90.920)	Prec@5 96.875 (99.607)
Epoch: [6][200/430]	Time 0.324 (0.328)	Data 0.000 (0.003)	Loss 4.3112 (4.6775)	Prec@1 87.500 (90.858)	Prec@5 96.875 (99.596)
Epoch: [6][210/430]	Time 0.324 (0.328)	Data 0.000 (0.003)	Loss 6.3697 (4.7715)	Prec@1 87.500 (90.714)	Prec@5 100.000 (99.600)
Epoch: [6][220/430]	Time 0.325 (0.328)	Data 0.000 (0.003)	Loss 4.2027 (4.8011)	Prec@1 84.375 (90.583)	Prec@5 100.000 (99.590)
Epoch: [6][230/430]	Time 0.324 (0.327)	Data 0.000 (0.003)	Loss 8.2060 (4.7496)	Prec@1 90.625 (90.611)	Prec@5 93.750 (99.581)
Epoch: [6][240/430]	Time 0.325 (0.327)	Data 0.000 (0.003)	Loss 2.0984 (4.7535)	Prec@1 96.875 (90.573)	Prec@5 100.000 (99.598)
Epoch: [6][250/430]	Time 0.325 (0.327)	Data 0.000 (0.003)	Loss 5.2022 (4.8327)	Prec@1 87.500 (90.513)	Prec@5 100.000 (99.589)
Epoch: [6][260/430]	Time 0.326 (0.327)	Data 0.000 (0.003)	Loss 10.6342 (4.7930)	Prec@1 84.375 (90.589)	Prec@5 100.000 (99.605)
Epoch: [6][270/430]	Time 0.326 (0.327)	Data 0.000 (0.003)	Loss 1.1979 (4.7271)	Prec@1 96.875 (90.694)	Prec@5 100.000 (99.608)
Epoch: [6][280/430]	Time 0.325 (0.327)	Data 0.000 (0.003)	Loss 5.8924 (4.7581)	Prec@1 81.250 (90.614)	Prec@5 100.000 (99.600)
Epoch: [6][290/430]	Time 0.322 (0.327)	Data 0.000 (0.002)	Loss 5.1339 (4.7100)	Prec@1 93.750 (90.657)	Prec@5 96.875 (99.603)
Epoch: [6][300/430]	Time 0.326 (0.327)	Data 0.000 (0.002)	Loss 4.1209 (4.7274)	Prec@1 93.750 (90.615)	Prec@5 100.000 (99.605)
Epoch: [6][310/430]	Time 0.326 (0.327)	Data 0.000 (0.002)	Loss 5.6204 (4.7814)	Prec@1 84.375 (90.545)	Prec@5 96.875 (99.588)
Epoch: [6][320/430]	Time 0.325 (0.327)	Data 0.000 (0.002)	Loss 3.0239 (4.8456)	Prec@1 90.625 (90.460)	Prec@5 100.000 (99.552)
Epoch: [6][330/430]	Time 0.326 (0.327)	Data 0.000 (0.002)	Loss 4.3310 (4.8421)	Prec@1 87.500 (90.446)	Prec@5 100.000 (99.528)
Epoch: [6][340/430]	Time 0.325 (0.327)	Data 0.000 (0.002)	Loss 0.0000 (4.8820)	Prec@1 100.000 (90.405)	Prec@5 100.000 (99.523)
Epoch: [6][350/430]	Time 0.324 (0.327)	Data 0.000 (0.002)	Loss 9.4585 (4.9142)	Prec@1 84.375 (90.385)	Prec@5 100.000 (99.519)
Epoch: [6][360/430]	Time 0.326 (0.327)	Data 0.000 (0.002)	Loss 9.5490 (4.8864)	Prec@1 84.375 (90.357)	Prec@5 100.000 (99.524)
Epoch: [6][370/430]	Time 0.323 (0.326)	Data 0.000 (0.002)	Loss 7.0706 (4.8612)	Prec@1 87.500 (90.364)	Prec@5 100.000 (99.520)
Epoch: [6][380/430]	Time 0.324 (0.326)	Data 0.000 (0.002)	Loss 9.3470 (4.9049)	Prec@1 84.375 (90.330)	Prec@5 100.000 (99.516)
Epoch: [6][390/430]	Time 0.327 (0.326)	Data 0.000 (0.002)	Loss 6.4652 (4.8706)	Prec@1 87.500 (90.385)	Prec@5 100.000 (99.528)
Epoch: [6][400/430]	Time 0.325 (0.326)	Data 0.000 (0.002)	Loss 3.9528 (4.8742)	Prec@1 90.625 (90.368)	Prec@5 100.000 (99.532)
Epoch: [6][410/430]	Time 0.325 (0.326)	Data 0.000 (0.002)	Loss 0.8614 (4.9042)	Prec@1 93.750 (90.344)	Prec@5 100.000 (99.536)
Epoch: [6][420/430]	Time 0.326 (0.326)	Data 0.000 (0.002)	Loss 0.0000 (4.8650)	Prec@1 100.000 (90.417)	Prec@5 100.000 (99.540)
Test: [0/160]	Time 0.910 (0.910)	Loss 62.0047 (62.0047)	Prec@1 46.875 (46.875)	Prec@5 81.250 (81.250)
Test: [10/160]	Time 0.153 (0.229)	Loss 94.1190 (76.5409)	Prec@1 53.125 (47.443)	Prec@5 75.000 (80.682)
Test: [20/160]	Time 0.152 (0.192)	Loss 77.0139 (82.5395)	Prec@1 37.500 (41.667)	Prec@5 75.000 (75.893)
Test: [30/160]	Time 0.151 (0.180)	Loss 42.9930 (80.4828)	Prec@1 43.750 (42.944)	Prec@5 90.625 (77.117)
Test: [40/160]	Time 0.151 (0.173)	Loss 89.5586 (81.1808)	Prec@1 40.625 (41.692)	Prec@5 68.750 (76.905)
Test: [50/160]	Time 0.151 (0.169)	Loss 60.1134 (79.8337)	Prec@1 56.250 (41.912)	Prec@5 84.375 (77.022)
Test: [60/160]	Time 0.152 (0.166)	Loss 52.6497 (79.3406)	Prec@1 53.125 (42.059)	Prec@5 81.250 (77.305)
Test: [70/160]	Time 0.152 (0.164)	Loss 76.9698 (79.0202)	Prec@1 46.875 (42.254)	Prec@5 71.875 (77.113)
Test: [80/160]	Time 0.152 (0.163)	Loss 73.1431 (79.4440)	Prec@1 37.500 (41.744)	Prec@5 90.625 (77.315)
Test: [90/160]	Time 0.152 (0.162)	Loss 76.5155 (79.5596)	Prec@1 40.625 (41.621)	Prec@5 78.125 (77.507)
Test: [100/160]	Time 0.153 (0.161)	Loss 74.6630 (79.9351)	Prec@1 40.625 (41.399)	Prec@5 71.875 (77.228)
Test: [110/160]	Time 0.153 (0.160)	Loss 114.8035 (80.5541)	Prec@1 37.500 (41.244)	Prec@5 62.500 (76.971)
Test: [120/160]	Time 0.153 (0.159)	Loss 110.7987 (81.2451)	Prec@1 34.375 (41.012)	Prec@5 65.625 (76.679)
Test: [130/160]	Time 0.153 (0.159)	Loss 106.5795 (81.2035)	Prec@1 37.500 (41.078)	Prec@5 65.625 (76.813)
Test: [140/160]	Time 0.153 (0.158)	Loss 77.5025 (80.8867)	Prec@1 40.625 (41.135)	Prec@5 81.250 (77.017)
Test: [150/160]	Time 0.151 (0.158)	Loss 88.7012 (81.3539)	Prec@1 34.375 (41.039)	Prec@5 78.125 (76.966)
 * Prec@1 40.873 Prec@5 76.753
0 168 0.05357142857142857
1 190 0.14736842105263157
2 11 0.0
3 15 0.0
4 1833 0.4833606110201855
5 231 0.6536796536796536
6 13 0.0
7 313 0.21405750798722045
8 91 0.01098901098901099
9 33 0.0
10 54 0.0
11 14 0.0
12 211 0.27488151658767773
13 326 0.006134969325153374
14 294 0.3741496598639456
15 1309 0.5920550038197097
Epoch: [7][0/430]	Time 0.977 (0.977)	Data 0.660 (0.660)	Loss 3.4713 (3.4713)	Prec@1 90.625 (90.625)	Prec@5 100.000 (100.000)
Epoch: [7][10/430]	Time 0.324 (0.384)	Data 0.000 (0.060)	Loss 4.2819 (18.2164)	Prec@1 90.625 (77.273)	Prec@5 100.000 (98.295)
Epoch: [7][20/430]	Time 0.324 (0.355)	Data 0.000 (0.032)	Loss 3.8118 (13.6710)	Prec@1 93.750 (81.845)	Prec@5 100.000 (98.363)
Epoch: [7][30/430]	Time 0.325 (0.345)	Data 0.000 (0.021)	Loss 0.1131 (11.1494)	Prec@1 96.875 (84.778)	Prec@5 100.000 (98.690)
Epoch: [7][40/430]	Time 0.324 (0.340)	Data 0.000 (0.016)	Loss 1.8296 (9.9885)	Prec@1 93.750 (86.509)	Prec@5 100.000 (98.704)
Epoch: [7][50/430]	Time 0.325 (0.337)	Data 0.000 (0.013)	Loss 4.9867 (9.3929)	Prec@1 90.625 (86.458)	Prec@5 100.000 (98.897)
Epoch: [7][60/430]	Time 0.323 (0.335)	Data 0.000 (0.011)	Loss 11.3324 (8.8209)	Prec@1 84.375 (86.783)	Prec@5 96.875 (98.975)
Epoch: [7][70/430]	Time 0.325 (0.334)	Data 0.000 (0.009)	Loss 4.9656 (8.3159)	Prec@1 90.625 (87.324)	Prec@5 96.875 (98.988)
Epoch: [7][80/430]	Time 0.324 (0.333)	Data 0.000 (0.008)	Loss 0.2048 (7.8722)	Prec@1 93.750 (87.731)	Prec@5 100.000 (99.074)
Epoch: [7][90/430]	Time 0.325 (0.332)	Data 0.000 (0.007)	Loss 5.5269 (7.3919)	Prec@1 87.500 (88.152)	Prec@5 96.875 (99.141)
Epoch: [7][100/430]	Time 0.326 (0.331)	Data 0.000 (0.007)	Loss 1.7486 (7.0652)	Prec@1 90.625 (88.459)	Prec@5 100.000 (99.196)
Epoch: [7][110/430]	Time 0.326 (0.331)	Data 0.000 (0.006)	Loss 4.2740 (6.8505)	Prec@1 90.625 (88.880)	Prec@5 100.000 (99.268)
Epoch: [7][120/430]	Time 0.323 (0.330)	Data 0.000 (0.006)	Loss 3.1882 (6.6060)	Prec@1 87.500 (89.075)	Prec@5 100.000 (99.303)
Epoch: [7][130/430]	Time 0.325 (0.330)	Data 0.000 (0.005)	Loss 7.3225 (6.3872)	Prec@1 87.500 (89.241)	Prec@5 100.000 (99.332)
Epoch: [7][140/430]	Time 0.324 (0.329)	Data 0.000 (0.005)	Loss 1.4831 (6.3659)	Prec@1 96.875 (89.251)	Prec@5 100.000 (99.313)
Epoch: [7][150/430]	Time 0.327 (0.329)	Data 0.000 (0.005)	Loss 0.4444 (6.4012)	Prec@1 96.875 (89.156)	Prec@5 100.000 (99.317)
Epoch: [7][160/430]	Time 0.324 (0.329)	Data 0.000 (0.004)	Loss 2.0546 (6.4669)	Prec@1 90.625 (88.995)	Prec@5 100.000 (99.321)
Epoch: [7][170/430]	Time 0.327 (0.329)	Data 0.000 (0.004)	Loss 2.4135 (6.2358)	Prec@1 90.625 (89.254)	Prec@5 100.000 (99.360)
Epoch: [7][180/430]	Time 0.327 (0.328)	Data 0.000 (0.004)	Loss 3.7688 (6.1693)	Prec@1 90.625 (89.330)	Prec@5 100.000 (99.344)
Epoch: [7][190/430]	Time 0.325 (0.328)	Data 0.000 (0.004)	Loss 10.9162 (6.2102)	Prec@1 87.500 (89.218)	Prec@5 96.875 (99.329)
Epoch: [7][200/430]	Time 0.326 (0.328)	Data 0.000 (0.003)	Loss 3.7032 (6.1572)	Prec@1 84.375 (89.226)	Prec@5 100.000 (99.347)
Epoch: [7][210/430]	Time 0.324 (0.328)	Data 0.000 (0.003)	Loss 1.8620 (6.1395)	Prec@1 93.750 (89.292)	Prec@5 100.000 (99.334)
Epoch: [7][220/430]	Time 0.324 (0.328)	Data 0.000 (0.003)	Loss 3.7153 (6.0186)	Prec@1 90.625 (89.423)	Prec@5 100.000 (99.350)
Epoch: [7][230/430]	Time 0.325 (0.328)	Data 0.000 (0.003)	Loss 3.6440 (5.8892)	Prec@1 90.625 (89.502)	Prec@5 100.000 (99.364)
Epoch: [7][240/430]	Time 0.324 (0.328)	Data 0.000 (0.003)	Loss 5.1706 (5.8341)	Prec@1 84.375 (89.549)	Prec@5 100.000 (99.352)
Epoch: [7][250/430]	Time 0.325 (0.327)	Data 0.000 (0.003)	Loss 0.9881 (5.7074)	Prec@1 96.875 (89.629)	Prec@5 100.000 (99.353)
Epoch: [7][260/430]	Time 0.325 (0.327)	Data 0.000 (0.003)	Loss 2.2623 (5.6901)	Prec@1 90.625 (89.667)	Prec@5 100.000 (99.353)
Epoch: [7][270/430]	Time 0.324 (0.327)	Data 0.000 (0.003)	Loss 1.3725 (5.7310)	Prec@1 93.750 (89.656)	Prec@5 100.000 (99.366)
Epoch: [7][280/430]	Time 0.324 (0.327)	Data 0.000 (0.003)	Loss 7.5645 (5.6686)	Prec@1 81.250 (89.702)	Prec@5 100.000 (99.377)
Epoch: [7][290/430]	Time 0.324 (0.327)	Data 0.000 (0.002)	Loss 3.7489 (5.6739)	Prec@1 90.625 (89.734)	Prec@5 100.000 (99.377)
Epoch: [7][300/430]	Time 0.324 (0.327)	Data 0.000 (0.002)	Loss 5.8698 (5.6675)	Prec@1 84.375 (89.701)	Prec@5 100.000 (99.377)
Epoch: [7][310/430]	Time 0.325 (0.327)	Data 0.000 (0.002)	Loss 1.6505 (5.6837)	Prec@1 93.750 (89.691)	Prec@5 100.000 (99.387)
Epoch: [7][320/430]	Time 0.324 (0.327)	Data 0.000 (0.002)	Loss 3.5293 (5.6428)	Prec@1 87.500 (89.671)	Prec@5 100.000 (99.396)
Epoch: [7][330/430]	Time 0.324 (0.327)	Data 0.000 (0.002)	Loss 0.5497 (5.5613)	Prec@1 93.750 (89.766)	Prec@5 100.000 (99.405)
Epoch: [7][340/430]	Time 0.324 (0.327)	Data 0.000 (0.002)	Loss 2.5838 (5.5113)	Prec@1 96.875 (89.782)	Prec@5 100.000 (99.423)
Epoch: [7][350/430]	Time 0.324 (0.327)	Data 0.000 (0.002)	Loss 0.0013 (5.5173)	Prec@1 100.000 (89.815)	Prec@5 100.000 (99.421)
Epoch: [7][360/430]	Time 0.324 (0.327)	Data 0.000 (0.002)	Loss 5.7320 (5.4636)	Prec@1 87.500 (89.881)	Prec@5 100.000 (99.437)
Epoch: [7][370/430]	Time 0.325 (0.327)	Data 0.000 (0.002)	Loss 4.2290 (5.4633)	Prec@1 87.500 (89.850)	Prec@5 100.000 (99.444)
Epoch: [7][380/430]	Time 0.326 (0.327)	Data 0.000 (0.002)	Loss 9.8133 (5.4622)	Prec@1 84.375 (89.821)	Prec@5 100.000 (99.459)
Epoch: [7][390/430]	Time 0.324 (0.327)	Data 0.000 (0.002)	Loss 1.4770 (5.4338)	Prec@1 93.750 (89.786)	Prec@5 100.000 (99.457)
Epoch: [7][400/430]	Time 0.325 (0.326)	Data 0.000 (0.002)	Loss 9.8033 (5.5269)	Prec@1 87.500 (89.682)	Prec@5 96.875 (99.447)
Epoch: [7][410/430]	Time 0.326 (0.326)	Data 0.000 (0.002)	Loss 3.2701 (5.5675)	Prec@1 87.500 (89.735)	Prec@5 100.000 (99.437)
Epoch: [7][420/430]	Time 0.322 (0.326)	Data 0.000 (0.002)	Loss 0.3422 (5.5321)	Prec@1 96.875 (89.749)	Prec@5 100.000 (99.451)
Test: [0/160]	Time 0.895 (0.895)	Loss 32.7394 (32.7394)	Prec@1 50.000 (50.000)	Prec@5 96.875 (96.875)
Test: [10/160]	Time 0.176 (0.224)	Loss 57.7965 (66.0387)	Prec@1 34.375 (40.625)	Prec@5 87.500 (84.091)
Test: [20/160]	Time 0.152 (0.193)	Loss 58.2610 (67.9109)	Prec@1 43.750 (42.708)	Prec@5 84.375 (82.143)
Test: [30/160]	Time 0.153 (0.180)	Loss 45.5577 (68.7134)	Prec@1 50.000 (43.145)	Prec@5 87.500 (81.149)
Test: [40/160]	Time 0.154 (0.174)	Loss 74.9692 (72.8537)	Prec@1 37.500 (42.302)	Prec@5 78.125 (79.878)
Test: [50/160]	Time 0.151 (0.170)	Loss 98.2675 (73.1114)	Prec@1 40.625 (42.279)	Prec@5 65.625 (79.167)
Test: [60/160]	Time 0.152 (0.167)	Loss 77.4186 (73.7749)	Prec@1 40.625 (42.059)	Prec@5 68.750 (78.330)
Test: [70/160]	Time 0.152 (0.165)	Loss 85.1862 (74.5731)	Prec@1 28.125 (41.769)	Prec@5 75.000 (77.641)
Test: [80/160]	Time 0.153 (0.163)	Loss 78.6077 (76.0953)	Prec@1 37.500 (40.972)	Prec@5 68.750 (77.160)
Test: [90/160]	Time 0.152 (0.162)	Loss 95.6357 (76.5046)	Prec@1 31.250 (41.037)	Prec@5 65.625 (77.095)
Test: [100/160]	Time 0.152 (0.161)	Loss 81.8990 (77.5087)	Prec@1 40.625 (40.903)	Prec@5 71.875 (76.733)
Test: [110/160]	Time 0.153 (0.160)	Loss 74.7319 (78.6023)	Prec@1 31.250 (39.949)	Prec@5 78.125 (76.492)
Test: [120/160]	Time 0.153 (0.160)	Loss 90.5665 (78.7678)	Prec@1 28.125 (39.928)	Prec@5 71.875 (76.524)
Test: [130/160]	Time 0.151 (0.159)	Loss 72.7624 (78.5287)	Prec@1 43.750 (40.148)	Prec@5 68.750 (76.407)
Test: [140/160]	Time 0.152 (0.159)	Loss 80.2247 (78.8433)	Prec@1 37.500 (40.182)	Prec@5 68.750 (76.441)
Test: [150/160]	Time 0.152 (0.158)	Loss 82.0452 (78.6575)	Prec@1 43.750 (40.522)	Prec@5 68.750 (76.407)
 * Prec@1 40.423 Prec@5 76.204
0 168 0.041666666666666664
1 190 0.13157894736842105
2 11 0.0
3 15 0.06666666666666667
4 1833 0.5308237861429351
5 231 0.2727272727272727
6 13 0.0
7 313 0.3546325878594249
8 91 0.0
9 33 0.0
10 54 0.018518518518518517
11 14 0.0
12 211 0.15639810426540285
13 326 0.009202453987730062
14 294 0.35374149659863946
15 1309 0.5676088617265088
Epoch: [8][0/430]	Time 0.929 (0.929)	Data 0.610 (0.610)	Loss 0.7793 (0.7793)	Prec@1 96.875 (96.875)	Prec@5 100.000 (100.000)
Epoch: [8][10/430]	Time 0.325 (0.380)	Data 0.000 (0.056)	Loss 9.2442 (9.3616)	Prec@1 87.500 (82.386)	Prec@5 100.000 (99.432)
Epoch: [8][20/430]	Time 0.325 (0.354)	Data 0.000 (0.029)	Loss 5.2365 (8.6826)	Prec@1 93.750 (84.077)	Prec@5 100.000 (99.702)
Epoch: [8][30/430]	Time 0.326 (0.345)	Data 0.000 (0.020)	Loss 5.1290 (7.7099)	Prec@1 84.375 (85.685)	Prec@5 100.000 (99.496)
Epoch: [8][40/430]	Time 0.325 (0.340)	Data 0.000 (0.015)	Loss 3.5202 (7.0168)	Prec@1 84.375 (86.662)	Prec@5 100.000 (99.390)
Epoch: [8][50/430]	Time 0.326 (0.337)	Data 0.000 (0.012)	Loss 9.2098 (6.6724)	Prec@1 87.500 (87.684)	Prec@5 96.875 (99.265)
Epoch: [8][60/430]	Time 0.325 (0.335)	Data 0.000 (0.010)	Loss 1.4494 (6.1256)	Prec@1 90.625 (88.473)	Prec@5 100.000 (99.232)
Epoch: [8][70/430]	Time 0.324 (0.333)	Data 0.000 (0.009)	Loss 1.3438 (5.8408)	Prec@1 93.750 (89.040)	Prec@5 100.000 (99.252)
Epoch: [8][80/430]	Time 0.325 (0.332)	Data 0.000 (0.008)	Loss 5.0024 (5.6431)	Prec@1 90.625 (89.236)	Prec@5 100.000 (99.344)
Epoch: [8][90/430]	Time 0.326 (0.332)	Data 0.000 (0.007)	Loss 6.6759 (5.5054)	Prec@1 84.375 (89.354)	Prec@5 100.000 (99.382)
Epoch: [8][100/430]	Time 0.324 (0.331)	Data 0.000 (0.006)	Loss 0.9936 (5.3506)	Prec@1 93.750 (89.604)	Prec@5 100.000 (99.412)
Epoch: [8][110/430]	Time 0.323 (0.330)	Data 0.000 (0.006)	Loss 4.6822 (5.3996)	Prec@1 90.625 (89.414)	Prec@5 100.000 (99.437)
Epoch: [8][120/430]	Time 0.324 (0.330)	Data 0.000 (0.005)	Loss 9.9736 (5.2856)	Prec@1 87.500 (89.644)	Prec@5 100.000 (99.458)
Epoch: [8][130/430]	Time 0.325 (0.329)	Data 0.000 (0.005)	Loss 0.4052 (5.1195)	Prec@1 96.875 (89.838)	Prec@5 100.000 (99.499)
Epoch: [8][140/430]	Time 0.325 (0.329)	Data 0.000 (0.005)	Loss 6.6935 (5.1104)	Prec@1 84.375 (89.738)	Prec@5 100.000 (99.535)
Epoch: [8][150/430]	Time 0.323 (0.329)	Data 0.000 (0.004)	Loss 1.8671 (5.0126)	Prec@1 93.750 (89.880)	Prec@5 100.000 (99.565)
Epoch: [8][160/430]	Time 0.327 (0.329)	Data 0.000 (0.004)	Loss 7.7755 (4.9951)	Prec@1 90.625 (89.984)	Prec@5 100.000 (99.573)
Epoch: [8][170/430]	Time 0.326 (0.328)	Data 0.000 (0.004)	Loss 8.2466 (5.0714)	Prec@1 87.500 (89.894)	Prec@5 100.000 (99.580)
Epoch: [8][180/430]	Time 0.326 (0.328)	Data 0.000 (0.004)	Loss 5.7062 (4.9890)	Prec@1 87.500 (89.883)	Prec@5 100.000 (99.586)
Epoch: [8][190/430]	Time 0.325 (0.328)	Data 0.000 (0.003)	Loss 4.1248 (4.9854)	Prec@1 93.750 (89.872)	Prec@5 100.000 (99.591)
Epoch: [8][200/430]	Time 0.324 (0.328)	Data 0.000 (0.003)	Loss 3.0884 (4.9457)	Prec@1 84.375 (89.988)	Prec@5 100.000 (99.580)
Epoch: [8][210/430]	Time 0.324 (0.328)	Data 0.000 (0.003)	Loss 2.0183 (4.9519)	Prec@1 93.750 (89.914)	Prec@5 100.000 (99.570)
Epoch: [8][220/430]	Time 0.325 (0.328)	Data 0.000 (0.003)	Loss 2.6599 (4.8565)	Prec@1 96.875 (90.045)	Prec@5 100.000 (99.590)
Epoch: [8][230/430]	Time 0.328 (0.327)	Data 0.000 (0.003)	Loss 5.3222 (4.8621)	Prec@1 90.625 (89.989)	Prec@5 100.000 (99.581)
Epoch: [8][240/430]	Time 0.326 (0.327)	Data 0.000 (0.003)	Loss 9.8766 (4.8403)	Prec@1 90.625 (90.029)	Prec@5 100.000 (99.572)
Epoch: [8][250/430]	Time 0.324 (0.327)	Data 0.000 (0.003)	Loss 5.7769 (4.8298)	Prec@1 87.500 (90.027)	Prec@5 100.000 (99.589)
Epoch: [8][260/430]	Time 0.324 (0.327)	Data 0.000 (0.003)	Loss 0.0808 (4.8238)	Prec@1 96.875 (90.110)	Prec@5 100.000 (99.581)
Epoch: [8][270/430]	Time 0.323 (0.327)	Data 0.000 (0.002)	Loss 1.7779 (4.7995)	Prec@1 93.750 (90.164)	Prec@5 100.000 (99.585)
Epoch: [8][280/430]	Time 0.327 (0.327)	Data 0.000 (0.002)	Loss 2.9490 (4.8074)	Prec@1 90.625 (90.136)	Prec@5 100.000 (99.577)
Epoch: [8][290/430]	Time 0.325 (0.327)	Data 0.000 (0.002)	Loss 15.3816 (4.8312)	Prec@1 84.375 (90.142)	Prec@5 96.875 (99.581)
Epoch: [8][300/430]	Time 0.323 (0.327)	Data 0.000 (0.002)	Loss 7.3899 (4.8316)	Prec@1 93.750 (90.251)	Prec@5 100.000 (99.595)
Epoch: [8][310/430]	Time 0.324 (0.327)	Data 0.000 (0.002)	Loss 0.0093 (4.8665)	Prec@1 100.000 (90.314)	Prec@5 100.000 (99.578)
Epoch: [8][320/430]	Time 0.323 (0.327)	Data 0.000 (0.002)	Loss 3.1936 (4.9039)	Prec@1 96.875 (90.265)	Prec@5 100.000 (99.572)
Epoch: [8][330/430]	Time 0.327 (0.327)	Data 0.000 (0.002)	Loss 3.6327 (4.8848)	Prec@1 90.625 (90.219)	Prec@5 100.000 (99.585)
Epoch: [8][340/430]	Time 0.325 (0.327)	Data 0.000 (0.002)	Loss 3.7760 (4.9116)	Prec@1 93.750 (90.203)	Prec@5 100.000 (99.578)
Epoch: [8][350/430]	Time 0.324 (0.327)	Data 0.000 (0.002)	Loss 8.5015 (4.9100)	Prec@1 87.500 (90.242)	Prec@5 100.000 (99.582)
Epoch: [8][360/430]	Time 0.327 (0.327)	Data 0.000 (0.002)	Loss 6.9032 (4.9018)	Prec@1 93.750 (90.227)	Prec@5 96.875 (99.576)
Epoch: [8][370/430]	Time 0.327 (0.327)	Data 0.000 (0.002)	Loss 9.0519 (4.8756)	Prec@1 87.500 (90.221)	Prec@5 100.000 (99.587)
Epoch: [8][380/430]	Time 0.325 (0.326)	Data 0.000 (0.002)	Loss 14.6689 (4.8780)	Prec@1 87.500 (90.215)	Prec@5 100.000 (99.598)
Epoch: [8][390/430]	Time 0.326 (0.326)	Data 0.000 (0.002)	Loss 4.2972 (4.8539)	Prec@1 84.375 (90.225)	Prec@5 96.875 (99.600)
Epoch: [8][400/430]	Time 0.324 (0.326)	Data 0.000 (0.002)	Loss 9.0800 (4.8655)	Prec@1 84.375 (90.228)	Prec@5 100.000 (99.610)
Epoch: [8][410/430]	Time 0.325 (0.326)	Data 0.000 (0.002)	Loss 9.8153 (4.8797)	Prec@1 90.625 (90.237)	Prec@5 100.000 (99.612)
Epoch: [8][420/430]	Time 0.325 (0.326)	Data 0.000 (0.002)	Loss 3.5509 (4.9244)	Prec@1 87.500 (90.194)	Prec@5 100.000 (99.607)
Test: [0/160]	Time 0.937 (0.937)	Loss 71.1475 (71.1475)	Prec@1 40.625 (40.625)	Prec@5 75.000 (75.000)
Test: [10/160]	Time 0.154 (0.227)	Loss 69.9896 (76.2225)	Prec@1 40.625 (39.489)	Prec@5 75.000 (73.580)
Test: [20/160]	Time 0.152 (0.191)	Loss 69.4204 (78.7413)	Prec@1 37.500 (38.244)	Prec@5 81.250 (74.851)
Test: [30/160]	Time 0.153 (0.179)	Loss 86.9054 (78.6382)	Prec@1 31.250 (38.306)	Prec@5 81.250 (75.202)
Test: [40/160]	Time 0.152 (0.172)	Loss 64.2565 (77.9481)	Prec@1 50.000 (38.796)	Prec@5 75.000 (75.457)
Test: [50/160]	Time 0.152 (0.168)	Loss 80.5763 (81.7884)	Prec@1 43.750 (37.561)	Prec@5 71.875 (74.203)
Test: [60/160]	Time 0.152 (0.166)	Loss 82.0390 (80.5976)	Prec@1 34.375 (38.012)	Prec@5 68.750 (74.129)
Test: [70/160]	Time 0.152 (0.164)	Loss 80.4939 (79.7782)	Prec@1 31.250 (38.204)	Prec@5 78.125 (74.472)
Test: [80/160]	Time 0.152 (0.162)	Loss 84.3337 (82.3880)	Prec@1 34.375 (37.809)	Prec@5 68.750 (74.074)
Test: [90/160]	Time 0.152 (0.161)	Loss 97.2845 (81.9633)	Prec@1 34.375 (37.878)	Prec@5 68.750 (74.245)
Test: [100/160]	Time 0.152 (0.160)	Loss 128.0756 (82.4782)	Prec@1 28.125 (37.840)	Prec@5 65.625 (74.010)
Test: [110/160]	Time 0.153 (0.160)	Loss 93.6352 (82.5071)	Prec@1 31.250 (37.331)	Prec@5 65.625 (74.212)
Test: [120/160]	Time 0.152 (0.159)	Loss 72.8072 (82.4377)	Prec@1 31.250 (37.190)	Prec@5 84.375 (74.458)
Test: [130/160]	Time 0.152 (0.158)	Loss 116.1747 (82.3865)	Prec@1 40.625 (37.381)	Prec@5 71.875 (74.571)
Test: [140/160]	Time 0.153 (0.158)	Loss 65.3504 (82.5330)	Prec@1 43.750 (37.456)	Prec@5 78.125 (74.535)
Test: [150/160]	Time 0.152 (0.158)	Loss 61.5325 (82.0748)	Prec@1 43.750 (37.728)	Prec@5 84.375 (74.710)
 * Prec@1 37.740 Prec@5 74.873
0 168 0.017857142857142856
1 190 0.05263157894736842
2 11 0.0
3 15 0.0
4 1833 0.35406437534097107
5 231 0.48484848484848486
6 13 0.0
7 313 0.3706070287539936
8 91 0.01098901098901099
9 33 0.030303030303030304
10 54 0.037037037037037035
11 14 0.0
12 211 0.17535545023696683
13 326 0.0
14 294 0.3673469387755102
15 1309 0.6783804430863254
Epoch: [9][0/430]	Time 1.096 (1.096)	Data 0.776 (0.776)	Loss 9.6772 (9.6772)	Prec@1 87.500 (87.500)	Prec@5 100.000 (100.000)
Epoch: [9][10/430]	Time 0.324 (0.395)	Data 0.000 (0.071)	Loss 6.4192 (8.2795)	Prec@1 81.250 (84.659)	Prec@5 100.000 (99.716)
Epoch: [9][20/430]	Time 0.325 (0.361)	Data 0.000 (0.037)	Loss 18.7362 (8.1260)	Prec@1 81.250 (85.714)	Prec@5 100.000 (98.958)
Epoch: [9][30/430]	Time 0.324 (0.350)	Data 0.000 (0.025)	Loss 3.8699 (8.3163)	Prec@1 93.750 (85.585)	Prec@5 100.000 (99.294)
Epoch: [9][40/430]	Time 0.325 (0.344)	Data 0.000 (0.019)	Loss 5.9422 (7.4594)	Prec@1 90.625 (86.814)	Prec@5 96.875 (99.238)
Epoch: [9][50/430]	Time 0.325 (0.340)	Data 0.000 (0.015)	Loss 10.9941 (6.8386)	Prec@1 87.500 (87.684)	Prec@5 96.875 (99.326)
Epoch: [9][60/430]	Time 0.325 (0.337)	Data 0.000 (0.013)	Loss 1.7485 (6.3487)	Prec@1 90.625 (88.166)	Prec@5 100.000 (99.436)
Epoch: [9][70/430]	Time 0.324 (0.336)	Data 0.000 (0.011)	Loss 12.3257 (5.8929)	Prec@1 84.375 (88.644)	Prec@5 100.000 (99.516)
Epoch: [9][80/430]	Time 0.325 (0.334)	Data 0.000 (0.010)	Loss 14.1300 (5.6540)	Prec@1 84.375 (89.120)	Prec@5 100.000 (99.576)
Epoch: [9][90/430]	Time 0.323 (0.333)	Data 0.000 (0.009)	Loss 1.9657 (5.4647)	Prec@1 96.875 (89.457)	Prec@5 100.000 (99.588)
Epoch: [9][100/430]	Time 0.325 (0.332)	Data 0.000 (0.008)	Loss 8.4907 (5.1852)	Prec@1 87.500 (89.759)	Prec@5 96.875 (99.567)
Epoch: [9][110/430]	Time 0.324 (0.332)	Data 0.000 (0.007)	Loss 1.9592 (5.0573)	Prec@1 93.750 (89.837)	Prec@5 100.000 (99.606)
Epoch: [9][120/430]	Time 0.325 (0.331)	Data 0.000 (0.007)	Loss 1.1999 (4.9097)	Prec@1 96.875 (90.031)	Prec@5 100.000 (99.638)
Epoch: [9][130/430]	Time 0.327 (0.331)	Data 0.000 (0.006)	Loss 2.3276 (4.8700)	Prec@1 87.500 (90.005)	Prec@5 100.000 (99.666)
Epoch: [9][140/430]	Time 0.325 (0.330)	Data 0.000 (0.006)	Loss 7.3614 (4.7787)	Prec@1 81.250 (90.049)	Prec@5 100.000 (99.668)
Epoch: [9][150/430]	Time 0.324 (0.330)	Data 0.000 (0.005)	Loss 6.1735 (4.7683)	Prec@1 93.750 (90.046)	Prec@5 100.000 (99.648)
Epoch: [9][160/430]	Time 0.324 (0.330)	Data 0.000 (0.005)	Loss 5.0030 (4.8688)	Prec@1 90.625 (90.082)	Prec@5 100.000 (99.651)
Epoch: [9][170/430]	Time 0.325 (0.329)	Data 0.000 (0.005)	Loss 2.8538 (4.9005)	Prec@1 93.750 (90.095)	Prec@5 100.000 (99.616)
Epoch: [9][180/430]	Time 0.323 (0.329)	Data 0.000 (0.004)	Loss 2.6522 (4.8854)	Prec@1 90.625 (90.142)	Prec@5 100.000 (99.620)
Epoch: [9][190/430]	Time 0.322 (0.329)	Data 0.000 (0.004)	Loss 2.6263 (4.8348)	Prec@1 90.625 (90.167)	Prec@5 100.000 (99.624)
Epoch: [9][200/430]	Time 0.324 (0.329)	Data 0.000 (0.004)	Loss 0.2273 (4.8259)	Prec@1 93.750 (90.330)	Prec@5 100.000 (99.627)
Epoch: [9][210/430]	Time 0.322 (0.328)	Data 0.000 (0.004)	Loss 1.8497 (4.7602)	Prec@1 93.750 (90.344)	Prec@5 100.000 (99.600)
Epoch: [9][220/430]	Time 0.327 (0.328)	Data 0.000 (0.004)	Loss 1.3708 (4.7248)	Prec@1 90.625 (90.356)	Prec@5 100.000 (99.618)
Epoch: [9][230/430]	Time 0.324 (0.328)	Data 0.000 (0.004)	Loss 1.0610 (4.6534)	Prec@1 87.500 (90.381)	Prec@5 100.000 (99.635)
Epoch: [9][240/430]	Time 0.324 (0.328)	Data 0.000 (0.003)	Loss 4.7799 (4.5615)	Prec@1 87.500 (90.508)	Prec@5 100.000 (99.650)
Epoch: [9][250/430]	Time 0.325 (0.328)	Data 0.000 (0.003)	Loss 3.0910 (4.5552)	Prec@1 90.625 (90.500)	Prec@5 100.000 (99.664)
Epoch: [9][260/430]	Time 0.326 (0.328)	Data 0.000 (0.003)	Loss 0.5510 (4.5392)	Prec@1 96.875 (90.541)	Prec@5 100.000 (99.677)
Epoch: [9][270/430]	Time 0.325 (0.328)	Data 0.000 (0.003)	Loss 2.1697 (4.5819)	Prec@1 93.750 (90.613)	Prec@5 100.000 (99.666)
Epoch: [9][280/430]	Time 0.324 (0.327)	Data 0.000 (0.003)	Loss 3.4034 (4.5696)	Prec@1 90.625 (90.536)	Prec@5 100.000 (99.666)
Epoch: [9][290/430]	Time 0.325 (0.327)	Data 0.000 (0.003)	Loss 3.5110 (4.6131)	Prec@1 87.500 (90.496)	Prec@5 100.000 (99.667)
Epoch: [9][300/430]	Time 0.325 (0.327)	Data 0.000 (0.003)	Loss 10.1012 (4.6473)	Prec@1 75.000 (90.386)	Prec@5 96.875 (99.626)
Epoch: [9][310/430]	Time 0.323 (0.327)	Data 0.000 (0.003)	Loss 3.5068 (4.6043)	Prec@1 90.625 (90.454)	Prec@5 100.000 (99.618)
Epoch: [9][320/430]	Time 0.325 (0.327)	Data 0.000 (0.003)	Loss 0.8492 (4.5600)	Prec@1 93.750 (90.528)	Prec@5 100.000 (99.611)
Epoch: [9][330/430]	Time 0.325 (0.327)	Data 0.000 (0.003)	Loss 5.4961 (4.5469)	Prec@1 84.375 (90.521)	Prec@5 100.000 (99.622)
Epoch: [9][340/430]	Time 0.325 (0.327)	Data 0.000 (0.002)	Loss 5.7681 (4.5565)	Prec@1 90.625 (90.543)	Prec@5 100.000 (99.606)
Epoch: [9][350/430]	Time 0.326 (0.327)	Data 0.000 (0.002)	Loss 1.6261 (4.5266)	Prec@1 90.625 (90.554)	Prec@5 100.000 (99.599)
Epoch: [9][360/430]	Time 0.326 (0.327)	Data 0.000 (0.002)	Loss 0.0000 (4.5141)	Prec@1 100.000 (90.625)	Prec@5 100.000 (99.602)
Epoch: [9][370/430]	Time 0.326 (0.327)	Data 0.000 (0.002)	Loss 2.9956 (4.5295)	Prec@1 96.875 (90.625)	Prec@5 100.000 (99.604)
Epoch: [9][380/430]	Time 0.326 (0.327)	Data 0.000 (0.002)	Loss 0.9933 (4.5417)	Prec@1 90.625 (90.576)	Prec@5 100.000 (99.598)
Epoch: [9][390/430]	Time 0.325 (0.327)	Data 0.000 (0.002)	Loss 10.9139 (4.5509)	Prec@1 81.250 (90.537)	Prec@5 96.875 (99.600)
Epoch: [9][400/430]	Time 0.329 (0.327)	Data 0.000 (0.002)	Loss 1.4906 (4.5333)	Prec@1 93.750 (90.563)	Prec@5 100.000 (99.610)
Epoch: [9][410/430]	Time 0.323 (0.327)	Data 0.000 (0.002)	Loss 1.2286 (4.5147)	Prec@1 96.875 (90.595)	Prec@5 100.000 (99.612)
Epoch: [9][420/430]	Time 0.324 (0.327)	Data 0.000 (0.002)	Loss 3.9755 (4.5300)	Prec@1 87.500 (90.566)	Prec@5 100.000 (99.584)
Test: [0/160]	Time 0.956 (0.956)	Loss 76.9402 (76.9402)	Prec@1 40.625 (40.625)	Prec@5 65.625 (65.625)
Test: [10/160]	Time 0.175 (0.232)	Loss 108.5009 (86.2694)	Prec@1 28.125 (37.784)	Prec@5 75.000 (71.591)
Test: [20/160]	Time 0.152 (0.199)	Loss 116.1038 (94.3107)	Prec@1 31.250 (34.821)	Prec@5 71.875 (70.387)
Test: [30/160]	Time 0.152 (0.185)	Loss 114.5204 (97.7207)	Prec@1 28.125 (34.980)	Prec@5 68.750 (70.867)
Test: [40/160]	Time 0.153 (0.177)	Loss 111.9016 (99.2903)	Prec@1 34.375 (34.832)	Prec@5 68.750 (70.198)
Test: [50/160]	Time 0.153 (0.173)	Loss 58.3030 (98.8859)	Prec@1 43.750 (34.559)	Prec@5 81.250 (70.404)
Test: [60/160]	Time 0.153 (0.170)	Loss 55.0296 (98.6090)	Prec@1 43.750 (34.631)	Prec@5 84.375 (71.004)
Test: [70/160]	Time 0.152 (0.167)	Loss 110.3078 (97.1298)	Prec@1 46.875 (35.563)	Prec@5 65.625 (71.347)
Test: [80/160]	Time 0.153 (0.166)	Loss 75.6583 (97.4759)	Prec@1 40.625 (35.378)	Prec@5 78.125 (71.142)
Test: [90/160]	Time 0.153 (0.165)	Loss 120.7746 (98.2048)	Prec@1 37.500 (35.199)	Prec@5 68.750 (71.120)
Test: [100/160]	Time 0.153 (0.166)	Loss 67.1500 (98.0494)	Prec@1 43.750 (35.458)	Prec@5 81.250 (71.287)
Test: [110/160]	Time 0.152 (0.165)	Loss 106.1262 (98.2922)	Prec@1 34.375 (35.417)	Prec@5 71.875 (71.396)
Test: [120/160]	Time 0.151 (0.165)	Loss 126.5169 (97.1790)	Prec@1 40.625 (35.899)	Prec@5 59.375 (71.591)
Test: [130/160]	Time 0.152 (0.164)	Loss 109.0898 (96.4961)	Prec@1 28.125 (35.735)	Prec@5 68.750 (72.114)
Test: [140/160]	Time 0.152 (0.165)	Loss 108.5018 (96.8382)	Prec@1 40.625 (35.461)	Prec@5 68.750 (72.097)
Test: [150/160]	Time 0.152 (0.164)	Loss 117.6719 (97.3005)	Prec@1 21.875 (35.368)	Prec@5 65.625 (71.916)
 * Prec@1 35.351 Prec@5 72.052
0 168 0.08928571428571429
1 190 0.20526315789473684
2 11 0.0
3 15 0.0
4 1833 0.21222040370976542
5 231 0.42857142857142855
6 13 0.07692307692307693
7 313 0.2268370607028754
8 91 0.0
9 33 0.0
10 54 0.0
11 14 0.0
12 211 0.23222748815165878
13 326 0.003067484662576687
14 294 0.21428571428571427
15 1309 0.8235294117647058
