creating model and allocating memory
initilzing model with pretrained weights
creating data loaders
start training
Epoch: [0][0/430]	Time 2.724 (2.724)	Data 0.928 (0.928)	Loss 415.6582 (415.6582)	Prec@1 15.625 (15.625)	Prec@5 53.125 (53.125)
Epoch: [0][10/430]	Time 0.159 (0.391)	Data 0.000 (0.085)	Loss 290.2226 (341.3326)	Prec@1 25.000 (22.443)	Prec@5 62.500 (59.943)
Epoch: [0][20/430]	Time 0.164 (0.284)	Data 0.000 (0.045)	Loss 235.7461 (306.3736)	Prec@1 15.625 (25.149)	Prec@5 71.875 (63.095)
Epoch: [0][30/430]	Time 0.169 (0.246)	Data 0.000 (0.032)	Loss 268.3675 (280.6208)	Prec@1 25.000 (25.202)	Prec@5 59.375 (65.524)
Epoch: [0][40/430]	Time 0.158 (0.229)	Data 0.000 (0.027)	Loss 264.0749 (265.0862)	Prec@1 25.000 (26.677)	Prec@5 68.750 (67.149)
Epoch: [0][50/430]	Time 0.183 (0.219)	Data 0.023 (0.025)	Loss 181.2113 (254.1230)	Prec@1 21.875 (27.328)	Prec@5 68.750 (67.831)
Epoch: [0][60/430]	Time 0.163 (0.215)	Data 0.000 (0.026)	Loss 154.6680 (245.8710)	Prec@1 21.875 (27.305)	Prec@5 71.875 (67.111)
Epoch: [0][70/430]	Time 0.161 (0.210)	Data 0.000 (0.025)	Loss 171.1752 (237.2620)	Prec@1 28.125 (27.025)	Prec@5 75.000 (67.342)
Epoch: [0][80/430]	Time 0.169 (0.207)	Data 0.000 (0.025)	Loss 164.1425 (231.6716)	Prec@1 25.000 (26.427)	Prec@5 71.875 (67.631)
Epoch: [0][90/430]	Time 0.216 (0.205)	Data 0.041 (0.024)	Loss 217.7754 (225.2748)	Prec@1 18.750 (26.786)	Prec@5 53.125 (67.651)
Epoch: [0][100/430]	Time 0.186 (0.202)	Data 0.030 (0.023)	Loss 136.5250 (219.2184)	Prec@1 37.500 (27.197)	Prec@5 78.125 (68.100)
Epoch: [0][110/430]	Time 0.173 (0.200)	Data 0.008 (0.023)	Loss 145.5865 (213.0803)	Prec@1 28.125 (27.449)	Prec@5 71.875 (68.637)
Epoch: [0][120/430]	Time 0.173 (0.200)	Data 0.015 (0.024)	Loss 118.3385 (208.7184)	Prec@1 28.125 (27.918)	Prec@5 84.375 (69.008)
Epoch: [0][130/430]	Time 0.163 (0.199)	Data 0.006 (0.024)	Loss 165.0751 (202.9661)	Prec@1 6.250 (28.077)	Prec@5 75.000 (69.752)
Epoch: [0][140/430]	Time 0.176 (0.199)	Data 0.019 (0.025)	Loss 146.2615 (198.4037)	Prec@1 43.750 (28.568)	Prec@5 65.625 (70.124)
Epoch: [0][150/430]	Time 0.156 (0.197)	Data 0.000 (0.024)	Loss 87.3071 (193.4849)	Prec@1 28.125 (29.036)	Prec@5 87.500 (70.675)
Epoch: [0][160/430]	Time 0.185 (0.197)	Data 0.028 (0.025)	Loss 174.8505 (190.1862)	Prec@1 28.125 (29.212)	Prec@5 65.625 (70.710)
Epoch: [0][170/430]	Time 0.169 (0.196)	Data 0.007 (0.024)	Loss 79.3129 (186.5847)	Prec@1 50.000 (29.441)	Prec@5 93.750 (71.071)
Epoch: [0][180/430]	Time 0.182 (0.196)	Data 0.010 (0.024)	Loss 85.2381 (182.7655)	Prec@1 50.000 (30.128)	Prec@5 90.625 (71.633)
Epoch: [0][190/430]	Time 0.231 (0.195)	Data 0.074 (0.024)	Loss 132.4063 (178.7225)	Prec@1 43.750 (30.596)	Prec@5 71.875 (72.039)
Epoch: [0][200/430]	Time 0.180 (0.195)	Data 0.020 (0.024)	Loss 87.5757 (175.3358)	Prec@1 43.750 (31.172)	Prec@5 71.875 (72.295)
Epoch: [0][210/430]	Time 0.170 (0.195)	Data 0.012 (0.024)	Loss 106.0955 (172.4480)	Prec@1 46.875 (31.487)	Prec@5 81.250 (72.630)
Epoch: [0][220/430]	Time 0.185 (0.194)	Data 0.027 (0.024)	Loss 112.8175 (169.5646)	Prec@1 34.375 (31.618)	Prec@5 78.125 (73.035)
Epoch: [0][230/430]	Time 0.158 (0.194)	Data 0.000 (0.024)	Loss 82.7833 (166.3519)	Prec@1 40.625 (31.967)	Prec@5 87.500 (73.444)
Epoch: [0][240/430]	Time 0.237 (0.194)	Data 0.079 (0.025)	Loss 86.2111 (163.7661)	Prec@1 53.125 (32.145)	Prec@5 81.250 (73.574)
Epoch: [0][250/430]	Time 0.172 (0.194)	Data 0.000 (0.025)	Loss 88.4710 (160.8674)	Prec@1 37.500 (32.321)	Prec@5 87.500 (73.917)
Epoch: [0][260/430]	Time 0.170 (0.193)	Data 0.013 (0.025)	Loss 119.2891 (158.4657)	Prec@1 34.375 (32.627)	Prec@5 75.000 (74.138)
Epoch: [0][270/430]	Time 0.197 (0.193)	Data 0.039 (0.024)	Loss 127.0587 (156.1340)	Prec@1 25.000 (32.807)	Prec@5 68.750 (74.354)
Epoch: [0][280/430]	Time 0.180 (0.192)	Data 0.016 (0.024)	Loss 144.8357 (154.1333)	Prec@1 28.125 (32.940)	Prec@5 75.000 (74.544)
Epoch: [0][290/430]	Time 0.158 (0.193)	Data 0.000 (0.024)	Loss 88.1138 (152.0274)	Prec@1 43.750 (33.194)	Prec@5 84.375 (74.807)
Epoch: [0][300/430]	Time 0.174 (0.193)	Data 0.014 (0.025)	Loss 117.4200 (150.2492)	Prec@1 25.000 (33.191)	Prec@5 81.250 (74.948)
Epoch: [0][310/430]	Time 0.179 (0.193)	Data 0.022 (0.025)	Loss 91.4747 (148.1450)	Prec@1 50.000 (33.461)	Prec@5 78.125 (75.181)
Epoch: [0][320/430]	Time 0.161 (0.193)	Data 0.003 (0.025)	Loss 64.8334 (146.2093)	Prec@1 50.000 (33.810)	Prec@5 87.500 (75.487)
Epoch: [0][330/430]	Time 0.222 (0.193)	Data 0.065 (0.026)	Loss 64.8063 (144.2662)	Prec@1 56.250 (34.130)	Prec@5 84.375 (75.774)
Epoch: [0][340/430]	Time 0.188 (0.193)	Data 0.024 (0.025)	Loss 82.8868 (142.5999)	Prec@1 34.375 (34.320)	Prec@5 93.750 (76.072)
Epoch: [0][350/430]	Time 0.176 (0.192)	Data 0.016 (0.025)	Loss 67.3351 (140.9524)	Prec@1 56.250 (34.633)	Prec@5 84.375 (76.273)
Epoch: [0][360/430]	Time 0.174 (0.192)	Data 0.016 (0.025)	Loss 117.3391 (139.5889)	Prec@1 31.250 (34.912)	Prec@5 81.250 (76.368)
Epoch: [0][370/430]	Time 0.168 (0.192)	Data 0.011 (0.025)	Loss 125.4847 (137.9893)	Prec@1 37.500 (35.175)	Prec@5 68.750 (76.525)
Epoch: [0][380/430]	Time 0.165 (0.192)	Data 0.000 (0.025)	Loss 71.5940 (136.4436)	Prec@1 40.625 (35.417)	Prec@5 84.375 (76.763)
Epoch: [0][390/430]	Time 0.196 (0.192)	Data 0.021 (0.025)	Loss 109.3467 (134.6404)	Prec@1 37.500 (35.734)	Prec@5 75.000 (77.046)
Epoch: [0][400/430]	Time 0.182 (0.192)	Data 0.000 (0.025)	Loss 47.1197 (133.2380)	Prec@1 62.500 (36.082)	Prec@5 87.500 (77.244)
Epoch: [0][410/430]	Time 0.180 (0.192)	Data 0.020 (0.025)	Loss 90.5420 (131.8385)	Prec@1 40.625 (36.291)	Prec@5 84.375 (77.479)
Epoch: [0][420/430]	Time 0.160 (0.191)	Data 0.000 (0.025)	Loss 73.6851 (130.7221)	Prec@1 46.875 (36.550)	Prec@5 81.250 (77.657)
Test: [0/160]	Time 1.146 (1.146)	Loss 121.1132 (121.1132)	Prec@1 25.000 (25.000)	Prec@5 71.875 (71.875)
Test: [10/160]	Time 0.158 (0.261)	Loss 161.6542 (125.6129)	Prec@1 28.125 (30.398)	Prec@5 71.875 (71.307)
Test: [20/160]	Time 0.193 (0.229)	Loss 171.4668 (129.0336)	Prec@1 9.375 (30.208)	Prec@5 53.125 (70.833)
Test: [30/160]	Time 0.171 (0.223)	Loss 76.6206 (124.6558)	Prec@1 34.375 (30.847)	Prec@5 90.625 (72.077)
Test: [40/160]	Time 0.150 (0.214)	Loss 105.7076 (124.3143)	Prec@1 40.625 (31.631)	Prec@5 78.125 (72.256)
Test: [50/160]	Time 0.151 (0.212)	Loss 196.7411 (127.0097)	Prec@1 12.500 (30.699)	Prec@5 65.625 (72.059)
Test: [60/160]	Time 0.174 (0.209)	Loss 93.6442 (124.2279)	Prec@1 28.125 (31.199)	Prec@5 84.375 (72.848)
Test: [70/160]	Time 0.174 (0.207)	Loss 105.1453 (123.8450)	Prec@1 40.625 (31.382)	Prec@5 81.250 (73.151)
Test: [80/160]	Time 0.191 (0.206)	Loss 86.7476 (124.5599)	Prec@1 43.750 (30.980)	Prec@5 75.000 (73.495)
Test: [90/160]	Time 0.178 (0.204)	Loss 133.0111 (125.0872)	Prec@1 43.750 (30.975)	Prec@5 65.625 (73.352)
Test: [100/160]	Time 0.155 (0.203)	Loss 139.5422 (125.6595)	Prec@1 31.250 (31.095)	Prec@5 62.500 (73.360)
Test: [110/160]	Time 0.248 (0.203)	Loss 131.7245 (126.9819)	Prec@1 12.500 (30.687)	Prec@5 71.875 (72.860)
Test: [120/160]	Time 0.152 (0.202)	Loss 135.8357 (127.9496)	Prec@1 28.125 (30.630)	Prec@5 62.500 (72.495)
Test: [130/160]	Time 0.240 (0.201)	Loss 151.8278 (128.4088)	Prec@1 25.000 (30.439)	Prec@5 68.750 (72.137)
Test: [140/160]	Time 0.170 (0.201)	Loss 87.0557 (129.1421)	Prec@1 37.500 (30.253)	Prec@5 81.250 (72.030)
Test: [150/160]	Time 0.289 (0.201)	Loss 112.8946 (127.8574)	Prec@1 37.500 (30.484)	Prec@5 68.750 (72.268)
 * Prec@1 30.376 Prec@5 72.150
0 168 0.017857142857142856
1 190 0.07368421052631578
2 11 0.0
3 15 0.0
4 1833 0.24331696672122205
5 231 0.2510822510822511
6 13 0.0
7 313 0.08626198083067092
8 91 0.0
9 33 0.0
10 54 0.0
11 14 0.0
12 211 0.02843601895734597
13 326 0.003067484662576687
14 294 0.1870748299319728
15 1309 0.7188693659281895
Epoch: [1][0/430]	Time 0.960 (0.960)	Data 0.768 (0.768)	Loss 63.1865 (63.1865)	Prec@1 50.000 (50.000)	Prec@5 87.500 (87.500)
Epoch: [1][10/430]	Time 0.158 (0.240)	Data 0.000 (0.075)	Loss 80.1867 (74.6542)	Prec@1 37.500 (39.489)	Prec@5 84.375 (85.227)
Epoch: [1][20/430]	Time 0.220 (0.214)	Data 0.041 (0.050)	Loss 73.8113 (72.6989)	Prec@1 46.875 (43.899)	Prec@5 81.250 (84.970)
Epoch: [1][30/430]	Time 0.160 (0.204)	Data 0.002 (0.040)	Loss 47.4555 (69.1992)	Prec@1 53.125 (46.976)	Prec@5 87.500 (84.980)
Epoch: [1][40/430]	Time 0.163 (0.201)	Data 0.000 (0.037)	Loss 98.8657 (71.2319)	Prec@1 31.250 (46.113)	Prec@5 75.000 (84.756)
Epoch: [1][50/430]	Time 0.159 (0.198)	Data 0.000 (0.034)	Loss 83.4204 (68.8951)	Prec@1 40.625 (47.794)	Prec@5 81.250 (85.233)
Epoch: [1][60/430]	Time 0.210 (0.196)	Data 0.051 (0.032)	Loss 71.0657 (67.9375)	Prec@1 50.000 (48.258)	Prec@5 87.500 (85.092)
Epoch: [1][70/430]	Time 0.161 (0.194)	Data 0.000 (0.031)	Loss 54.2738 (68.5908)	Prec@1 46.875 (47.403)	Prec@5 90.625 (85.079)
Epoch: [1][80/430]	Time 0.198 (0.193)	Data 0.023 (0.029)	Loss 71.1052 (68.6855)	Prec@1 50.000 (47.338)	Prec@5 81.250 (85.069)
Epoch: [1][90/430]	Time 0.176 (0.192)	Data 0.000 (0.029)	Loss 70.1006 (68.0465)	Prec@1 53.125 (48.111)	Prec@5 81.250 (85.234)
Epoch: [1][100/430]	Time 0.311 (0.193)	Data 0.153 (0.030)	Loss 37.4496 (68.6703)	Prec@1 50.000 (47.772)	Prec@5 93.750 (85.334)
Epoch: [1][110/430]	Time 0.159 (0.192)	Data 0.001 (0.028)	Loss 79.8708 (68.5970)	Prec@1 50.000 (47.917)	Prec@5 84.375 (85.389)
Epoch: [1][120/430]	Time 0.194 (0.191)	Data 0.036 (0.028)	Loss 45.3885 (68.9713)	Prec@1 62.500 (47.960)	Prec@5 90.625 (85.176)
Epoch: [1][130/430]	Time 0.176 (0.191)	Data 0.018 (0.028)	Loss 57.2114 (69.1012)	Prec@1 50.000 (47.853)	Prec@5 87.500 (85.043)
Epoch: [1][140/430]	Time 0.234 (0.190)	Data 0.075 (0.028)	Loss 52.9942 (68.2242)	Prec@1 46.875 (48.027)	Prec@5 100.000 (85.239)
Epoch: [1][150/430]	Time 0.218 (0.190)	Data 0.061 (0.028)	Loss 88.8060 (68.5151)	Prec@1 40.625 (47.806)	Prec@5 93.750 (85.306)
Epoch: [1][160/430]	Time 0.178 (0.190)	Data 0.002 (0.027)	Loss 40.4416 (68.8469)	Prec@1 53.125 (47.807)	Prec@5 96.875 (85.326)
Epoch: [1][170/430]	Time 0.158 (0.190)	Data 0.000 (0.027)	Loss 65.3082 (68.7760)	Prec@1 37.500 (47.460)	Prec@5 90.625 (85.490)
Epoch: [1][180/430]	Time 0.200 (0.191)	Data 0.035 (0.028)	Loss 46.4067 (68.9512)	Prec@1 53.125 (47.289)	Prec@5 87.500 (85.359)
Epoch: [1][190/430]	Time 0.159 (0.190)	Data 0.001 (0.027)	Loss 77.6789 (68.7555)	Prec@1 34.375 (47.186)	Prec@5 90.625 (85.471)
Epoch: [1][200/430]	Time 0.179 (0.189)	Data 0.020 (0.027)	Loss 70.6168 (68.6795)	Prec@1 43.750 (47.435)	Prec@5 90.625 (85.510)
Epoch: [1][210/430]	Time 0.158 (0.189)	Data 0.000 (0.027)	Loss 74.4839 (68.5801)	Prec@1 37.500 (47.334)	Prec@5 87.500 (85.471)
Epoch: [1][220/430]	Time 0.298 (0.190)	Data 0.139 (0.027)	Loss 125.6035 (68.3017)	Prec@1 31.250 (47.441)	Prec@5 75.000 (85.478)
Epoch: [1][230/430]	Time 0.159 (0.189)	Data 0.000 (0.027)	Loss 76.9245 (68.3765)	Prec@1 25.000 (47.335)	Prec@5 90.625 (85.390)
Epoch: [1][240/430]	Time 0.182 (0.189)	Data 0.014 (0.027)	Loss 73.1363 (68.3748)	Prec@1 59.375 (47.277)	Prec@5 81.250 (85.399)
Epoch: [1][250/430]	Time 0.205 (0.189)	Data 0.048 (0.027)	Loss 24.1543 (68.0452)	Prec@1 75.000 (47.522)	Prec@5 90.625 (85.396)
Epoch: [1][260/430]	Time 0.163 (0.189)	Data 0.000 (0.027)	Loss 57.6475 (67.6494)	Prec@1 59.375 (47.689)	Prec@5 87.500 (85.393)
Epoch: [1][270/430]	Time 0.179 (0.189)	Data 0.014 (0.026)	Loss 50.7797 (66.8698)	Prec@1 56.250 (48.028)	Prec@5 90.625 (85.528)
Epoch: [1][280/430]	Time 0.193 (0.189)	Data 0.032 (0.026)	Loss 49.2341 (66.5899)	Prec@1 59.375 (48.176)	Prec@5 87.500 (85.532)
Epoch: [1][290/430]	Time 0.176 (0.189)	Data 0.017 (0.026)	Loss 44.8499 (66.5225)	Prec@1 40.625 (48.185)	Prec@5 93.750 (85.481)
Epoch: [1][300/430]	Time 0.158 (0.189)	Data 0.001 (0.026)	Loss 59.6677 (66.1525)	Prec@1 56.250 (48.235)	Prec@5 87.500 (85.600)
Epoch: [1][310/430]	Time 0.159 (0.189)	Data 0.002 (0.027)	Loss 30.4421 (66.0304)	Prec@1 65.625 (48.191)	Prec@5 93.750 (85.591)
Epoch: [1][320/430]	Time 0.168 (0.189)	Data 0.009 (0.027)	Loss 36.3599 (65.5733)	Prec@1 68.750 (48.433)	Prec@5 93.750 (85.718)
Epoch: [1][330/430]	Time 0.166 (0.189)	Data 0.006 (0.027)	Loss 54.0469 (65.1383)	Prec@1 56.250 (48.584)	Prec@5 93.750 (85.819)
Epoch: [1][340/430]	Time 0.160 (0.189)	Data 0.000 (0.027)	Loss 54.0220 (64.9642)	Prec@1 46.875 (48.754)	Prec@5 87.500 (85.841)
Epoch: [1][350/430]	Time 0.168 (0.189)	Data 0.006 (0.026)	Loss 34.1594 (64.6173)	Prec@1 59.375 (48.932)	Prec@5 93.750 (85.880)
Epoch: [1][360/430]	Time 0.157 (0.189)	Data 0.001 (0.027)	Loss 30.1280 (64.4302)	Prec@1 59.375 (49.074)	Prec@5 96.875 (85.959)
Epoch: [1][370/430]	Time 0.180 (0.189)	Data 0.015 (0.026)	Loss 65.7581 (64.4314)	Prec@1 46.875 (49.057)	Prec@5 84.375 (85.925)
Epoch: [1][380/430]	Time 0.292 (0.189)	Data 0.133 (0.027)	Loss 67.1475 (64.0143)	Prec@1 46.875 (49.139)	Prec@5 81.250 (85.958)
Epoch: [1][390/430]	Time 0.163 (0.189)	Data 0.000 (0.027)	Loss 28.2593 (63.4798)	Prec@1 59.375 (49.257)	Prec@5 93.750 (86.053)
Epoch: [1][400/430]	Time 0.176 (0.189)	Data 0.018 (0.026)	Loss 39.3952 (63.2483)	Prec@1 68.750 (49.408)	Prec@5 96.875 (86.089)
Epoch: [1][410/430]	Time 0.165 (0.189)	Data 0.003 (0.026)	Loss 79.1445 (62.9580)	Prec@1 43.750 (49.544)	Prec@5 81.250 (86.116)
Epoch: [1][420/430]	Time 0.187 (0.188)	Data 0.020 (0.026)	Loss 51.9148 (62.5341)	Prec@1 40.625 (49.681)	Prec@5 84.375 (86.231)
Test: [0/160]	Time 1.045 (1.045)	Loss 99.1568 (99.1568)	Prec@1 31.250 (31.250)	Prec@5 78.125 (78.125)
Test: [10/160]	Time 0.165 (0.262)	Loss 130.6307 (98.8883)	Prec@1 25.000 (35.227)	Prec@5 75.000 (75.852)
Test: [20/160]	Time 0.174 (0.227)	Loss 84.5017 (97.1019)	Prec@1 37.500 (34.375)	Prec@5 78.125 (76.339)
Test: [30/160]	Time 0.150 (0.219)	Loss 190.3052 (97.3976)	Prec@1 37.500 (36.190)	Prec@5 65.625 (76.915)
Test: [40/160]	Time 0.150 (0.214)	Loss 94.4285 (95.2635)	Prec@1 34.375 (35.595)	Prec@5 75.000 (77.973)
Test: [50/160]	Time 0.235 (0.210)	Loss 156.5184 (100.5066)	Prec@1 34.375 (35.110)	Prec@5 59.375 (76.409)
Test: [60/160]	Time 0.272 (0.207)	Loss 143.3652 (103.3550)	Prec@1 21.875 (34.580)	Prec@5 65.625 (75.359)
Test: [70/160]	Time 0.152 (0.206)	Loss 100.9419 (103.1125)	Prec@1 15.625 (34.683)	Prec@5 75.000 (75.440)
Test: [80/160]	Time 0.158 (0.206)	Loss 109.1192 (103.3018)	Prec@1 28.125 (34.529)	Prec@5 65.625 (75.579)
Test: [90/160]	Time 0.154 (0.204)	Loss 118.3208 (103.5600)	Prec@1 25.000 (34.341)	Prec@5 75.000 (75.481)
Test: [100/160]	Time 0.172 (0.203)	Loss 157.1547 (104.5044)	Prec@1 28.125 (33.911)	Prec@5 62.500 (75.155)
Test: [110/160]	Time 0.172 (0.202)	Loss 99.5929 (105.0268)	Prec@1 31.250 (33.727)	Prec@5 68.750 (75.282)
Test: [120/160]	Time 0.182 (0.203)	Loss 102.3029 (104.5196)	Prec@1 25.000 (33.858)	Prec@5 81.250 (75.542)
Test: [130/160]	Time 0.151 (0.203)	Loss 83.7690 (105.9203)	Prec@1 31.250 (33.755)	Prec@5 75.000 (75.334)
Test: [140/160]	Time 0.213 (0.202)	Loss 80.0359 (106.2985)	Prec@1 43.750 (33.732)	Prec@5 87.500 (75.177)
Test: [150/160]	Time 0.152 (0.203)	Loss 91.1375 (106.7373)	Prec@1 43.750 (33.899)	Prec@5 81.250 (75.124)
 * Prec@1 33.960 Prec@5 75.323
0 168 0.023809523809523808
1 190 0.12631578947368421
2 11 0.0
3 15 0.0
4 1833 0.25259138025095473
5 231 0.20346320346320346
6 13 0.0
7 313 0.09904153354632587
8 91 0.03296703296703297
9 33 0.0
10 54 0.0
11 14 0.0
12 211 0.05687203791469194
13 326 0.006134969325153374
14 294 0.35714285714285715
15 1309 0.7967914438502673
Epoch: [2][0/430]	Time 0.984 (0.984)	Data 0.824 (0.824)	Loss 65.7003 (65.7003)	Prec@1 43.750 (43.750)	Prec@5 87.500 (87.500)
Epoch: [2][10/430]	Time 0.172 (0.249)	Data 0.000 (0.086)	Loss 55.5876 (58.1047)	Prec@1 43.750 (50.568)	Prec@5 87.500 (84.943)
Epoch: [2][20/430]	Time 0.159 (0.216)	Data 0.000 (0.051)	Loss 28.5200 (52.7452)	Prec@1 62.500 (54.167)	Prec@5 96.875 (85.417)
Epoch: [2][30/430]	Time 0.236 (0.206)	Data 0.064 (0.042)	Loss 70.4518 (52.4227)	Prec@1 34.375 (53.125)	Prec@5 81.250 (85.786)
Epoch: [2][40/430]	Time 0.183 (0.200)	Data 0.022 (0.037)	Loss 57.2084 (52.1322)	Prec@1 65.625 (53.963)	Prec@5 87.500 (86.052)
Epoch: [2][50/430]	Time 0.175 (0.198)	Data 0.017 (0.034)	Loss 55.1281 (52.9388)	Prec@1 50.000 (53.676)	Prec@5 90.625 (86.336)
Epoch: [2][60/430]	Time 0.170 (0.197)	Data 0.012 (0.033)	Loss 46.4144 (52.3074)	Prec@1 56.250 (53.689)	Prec@5 87.500 (86.680)
Epoch: [2][70/430]	Time 0.208 (0.196)	Data 0.043 (0.033)	Loss 54.3972 (51.7144)	Prec@1 53.125 (53.697)	Prec@5 78.125 (86.972)
Epoch: [2][80/430]	Time 0.174 (0.195)	Data 0.002 (0.030)	Loss 45.5019 (50.7169)	Prec@1 50.000 (53.897)	Prec@5 93.750 (87.500)
Epoch: [2][90/430]	Time 0.181 (0.195)	Data 0.011 (0.030)	Loss 46.5526 (50.3097)	Prec@1 59.375 (54.155)	Prec@5 84.375 (87.775)
Epoch: [2][100/430]	Time 0.174 (0.194)	Data 0.017 (0.030)	Loss 49.1317 (50.4478)	Prec@1 59.375 (54.177)	Prec@5 84.375 (87.469)
Epoch: [2][110/430]	Time 0.162 (0.193)	Data 0.000 (0.029)	Loss 48.3733 (50.8821)	Prec@1 56.250 (53.829)	Prec@5 90.625 (87.472)
Epoch: [2][120/430]	Time 0.178 (0.193)	Data 0.020 (0.028)	Loss 63.4932 (51.4439)	Prec@1 56.250 (53.667)	Prec@5 87.500 (87.242)
Epoch: [2][130/430]	Time 0.174 (0.193)	Data 0.011 (0.028)	Loss 49.9300 (51.3904)	Prec@1 43.750 (53.507)	Prec@5 81.250 (87.023)
Epoch: [2][140/430]	Time 0.180 (0.192)	Data 0.023 (0.027)	Loss 60.2951 (51.0133)	Prec@1 65.625 (53.568)	Prec@5 84.375 (87.301)
Epoch: [2][150/430]	Time 0.170 (0.191)	Data 0.009 (0.027)	Loss 41.6414 (51.4051)	Prec@1 50.000 (53.642)	Prec@5 87.500 (87.127)
Epoch: [2][160/430]	Time 0.158 (0.191)	Data 0.000 (0.027)	Loss 30.9826 (51.4055)	Prec@1 62.500 (53.183)	Prec@5 90.625 (87.112)
Epoch: [2][170/430]	Time 0.174 (0.191)	Data 0.006 (0.027)	Loss 64.3226 (51.2674)	Prec@1 43.750 (53.162)	Prec@5 84.375 (87.244)
Epoch: [2][180/430]	Time 0.158 (0.191)	Data 0.000 (0.027)	Loss 28.4094 (50.6938)	Prec@1 53.125 (53.298)	Prec@5 100.000 (87.465)
Epoch: [2][190/430]	Time 0.221 (0.191)	Data 0.022 (0.027)	Loss 37.1516 (50.3614)	Prec@1 59.375 (53.501)	Prec@5 87.500 (87.418)
Epoch: [2][200/430]	Time 0.169 (0.190)	Data 0.009 (0.026)	Loss 68.0008 (50.4637)	Prec@1 53.125 (53.405)	Prec@5 87.500 (87.469)
Epoch: [2][210/430]	Time 0.196 (0.190)	Data 0.025 (0.026)	Loss 36.3525 (50.1792)	Prec@1 53.125 (53.525)	Prec@5 87.500 (87.559)
Epoch: [2][220/430]	Time 0.159 (0.190)	Data 0.000 (0.026)	Loss 50.1657 (49.7667)	Prec@1 50.000 (53.535)	Prec@5 90.625 (87.641)
Epoch: [2][230/430]	Time 0.199 (0.189)	Data 0.041 (0.026)	Loss 28.8067 (49.5028)	Prec@1 65.625 (53.544)	Prec@5 90.625 (87.662)
Epoch: [2][240/430]	Time 0.180 (0.189)	Data 0.022 (0.026)	Loss 61.0556 (49.2786)	Prec@1 62.500 (53.786)	Prec@5 81.250 (87.824)
Epoch: [2][250/430]	Time 0.160 (0.189)	Data 0.001 (0.026)	Loss 42.5100 (48.9831)	Prec@1 68.750 (53.860)	Prec@5 90.625 (87.898)
Epoch: [2][260/430]	Time 0.176 (0.189)	Data 0.000 (0.026)	Loss 76.1625 (49.0418)	Prec@1 46.875 (53.963)	Prec@5 71.875 (87.799)
Epoch: [2][270/430]	Time 0.159 (0.189)	Data 0.000 (0.026)	Loss 44.9603 (49.3197)	Prec@1 56.250 (53.967)	Prec@5 96.875 (87.777)
Epoch: [2][280/430]	Time 0.179 (0.189)	Data 0.014 (0.026)	Loss 28.4702 (49.1877)	Prec@1 62.500 (54.059)	Prec@5 93.750 (87.800)
Epoch: [2][290/430]	Time 0.158 (0.189)	Data 0.000 (0.026)	Loss 22.9450 (48.8545)	Prec@1 71.875 (54.253)	Prec@5 96.875 (87.919)
Epoch: [2][300/430]	Time 0.182 (0.189)	Data 0.022 (0.025)	Loss 22.0968 (48.6356)	Prec@1 68.750 (54.381)	Prec@5 93.750 (87.946)
Epoch: [2][310/430]	Time 0.173 (0.189)	Data 0.015 (0.026)	Loss 26.5293 (48.3523)	Prec@1 65.625 (54.471)	Prec@5 96.875 (88.073)
Epoch: [2][320/430]	Time 0.179 (0.190)	Data 0.020 (0.026)	Loss 40.1896 (48.0325)	Prec@1 50.000 (54.605)	Prec@5 93.750 (88.162)
Epoch: [2][330/430]	Time 0.182 (0.190)	Data 0.025 (0.026)	Loss 43.9334 (47.6682)	Prec@1 50.000 (54.787)	Prec@5 87.500 (88.293)
Epoch: [2][340/430]	Time 0.172 (0.189)	Data 0.015 (0.026)	Loss 63.6647 (47.7051)	Prec@1 50.000 (54.802)	Prec@5 87.500 (88.389)
Epoch: [2][350/430]	Time 0.204 (0.189)	Data 0.046 (0.026)	Loss 60.9856 (47.6757)	Prec@1 50.000 (54.710)	Prec@5 90.625 (88.453)
Epoch: [2][360/430]	Time 0.180 (0.189)	Data 0.021 (0.026)	Loss 61.1449 (47.4837)	Prec@1 46.875 (54.666)	Prec@5 87.500 (88.478)
Epoch: [2][370/430]	Time 0.165 (0.189)	Data 0.007 (0.026)	Loss 41.5936 (47.5458)	Prec@1 62.500 (54.675)	Prec@5 90.625 (88.486)
Epoch: [2][380/430]	Time 0.198 (0.189)	Data 0.025 (0.026)	Loss 13.7015 (47.4222)	Prec@1 68.750 (54.806)	Prec@5 96.875 (88.476)
Epoch: [2][390/430]	Time 0.181 (0.189)	Data 0.021 (0.026)	Loss 34.9350 (47.2864)	Prec@1 71.875 (54.811)	Prec@5 84.375 (88.507)
Epoch: [2][400/430]	Time 0.186 (0.189)	Data 0.006 (0.025)	Loss 39.2496 (47.1364)	Prec@1 56.250 (54.847)	Prec@5 84.375 (88.451)
Epoch: [2][410/430]	Time 0.158 (0.189)	Data 0.000 (0.026)	Loss 54.4082 (47.0744)	Prec@1 46.875 (54.821)	Prec@5 84.375 (88.405)
Epoch: [2][420/430]	Time 0.230 (0.189)	Data 0.034 (0.025)	Loss 58.3053 (47.0028)	Prec@1 50.000 (54.810)	Prec@5 87.500 (88.428)
Test: [0/160]	Time 1.279 (1.279)	Loss 110.2590 (110.2590)	Prec@1 37.500 (37.500)	Prec@5 75.000 (75.000)
Test: [10/160]	Time 0.158 (0.262)	Loss 72.1993 (89.8623)	Prec@1 53.125 (42.898)	Prec@5 90.625 (81.818)
Test: [20/160]	Time 0.292 (0.235)	Loss 115.5973 (88.9041)	Prec@1 40.625 (43.601)	Prec@5 71.875 (81.101)
Test: [30/160]	Time 0.151 (0.223)	Loss 95.3867 (93.7518)	Prec@1 40.625 (42.339)	Prec@5 75.000 (79.536)
Test: [40/160]	Time 0.281 (0.218)	Loss 99.0012 (92.0773)	Prec@1 43.750 (42.226)	Prec@5 81.250 (80.107)
Test: [50/160]	Time 0.172 (0.212)	Loss 91.7755 (91.2056)	Prec@1 56.250 (42.525)	Prec@5 81.250 (80.025)
Test: [60/160]	Time 0.299 (0.211)	Loss 65.5062 (90.1341)	Prec@1 50.000 (42.418)	Prec@5 90.625 (80.072)
Test: [70/160]	Time 0.154 (0.209)	Loss 96.9816 (91.5966)	Prec@1 40.625 (42.033)	Prec@5 71.875 (79.577)
Test: [80/160]	Time 0.175 (0.208)	Loss 109.0636 (93.0915)	Prec@1 28.125 (41.551)	Prec@5 78.125 (79.167)
Test: [90/160]	Time 0.152 (0.207)	Loss 113.3636 (91.7386)	Prec@1 40.625 (41.861)	Prec@5 78.125 (79.567)
Test: [100/160]	Time 0.162 (0.207)	Loss 79.2333 (91.7594)	Prec@1 31.250 (42.265)	Prec@5 81.250 (79.394)
Test: [110/160]	Time 0.150 (0.205)	Loss 70.8567 (92.1973)	Prec@1 50.000 (42.061)	Prec@5 84.375 (79.251)
Test: [120/160]	Time 0.277 (0.205)	Loss 59.0636 (91.1097)	Prec@1 37.500 (42.097)	Prec@5 90.625 (79.416)
Test: [130/160]	Time 0.153 (0.204)	Loss 107.4643 (90.2172)	Prec@1 46.875 (42.390)	Prec@5 75.000 (79.485)
Test: [140/160]	Time 0.297 (0.204)	Loss 70.6167 (90.0331)	Prec@1 37.500 (42.509)	Prec@5 81.250 (79.566)
Test: [150/160]	Time 0.156 (0.202)	Loss 90.2152 (91.0016)	Prec@1 40.625 (42.239)	Prec@5 71.875 (79.243)
 * Prec@1 42.166 Prec@5 79.240
0 168 0.005952380952380952
1 190 0.06315789473684211
2 11 0.0
3 15 0.0
4 1833 0.4369885433715221
5 231 0.2813852813852814
6 13 0.0
7 313 0.08306709265175719
8 91 0.01098901098901099
9 33 0.0
10 54 0.0
11 14 0.0
12 211 0.0947867298578199
13 326 0.0
14 294 0.5408163265306123
15 1309 0.8158899923605806
Epoch: [3][0/430]	Time 1.012 (1.012)	Data 0.851 (0.851)	Loss 49.4497 (49.4497)	Prec@1 50.000 (50.000)	Prec@5 81.250 (81.250)
Epoch: [3][10/430]	Time 0.160 (0.248)	Data 0.000 (0.086)	Loss 48.9813 (50.9925)	Prec@1 37.500 (49.432)	Prec@5 93.750 (89.773)
Epoch: [3][20/430]	Time 0.258 (0.223)	Data 0.087 (0.062)	Loss 29.9215 (47.8204)	Prec@1 59.375 (51.190)	Prec@5 96.875 (89.583)
Epoch: [3][30/430]	Time 0.161 (0.208)	Data 0.000 (0.047)	Loss 60.4796 (45.3684)	Prec@1 59.375 (53.327)	Prec@5 87.500 (89.718)
Epoch: [3][40/430]	Time 0.271 (0.205)	Data 0.106 (0.043)	Loss 41.8451 (44.5579)	Prec@1 65.625 (55.183)	Prec@5 87.500 (89.558)
Epoch: [3][50/430]	Time 0.160 (0.200)	Data 0.001 (0.037)	Loss 40.2001 (44.5949)	Prec@1 65.625 (55.086)	Prec@5 90.625 (89.154)
Epoch: [3][60/430]	Time 0.179 (0.198)	Data 0.023 (0.035)	Loss 38.5269 (43.0253)	Prec@1 59.375 (56.301)	Prec@5 84.375 (89.344)
Epoch: [3][70/430]	Time 0.181 (0.200)	Data 0.022 (0.037)	Loss 36.6146 (43.1684)	Prec@1 65.625 (56.558)	Prec@5 87.500 (88.952)
Epoch: [3][80/430]	Time 0.173 (0.198)	Data 0.000 (0.036)	Loss 39.4978 (43.1177)	Prec@1 65.625 (56.404)	Prec@5 87.500 (89.005)
Epoch: [3][90/430]	Time 0.195 (0.197)	Data 0.022 (0.035)	Loss 31.2991 (42.9728)	Prec@1 59.375 (55.975)	Prec@5 93.750 (88.977)
Epoch: [3][100/430]	Time 0.159 (0.196)	Data 0.000 (0.033)	Loss 28.5554 (42.5987)	Prec@1 68.750 (56.281)	Prec@5 87.500 (89.109)
Epoch: [3][110/430]	Time 0.165 (0.196)	Data 0.000 (0.033)	Loss 33.6903 (42.4240)	Prec@1 56.250 (56.447)	Prec@5 93.750 (89.133)
Epoch: [3][120/430]	Time 0.162 (0.194)	Data 0.005 (0.031)	Loss 22.8475 (42.3807)	Prec@1 59.375 (56.276)	Prec@5 96.875 (89.101)
Epoch: [3][130/430]	Time 0.317 (0.194)	Data 0.157 (0.031)	Loss 22.5395 (42.0601)	Prec@1 65.625 (56.441)	Prec@5 100.000 (89.122)
Epoch: [3][140/430]	Time 0.188 (0.193)	Data 0.024 (0.030)	Loss 33.6242 (42.0399)	Prec@1 53.125 (56.383)	Prec@5 93.750 (89.096)
Epoch: [3][150/430]	Time 0.197 (0.192)	Data 0.023 (0.030)	Loss 31.4560 (41.7474)	Prec@1 56.250 (56.643)	Prec@5 90.625 (89.300)
Epoch: [3][160/430]	Time 0.189 (0.192)	Data 0.020 (0.029)	Loss 55.8968 (41.3929)	Prec@1 46.875 (57.085)	Prec@5 87.500 (89.402)
Epoch: [3][170/430]	Time 0.173 (0.192)	Data 0.008 (0.029)	Loss 33.8387 (41.0381)	Prec@1 62.500 (57.328)	Prec@5 93.750 (89.510)
Epoch: [3][180/430]	Time 0.158 (0.191)	Data 0.000 (0.028)	Loss 40.9110 (41.2964)	Prec@1 56.250 (57.182)	Prec@5 81.250 (89.416)
Epoch: [3][190/430]	Time 0.252 (0.191)	Data 0.095 (0.028)	Loss 30.4987 (41.5834)	Prec@1 59.375 (56.904)	Prec@5 93.750 (89.267)
Epoch: [3][200/430]	Time 0.258 (0.190)	Data 0.101 (0.028)	Loss 28.2523 (41.4094)	Prec@1 71.875 (56.950)	Prec@5 93.750 (89.319)
Epoch: [3][210/430]	Time 0.166 (0.190)	Data 0.007 (0.028)	Loss 29.6584 (41.0973)	Prec@1 78.125 (57.272)	Prec@5 93.750 (89.425)
Epoch: [3][220/430]	Time 0.273 (0.190)	Data 0.111 (0.028)	Loss 52.9786 (41.0504)	Prec@1 53.125 (57.240)	Prec@5 87.500 (89.409)
Epoch: [3][230/430]	Time 0.157 (0.190)	Data 0.000 (0.028)	Loss 46.1364 (40.7634)	Prec@1 53.125 (57.292)	Prec@5 90.625 (89.462)
Epoch: [3][240/430]	Time 0.270 (0.190)	Data 0.099 (0.027)	Loss 40.9763 (40.8568)	Prec@1 62.500 (57.248)	Prec@5 84.375 (89.354)
Epoch: [3][250/430]	Time 0.159 (0.190)	Data 0.000 (0.027)	Loss 44.3273 (40.5736)	Prec@1 53.125 (57.408)	Prec@5 84.375 (89.392)
Epoch: [3][260/430]	Time 0.268 (0.190)	Data 0.092 (0.028)	Loss 65.8078 (40.3908)	Prec@1 34.375 (57.519)	Prec@5 84.375 (89.392)
Epoch: [3][270/430]	Time 0.172 (0.190)	Data 0.014 (0.027)	Loss 20.8002 (40.1397)	Prec@1 56.250 (57.611)	Prec@5 93.750 (89.449)
Epoch: [3][280/430]	Time 0.214 (0.190)	Data 0.053 (0.027)	Loss 39.4934 (40.0921)	Prec@1 56.250 (57.662)	Prec@5 90.625 (89.446)
Epoch: [3][290/430]	Time 0.157 (0.190)	Data 0.000 (0.027)	Loss 37.5688 (40.0182)	Prec@1 62.500 (57.721)	Prec@5 93.750 (89.497)
Epoch: [3][300/430]	Time 0.210 (0.190)	Data 0.048 (0.028)	Loss 48.7371 (40.0178)	Prec@1 50.000 (57.703)	Prec@5 81.250 (89.483)
Epoch: [3][310/430]	Time 0.162 (0.190)	Data 0.001 (0.027)	Loss 28.8236 (39.7392)	Prec@1 65.625 (57.928)	Prec@5 90.625 (89.530)
Epoch: [3][320/430]	Time 0.221 (0.190)	Data 0.057 (0.027)	Loss 60.7873 (39.6796)	Prec@1 62.500 (58.090)	Prec@5 84.375 (89.505)
Epoch: [3][330/430]	Time 0.211 (0.190)	Data 0.052 (0.027)	Loss 43.1320 (39.5844)	Prec@1 46.875 (58.025)	Prec@5 93.750 (89.596)
Epoch: [3][340/430]	Time 0.246 (0.190)	Data 0.069 (0.027)	Loss 34.3727 (39.5313)	Prec@1 50.000 (58.147)	Prec@5 90.625 (89.553)
Epoch: [3][350/430]	Time 0.207 (0.189)	Data 0.044 (0.027)	Loss 33.5264 (39.5182)	Prec@1 53.125 (58.040)	Prec@5 90.625 (89.557)
Epoch: [3][360/430]	Time 0.250 (0.189)	Data 0.093 (0.027)	Loss 58.5537 (39.4724)	Prec@1 50.000 (58.163)	Prec@5 87.500 (89.578)
Epoch: [3][370/430]	Time 0.271 (0.189)	Data 0.114 (0.027)	Loss 69.7975 (39.4524)	Prec@1 37.500 (58.044)	Prec@5 78.125 (89.597)
Epoch: [3][380/430]	Time 0.220 (0.189)	Data 0.057 (0.027)	Loss 38.4083 (39.5657)	Prec@1 59.375 (57.981)	Prec@5 90.625 (89.526)
Epoch: [3][390/430]	Time 0.227 (0.189)	Data 0.068 (0.027)	Loss 41.9692 (39.5361)	Prec@1 46.875 (57.864)	Prec@5 90.625 (89.538)
Epoch: [3][400/430]	Time 0.176 (0.189)	Data 0.016 (0.027)	Loss 38.5907 (39.3890)	Prec@1 56.250 (57.855)	Prec@5 81.250 (89.542)
Epoch: [3][410/430]	Time 0.179 (0.189)	Data 0.022 (0.026)	Loss 18.2894 (39.1638)	Prec@1 65.625 (57.991)	Prec@5 100.000 (89.637)
Epoch: [3][420/430]	Time 0.175 (0.189)	Data 0.017 (0.026)	Loss 24.0859 (39.2239)	Prec@1 68.750 (58.017)	Prec@5 93.750 (89.586)
Test: [0/160]	Time 1.130 (1.130)	Loss 80.9818 (80.9818)	Prec@1 34.375 (34.375)	Prec@5 71.875 (71.875)
Test: [10/160]	Time 0.151 (0.282)	Loss 70.9091 (87.5274)	Prec@1 43.750 (39.205)	Prec@5 81.250 (76.705)
Test: [20/160]	Time 0.265 (0.238)	Loss 41.2332 (85.7754)	Prec@1 56.250 (39.137)	Prec@5 87.500 (77.827)
