creating model and allocating memory
initilzing model with pretrained weights
creating data loaders
start training
Epoch: [0][0/430]	Time 2.344 (2.344)	Data 0.586 (0.586)	Loss 254.4386 (254.4386)	Prec@1 12.500 (12.500)	Prec@5 56.250 (56.250)
Epoch: [0][10/430]	Time 0.157 (0.355)	Data 0.000 (0.053)	Loss 186.5480 (214.3115)	Prec@1 15.625 (11.648)	Prec@5 53.125 (53.693)
Epoch: [0][20/430]	Time 0.157 (0.261)	Data 0.000 (0.028)	Loss 151.8758 (179.1154)	Prec@1 21.875 (16.667)	Prec@5 71.875 (60.268)
Epoch: [0][30/430]	Time 0.156 (0.227)	Data 0.000 (0.019)	Loss 119.4261 (159.3978)	Prec@1 28.125 (20.665)	Prec@5 68.750 (64.819)
Epoch: [0][40/430]	Time 0.155 (0.210)	Data 0.000 (0.015)	Loss 125.0627 (143.4291)	Prec@1 28.125 (24.695)	Prec@5 68.750 (68.216)
Epoch: [0][50/430]	Time 0.157 (0.199)	Data 0.000 (0.012)	Loss 78.4980 (136.5428)	Prec@1 40.625 (26.900)	Prec@5 84.375 (69.914)
Epoch: [0][60/430]	Time 0.157 (0.192)	Data 0.000 (0.010)	Loss 87.4796 (131.3901)	Prec@1 40.625 (28.996)	Prec@5 81.250 (71.004)
Epoch: [0][70/430]	Time 0.155 (0.187)	Data 0.000 (0.009)	Loss 64.1188 (129.5441)	Prec@1 46.875 (29.357)	Prec@5 81.250 (71.127)
Epoch: [0][80/430]	Time 0.156 (0.184)	Data 0.000 (0.008)	Loss 84.5796 (123.9816)	Prec@1 34.375 (30.633)	Prec@5 78.125 (72.029)
Epoch: [0][90/430]	Time 0.156 (0.181)	Data 0.000 (0.007)	Loss 103.6691 (121.6120)	Prec@1 40.625 (31.181)	Prec@5 75.000 (72.493)
Epoch: [0][100/430]	Time 0.157 (0.178)	Data 0.000 (0.006)	Loss 91.1207 (119.0490)	Prec@1 31.250 (31.126)	Prec@5 78.125 (72.834)
Epoch: [0][110/430]	Time 0.156 (0.176)	Data 0.000 (0.006)	Loss 61.9812 (116.0719)	Prec@1 34.375 (31.560)	Prec@5 87.500 (73.339)
Epoch: [0][120/430]	Time 0.156 (0.175)	Data 0.000 (0.005)	Loss 81.2540 (114.2231)	Prec@1 37.500 (32.076)	Prec@5 84.375 (73.554)
Epoch: [0][130/430]	Time 0.158 (0.173)	Data 0.000 (0.005)	Loss 95.4262 (112.3196)	Prec@1 37.500 (32.133)	Prec@5 75.000 (73.736)
Epoch: [0][140/430]	Time 0.157 (0.172)	Data 0.000 (0.004)	Loss 88.1858 (110.2997)	Prec@1 34.375 (32.314)	Prec@5 84.375 (74.202)
Epoch: [0][150/430]	Time 0.157 (0.171)	Data 0.000 (0.004)	Loss 91.1112 (108.7046)	Prec@1 43.750 (32.492)	Prec@5 78.125 (74.441)
Epoch: [0][160/430]	Time 0.157 (0.170)	Data 0.000 (0.004)	Loss 74.9658 (106.4478)	Prec@1 43.750 (33.113)	Prec@5 75.000 (74.864)
Epoch: [0][170/430]	Time 0.158 (0.170)	Data 0.000 (0.004)	Loss 117.2191 (104.8287)	Prec@1 28.125 (33.498)	Prec@5 65.625 (75.201)
Epoch: [0][180/430]	Time 0.157 (0.169)	Data 0.000 (0.004)	Loss 76.1304 (103.1566)	Prec@1 40.625 (33.943)	Prec@5 78.125 (75.570)
Epoch: [0][190/430]	Time 0.157 (0.168)	Data 0.000 (0.003)	Loss 48.8801 (101.5060)	Prec@1 53.125 (34.359)	Prec@5 84.375 (75.818)
Epoch: [0][200/430]	Time 0.157 (0.168)	Data 0.000 (0.003)	Loss 75.6298 (99.9819)	Prec@1 43.750 (34.810)	Prec@5 78.125 (76.057)
Epoch: [0][210/430]	Time 0.158 (0.167)	Data 0.000 (0.003)	Loss 84.4973 (98.9334)	Prec@1 34.375 (34.982)	Prec@5 81.250 (76.303)
Epoch: [0][220/430]	Time 0.159 (0.167)	Data 0.000 (0.003)	Loss 61.7424 (97.6766)	Prec@1 34.375 (35.040)	Prec@5 81.250 (76.527)
Epoch: [0][230/430]	Time 0.156 (0.166)	Data 0.000 (0.003)	Loss 36.2030 (95.9171)	Prec@1 59.375 (35.484)	Prec@5 84.375 (76.813)
Epoch: [0][240/430]	Time 0.157 (0.166)	Data 0.000 (0.003)	Loss 64.7713 (94.4255)	Prec@1 37.500 (35.711)	Prec@5 87.500 (77.178)
Epoch: [0][250/430]	Time 0.156 (0.166)	Data 0.000 (0.003)	Loss 74.0087 (93.4979)	Prec@1 40.625 (35.919)	Prec@5 71.875 (77.353)
Epoch: [0][260/430]	Time 0.159 (0.165)	Data 0.000 (0.003)	Loss 68.8020 (92.3541)	Prec@1 43.750 (36.171)	Prec@5 87.500 (77.610)
Epoch: [0][270/430]	Time 0.157 (0.165)	Data 0.000 (0.003)	Loss 40.6240 (91.3011)	Prec@1 59.375 (36.358)	Prec@5 90.625 (77.791)
Epoch: [0][280/430]	Time 0.158 (0.165)	Data 0.000 (0.002)	Loss 94.3706 (90.5402)	Prec@1 34.375 (36.699)	Prec@5 75.000 (77.980)
Epoch: [0][290/430]	Time 0.156 (0.164)	Data 0.000 (0.002)	Loss 77.2736 (89.2926)	Prec@1 50.000 (37.199)	Prec@5 78.125 (78.275)
Epoch: [0][300/430]	Time 0.156 (0.164)	Data 0.000 (0.002)	Loss 43.9886 (88.0176)	Prec@1 50.000 (37.521)	Prec@5 90.625 (78.530)
Epoch: [0][310/430]	Time 0.156 (0.164)	Data 0.000 (0.002)	Loss 68.4351 (87.1666)	Prec@1 40.625 (37.751)	Prec@5 81.250 (78.637)
Epoch: [0][320/430]	Time 0.159 (0.164)	Data 0.000 (0.002)	Loss 57.3838 (86.4431)	Prec@1 50.000 (37.977)	Prec@5 81.250 (78.699)
Epoch: [0][330/430]	Time 0.161 (0.164)	Data 0.000 (0.002)	Loss 72.1952 (85.5377)	Prec@1 46.875 (38.284)	Prec@5 71.875 (78.890)
Epoch: [0][340/430]	Time 0.157 (0.163)	Data 0.000 (0.002)	Loss 84.6827 (84.9946)	Prec@1 28.125 (38.288)	Prec@5 75.000 (78.977)
Epoch: [0][350/430]	Time 0.156 (0.163)	Data 0.000 (0.002)	Loss 44.9119 (83.9637)	Prec@1 62.500 (38.702)	Prec@5 84.375 (79.238)
Epoch: [0][360/430]	Time 0.157 (0.163)	Data 0.000 (0.002)	Loss 59.0971 (83.0338)	Prec@1 59.375 (39.032)	Prec@5 84.375 (79.398)
Epoch: [0][370/430]	Time 0.158 (0.163)	Data 0.000 (0.002)	Loss 49.9542 (82.3468)	Prec@1 56.250 (39.218)	Prec@5 84.375 (79.515)
Epoch: [0][380/430]	Time 0.157 (0.163)	Data 0.000 (0.002)	Loss 57.4546 (81.5975)	Prec@1 50.000 (39.436)	Prec@5 81.250 (79.634)
Epoch: [0][390/430]	Time 0.155 (0.163)	Data 0.000 (0.002)	Loss 54.1938 (80.9993)	Prec@1 53.125 (39.658)	Prec@5 81.250 (79.684)
Epoch: [0][400/430]	Time 0.161 (0.162)	Data 0.004 (0.002)	Loss 31.2489 (80.4168)	Prec@1 59.375 (39.815)	Prec@5 84.375 (79.730)
Epoch: [0][410/430]	Time 0.162 (0.162)	Data 0.000 (0.002)	Loss 58.9682 (79.5644)	Prec@1 53.125 (40.116)	Prec@5 87.500 (79.965)
Epoch: [0][420/430]	Time 0.157 (0.162)	Data 0.000 (0.002)	Loss 49.1171 (79.0680)	Prec@1 56.250 (40.387)	Prec@5 84.375 (79.996)
Test: [0/160]	Time 0.856 (0.856)	Loss 113.8915 (113.8915)	Prec@1 34.375 (34.375)	Prec@5 53.125 (53.125)
Test: [10/160]	Time 0.152 (0.216)	Loss 152.0118 (90.4929)	Prec@1 28.125 (33.239)	Prec@5 62.500 (70.455)
Test: [20/160]	Time 0.149 (0.186)	Loss 102.8024 (88.0155)	Prec@1 37.500 (33.929)	Prec@5 68.750 (72.321)
Test: [30/160]	Time 0.148 (0.174)	Loss 63.9540 (83.7563)	Prec@1 46.875 (35.685)	Prec@5 78.125 (74.093)
Test: [40/160]	Time 0.149 (0.168)	Loss 88.3472 (84.8712)	Prec@1 28.125 (36.204)	Prec@5 75.000 (74.238)
Test: [50/160]	Time 0.151 (0.165)	Loss 100.3345 (84.0252)	Prec@1 25.000 (36.336)	Prec@5 75.000 (74.571)
Test: [60/160]	Time 0.150 (0.162)	Loss 81.2204 (85.0356)	Prec@1 50.000 (36.475)	Prec@5 71.875 (73.668)
Test: [70/160]	Time 0.150 (0.161)	Loss 119.1771 (86.1870)	Prec@1 37.500 (35.695)	Prec@5 59.375 (73.548)
Test: [80/160]	Time 0.149 (0.159)	Loss 68.4883 (86.9586)	Prec@1 34.375 (35.725)	Prec@5 81.250 (73.264)
Test: [90/160]	Time 0.149 (0.158)	Loss 112.5887 (86.5003)	Prec@1 31.250 (35.714)	Prec@5 62.500 (73.317)
Test: [100/160]	Time 0.150 (0.157)	Loss 104.3245 (86.3973)	Prec@1 25.000 (35.582)	Prec@5 75.000 (73.515)
Test: [110/160]	Time 0.151 (0.157)	Loss 119.6963 (87.0691)	Prec@1 31.250 (35.557)	Prec@5 68.750 (73.423)
Test: [120/160]	Time 0.151 (0.156)	Loss 63.5825 (87.2348)	Prec@1 50.000 (35.434)	Prec@5 75.000 (73.115)
Test: [130/160]	Time 0.152 (0.156)	Loss 68.1286 (86.6838)	Prec@1 56.250 (35.544)	Prec@5 75.000 (73.092)
Test: [140/160]	Time 0.150 (0.155)	Loss 89.5243 (86.9974)	Prec@1 25.000 (34.973)	Prec@5 71.875 (73.116)
Test: [150/160]	Time 0.150 (0.155)	Loss 92.1702 (87.0321)	Prec@1 40.625 (34.851)	Prec@5 59.375 (72.889)
 * Prec@1 35.076 Prec@5 73.071
0 168 0.08333333333333333
1 190 0.04736842105263158
2 11 0.0
3 15 0.06666666666666667
4 1833 0.41189307146753956
5 231 0.19480519480519481
6 13 0.0
7 313 0.04153354632587859
8 91 0.0
9 33 0.0
10 54 0.0
11 14 0.0
12 211 0.1943127962085308
13 326 0.0
14 294 0.08843537414965986
15 1309 0.6776165011459129
***********************saving best model *********************
Epoch: [1][0/430]	Time 0.777 (0.777)	Data 0.603 (0.603)	Loss 50.7687 (50.7687)	Prec@1 37.500 (37.500)	Prec@5 93.750 (93.750)
Epoch: [1][10/430]	Time 0.157 (0.214)	Data 0.000 (0.055)	Loss 34.2342 (58.3368)	Prec@1 50.000 (35.795)	Prec@5 93.750 (84.659)
Epoch: [1][20/430]	Time 0.157 (0.187)	Data 0.000 (0.029)	Loss 45.3655 (54.4584)	Prec@1 62.500 (42.857)	Prec@5 87.500 (83.631)
Epoch: [1][30/430]	Time 0.158 (0.178)	Data 0.000 (0.020)	Loss 39.5885 (55.1127)	Prec@1 53.125 (43.750)	Prec@5 84.375 (83.468)
Epoch: [1][40/430]	Time 0.157 (0.173)	Data 0.000 (0.015)	Loss 33.8066 (54.1535)	Prec@1 53.125 (44.893)	Prec@5 87.500 (83.841)
Epoch: [1][50/430]	Time 0.156 (0.170)	Data 0.000 (0.012)	Loss 49.9764 (52.4861)	Prec@1 46.875 (46.507)	Prec@5 81.250 (83.824)
Epoch: [1][60/430]	Time 0.158 (0.168)	Data 0.000 (0.010)	Loss 43.8168 (51.9127)	Prec@1 50.000 (46.824)	Prec@5 81.250 (83.658)
Epoch: [1][70/430]	Time 0.160 (0.166)	Data 0.000 (0.009)	Loss 54.5651 (50.4810)	Prec@1 59.375 (47.579)	Prec@5 81.250 (84.287)
Epoch: [1][80/430]	Time 0.159 (0.165)	Data 0.000 (0.008)	Loss 32.2085 (49.4747)	Prec@1 50.000 (48.110)	Prec@5 93.750 (84.568)
Epoch: [1][90/430]	Time 0.158 (0.164)	Data 0.000 (0.007)	Loss 47.7176 (49.2893)	Prec@1 46.875 (48.558)	Prec@5 87.500 (84.753)
Epoch: [1][100/430]	Time 0.160 (0.164)	Data 0.000 (0.006)	Loss 33.0210 (49.1715)	Prec@1 46.875 (48.577)	Prec@5 84.375 (84.839)
Epoch: [1][110/430]	Time 0.159 (0.163)	Data 0.000 (0.006)	Loss 34.3614 (49.3917)	Prec@1 50.000 (48.480)	Prec@5 96.875 (84.882)
Epoch: [1][120/430]	Time 0.157 (0.163)	Data 0.000 (0.005)	Loss 58.8399 (49.4994)	Prec@1 43.750 (48.425)	Prec@5 78.125 (84.737)
Epoch: [1][130/430]	Time 0.157 (0.162)	Data 0.000 (0.005)	Loss 40.5873 (48.7680)	Prec@1 37.500 (48.521)	Prec@5 90.625 (84.948)
Epoch: [1][140/430]	Time 0.157 (0.162)	Data 0.000 (0.005)	Loss 63.7443 (48.5869)	Prec@1 28.125 (48.604)	Prec@5 81.250 (85.018)
Epoch: [1][150/430]	Time 0.157 (0.162)	Data 0.000 (0.004)	Loss 72.2133 (48.6533)	Prec@1 37.500 (48.738)	Prec@5 75.000 (84.996)
Epoch: [1][160/430]	Time 0.159 (0.161)	Data 0.000 (0.004)	Loss 15.9594 (48.3324)	Prec@1 59.375 (48.777)	Prec@5 96.875 (84.977)
Epoch: [1][170/430]	Time 0.156 (0.161)	Data 0.000 (0.004)	Loss 57.1144 (48.1531)	Prec@1 43.750 (49.105)	Prec@5 81.250 (85.069)
Epoch: [1][180/430]	Time 0.156 (0.161)	Data 0.000 (0.004)	Loss 32.8906 (47.8018)	Prec@1 50.000 (49.258)	Prec@5 96.875 (85.152)
Epoch: [1][190/430]	Time 0.158 (0.161)	Data 0.000 (0.003)	Loss 44.6961 (47.4933)	Prec@1 56.250 (49.493)	Prec@5 87.500 (85.259)
Epoch: [1][200/430]	Time 0.158 (0.161)	Data 0.000 (0.003)	Loss 39.2908 (47.3039)	Prec@1 50.000 (49.627)	Prec@5 93.750 (85.308)
Epoch: [1][210/430]	Time 0.157 (0.160)	Data 0.000 (0.003)	Loss 36.7599 (47.3421)	Prec@1 65.625 (49.689)	Prec@5 87.500 (85.204)
Epoch: [1][220/430]	Time 0.158 (0.160)	Data 0.000 (0.003)	Loss 38.2929 (47.2551)	Prec@1 56.250 (49.646)	Prec@5 81.250 (85.209)
Epoch: [1][230/430]	Time 0.157 (0.160)	Data 0.000 (0.003)	Loss 37.4642 (46.7731)	Prec@1 46.875 (49.784)	Prec@5 84.375 (85.430)
Epoch: [1][240/430]	Time 0.157 (0.160)	Data 0.000 (0.003)	Loss 37.6548 (46.4630)	Prec@1 46.875 (50.078)	Prec@5 78.125 (85.581)
Epoch: [1][250/430]	Time 0.157 (0.160)	Data 0.000 (0.003)	Loss 49.9001 (46.2400)	Prec@1 46.875 (50.386)	Prec@5 78.125 (85.545)
Epoch: [1][260/430]	Time 0.157 (0.160)	Data 0.000 (0.003)	Loss 26.4455 (45.9806)	Prec@1 56.250 (50.647)	Prec@5 93.750 (85.512)
Epoch: [1][270/430]	Time 0.155 (0.160)	Data 0.000 (0.003)	Loss 72.6486 (45.7625)	Prec@1 37.500 (50.761)	Prec@5 78.125 (85.574)
Epoch: [1][280/430]	Time 0.157 (0.160)	Data 0.000 (0.002)	Loss 73.7005 (45.9050)	Prec@1 34.375 (50.678)	Prec@5 71.875 (85.498)
Epoch: [1][290/430]	Time 0.157 (0.160)	Data 0.000 (0.002)	Loss 30.9749 (45.4179)	Prec@1 53.125 (50.838)	Prec@5 87.500 (85.674)
Epoch: [1][300/430]	Time 0.156 (0.159)	Data 0.000 (0.002)	Loss 20.5121 (45.1405)	Prec@1 65.625 (51.059)	Prec@5 93.750 (85.756)
Epoch: [1][310/430]	Time 0.159 (0.159)	Data 0.000 (0.002)	Loss 34.5004 (44.9589)	Prec@1 71.875 (51.316)	Prec@5 87.500 (85.792)
Epoch: [1][320/430]	Time 0.157 (0.159)	Data 0.000 (0.002)	Loss 53.0838 (44.6348)	Prec@1 56.250 (51.431)	Prec@5 84.375 (85.884)
Epoch: [1][330/430]	Time 0.156 (0.159)	Data 0.000 (0.002)	Loss 33.2685 (44.4520)	Prec@1 50.000 (51.511)	Prec@5 90.625 (85.933)
Epoch: [1][340/430]	Time 0.158 (0.159)	Data 0.000 (0.002)	Loss 45.4664 (44.2676)	Prec@1 53.125 (51.640)	Prec@5 84.375 (86.006)
Epoch: [1][350/430]	Time 0.157 (0.159)	Data 0.000 (0.002)	Loss 31.4233 (44.0096)	Prec@1 68.750 (51.861)	Prec@5 87.500 (86.084)
Epoch: [1][360/430]	Time 0.159 (0.159)	Data 0.000 (0.002)	Loss 25.3636 (43.9010)	Prec@1 46.875 (51.775)	Prec@5 90.625 (86.106)
Epoch: [1][370/430]	Time 0.157 (0.159)	Data 0.000 (0.002)	Loss 38.9326 (43.6449)	Prec@1 62.500 (51.904)	Prec@5 84.375 (86.237)
Epoch: [1][380/430]	Time 0.161 (0.159)	Data 0.000 (0.002)	Loss 28.3239 (43.4233)	Prec@1 56.250 (52.018)	Prec@5 93.750 (86.344)
Epoch: [1][390/430]	Time 0.159 (0.159)	Data 0.000 (0.002)	Loss 55.4612 (43.2223)	Prec@1 53.125 (52.126)	Prec@5 81.250 (86.405)
Epoch: [1][400/430]	Time 0.157 (0.159)	Data 0.000 (0.002)	Loss 33.2051 (43.1599)	Prec@1 59.375 (52.174)	Prec@5 84.375 (86.362)
Epoch: [1][410/430]	Time 0.156 (0.159)	Data 0.000 (0.002)	Loss 37.6441 (42.9757)	Prec@1 53.125 (52.273)	Prec@5 90.625 (86.398)
Epoch: [1][420/430]	Time 0.161 (0.159)	Data 0.000 (0.002)	Loss 26.7688 (42.8325)	Prec@1 65.625 (52.360)	Prec@5 90.625 (86.453)
Test: [0/160]	Time 0.875 (0.875)	Loss 78.0077 (78.0077)	Prec@1 40.625 (40.625)	Prec@5 84.375 (84.375)
Test: [10/160]	Time 0.151 (0.222)	Loss 104.0884 (80.3167)	Prec@1 18.750 (38.352)	Prec@5 65.625 (77.557)
Test: [20/160]	Time 0.149 (0.189)	Loss 63.1539 (80.3283)	Prec@1 40.625 (38.542)	Prec@5 81.250 (74.702)
Test: [30/160]	Time 0.152 (0.177)	Loss 58.9738 (75.6485)	Prec@1 43.750 (39.516)	Prec@5 84.375 (76.815)
Test: [40/160]	Time 0.151 (0.171)	Loss 92.8824 (75.0208)	Prec@1 31.250 (39.939)	Prec@5 75.000 (76.829)
Test: [50/160]	Time 0.151 (0.167)	Loss 108.3540 (75.5289)	Prec@1 31.250 (39.645)	Prec@5 65.625 (76.838)
Test: [60/160]	Time 0.149 (0.164)	Loss 145.2940 (76.1893)	Prec@1 37.500 (39.549)	Prec@5 56.250 (76.742)
Test: [70/160]	Time 0.150 (0.162)	Loss 63.9894 (75.9244)	Prec@1 43.750 (38.952)	Prec@5 81.250 (76.320)
Test: [80/160]	Time 0.150 (0.161)	Loss 77.4128 (76.7562)	Prec@1 34.375 (38.117)	Prec@5 75.000 (75.887)
Test: [90/160]	Time 0.149 (0.159)	Loss 71.7632 (75.9408)	Prec@1 40.625 (38.668)	Prec@5 71.875 (76.305)
Test: [100/160]	Time 0.150 (0.159)	Loss 39.4613 (76.4781)	Prec@1 50.000 (38.707)	Prec@5 84.375 (76.083)
Test: [110/160]	Time 0.151 (0.158)	Loss 86.1181 (76.1731)	Prec@1 34.375 (38.908)	Prec@5 81.250 (76.014)
Test: [120/160]	Time 0.149 (0.157)	Loss 60.4953 (76.7154)	Prec@1 34.375 (38.714)	Prec@5 84.375 (75.826)
Test: [130/160]	Time 0.149 (0.157)	Loss 68.7534 (76.7024)	Prec@1 34.375 (38.860)	Prec@5 81.250 (75.978)
Test: [140/160]	Time 0.150 (0.156)	Loss 80.3010 (77.4536)	Prec@1 43.750 (38.652)	Prec@5 84.375 (75.842)
Test: [150/160]	Time 0.150 (0.156)	Loss 67.0899 (76.8548)	Prec@1 40.625 (38.866)	Prec@5 78.125 (76.180)
 * Prec@1 39.072 Prec@5 76.244
0 168 0.05357142857142857
1 190 0.03684210526315789
2 11 0.0
3 15 0.06666666666666667
4 1833 0.37206764866339337
5 231 0.26406926406926406
6 13 0.15384615384615385
7 313 0.04472843450479233
8 91 0.0
9 33 0.0
10 54 0.0
11 14 0.0
12 211 0.16113744075829384
13 326 0.0
14 294 0.29591836734693877
15 1309 0.8388082505729565
***********************saving best model *********************
Epoch: [2][0/430]	Time 0.785 (0.785)	Data 0.628 (0.628)	Loss 25.5196 (25.5196)	Prec@1 65.625 (65.625)	Prec@5 90.625 (90.625)
Epoch: [2][10/430]	Time 0.158 (0.216)	Data 0.000 (0.059)	Loss 39.3280 (40.9078)	Prec@1 53.125 (53.125)	Prec@5 87.500 (86.364)
Epoch: [2][20/430]	Time 0.157 (0.189)	Data 0.000 (0.031)	Loss 27.0958 (41.1576)	Prec@1 53.125 (52.976)	Prec@5 90.625 (85.268)
Epoch: [2][30/430]	Time 0.158 (0.179)	Data 0.000 (0.021)	Loss 36.9694 (38.2725)	Prec@1 43.750 (54.536)	Prec@5 87.500 (86.593)
Epoch: [2][40/430]	Time 0.157 (0.173)	Data 0.000 (0.016)	Loss 29.5181 (37.7610)	Prec@1 62.500 (55.183)	Prec@5 93.750 (86.585)
Epoch: [2][50/430]	Time 0.158 (0.170)	Data 0.000 (0.013)	Loss 24.4416 (36.7741)	Prec@1 62.500 (55.453)	Prec@5 93.750 (86.765)
Epoch: [2][60/430]	Time 0.157 (0.168)	Data 0.000 (0.011)	Loss 39.9727 (36.4507)	Prec@1 50.000 (55.686)	Prec@5 81.250 (86.885)
Epoch: [2][70/430]	Time 0.158 (0.167)	Data 0.000 (0.009)	Loss 53.3262 (35.4681)	Prec@1 50.000 (56.294)	Prec@5 81.250 (87.324)
Epoch: [2][80/430]	Time 0.158 (0.166)	Data 0.000 (0.008)	Loss 27.5956 (35.1834)	Prec@1 62.500 (56.674)	Prec@5 87.500 (87.500)
Epoch: [2][90/430]	Time 0.159 (0.165)	Data 0.000 (0.007)	Loss 28.3060 (35.3210)	Prec@1 53.125 (56.525)	Prec@5 90.625 (87.843)
Epoch: [2][100/430]	Time 0.158 (0.164)	Data 0.000 (0.007)	Loss 46.0820 (35.1843)	Prec@1 43.750 (56.374)	Prec@5 84.375 (87.902)
Epoch: [2][110/430]	Time 0.157 (0.163)	Data 0.000 (0.006)	Loss 34.4768 (34.8742)	Prec@1 46.875 (56.560)	Prec@5 84.375 (88.091)
Epoch: [2][120/430]	Time 0.158 (0.163)	Data 0.000 (0.006)	Loss 35.4923 (34.6598)	Prec@1 50.000 (56.379)	Prec@5 87.500 (88.223)
Epoch: [2][130/430]	Time 0.158 (0.163)	Data 0.000 (0.005)	Loss 50.7382 (34.9157)	Prec@1 56.250 (56.322)	Prec@5 78.125 (87.953)
Epoch: [2][140/430]	Time 0.157 (0.162)	Data 0.000 (0.005)	Loss 41.7679 (34.5292)	Prec@1 40.625 (56.405)	Prec@5 90.625 (88.187)
Epoch: [2][150/430]	Time 0.160 (0.162)	Data 0.000 (0.005)	Loss 37.2999 (34.3072)	Prec@1 59.375 (56.498)	Prec@5 87.500 (88.183)
Epoch: [2][160/430]	Time 0.159 (0.162)	Data 0.000 (0.004)	Loss 29.6932 (34.7215)	Prec@1 68.750 (56.425)	Prec@5 90.625 (88.082)
Epoch: [2][170/430]	Time 0.158 (0.162)	Data 0.000 (0.004)	Loss 31.4915 (34.5137)	Prec@1 53.125 (56.341)	Prec@5 87.500 (88.322)
Epoch: [2][180/430]	Time 0.156 (0.161)	Data 0.000 (0.004)	Loss 30.3366 (34.2248)	Prec@1 59.375 (56.336)	Prec@5 87.500 (88.363)
Epoch: [2][190/430]	Time 0.158 (0.161)	Data 0.000 (0.004)	Loss 29.2238 (33.9142)	Prec@1 68.750 (56.708)	Prec@5 87.500 (88.531)
Epoch: [2][200/430]	Time 0.159 (0.161)	Data 0.000 (0.004)	Loss 27.0563 (33.6597)	Prec@1 65.625 (56.779)	Prec@5 87.500 (88.682)
Epoch: [2][210/430]	Time 0.158 (0.161)	Data 0.000 (0.003)	Loss 34.9211 (33.7977)	Prec@1 62.500 (56.872)	Prec@5 90.625 (88.670)
Epoch: [2][220/430]	Time 0.158 (0.161)	Data 0.000 (0.003)	Loss 44.9354 (34.1706)	Prec@1 59.375 (56.646)	Prec@5 81.250 (88.561)
Epoch: [2][230/430]	Time 0.157 (0.160)	Data 0.000 (0.003)	Loss 11.4156 (34.0327)	Prec@1 68.750 (56.588)	Prec@5 100.000 (88.731)
Epoch: [2][240/430]	Time 0.157 (0.160)	Data 0.000 (0.003)	Loss 26.2465 (33.9737)	Prec@1 59.375 (56.639)	Prec@5 90.625 (88.680)
Epoch: [2][250/430]	Time 0.159 (0.160)	Data 0.000 (0.003)	Loss 35.4671 (33.8359)	Prec@1 65.625 (56.798)	Prec@5 90.625 (88.695)
Epoch: [2][260/430]	Time 0.157 (0.160)	Data 0.000 (0.003)	Loss 23.7959 (33.6946)	Prec@1 62.500 (56.777)	Prec@5 90.625 (88.649)
Epoch: [2][270/430]	Time 0.158 (0.160)	Data 0.000 (0.003)	Loss 36.9366 (33.5922)	Prec@1 53.125 (56.734)	Prec@5 87.500 (88.688)
Epoch: [2][280/430]	Time 0.158 (0.160)	Data 0.000 (0.003)	Loss 45.6626 (33.4161)	Prec@1 37.500 (56.750)	Prec@5 87.500 (88.812)
Epoch: [2][290/430]	Time 0.156 (0.160)	Data 0.000 (0.003)	Loss 34.6517 (33.2652)	Prec@1 56.250 (56.701)	Prec@5 90.625 (88.799)
Epoch: [2][300/430]	Time 0.157 (0.160)	Data 0.000 (0.002)	Loss 35.6156 (33.1401)	Prec@1 62.500 (56.790)	Prec@5 90.625 (88.839)
Epoch: [2][310/430]	Time 0.156 (0.160)	Data 0.000 (0.002)	Loss 17.6632 (32.9848)	Prec@1 56.250 (56.773)	Prec@5 96.875 (88.917)
Epoch: [2][320/430]	Time 0.158 (0.160)	Data 0.000 (0.002)	Loss 28.4073 (33.0619)	Prec@1 56.250 (56.727)	Prec@5 90.625 (88.805)
Epoch: [2][330/430]	Time 0.158 (0.160)	Data 0.000 (0.002)	Loss 41.8754 (33.1054)	Prec@1 46.875 (56.788)	Prec@5 81.250 (88.793)
Epoch: [2][340/430]	Time 0.158 (0.160)	Data 0.000 (0.002)	Loss 24.9666 (33.0123)	Prec@1 59.375 (56.882)	Prec@5 93.750 (88.829)
Epoch: [2][350/430]	Time 0.157 (0.160)	Data 0.000 (0.002)	Loss 51.6956 (33.0008)	Prec@1 50.000 (56.918)	Prec@5 78.125 (88.720)
Epoch: [2][360/430]	Time 0.156 (0.159)	Data 0.000 (0.002)	Loss 23.1225 (32.9176)	Prec@1 65.625 (56.882)	Prec@5 84.375 (88.695)
Epoch: [2][370/430]	Time 0.158 (0.159)	Data 0.000 (0.002)	Loss 20.5463 (32.7299)	Prec@1 65.625 (56.949)	Prec@5 90.625 (88.814)
Epoch: [2][380/430]	Time 0.157 (0.159)	Data 0.000 (0.002)	Loss 16.6589 (32.5331)	Prec@1 71.875 (57.095)	Prec@5 93.750 (88.886)
Epoch: [2][390/430]	Time 0.158 (0.159)	Data 0.000 (0.002)	Loss 21.8346 (32.5730)	Prec@1 62.500 (57.065)	Prec@5 93.750 (88.883)
Epoch: [2][400/430]	Time 0.157 (0.159)	Data 0.000 (0.002)	Loss 15.1592 (32.4586)	Prec@1 68.750 (57.092)	Prec@5 93.750 (88.942)
Epoch: [2][410/430]	Time 0.157 (0.159)	Data 0.000 (0.002)	Loss 28.5287 (32.4658)	Prec@1 68.750 (57.109)	Prec@5 87.500 (88.960)
Epoch: [2][420/430]	Time 0.158 (0.159)	Data 0.000 (0.002)	Loss 36.0802 (32.3144)	Prec@1 53.125 (57.148)	Prec@5 87.500 (89.029)
Test: [0/160]	Time 0.933 (0.933)	Loss 81.6543 (81.6543)	Prec@1 18.750 (18.750)	Prec@5 78.125 (78.125)
Test: [10/160]	Time 0.149 (0.227)	Loss 78.5304 (64.6282)	Prec@1 40.625 (35.227)	Prec@5 71.875 (80.398)
Test: [20/160]	Time 0.150 (0.191)	Loss 50.4876 (67.8870)	Prec@1 43.750 (36.310)	Prec@5 84.375 (76.488)
Test: [30/160]	Time 0.150 (0.178)	Loss 81.1909 (68.5515)	Prec@1 25.000 (37.198)	Prec@5 68.750 (76.109)
Test: [40/160]	Time 0.150 (0.171)	Loss 89.1645 (69.4318)	Prec@1 25.000 (36.128)	Prec@5 56.250 (75.305)
Test: [50/160]	Time 0.150 (0.167)	Loss 48.2597 (68.1828)	Prec@1 46.875 (36.397)	Prec@5 81.250 (75.306)
Test: [60/160]	Time 0.150 (0.164)	Loss 71.9020 (68.0956)	Prec@1 34.375 (36.219)	Prec@5 65.625 (74.795)
Test: [70/160]	Time 0.150 (0.162)	Loss 73.9431 (68.9318)	Prec@1 28.125 (36.180)	Prec@5 65.625 (74.252)
Test: [80/160]	Time 0.151 (0.161)	Loss 45.9252 (68.4670)	Prec@1 34.375 (36.227)	Prec@5 75.000 (73.727)
Test: [90/160]	Time 0.151 (0.160)	Loss 83.3095 (67.9087)	Prec@1 28.125 (36.264)	Prec@5 75.000 (74.141)
Test: [100/160]	Time 0.150 (0.159)	Loss 48.4362 (67.0741)	Prec@1 53.125 (36.757)	Prec@5 84.375 (74.412)
Test: [110/160]	Time 0.151 (0.158)	Loss 35.7605 (66.3241)	Prec@1 53.125 (36.993)	Prec@5 90.625 (74.718)
Test: [120/160]	Time 0.151 (0.158)	Loss 73.0078 (66.2992)	Prec@1 34.375 (36.803)	Prec@5 71.875 (74.923)
Test: [130/160]	Time 0.149 (0.157)	Loss 48.5021 (66.5072)	Prec@1 43.750 (36.760)	Prec@5 84.375 (74.976)
Test: [140/160]	Time 0.150 (0.157)	Loss 54.6953 (66.6649)	Prec@1 40.625 (37.057)	Prec@5 78.125 (74.956)
Test: [150/160]	Time 0.152 (0.156)	Loss 86.7910 (66.7837)	Prec@1 40.625 (37.334)	Prec@5 81.250 (74.917)
 * Prec@1 37.407 Prec@5 74.892
0 168 0.07142857142857142
1 190 0.14210526315789473
2 11 0.0
3 15 0.06666666666666667
4 1833 0.2885979268957992
5 231 0.16883116883116883
6 13 0.3076923076923077
7 313 0.13099041533546327
8 91 0.01098901098901099
9 33 0.0
10 54 0.018518518518518517
11 14 0.0
12 211 0.33175355450236965
13 326 0.0
14 294 0.3401360544217687
15 1309 0.8288770053475936
Epoch: [3][0/430]	Time 0.801 (0.801)	Data 0.644 (0.644)	Loss 26.5210 (26.5210)	Prec@1 56.250 (56.250)	Prec@5 81.250 (81.250)
Epoch: [3][10/430]	Time 0.158 (0.221)	Data 0.000 (0.062)	Loss 26.1129 (23.0230)	Prec@1 65.625 (62.216)	Prec@5 93.750 (92.045)
Epoch: [3][20/430]	Time 0.159 (0.191)	Data 0.000 (0.033)	Loss 20.9909 (25.5074)	Prec@1 59.375 (62.351)	Prec@5 90.625 (90.923)
Epoch: [3][30/430]	Time 0.159 (0.180)	Data 0.000 (0.022)	Loss 28.1822 (26.7498)	Prec@1 56.250 (60.484)	Prec@5 84.375 (90.524)
Epoch: [3][40/430]	Time 0.156 (0.175)	Data 0.000 (0.017)	Loss 21.3525 (26.7937)	Prec@1 56.250 (59.909)	Prec@5 93.750 (89.710)
Epoch: [3][50/430]	Time 0.157 (0.171)	Data 0.000 (0.014)	Loss 20.5197 (27.1588)	Prec@1 62.500 (59.436)	Prec@5 90.625 (89.890)
Epoch: [3][60/430]	Time 0.160 (0.169)	Data 0.000 (0.012)	Loss 50.5334 (28.3389)	Prec@1 53.125 (59.273)	Prec@5 78.125 (89.600)
Epoch: [3][70/430]	Time 0.157 (0.168)	Data 0.000 (0.010)	Loss 43.1529 (28.1670)	Prec@1 53.125 (59.463)	Prec@5 90.625 (89.833)
Epoch: [3][80/430]	Time 0.158 (0.167)	Data 0.000 (0.009)	Loss 38.5164 (28.7731)	Prec@1 62.500 (59.414)	Prec@5 78.125 (89.545)
Epoch: [3][90/430]	Time 0.158 (0.166)	Data 0.000 (0.008)	Loss 33.5533 (28.3180)	Prec@1 37.500 (59.444)	Prec@5 87.500 (89.526)
Epoch: [3][100/430]	Time 0.157 (0.165)	Data 0.000 (0.007)	Loss 17.3591 (28.1233)	Prec@1 62.500 (59.406)	Prec@5 93.750 (89.387)
Epoch: [3][110/430]	Time 0.158 (0.164)	Data 0.000 (0.007)	Loss 28.0906 (28.3571)	Prec@1 65.625 (58.868)	Prec@5 90.625 (89.105)
Epoch: [3][120/430]	Time 0.157 (0.164)	Data 0.000 (0.006)	Loss 25.8654 (28.3713)	Prec@1 75.000 (59.013)	Prec@5 87.500 (89.101)
Epoch: [3][130/430]	Time 0.159 (0.163)	Data 0.000 (0.006)	Loss 36.7071 (28.3964)	Prec@1 53.125 (59.160)	Prec@5 87.500 (89.146)
Epoch: [3][140/430]	Time 0.157 (0.163)	Data 0.000 (0.005)	Loss 36.3054 (28.0692)	Prec@1 53.125 (59.441)	Prec@5 84.375 (89.295)
Epoch: [3][150/430]	Time 0.159 (0.162)	Data 0.000 (0.005)	Loss 11.2307 (28.0808)	Prec@1 68.750 (59.272)	Prec@5 100.000 (89.383)
Epoch: [3][160/430]	Time 0.158 (0.162)	Data 0.000 (0.005)	Loss 31.2273 (27.7274)	Prec@1 62.500 (59.550)	Prec@5 84.375 (89.616)
Epoch: [3][170/430]	Time 0.157 (0.162)	Data 0.000 (0.004)	Loss 29.9877 (27.8934)	Prec@1 75.000 (59.576)	Prec@5 93.750 (89.583)
Epoch: [3][180/430]	Time 0.158 (0.162)	Data 0.000 (0.004)	Loss 11.6473 (27.6436)	Prec@1 71.875 (59.513)	Prec@5 96.875 (89.831)
Epoch: [3][190/430]	Time 0.157 (0.161)	Data 0.000 (0.004)	Loss 19.4306 (27.4365)	Prec@1 62.500 (59.620)	Prec@5 100.000 (89.921)
Epoch: [3][200/430]	Time 0.158 (0.161)	Data 0.000 (0.004)	Loss 27.3508 (27.4819)	Prec@1 62.500 (59.779)	Prec@5 87.500 (89.910)
Epoch: [3][210/430]	Time 0.157 (0.161)	Data 0.000 (0.004)	Loss 19.3601 (27.7419)	Prec@1 65.625 (59.538)	Prec@5 90.625 (89.751)
Epoch: [3][220/430]	Time 0.157 (0.161)	Data 0.000 (0.003)	Loss 23.1476 (27.7029)	Prec@1 50.000 (59.488)	Prec@5 93.750 (89.748)
Epoch: [3][230/430]	Time 0.158 (0.161)	Data 0.000 (0.003)	Loss 31.1861 (27.6676)	Prec@1 65.625 (59.524)	Prec@5 93.750 (89.759)
Epoch: [3][240/430]	Time 0.157 (0.161)	Data 0.000 (0.003)	Loss 22.4412 (27.6893)	Prec@1 65.625 (59.453)	Prec@5 93.750 (89.821)
Epoch: [3][250/430]	Time 0.157 (0.160)	Data 0.000 (0.003)	Loss 23.6388 (27.5355)	Prec@1 71.875 (59.649)	Prec@5 93.750 (89.853)
Epoch: [3][260/430]	Time 0.158 (0.160)	Data 0.000 (0.003)	Loss 20.3566 (27.5976)	Prec@1 68.750 (59.519)	Prec@5 96.875 (89.871)
Epoch: [3][270/430]	Time 0.157 (0.160)	Data 0.000 (0.003)	Loss 23.5091 (27.3972)	Prec@1 50.000 (59.490)	Prec@5 93.750 (90.002)
Epoch: [3][280/430]	Time 0.158 (0.160)	Data 0.000 (0.003)	Loss 24.5320 (27.3838)	Prec@1 65.625 (59.520)	Prec@5 93.750 (90.002)
Epoch: [3][290/430]	Time 0.159 (0.160)	Data 0.000 (0.003)	Loss 34.8480 (27.4034)	Prec@1 59.375 (59.472)	Prec@5 87.500 (90.002)
Epoch: [3][300/430]	Time 0.157 (0.160)	Data 0.000 (0.003)	Loss 23.8177 (27.4342)	Prec@1 62.500 (59.427)	Prec@5 93.750 (90.023)
Epoch: [3][310/430]	Time 0.157 (0.160)	Data 0.000 (0.003)	Loss 25.3738 (27.3773)	Prec@1 59.375 (59.325)	Prec@5 90.625 (90.012)
Epoch: [3][320/430]	Time 0.158 (0.160)	Data 0.000 (0.002)	Loss 12.7418 (27.2669)	Prec@1 71.875 (59.424)	Prec@5 96.875 (90.051)
Epoch: [3][330/430]	Time 0.157 (0.160)	Data 0.000 (0.002)	Loss 26.0132 (27.1915)	Prec@1 59.375 (59.507)	Prec@5 93.750 (90.096)
Epoch: [3][340/430]	Time 0.157 (0.160)	Data 0.000 (0.002)	Loss 25.9668 (27.2143)	Prec@1 59.375 (59.366)	Prec@5 81.250 (90.093)
Epoch: [3][350/430]	Time 0.157 (0.160)	Data 0.000 (0.002)	Loss 20.6925 (27.1298)	Prec@1 68.750 (59.428)	Prec@5 87.500 (90.100)
Epoch: [3][360/430]	Time 0.157 (0.160)	Data 0.000 (0.002)	Loss 25.0000 (27.0952)	Prec@1 53.125 (59.514)	Prec@5 87.500 (90.062)
Epoch: [3][370/430]	Time 0.157 (0.160)	Data 0.000 (0.002)	Loss 18.0211 (26.9794)	Prec@1 62.500 (59.543)	Prec@5 90.625 (90.111)
Epoch: [3][380/430]	Time 0.156 (0.160)	Data 0.000 (0.002)	Loss 41.3623 (26.9562)	Prec@1 62.500 (59.621)	Prec@5 81.250 (90.067)
Epoch: [3][390/430]	Time 0.157 (0.159)	Data 0.000 (0.002)	Loss 28.9423 (27.0315)	Prec@1 59.375 (59.551)	Prec@5 87.500 (90.066)
Epoch: [3][400/430]	Time 0.158 (0.159)	Data 0.000 (0.002)	Loss 22.1622 (27.0207)	Prec@1 53.125 (59.461)	Prec@5 100.000 (90.111)
Epoch: [3][410/430]	Time 0.157 (0.159)	Data 0.000 (0.002)	Loss 11.4615 (26.9639)	Prec@1 75.000 (59.634)	Prec@5 100.000 (90.154)
Epoch: [3][420/430]	Time 0.158 (0.159)	Data 0.000 (0.002)	Loss 14.9177 (26.9496)	Prec@1 68.750 (59.650)	Prec@5 90.625 (90.165)
Test: [0/160]	Time 0.897 (0.897)	Loss 87.7313 (87.7313)	Prec@1 31.250 (31.250)	Prec@5 68.750 (68.750)
Test: [10/160]	Time 0.150 (0.223)	Loss 39.0326 (62.8600)	Prec@1 43.750 (36.364)	Prec@5 84.375 (75.852)
Test: [20/160]	Time 0.151 (0.190)	Loss 80.9690 (63.3128)	Prec@1 46.875 (40.327)	Prec@5 68.750 (76.339)
Test: [30/160]	Time 0.150 (0.178)	Loss 78.4678 (62.5939)	Prec@1 37.500 (39.819)	Prec@5 65.625 (76.613)
Test: [40/160]	Time 0.149 (0.171)	Loss 51.1311 (60.8433)	Prec@1 31.250 (38.415)	Prec@5 81.250 (77.287)
Test: [50/160]	Time 0.150 (0.167)	Loss 52.5093 (61.0875)	Prec@1 40.625 (38.174)	Prec@5 75.000 (76.838)
Test: [60/160]	Time 0.150 (0.164)	Loss 66.1066 (61.1098)	Prec@1 46.875 (38.883)	Prec@5 71.875 (76.486)
Test: [70/160]	Time 0.151 (0.162)	Loss 39.8786 (60.7744)	Prec@1 50.000 (38.820)	Prec@5 78.125 (76.761)
Test: [80/160]	Time 0.151 (0.161)	Loss 58.7922 (60.7780)	Prec@1 40.625 (38.735)	Prec@5 75.000 (77.006)
Test: [90/160]	Time 0.150 (0.160)	Loss 59.0003 (60.1175)	Prec@1 46.875 (38.874)	Prec@5 65.625 (77.095)
Test: [100/160]	Time 0.151 (0.159)	Loss 52.5798 (59.6660)	Prec@1 50.000 (38.738)	Prec@5 78.125 (77.042)
Test: [110/160]	Time 0.151 (0.158)	Loss 56.7079 (59.9256)	Prec@1 34.375 (38.851)	Prec@5 75.000 (77.027)
Test: [120/160]	Time 0.151 (0.157)	Loss 50.6738 (61.1313)	Prec@1 46.875 (38.688)	Prec@5 75.000 (76.808)
Test: [130/160]	Time 0.150 (0.157)	Loss 65.0289 (61.3645)	Prec@1 37.500 (38.812)	Prec@5 78.125 (76.765)
Test: [140/160]	Time 0.151 (0.156)	Loss 54.3412 (61.0970)	Prec@1 43.750 (39.074)	Prec@5 75.000 (76.751)
Test: [150/160]	Time 0.150 (0.156)	Loss 71.4025 (61.1660)	Prec@1 37.500 (38.969)	Prec@5 71.875 (76.697)
 * Prec@1 38.778 Prec@5 76.694
0 168 0.041666666666666664
1 190 0.20526315789473684
2 11 0.0
3 15 0.06666666666666667
4 1833 0.3333333333333333
5 231 0.24242424242424243
6 13 0.23076923076923078
7 313 0.12779552715654952
8 91 0.0
9 33 0.0
10 54 0.0
11 14 0.0
12 211 0.3744075829383886
13 326 0.0
14 294 0.30272108843537415
15 1309 0.8059587471352178
Epoch: [4][0/430]	Time 0.811 (0.811)	Data 0.652 (0.652)	Loss 28.8377 (28.8377)	Prec@1 62.500 (62.500)	Prec@5 87.500 (87.500)
Epoch: [4][10/430]	Time 0.158 (0.219)	Data 0.000 (0.061)	Loss 29.8627 (26.2980)	Prec@1 43.750 (57.386)	Prec@5 90.625 (89.773)
Epoch: [4][20/430]	Time 0.158 (0.190)	Data 0.000 (0.032)	Loss 13.4513 (24.4135)	Prec@1 78.125 (60.268)	Prec@5 93.750 (90.179)
Epoch: [4][30/430]	Time 0.157 (0.179)	Data 0.000 (0.022)	Loss 23.1600 (25.7507)	Prec@1 65.625 (61.089)	Prec@5 93.750 (89.718)
Epoch: [4][40/430]	Time 0.156 (0.174)	Data 0.000 (0.016)	Loss 27.1720 (26.0041)	Prec@1 56.250 (61.128)	Prec@5 87.500 (89.634)
Epoch: [4][50/430]	Time 0.159 (0.171)	Data 0.000 (0.013)	Loss 25.4627 (25.1945)	Prec@1 59.375 (61.275)	Prec@5 87.500 (89.767)
Epoch: [4][60/430]	Time 0.156 (0.169)	Data 0.000 (0.011)	Loss 17.5989 (24.6232)	Prec@1 68.750 (61.527)	Prec@5 96.875 (90.164)
Epoch: [4][70/430]	Time 0.158 (0.167)	Data 0.000 (0.010)	Loss 11.5914 (24.6420)	Prec@1 75.000 (61.796)	Prec@5 100.000 (90.581)
Epoch: [4][80/430]	Time 0.157 (0.166)	Data 0.000 (0.009)	Loss 10.3857 (24.3163)	Prec@1 59.375 (61.960)	Prec@5 96.875 (90.702)
Epoch: [4][90/430]	Time 0.157 (0.165)	Data 0.000 (0.008)	Loss 25.7294 (23.9611)	Prec@1 68.750 (62.191)	Prec@5 87.500 (90.659)
Epoch: [4][100/430]	Time 0.157 (0.164)	Data 0.000 (0.007)	Loss 31.3505 (24.1194)	Prec@1 56.250 (62.098)	Prec@5 87.500 (90.501)
Epoch: [4][110/430]	Time 0.157 (0.164)	Data 0.000 (0.006)	Loss 29.2312 (24.2572)	Prec@1 46.875 (61.318)	Prec@5 90.625 (90.372)
