creating model and allocating memory
initilzing model with pretrained weights
creating data loaders
start training
Epoch: [0][0/430]	Time 3.806 (3.806)	Data 0.685 (0.685)	Loss 75.9296 (75.9296)	Prec@1 0.000 (0.000)	Prec@5 25.000 (25.000)
Epoch: [0][10/430]	Time 0.324 (0.636)	Data 0.000 (0.062)	Loss 26.6574 (28.2845)	Prec@1 53.125 (51.136)	Prec@5 84.375 (76.420)
Epoch: [0][20/430]	Time 0.320 (0.486)	Data 0.000 (0.033)	Loss 16.5633 (23.8011)	Prec@1 62.500 (59.970)	Prec@5 90.625 (82.292)
Epoch: [0][30/430]	Time 0.321 (0.433)	Data 0.000 (0.022)	Loss 12.3023 (20.6710)	Prec@1 56.250 (61.794)	Prec@5 78.125 (83.669)
Epoch: [0][40/430]	Time 0.323 (0.405)	Data 0.000 (0.017)	Loss 4.7072 (16.5855)	Prec@1 71.875 (64.405)	Prec@5 90.625 (85.595)
Epoch: [0][50/430]	Time 0.319 (0.389)	Data 0.000 (0.014)	Loss 2.5364 (14.8755)	Prec@1 53.125 (64.522)	Prec@5 90.625 (85.968)
Epoch: [0][60/430]	Time 0.321 (0.378)	Data 0.000 (0.011)	Loss 3.0364 (13.3399)	Prec@1 68.750 (65.113)	Prec@5 93.750 (86.629)
Epoch: [0][70/430]	Time 0.320 (0.370)	Data 0.000 (0.010)	Loss 2.2602 (12.0536)	Prec@1 75.000 (65.801)	Prec@5 90.625 (87.236)
Epoch: [0][80/430]	Time 0.317 (0.363)	Data 0.000 (0.009)	Loss 1.9760 (10.8361)	Prec@1 68.750 (65.856)	Prec@5 96.875 (87.847)
Epoch: [0][90/430]	Time 0.320 (0.359)	Data 0.000 (0.008)	Loss 3.8429 (10.9824)	Prec@1 71.875 (66.243)	Prec@5 90.625 (88.118)
Epoch: [0][100/430]	Time 0.318 (0.355)	Data 0.000 (0.007)	Loss 1.8768 (10.5147)	Prec@1 62.500 (66.522)	Prec@5 90.625 (88.459)
Epoch: [0][110/430]	Time 0.322 (0.352)	Data 0.000 (0.006)	Loss 2.6894 (10.3243)	Prec@1 71.875 (66.864)	Prec@5 90.625 (88.485)
Epoch: [0][120/430]	Time 0.321 (0.349)	Data 0.000 (0.006)	Loss 2.6167 (9.8782)	Prec@1 68.750 (67.226)	Prec@5 81.250 (88.352)
Epoch: [0][130/430]	Time 0.321 (0.347)	Data 0.000 (0.005)	Loss 1.0339 (9.2789)	Prec@1 71.875 (67.032)	Prec@5 93.750 (88.430)
Epoch: [0][140/430]	Time 0.321 (0.345)	Data 0.000 (0.005)	Loss 1.1318 (8.7580)	Prec@1 78.125 (67.287)	Prec@5 90.625 (88.785)
Epoch: [0][150/430]	Time 0.323 (0.344)	Data 0.000 (0.005)	Loss 2.7166 (8.3281)	Prec@1 68.750 (67.384)	Prec@5 93.750 (89.052)
Epoch: [0][160/430]	Time 0.320 (0.342)	Data 0.000 (0.004)	Loss 1.5750 (7.8747)	Prec@1 75.000 (68.051)	Prec@5 90.625 (89.402)
Epoch: [0][170/430]	Time 0.319 (0.341)	Data 0.000 (0.004)	Loss 1.0302 (7.5039)	Prec@1 78.125 (68.713)	Prec@5 90.625 (89.748)
Epoch: [0][180/430]	Time 0.323 (0.340)	Data 0.000 (0.004)	Loss 1.2028 (7.1970)	Prec@1 65.625 (68.681)	Prec@5 100.000 (89.831)
Epoch: [0][190/430]	Time 0.319 (0.339)	Data 0.000 (0.004)	Loss 1.2481 (6.9249)	Prec@1 84.375 (69.077)	Prec@5 90.625 (90.085)
Epoch: [0][200/430]	Time 0.322 (0.338)	Data 0.000 (0.004)	Loss 1.0615 (6.6925)	Prec@1 75.000 (69.185)	Prec@5 90.625 (90.143)
Epoch: [0][210/430]	Time 0.321 (0.337)	Data 0.000 (0.003)	Loss 1.2921 (6.4433)	Prec@1 59.375 (69.328)	Prec@5 93.750 (90.181)
Epoch: [0][220/430]	Time 0.322 (0.337)	Data 0.000 (0.003)	Loss 0.9113 (6.1942)	Prec@1 81.250 (69.542)	Prec@5 93.750 (90.399)
Epoch: [0][230/430]	Time 0.320 (0.336)	Data 0.000 (0.003)	Loss 0.5212 (5.9581)	Prec@1 84.375 (70.008)	Prec@5 96.875 (90.611)
Epoch: [0][240/430]	Time 0.320 (0.335)	Data 0.000 (0.003)	Loss 0.4077 (5.7553)	Prec@1 90.625 (70.228)	Prec@5 100.000 (90.768)
Epoch: [0][250/430]	Time 0.319 (0.335)	Data 0.000 (0.003)	Loss 10.8876 (5.6030)	Prec@1 81.250 (70.568)	Prec@5 90.625 (90.999)
Epoch: [0][260/430]	Time 0.321 (0.334)	Data 0.000 (0.003)	Loss 0.3662 (5.4617)	Prec@1 84.375 (70.702)	Prec@5 100.000 (91.188)
Epoch: [0][270/430]	Time 0.321 (0.334)	Data 0.000 (0.003)	Loss 1.2760 (5.3264)	Prec@1 75.000 (70.872)	Prec@5 96.875 (91.248)
Epoch: [0][280/430]	Time 0.322 (0.333)	Data 0.000 (0.003)	Loss 4.4324 (5.1945)	Prec@1 78.125 (71.008)	Prec@5 87.500 (91.315)
Epoch: [0][290/430]	Time 0.320 (0.333)	Data 0.000 (0.003)	Loss 0.3943 (5.1231)	Prec@1 81.250 (71.198)	Prec@5 100.000 (91.463)
Epoch: [0][300/430]	Time 0.322 (0.332)	Data 0.000 (0.002)	Loss 3.5237 (5.0831)	Prec@1 81.250 (71.221)	Prec@5 93.750 (91.445)
Epoch: [0][310/430]	Time 0.320 (0.332)	Data 0.000 (0.002)	Loss 0.8769 (4.9531)	Prec@1 87.500 (71.503)	Prec@5 96.875 (91.580)
Epoch: [0][320/430]	Time 0.322 (0.332)	Data 0.000 (0.002)	Loss 0.3339 (4.8386)	Prec@1 87.500 (71.797)	Prec@5 100.000 (91.706)
Epoch: [0][330/430]	Time 0.325 (0.332)	Data 0.000 (0.002)	Loss 0.8528 (4.7208)	Prec@1 78.125 (72.092)	Prec@5 90.625 (91.852)
Epoch: [0][340/430]	Time 0.322 (0.331)	Data 0.000 (0.002)	Loss 0.8419 (4.6104)	Prec@1 84.375 (72.278)	Prec@5 96.875 (91.935)
Epoch: [0][350/430]	Time 0.321 (0.331)	Data 0.000 (0.002)	Loss 0.6936 (4.5297)	Prec@1 81.250 (72.356)	Prec@5 96.875 (91.987)
Epoch: [0][360/430]	Time 0.320 (0.331)	Data 0.000 (0.002)	Loss 0.5548 (4.4337)	Prec@1 81.250 (72.585)	Prec@5 100.000 (92.097)
Epoch: [0][370/430]	Time 0.321 (0.330)	Data 0.000 (0.002)	Loss 0.8387 (4.3635)	Prec@1 81.250 (72.793)	Prec@5 96.875 (92.200)
Epoch: [0][380/430]	Time 0.320 (0.330)	Data 0.000 (0.002)	Loss 4.4581 (4.2823)	Prec@1 75.000 (72.966)	Prec@5 93.750 (92.290)
Epoch: [0][390/430]	Time 0.323 (0.330)	Data 0.000 (0.002)	Loss 0.6343 (4.2086)	Prec@1 87.500 (73.106)	Prec@5 100.000 (92.415)
Epoch: [0][400/430]	Time 0.322 (0.330)	Data 0.000 (0.002)	Loss 1.9206 (4.1283)	Prec@1 62.500 (73.176)	Prec@5 87.500 (92.464)
Epoch: [0][410/430]	Time 0.321 (0.330)	Data 0.000 (0.002)	Loss 0.9763 (4.0575)	Prec@1 81.250 (73.320)	Prec@5 93.750 (92.518)
Epoch: [0][420/430]	Time 0.322 (0.329)	Data 0.000 (0.002)	Loss 1.0699 (4.0008)	Prec@1 78.125 (73.456)	Prec@5 93.750 (92.614)
Test: [0/160]	Time 0.868 (0.868)	Loss 7.1327 (7.1327)	Prec@1 43.750 (43.750)	Prec@5 68.750 (68.750)
Test: [10/160]	Time 0.150 (0.223)	Loss 9.5608 (7.6138)	Prec@1 34.375 (40.057)	Prec@5 65.625 (74.148)
Test: [20/160]	Time 0.151 (0.188)	Loss 6.0401 (8.4321)	Prec@1 46.875 (38.988)	Prec@5 78.125 (71.875)
Test: [30/160]	Time 0.148 (0.176)	Loss 10.1033 (8.2354)	Prec@1 34.375 (39.617)	Prec@5 68.750 (72.177)
Test: [40/160]	Time 0.151 (0.169)	Loss 12.8886 (8.6067)	Prec@1 25.000 (37.805)	Prec@5 65.625 (71.418)
Test: [50/160]	Time 0.150 (0.166)	Loss 8.2441 (8.9546)	Prec@1 34.375 (37.623)	Prec@5 65.625 (71.385)
Test: [60/160]	Time 0.152 (0.163)	Loss 12.9267 (8.8481)	Prec@1 43.750 (38.012)	Prec@5 71.875 (70.902)
Test: [70/160]	Time 0.151 (0.161)	Loss 11.2535 (9.0337)	Prec@1 34.375 (38.160)	Prec@5 62.500 (70.863)
Test: [80/160]	Time 0.150 (0.160)	Loss 12.2439 (9.3867)	Prec@1 37.500 (38.387)	Prec@5 71.875 (70.718)
Test: [90/160]	Time 0.150 (0.159)	Loss 12.0031 (9.5754)	Prec@1 37.500 (38.874)	Prec@5 65.625 (70.536)
Test: [100/160]	Time 0.150 (0.158)	Loss 11.1012 (9.7067)	Prec@1 25.000 (38.738)	Prec@5 59.375 (70.359)
Test: [110/160]	Time 0.150 (0.157)	Loss 10.1230 (9.7963)	Prec@1 40.625 (38.992)	Prec@5 62.500 (70.608)
Test: [120/160]	Time 0.150 (0.157)	Loss 10.2489 (9.8526)	Prec@1 34.375 (39.334)	Prec@5 71.875 (70.558)
Test: [130/160]	Time 0.149 (0.156)	Loss 15.5681 (9.9444)	Prec@1 18.750 (39.218)	Prec@5 62.500 (70.277)
Test: [140/160]	Time 0.150 (0.156)	Loss 13.6803 (10.0591)	Prec@1 31.250 (39.007)	Prec@5 68.750 (69.902)
Test: [150/160]	Time 0.150 (0.155)	Loss 9.4510 (9.9556)	Prec@1 37.500 (39.052)	Prec@5 71.875 (69.950)
 * Prec@1 39.365 Prec@5 70.153
0 168 0.02976190476190476
1 190 0.11578947368421053
2 11 0.0
3 15 0.0
4 1833 0.33387888707037644
5 231 0.5541125541125541
6 13 0.0
7 313 0.06389776357827476
8 91 0.0
9 33 0.0
10 54 0.0
11 14 0.0
12 211 0.16587677725118483
13 326 0.0
14 294 0.16666666666666666
15 1309 0.8701298701298701
***********************saving best model *********************
Epoch: [1][0/430]	Time 0.956 (0.956)	Data 0.642 (0.642)	Loss 8.0140 (8.0140)	Prec@1 62.500 (62.500)	Prec@5 90.625 (90.625)
Epoch: [1][10/430]	Time 0.321 (0.380)	Data 0.000 (0.059)	Loss 0.4023 (1.8299)	Prec@1 81.250 (77.557)	Prec@5 100.000 (97.159)
Epoch: [1][20/430]	Time 0.324 (0.352)	Data 0.000 (0.031)	Loss 0.7401 (1.7759)	Prec@1 84.375 (76.786)	Prec@5 100.000 (96.429)
Epoch: [1][30/430]	Time 0.323 (0.343)	Data 0.000 (0.021)	Loss 0.3007 (1.8188)	Prec@1 90.625 (78.125)	Prec@5 100.000 (96.371)
Epoch: [1][40/430]	Time 0.321 (0.338)	Data 0.000 (0.016)	Loss 0.7737 (1.5634)	Prec@1 81.250 (79.116)	Prec@5 93.750 (96.265)
Epoch: [1][50/430]	Time 0.319 (0.335)	Data 0.000 (0.013)	Loss 0.3601 (1.3935)	Prec@1 90.625 (79.841)	Prec@5 100.000 (96.569)
Epoch: [1][60/430]	Time 0.324 (0.332)	Data 0.000 (0.011)	Loss 0.3518 (1.2674)	Prec@1 84.375 (80.840)	Prec@5 100.000 (96.875)
Epoch: [1][70/430]	Time 0.321 (0.331)	Data 0.000 (0.009)	Loss 2.3696 (1.2575)	Prec@1 78.125 (80.810)	Prec@5 93.750 (96.963)
Epoch: [1][80/430]	Time 0.322 (0.330)	Data 0.000 (0.008)	Loss 0.6607 (1.2076)	Prec@1 78.125 (80.787)	Prec@5 96.875 (96.914)
Epoch: [1][90/430]	Time 0.322 (0.329)	Data 0.000 (0.007)	Loss 0.6079 (1.1855)	Prec@1 84.375 (80.838)	Prec@5 100.000 (96.978)
Epoch: [1][100/430]	Time 0.324 (0.328)	Data 0.000 (0.007)	Loss 0.6576 (1.1364)	Prec@1 90.625 (81.405)	Prec@5 93.750 (96.937)
Epoch: [1][110/430]	Time 0.323 (0.328)	Data 0.000 (0.006)	Loss 0.1909 (1.0873)	Prec@1 93.750 (81.757)	Prec@5 100.000 (96.931)
Epoch: [1][120/430]	Time 0.322 (0.328)	Data 0.000 (0.005)	Loss 0.3898 (1.0590)	Prec@1 84.375 (81.560)	Prec@5 100.000 (96.927)
Epoch: [1][130/430]	Time 0.323 (0.327)	Data 0.000 (0.005)	Loss 0.3319 (1.0207)	Prec@1 87.500 (81.584)	Prec@5 100.000 (97.018)
Epoch: [1][140/430]	Time 0.320 (0.327)	Data 0.000 (0.005)	Loss 0.5348 (1.0021)	Prec@1 84.375 (81.449)	Prec@5 100.000 (97.030)
Epoch: [1][150/430]	Time 0.324 (0.327)	Data 0.000 (0.004)	Loss 0.6780 (0.9913)	Prec@1 81.250 (81.643)	Prec@5 96.875 (96.937)
Epoch: [1][160/430]	Time 0.322 (0.326)	Data 0.000 (0.004)	Loss 0.4662 (1.0113)	Prec@1 84.375 (81.774)	Prec@5 96.875 (96.991)
Epoch: [1][170/430]	Time 0.323 (0.326)	Data 0.000 (0.004)	Loss 0.6080 (0.9911)	Prec@1 78.125 (81.725)	Prec@5 100.000 (96.966)
Epoch: [1][180/430]	Time 0.322 (0.326)	Data 0.000 (0.004)	Loss 0.8901 (0.9628)	Prec@1 68.750 (82.010)	Prec@5 96.875 (97.048)
Epoch: [1][190/430]	Time 0.322 (0.326)	Data 0.000 (0.004)	Loss 0.5225 (0.9685)	Prec@1 84.375 (82.068)	Prec@5 100.000 (97.088)
Epoch: [1][200/430]	Time 0.323 (0.326)	Data 0.000 (0.003)	Loss 1.3634 (0.9519)	Prec@1 75.000 (82.152)	Prec@5 90.625 (97.093)
Epoch: [1][210/430]	Time 0.327 (0.326)	Data 0.000 (0.003)	Loss 0.3695 (0.9378)	Prec@1 90.625 (82.257)	Prec@5 96.875 (97.112)
Epoch: [1][220/430]	Time 0.325 (0.325)	Data 0.000 (0.003)	Loss 0.3950 (0.9190)	Prec@1 87.500 (82.452)	Prec@5 100.000 (97.186)
Epoch: [1][230/430]	Time 0.322 (0.325)	Data 0.000 (0.003)	Loss 0.3195 (0.9043)	Prec@1 93.750 (82.522)	Prec@5 100.000 (97.227)
Epoch: [1][240/430]	Time 0.321 (0.325)	Data 0.000 (0.003)	Loss 0.4955 (0.8892)	Prec@1 87.500 (82.676)	Prec@5 96.875 (97.264)
Epoch: [1][250/430]	Time 0.324 (0.325)	Data 0.000 (0.003)	Loss 0.7668 (0.9044)	Prec@1 81.250 (82.806)	Prec@5 93.750 (97.298)
Epoch: [1][260/430]	Time 0.322 (0.325)	Data 0.000 (0.003)	Loss 2.5693 (0.9084)	Prec@1 62.500 (82.759)	Prec@5 93.750 (97.294)
Epoch: [1][270/430]	Time 0.323 (0.325)	Data 0.000 (0.003)	Loss 0.2867 (0.9031)	Prec@1 90.625 (82.668)	Prec@5 100.000 (97.279)
Epoch: [1][280/430]	Time 0.325 (0.325)	Data 0.000 (0.002)	Loss 0.3434 (0.8947)	Prec@1 90.625 (82.651)	Prec@5 100.000 (97.275)
Epoch: [1][290/430]	Time 0.325 (0.325)	Data 0.000 (0.002)	Loss 0.7635 (0.9018)	Prec@1 75.000 (82.635)	Prec@5 96.875 (97.294)
Epoch: [1][300/430]	Time 0.323 (0.325)	Data 0.000 (0.002)	Loss 0.4916 (0.8905)	Prec@1 84.375 (82.683)	Prec@5 93.750 (97.332)
Epoch: [1][310/430]	Time 0.324 (0.325)	Data 0.000 (0.002)	Loss 0.8093 (0.8800)	Prec@1 78.125 (82.697)	Prec@5 93.750 (97.367)
Epoch: [1][320/430]	Time 0.325 (0.325)	Data 0.000 (0.002)	Loss 0.4534 (0.8712)	Prec@1 87.500 (82.749)	Prec@5 100.000 (97.371)
Epoch: [1][330/430]	Time 0.323 (0.325)	Data 0.000 (0.002)	Loss 0.6836 (0.8827)	Prec@1 78.125 (82.836)	Prec@5 100.000 (97.413)
Epoch: [1][340/430]	Time 0.322 (0.325)	Data 0.000 (0.002)	Loss 1.9332 (0.8888)	Prec@1 81.250 (82.780)	Prec@5 96.875 (97.416)
Epoch: [1][350/430]	Time 0.323 (0.325)	Data 0.000 (0.002)	Loss 0.7678 (0.8950)	Prec@1 90.625 (82.915)	Prec@5 96.875 (97.400)
Epoch: [1][360/430]	Time 0.323 (0.325)	Data 0.000 (0.002)	Loss 0.4598 (0.8984)	Prec@1 90.625 (82.834)	Prec@5 96.875 (97.368)
Epoch: [1][370/430]	Time 0.324 (0.325)	Data 0.000 (0.002)	Loss 0.6417 (0.8945)	Prec@1 78.125 (82.716)	Prec@5 93.750 (97.338)
Epoch: [1][380/430]	Time 0.324 (0.325)	Data 0.000 (0.002)	Loss 0.6226 (0.8916)	Prec@1 78.125 (82.694)	Prec@5 100.000 (97.326)
Epoch: [1][390/430]	Time 0.321 (0.324)	Data 0.000 (0.002)	Loss 1.5701 (0.8920)	Prec@1 78.125 (82.705)	Prec@5 96.875 (97.347)
Epoch: [1][400/430]	Time 0.323 (0.324)	Data 0.000 (0.002)	Loss 0.6488 (0.8855)	Prec@1 81.250 (82.793)	Prec@5 96.875 (97.382)
Epoch: [1][410/430]	Time 0.323 (0.324)	Data 0.000 (0.002)	Loss 1.4453 (0.8769)	Prec@1 84.375 (82.870)	Prec@5 96.875 (97.415)
Epoch: [1][420/430]	Time 0.325 (0.324)	Data 0.000 (0.002)	Loss 0.5311 (0.8687)	Prec@1 81.250 (82.898)	Prec@5 100.000 (97.454)
Test: [0/160]	Time 0.902 (0.902)	Loss 2.3830 (2.3830)	Prec@1 46.875 (46.875)	Prec@5 90.625 (90.625)
Test: [10/160]	Time 0.152 (0.219)	Loss 2.9833 (2.6754)	Prec@1 31.250 (46.023)	Prec@5 68.750 (81.818)
Test: [20/160]	Time 0.151 (0.188)	Loss 3.8246 (2.7880)	Prec@1 31.250 (44.048)	Prec@5 78.125 (79.911)
Test: [30/160]	Time 0.151 (0.176)	Loss 2.6981 (2.8836)	Prec@1 40.625 (41.431)	Prec@5 84.375 (79.133)
Test: [40/160]	Time 0.149 (0.170)	Loss 3.0738 (2.8804)	Prec@1 43.750 (41.768)	Prec@5 75.000 (79.345)
Test: [50/160]	Time 0.149 (0.166)	Loss 3.2406 (2.9192)	Prec@1 40.625 (41.789)	Prec@5 78.125 (79.228)
Test: [60/160]	Time 0.150 (0.164)	Loss 2.8086 (2.9090)	Prec@1 34.375 (41.496)	Prec@5 81.250 (78.945)
Test: [70/160]	Time 0.150 (0.162)	Loss 4.6259 (2.9535)	Prec@1 31.250 (40.625)	Prec@5 71.875 (78.521)
Test: [80/160]	Time 0.149 (0.160)	Loss 2.5365 (2.9044)	Prec@1 43.750 (41.088)	Prec@5 81.250 (78.897)
Test: [90/160]	Time 0.150 (0.159)	Loss 3.1169 (2.9007)	Prec@1 46.875 (41.277)	Prec@5 78.125 (78.984)
Test: [100/160]	Time 0.151 (0.158)	Loss 2.3039 (2.9203)	Prec@1 40.625 (40.934)	Prec@5 81.250 (78.682)
Test: [110/160]	Time 0.149 (0.158)	Loss 2.3468 (2.8958)	Prec@1 40.625 (41.047)	Prec@5 81.250 (78.773)
Test: [120/160]	Time 0.151 (0.157)	Loss 2.8455 (2.8680)	Prec@1 34.375 (41.219)	Prec@5 71.875 (79.132)
Test: [130/160]	Time 0.150 (0.157)	Loss 2.4801 (2.8861)	Prec@1 31.250 (40.792)	Prec@5 87.500 (79.031)
Test: [140/160]	Time 0.150 (0.156)	Loss 3.2079 (2.8739)	Prec@1 34.375 (40.802)	Prec@5 78.125 (79.189)
Test: [150/160]	Time 0.151 (0.156)	Loss 2.8942 (2.8670)	Prec@1 43.750 (40.791)	Prec@5 71.875 (79.201)
 * Prec@1 40.403 Prec@5 79.221
0 168 0.05357142857142857
1 190 0.23157894736842105
2 11 0.0
3 15 0.0
4 1833 0.5319148936170213
5 231 0.4458874458874459
6 13 0.0
7 313 0.04153354632587859
8 91 0.0
9 33 0.0
10 54 0.0
11 14 0.0
12 211 0.14218009478672985
13 326 0.0
14 294 0.47619047619047616
15 1309 0.5721925133689839
***********************saving best model *********************
Epoch: [2][0/430]	Time 0.962 (0.962)	Data 0.647 (0.647)	Loss 0.3113 (0.3113)	Prec@1 84.375 (84.375)	Prec@5 96.875 (96.875)
Epoch: [2][10/430]	Time 0.322 (0.381)	Data 0.000 (0.059)	Loss 0.8387 (0.9124)	Prec@1 68.750 (77.841)	Prec@5 96.875 (98.295)
Epoch: [2][20/430]	Time 0.325 (0.354)	Data 0.000 (0.031)	Loss 0.8414 (2.4457)	Prec@1 71.875 (72.768)	Prec@5 96.875 (95.982)
Epoch: [2][30/430]	Time 0.322 (0.344)	Data 0.000 (0.021)	Loss 1.6337 (2.6896)	Prec@1 59.375 (71.472)	Prec@5 90.625 (95.262)
Epoch: [2][40/430]	Time 0.325 (0.339)	Data 0.000 (0.016)	Loss 1.3218 (2.8387)	Prec@1 59.375 (71.265)	Prec@5 96.875 (94.893)
Epoch: [2][50/430]	Time 0.323 (0.335)	Data 0.000 (0.013)	Loss 2.5126 (2.9059)	Prec@1 81.250 (71.814)	Prec@5 96.875 (94.975)
Epoch: [2][60/430]	Time 0.321 (0.333)	Data 0.000 (0.011)	Loss 0.6006 (2.8466)	Prec@1 84.375 (72.541)	Prec@5 96.875 (95.133)
Epoch: [2][70/430]	Time 0.326 (0.332)	Data 0.000 (0.009)	Loss 0.6018 (2.8697)	Prec@1 78.125 (72.447)	Prec@5 100.000 (94.850)
Epoch: [2][80/430]	Time 0.325 (0.331)	Data 0.000 (0.008)	Loss 7.2388 (2.7542)	Prec@1 75.000 (72.145)	Prec@5 87.500 (94.792)
Epoch: [2][90/430]	Time 0.323 (0.330)	Data 0.000 (0.007)	Loss 0.8254 (2.5647)	Prec@1 78.125 (72.321)	Prec@5 93.750 (94.780)
Epoch: [2][100/430]	Time 0.322 (0.329)	Data 0.000 (0.007)	Loss 0.6301 (2.4552)	Prec@1 81.250 (73.051)	Prec@5 100.000 (94.957)
Epoch: [2][110/430]	Time 0.322 (0.329)	Data 0.000 (0.006)	Loss 0.9281 (2.3138)	Prec@1 65.625 (73.311)	Prec@5 96.875 (94.904)
Epoch: [2][120/430]	Time 0.325 (0.328)	Data 0.000 (0.006)	Loss 4.8183 (2.2912)	Prec@1 78.125 (73.321)	Prec@5 96.875 (95.015)
Epoch: [2][130/430]	Time 0.324 (0.328)	Data 0.000 (0.005)	Loss 0.9411 (2.2057)	Prec@1 68.750 (73.259)	Prec@5 100.000 (95.205)
Epoch: [2][140/430]	Time 0.323 (0.327)	Data 0.000 (0.005)	Loss 0.5926 (2.0990)	Prec@1 81.250 (73.759)	Prec@5 100.000 (95.368)
Epoch: [2][150/430]	Time 0.321 (0.327)	Data 0.000 (0.004)	Loss 0.7082 (2.0158)	Prec@1 68.750 (73.738)	Prec@5 96.875 (95.281)
Epoch: [2][160/430]	Time 0.324 (0.327)	Data 0.000 (0.004)	Loss 0.8084 (1.9361)	Prec@1 75.000 (73.932)	Prec@5 96.875 (95.419)
Epoch: [2][170/430]	Time 0.323 (0.327)	Data 0.000 (0.004)	Loss 1.1446 (1.8619)	Prec@1 78.125 (74.251)	Prec@5 100.000 (95.523)
Epoch: [2][180/430]	Time 0.325 (0.326)	Data 0.000 (0.004)	Loss 0.5450 (1.7918)	Prec@1 84.375 (74.741)	Prec@5 96.875 (95.563)
Epoch: [2][190/430]	Time 0.324 (0.326)	Data 0.000 (0.004)	Loss 0.3615 (1.7289)	Prec@1 84.375 (75.131)	Prec@5 100.000 (95.730)
Epoch: [2][200/430]	Time 0.324 (0.326)	Data 0.000 (0.003)	Loss 0.7734 (1.6767)	Prec@1 71.875 (75.373)	Prec@5 100.000 (95.864)
Epoch: [2][210/430]	Time 0.321 (0.326)	Data 0.000 (0.003)	Loss 0.6240 (1.6250)	Prec@1 81.250 (75.696)	Prec@5 100.000 (95.927)
Epoch: [2][220/430]	Time 0.322 (0.326)	Data 0.000 (0.003)	Loss 1.0309 (1.5815)	Prec@1 56.250 (75.877)	Prec@5 93.750 (96.027)
Epoch: [2][230/430]	Time 0.323 (0.326)	Data 0.000 (0.003)	Loss 0.7339 (1.5518)	Prec@1 84.375 (76.245)	Prec@5 96.875 (96.077)
Epoch: [2][240/430]	Time 0.322 (0.326)	Data 0.000 (0.003)	Loss 0.3267 (1.5159)	Prec@1 84.375 (76.426)	Prec@5 100.000 (96.188)
Epoch: [2][250/430]	Time 0.324 (0.326)	Data 0.000 (0.003)	Loss 0.4737 (1.4849)	Prec@1 84.375 (76.519)	Prec@5 96.875 (96.215)
Epoch: [2][260/430]	Time 0.322 (0.325)	Data 0.000 (0.003)	Loss 1.9315 (1.4576)	Prec@1 78.125 (76.664)	Prec@5 96.875 (96.264)
Epoch: [2][270/430]	Time 0.325 (0.325)	Data 0.000 (0.003)	Loss 0.6639 (1.4239)	Prec@1 84.375 (76.903)	Prec@5 96.875 (96.333)
Epoch: [2][280/430]	Time 0.324 (0.325)	Data 0.000 (0.002)	Loss 0.7799 (1.3951)	Prec@1 84.375 (77.102)	Prec@5 93.750 (96.408)
Epoch: [2][290/430]	Time 0.322 (0.325)	Data 0.000 (0.002)	Loss 0.2658 (1.3650)	Prec@1 84.375 (77.277)	Prec@5 100.000 (96.467)
Epoch: [2][300/430]	Time 0.325 (0.325)	Data 0.000 (0.002)	Loss 0.6101 (1.3368)	Prec@1 78.125 (77.461)	Prec@5 96.875 (96.553)
Epoch: [2][310/430]	Time 0.324 (0.325)	Data 0.000 (0.002)	Loss 0.5977 (1.3138)	Prec@1 78.125 (77.643)	Prec@5 100.000 (96.574)
Epoch: [2][320/430]	Time 0.323 (0.325)	Data 0.000 (0.002)	Loss 0.2617 (1.2920)	Prec@1 93.750 (77.813)	Prec@5 100.000 (96.573)
Epoch: [2][330/430]	Time 0.323 (0.325)	Data 0.000 (0.002)	Loss 0.3246 (1.2668)	Prec@1 90.625 (78.049)	Prec@5 96.875 (96.648)
Epoch: [2][340/430]	Time 0.325 (0.325)	Data 0.000 (0.002)	Loss 0.2737 (1.2422)	Prec@1 90.625 (78.290)	Prec@5 100.000 (96.719)
Epoch: [2][350/430]	Time 0.323 (0.325)	Data 0.000 (0.002)	Loss 0.5816 (1.2192)	Prec@1 81.250 (78.535)	Prec@5 96.875 (96.777)
Epoch: [2][360/430]	Time 0.321 (0.325)	Data 0.000 (0.002)	Loss 0.2054 (1.1978)	Prec@1 90.625 (78.800)	Prec@5 100.000 (96.832)
Epoch: [2][370/430]	Time 0.327 (0.325)	Data 0.000 (0.002)	Loss 0.4524 (1.1774)	Prec@1 84.375 (78.934)	Prec@5 100.000 (96.900)
Epoch: [2][380/430]	Time 0.322 (0.325)	Data 0.000 (0.002)	Loss 0.7337 (1.1624)	Prec@1 75.000 (78.953)	Prec@5 100.000 (96.957)
Epoch: [2][390/430]	Time 0.323 (0.325)	Data 0.000 (0.002)	Loss 0.5912 (1.1445)	Prec@1 81.250 (79.108)	Prec@5 96.875 (96.987)
Epoch: [2][400/430]	Time 0.323 (0.325)	Data 0.000 (0.002)	Loss 0.2736 (1.1292)	Prec@1 90.625 (79.200)	Prec@5 100.000 (97.007)
Epoch: [2][410/430]	Time 0.324 (0.325)	Data 0.000 (0.002)	Loss 0.3976 (1.1126)	Prec@1 84.375 (79.380)	Prec@5 100.000 (97.042)
Epoch: [2][420/430]	Time 0.325 (0.325)	Data 0.000 (0.002)	Loss 0.8714 (1.0983)	Prec@1 65.625 (79.535)	Prec@5 93.750 (97.038)
Test: [0/160]	Time 0.888 (0.888)	Loss 2.4572 (2.4572)	Prec@1 43.750 (43.750)	Prec@5 81.250 (81.250)
Test: [10/160]	Time 0.152 (0.220)	Loss 4.0229 (3.3829)	Prec@1 37.500 (36.080)	Prec@5 68.750 (74.432)
Test: [20/160]	Time 0.150 (0.187)	Loss 2.3091 (3.1822)	Prec@1 43.750 (38.839)	Prec@5 81.250 (76.488)
Test: [30/160]	Time 0.151 (0.175)	Loss 2.0539 (3.1889)	Prec@1 56.250 (39.516)	Prec@5 87.500 (77.117)
Test: [40/160]	Time 0.149 (0.169)	Loss 2.8508 (3.1752)	Prec@1 43.750 (40.168)	Prec@5 84.375 (77.210)
Test: [50/160]	Time 0.150 (0.166)	Loss 2.2547 (3.1469)	Prec@1 46.875 (39.890)	Prec@5 87.500 (77.574)
Test: [60/160]	Time 0.151 (0.163)	Loss 3.5207 (3.1631)	Prec@1 37.500 (39.447)	Prec@5 68.750 (77.613)
Test: [70/160]	Time 0.152 (0.161)	Loss 3.3862 (3.1348)	Prec@1 31.250 (39.217)	Prec@5 78.125 (77.773)
Test: [80/160]	Time 0.150 (0.160)	Loss 3.1041 (3.0944)	Prec@1 43.750 (39.815)	Prec@5 81.250 (78.164)
Test: [90/160]	Time 0.150 (0.159)	Loss 3.1334 (3.1241)	Prec@1 28.125 (39.904)	Prec@5 78.125 (77.679)
Test: [100/160]	Time 0.152 (0.158)	Loss 3.1812 (3.1230)	Prec@1 37.500 (40.377)	Prec@5 81.250 (77.908)
Test: [110/160]	Time 0.151 (0.157)	Loss 3.4131 (3.1168)	Prec@1 34.375 (40.062)	Prec@5 75.000 (77.956)
Test: [120/160]	Time 0.150 (0.157)	Loss 2.1157 (3.0761)	Prec@1 46.875 (40.367)	Prec@5 81.250 (78.435)
Test: [130/160]	Time 0.150 (0.156)	Loss 2.5652 (3.0661)	Prec@1 53.125 (40.649)	Prec@5 84.375 (78.483)
Test: [140/160]	Time 0.152 (0.156)	Loss 1.8403 (3.0508)	Prec@1 59.375 (40.824)	Prec@5 84.375 (78.657)
Test: [150/160]	Time 0.151 (0.156)	Loss 2.3790 (3.0545)	Prec@1 50.000 (40.749)	Prec@5 84.375 (78.642)
 * Prec@1 40.873 Prec@5 78.653
0 168 0.011904761904761904
1 190 0.11578947368421053
2 11 0.0
3 15 0.0
4 1833 0.430987452264048
5 231 0.5757575757575758
6 13 0.0
7 313 0.11182108626198083
8 91 0.01098901098901099
9 33 0.0
10 54 0.0
11 14 0.0
12 211 0.27014218009478674
13 326 0.0
14 294 0.30952380952380953
15 1309 0.7303284950343774
***********************saving best model *********************
Epoch: [3][0/430]	Time 0.934 (0.934)	Data 0.619 (0.619)	Loss 0.2317 (0.2317)	Prec@1 96.875 (96.875)	Prec@5 100.000 (100.000)
Epoch: [3][10/430]	Time 0.323 (0.379)	Data 0.000 (0.057)	Loss 1.6229 (0.9579)	Prec@1 62.500 (78.125)	Prec@5 93.750 (95.170)
Epoch: [3][20/430]	Time 0.322 (0.352)	Data 0.000 (0.030)	Loss 0.9771 (0.9486)	Prec@1 65.625 (78.274)	Prec@5 96.875 (96.726)
Epoch: [3][30/430]	Time 0.321 (0.343)	Data 0.000 (0.020)	Loss 24.4703 (2.3865)	Prec@1 78.125 (76.915)	Prec@5 96.875 (96.069)
Epoch: [3][40/430]	Time 0.324 (0.338)	Data 0.000 (0.015)	Loss 0.5860 (2.2897)	Prec@1 71.875 (76.524)	Prec@5 100.000 (96.189)
Epoch: [3][50/430]	Time 0.322 (0.335)	Data 0.000 (0.012)	Loss 1.1406 (2.5232)	Prec@1 71.875 (76.900)	Prec@5 96.875 (96.078)
Epoch: [3][60/430]	Time 0.324 (0.333)	Data 0.000 (0.010)	Loss 2.7833 (2.4541)	Prec@1 59.375 (76.639)	Prec@5 93.750 (96.004)
Epoch: [3][70/430]	Time 0.323 (0.332)	Data 0.000 (0.009)	Loss 20.5682 (2.6338)	Prec@1 75.000 (76.188)	Prec@5 93.750 (95.995)
Epoch: [3][80/430]	Time 0.323 (0.331)	Data 0.000 (0.008)	Loss 0.5325 (2.4368)	Prec@1 81.250 (76.852)	Prec@5 100.000 (96.026)
Epoch: [3][90/430]	Time 0.324 (0.330)	Data 0.000 (0.007)	Loss 0.8306 (2.2878)	Prec@1 78.125 (76.717)	Prec@5 96.875 (96.085)
Epoch: [3][100/430]	Time 0.323 (0.329)	Data 0.000 (0.006)	Loss 4.4433 (2.2293)	Prec@1 68.750 (77.228)	Prec@5 90.625 (96.163)
Epoch: [3][110/430]	Time 0.322 (0.329)	Data 0.000 (0.006)	Loss 0.6475 (2.1679)	Prec@1 81.250 (77.083)	Prec@5 96.875 (96.143)
Epoch: [3][120/430]	Time 0.324 (0.328)	Data 0.000 (0.005)	Loss 1.1503 (2.1844)	Prec@1 78.125 (77.169)	Prec@5 93.750 (96.358)
Epoch: [3][130/430]	Time 0.324 (0.328)	Data 0.000 (0.005)	Loss 2.4008 (2.1711)	Prec@1 87.500 (77.409)	Prec@5 96.875 (96.398)
Epoch: [3][140/430]	Time 0.323 (0.328)	Data 0.000 (0.005)	Loss 1.3214 (2.1101)	Prec@1 78.125 (77.394)	Prec@5 96.875 (96.432)
Epoch: [3][150/430]	Time 0.326 (0.327)	Data 0.000 (0.004)	Loss 1.7937 (2.0398)	Prec@1 84.375 (77.566)	Prec@5 96.875 (96.544)
Epoch: [3][160/430]	Time 0.320 (0.327)	Data 0.000 (0.004)	Loss 0.7000 (1.9627)	Prec@1 75.000 (77.640)	Prec@5 100.000 (96.623)
Epoch: [3][170/430]	Time 0.323 (0.327)	Data 0.000 (0.004)	Loss 0.5948 (1.8832)	Prec@1 84.375 (77.796)	Prec@5 100.000 (96.711)
Epoch: [3][180/430]	Time 0.327 (0.327)	Data 0.000 (0.004)	Loss 5.6995 (1.8517)	Prec@1 84.375 (77.797)	Prec@5 96.875 (96.806)
Epoch: [3][190/430]	Time 0.324 (0.326)	Data 0.000 (0.003)	Loss 1.0295 (1.8001)	Prec@1 75.000 (77.945)	Prec@5 93.750 (96.810)
Epoch: [3][200/430]	Time 0.322 (0.326)	Data 0.000 (0.003)	Loss 0.9352 (1.7457)	Prec@1 78.125 (78.063)	Prec@5 96.875 (96.875)
Epoch: [3][210/430]	Time 0.324 (0.326)	Data 0.000 (0.003)	Loss 0.4496 (1.7318)	Prec@1 90.625 (78.110)	Prec@5 100.000 (96.875)
Epoch: [3][220/430]	Time 0.323 (0.326)	Data 0.000 (0.003)	Loss 0.5556 (1.6949)	Prec@1 84.375 (78.167)	Prec@5 96.875 (96.875)
Epoch: [3][230/430]	Time 0.324 (0.326)	Data 0.000 (0.003)	Loss 0.6697 (1.6438)	Prec@1 78.125 (78.450)	Prec@5 96.875 (96.929)
Epoch: [3][240/430]	Time 0.322 (0.326)	Data 0.000 (0.003)	Loss 0.5951 (1.6059)	Prec@1 84.375 (78.579)	Prec@5 100.000 (97.018)
Epoch: [3][250/430]	Time 0.321 (0.326)	Data 0.000 (0.003)	Loss 0.6860 (1.5899)	Prec@1 81.250 (78.723)	Prec@5 100.000 (97.087)
Epoch: [3][260/430]	Time 0.321 (0.326)	Data 0.000 (0.003)	Loss 0.5959 (1.5508)	Prec@1 84.375 (78.903)	Prec@5 96.875 (97.162)
Epoch: [3][270/430]	Time 0.320 (0.325)	Data 0.000 (0.002)	Loss 0.4609 (1.5135)	Prec@1 87.500 (79.071)	Prec@5 100.000 (97.198)
Epoch: [3][280/430]	Time 0.324 (0.325)	Data 0.000 (0.002)	Loss 1.1427 (1.4800)	Prec@1 78.125 (79.148)	Prec@5 100.000 (97.242)
Epoch: [3][290/430]	Time 0.325 (0.325)	Data 0.000 (0.002)	Loss 0.4023 (1.4640)	Prec@1 90.625 (79.210)	Prec@5 96.875 (97.240)
Epoch: [3][300/430]	Time 0.324 (0.325)	Data 0.000 (0.002)	Loss 0.3111 (1.4315)	Prec@1 90.625 (79.444)	Prec@5 100.000 (97.290)
Epoch: [3][310/430]	Time 0.322 (0.325)	Data 0.000 (0.002)	Loss 0.6620 (1.4016)	Prec@1 81.250 (79.572)	Prec@5 96.875 (97.337)
Epoch: [3][320/430]	Time 0.322 (0.325)	Data 0.000 (0.002)	Loss 3.8438 (1.3863)	Prec@1 75.000 (79.683)	Prec@5 93.750 (97.333)
Epoch: [3][330/430]	Time 0.324 (0.325)	Data 0.000 (0.002)	Loss 0.6796 (1.3583)	Prec@1 84.375 (79.890)	Prec@5 100.000 (97.375)
Epoch: [3][340/430]	Time 0.322 (0.325)	Data 0.000 (0.002)	Loss 5.9068 (1.3525)	Prec@1 78.125 (80.031)	Prec@5 93.750 (97.407)
Epoch: [3][350/430]	Time 0.323 (0.325)	Data 0.000 (0.002)	Loss 0.4905 (1.3280)	Prec@1 81.250 (80.164)	Prec@5 96.875 (97.445)
Epoch: [3][360/430]	Time 0.323 (0.325)	Data 0.000 (0.002)	Loss 0.5514 (1.3108)	Prec@1 84.375 (80.220)	Prec@5 96.875 (97.464)
Epoch: [3][370/430]	Time 0.323 (0.325)	Data 0.000 (0.002)	Loss 0.4196 (1.2914)	Prec@1 87.500 (80.315)	Prec@5 100.000 (97.465)
Epoch: [3][380/430]	Time 0.323 (0.325)	Data 0.000 (0.002)	Loss 1.0121 (1.2714)	Prec@1 62.500 (80.323)	Prec@5 96.875 (97.507)
Epoch: [3][390/430]	Time 0.324 (0.325)	Data 0.000 (0.002)	Loss 0.5759 (1.2557)	Prec@1 81.250 (80.315)	Prec@5 96.875 (97.498)
Epoch: [3][400/430]	Time 0.324 (0.325)	Data 0.000 (0.002)	Loss 0.3484 (1.2347)	Prec@1 90.625 (80.494)	Prec@5 100.000 (97.537)
Epoch: [3][410/430]	Time 0.319 (0.325)	Data 0.000 (0.002)	Loss 0.6062 (1.2164)	Prec@1 81.250 (80.665)	Prec@5 100.000 (97.559)
Epoch: [3][420/430]	Time 0.326 (0.325)	Data 0.000 (0.002)	Loss 0.4492 (1.2024)	Prec@1 87.500 (80.730)	Prec@5 96.875 (97.550)
Test: [0/160]	Time 0.874 (0.874)	Loss 2.2278 (2.2278)	Prec@1 50.000 (50.000)	Prec@5 90.625 (90.625)
Test: [10/160]	Time 0.151 (0.219)	Loss 2.9925 (2.8363)	Prec@1 40.625 (39.205)	Prec@5 75.000 (81.818)
Test: [20/160]	Time 0.151 (0.187)	Loss 2.7979 (2.7358)	Prec@1 50.000 (42.708)	Prec@5 81.250 (83.185)
Test: [30/160]	Time 0.150 (0.175)	Loss 3.6044 (2.8005)	Prec@1 37.500 (41.734)	Prec@5 81.250 (82.359)
Test: [40/160]	Time 0.150 (0.169)	Loss 3.0026 (2.8407)	Prec@1 37.500 (41.387)	Prec@5 78.125 (82.165)
Test: [50/160]	Time 0.150 (0.165)	Loss 2.7146 (2.8108)	Prec@1 50.000 (42.218)	Prec@5 81.250 (82.169)
Test: [60/160]	Time 0.152 (0.163)	Loss 2.6178 (2.8592)	Prec@1 43.750 (41.701)	Prec@5 78.125 (81.404)
Test: [70/160]	Time 0.151 (0.161)	Loss 2.8235 (2.8541)	Prec@1 40.625 (41.901)	Prec@5 81.250 (81.514)
Test: [80/160]	Time 0.151 (0.160)	Loss 1.5757 (2.8097)	Prec@1 59.375 (42.052)	Prec@5 90.625 (82.099)
Test: [90/160]	Time 0.150 (0.159)	Loss 2.6809 (2.8122)	Prec@1 50.000 (41.793)	Prec@5 84.375 (82.040)
Test: [100/160]	Time 0.152 (0.158)	Loss 2.1155 (2.8240)	Prec@1 46.875 (41.708)	Prec@5 87.500 (81.900)
Test: [110/160]	Time 0.151 (0.157)	Loss 2.6149 (2.8095)	Prec@1 31.250 (41.582)	Prec@5 81.250 (82.038)
Test: [120/160]	Time 0.150 (0.157)	Loss 2.5824 (2.7913)	Prec@1 43.750 (41.658)	Prec@5 78.125 (82.102)
Test: [130/160]	Time 0.150 (0.156)	Loss 2.2586 (2.7802)	Prec@1 53.125 (41.937)	Prec@5 84.375 (81.990)
Test: [140/160]	Time 0.151 (0.156)	Loss 2.8682 (2.7910)	Prec@1 43.750 (41.556)	Prec@5 84.375 (81.959)
Test: [150/160]	Time 0.150 (0.155)	Loss 2.9200 (2.7933)	Prec@1 34.375 (41.556)	Prec@5 84.375 (82.078)
 * Prec@1 41.481 Prec@5 82.060
0 168 0.023809523809523808
1 190 0.21052631578947367
2 11 0.0
3 15 0.0
4 1833 0.46208401527550463
5 231 0.4155844155844156
6 13 0.0
7 313 0.1182108626198083
8 91 0.01098901098901099
9 33 0.0
10 54 0.0
11 14 0.0
12 211 0.20853080568720378
13 326 0.0
14 294 0.445578231292517
15 1309 0.7012987012987013
***********************saving best model *********************
Epoch: [4][0/430]	Time 1.011 (1.011)	Data 0.697 (0.697)	Loss 0.2377 (0.2377)	Prec@1 93.750 (93.750)	Prec@5 100.000 (100.000)
Epoch: [4][10/430]	Time 0.322 (0.386)	Data 0.000 (0.064)	Loss 0.3144 (0.5801)	Prec@1 84.375 (83.239)	Prec@5 100.000 (98.295)
Epoch: [4][20/430]	Time 0.321 (0.356)	Data 0.000 (0.033)	Loss 0.3779 (0.7584)	Prec@1 90.625 (84.226)	Prec@5 100.000 (97.321)
Epoch: [4][30/430]	Time 0.325 (0.345)	Data 0.000 (0.023)	Loss 0.3360 (0.6942)	Prec@1 87.500 (83.669)	Prec@5 100.000 (97.480)
Epoch: [4][40/430]	Time 0.322 (0.340)	Data 0.000 (0.017)	Loss 0.2169 (0.6635)	Prec@1 93.750 (83.994)	Prec@5 100.000 (97.866)
Epoch: [4][50/430]	Time 0.323 (0.336)	Data 0.000 (0.014)	Loss 0.5010 (0.6209)	Prec@1 84.375 (84.498)	Prec@5 100.000 (98.100)
Epoch: [4][60/430]	Time 0.323 (0.334)	Data 0.000 (0.012)	Loss 0.6560 (0.5947)	Prec@1 75.000 (84.580)	Prec@5 100.000 (98.156)
Epoch: [4][70/430]	Time 0.323 (0.333)	Data 0.000 (0.010)	Loss 0.5580 (0.5696)	Prec@1 81.250 (84.683)	Prec@5 100.000 (98.239)
Epoch: [4][80/430]	Time 0.323 (0.331)	Data 0.000 (0.009)	Loss 0.3213 (0.5532)	Prec@1 90.625 (84.568)	Prec@5 100.000 (98.380)
Epoch: [4][90/430]	Time 0.327 (0.331)	Data 0.000 (0.008)	Loss 0.4025 (0.6019)	Prec@1 81.250 (84.856)	Prec@5 100.000 (98.352)
Epoch: [4][100/430]	Time 0.326 (0.330)	Data 0.000 (0.007)	Loss 0.6581 (0.6012)	Prec@1 87.500 (84.808)	Prec@5 93.750 (98.236)
Epoch: [4][110/430]	Time 0.321 (0.329)	Data 0.000 (0.006)	Loss 0.4357 (0.6017)	Prec@1 87.500 (84.938)	Prec@5 96.875 (98.226)
Epoch: [4][120/430]	Time 0.323 (0.329)	Data 0.000 (0.006)	Loss 0.2575 (0.5969)	Prec@1 96.875 (84.866)	Prec@5 100.000 (98.192)
Epoch: [4][130/430]	Time 0.323 (0.328)	Data 0.000 (0.006)	Loss 0.4769 (0.5904)	Prec@1 81.250 (84.852)	Prec@5 100.000 (98.211)
Epoch: [4][140/430]	Time 0.322 (0.328)	Data 0.000 (0.005)	Loss 0.1921 (0.5776)	Prec@1 96.875 (85.106)	Prec@5 100.000 (98.316)
Epoch: [4][150/430]	Time 0.323 (0.328)	Data 0.000 (0.005)	Loss 0.3907 (0.5795)	Prec@1 90.625 (84.975)	Prec@5 96.875 (98.344)
Epoch: [4][160/430]	Time 0.326 (0.327)	Data 0.000 (0.005)	Loss 0.4453 (0.5740)	Prec@1 90.625 (85.171)	Prec@5 96.875 (98.350)
Epoch: [4][170/430]	Time 0.323 (0.327)	Data 0.000 (0.004)	Loss 0.5326 (0.5667)	Prec@1 78.125 (85.161)	Prec@5 100.000 (98.374)
Epoch: [4][180/430]	Time 0.323 (0.327)	Data 0.000 (0.004)	Loss 0.2084 (0.5530)	Prec@1 96.875 (85.463)	Prec@5 100.000 (98.463)
Epoch: [4][190/430]	Time 0.326 (0.327)	Data 0.000 (0.004)	Loss 0.4732 (0.5442)	Prec@1 81.250 (85.488)	Prec@5 100.000 (98.511)
Epoch: [4][200/430]	Time 0.323 (0.327)	Data 0.000 (0.004)	Loss 0.2040 (0.5399)	Prec@1 96.875 (85.479)	Prec@5 100.000 (98.570)
Epoch: [4][210/430]	Time 0.323 (0.326)	Data 0.000 (0.004)	Loss 0.3611 (0.5392)	Prec@1 90.625 (85.427)	Prec@5 100.000 (98.578)
Epoch: [4][220/430]	Time 0.324 (0.326)	Data 0.000 (0.003)	Loss 0.2954 (0.5362)	Prec@1 87.500 (85.421)	Prec@5 100.000 (98.586)
Epoch: [4][230/430]	Time 0.323 (0.326)	Data 0.000 (0.003)	Loss 0.5368 (0.5352)	Prec@1 87.500 (85.417)	Prec@5 100.000 (98.566)
Epoch: [4][240/430]	Time 0.323 (0.326)	Data 0.000 (0.003)	Loss 0.3689 (0.5314)	Prec@1 90.625 (85.464)	Prec@5 100.000 (98.561)
Epoch: [4][250/430]	Time 0.323 (0.326)	Data 0.000 (0.003)	Loss 0.4647 (0.5278)	Prec@1 84.375 (85.433)	Prec@5 96.875 (98.543)
Epoch: [4][260/430]	Time 0.325 (0.326)	Data 0.000 (0.003)	Loss 0.3328 (0.5219)	Prec@1 93.750 (85.548)	Prec@5 100.000 (98.563)
Epoch: [4][270/430]	Time 0.321 (0.326)	Data 0.000 (0.003)	Loss 0.5344 (0.5166)	Prec@1 87.500 (85.643)	Prec@5 96.875 (98.593)
Epoch: [4][280/430]	Time 0.325 (0.326)	Data 0.000 (0.003)	Loss 0.4192 (0.5144)	Prec@1 78.125 (85.598)	Prec@5 96.875 (98.610)
Epoch: [4][290/430]	Time 0.324 (0.325)	Data 0.000 (0.003)	Loss 0.2143 (0.5118)	Prec@1 93.750 (85.588)	Prec@5 100.000 (98.625)
Epoch: [4][300/430]	Time 0.322 (0.325)	Data 0.000 (0.003)	Loss 0.1730 (0.5066)	Prec@1 96.875 (85.756)	Prec@5 100.000 (98.650)
Epoch: [4][310/430]	Time 0.325 (0.325)	Data 0.000 (0.002)	Loss 0.4917 (0.5026)	Prec@1 90.625 (85.852)	Prec@5 93.750 (98.664)
Epoch: [4][320/430]	Time 0.323 (0.325)	Data 0.000 (0.002)	Loss 0.2913 (0.4961)	Prec@1 90.625 (85.991)	Prec@5 100.000 (98.705)
Epoch: [4][330/430]	Time 0.321 (0.325)	Data 0.000 (0.002)	Loss 0.4948 (0.4940)	Prec@1 84.375 (86.018)	Prec@5 100.000 (98.697)
Epoch: [4][340/430]	Time 0.323 (0.325)	Data 0.000 (0.002)	Loss 0.3069 (0.4912)	Prec@1 93.750 (86.025)	Prec@5 96.875 (98.708)
Epoch: [4][350/430]	Time 0.322 (0.325)	Data 0.000 (0.002)	Loss 0.3541 (0.4878)	Prec@1 96.875 (86.111)	Prec@5 96.875 (98.700)
Epoch: [4][360/430]	Time 0.323 (0.325)	Data 0.000 (0.002)	Loss 0.3854 (0.4837)	Prec@1 87.500 (86.167)	Prec@5 100.000 (98.719)
Epoch: [4][370/430]	Time 0.323 (0.325)	Data 0.000 (0.002)	Loss 0.5380 (0.4845)	Prec@1 84.375 (86.211)	Prec@5 100.000 (98.728)
Epoch: [4][380/430]	Time 0.323 (0.325)	Data 0.000 (0.002)	Loss 0.1072 (0.4813)	Prec@1 96.875 (86.220)	Prec@5 100.000 (98.737)
Epoch: [4][390/430]	Time 0.324 (0.325)	Data 0.000 (0.002)	Loss 0.8657 (0.4791)	Prec@1 81.250 (86.245)	Prec@5 100.000 (98.769)
Epoch: [4][400/430]	Time 0.326 (0.325)	Data 0.000 (0.002)	Loss 0.2281 (0.4757)	Prec@1 93.750 (86.339)	Prec@5 100.000 (98.800)
Epoch: [4][410/430]	Time 0.323 (0.325)	Data 0.000 (0.002)	Loss 0.7911 (0.4746)	Prec@1 81.250 (86.382)	Prec@5 100.000 (98.829)
Epoch: [4][420/430]	Time 0.313 (0.694)	Data 0.000 (0.371)	Loss 0.3301 (0.4720)	Prec@1 87.500 (86.394)	Prec@5 100.000 (98.857)
Test: [0/160]	Time 0.916 (0.916)	Loss 3.4937 (3.4937)	Prec@1 34.375 (34.375)	Prec@5 65.625 (65.625)
Test: [10/160]	Time 0.145 (0.216)	Loss 2.6797 (3.3713)	Prec@1 43.750 (35.511)	Prec@5 84.375 (78.693)
Test: [20/160]	Time 0.144 (0.182)	Loss 4.0374 (3.1861)	Prec@1 15.625 (34.077)	Prec@5 75.000 (80.208)
Test: [30/160]	Time 0.144 (0.170)	Loss 4.1870 (3.1903)	Prec@1 31.250 (35.282)	Prec@5 71.875 (79.435)
Test: [40/160]	Time 0.150 (0.164)	Loss 2.4008 (3.0939)	Prec@1 56.250 (36.814)	Prec@5 75.000 (79.649)
Test: [50/160]	Time 0.145 (0.160)	Loss 2.9955 (3.0244)	Prec@1 34.375 (37.439)	Prec@5 75.000 (80.147)
Test: [60/160]	Time 0.145 (0.158)	Loss 3.2711 (2.9547)	Prec@1 25.000 (38.064)	Prec@5 81.250 (80.686)
Test: [70/160]	Time 0.144 (0.156)	Loss 3.2511 (2.9063)	Prec@1 40.625 (38.732)	Prec@5 75.000 (81.162)
Test: [80/160]	Time 0.144 (0.155)	Loss 2.8762 (2.9017)	Prec@1 43.750 (38.657)	Prec@5 75.000 (81.134)
Test: [90/160]	Time 0.144 (0.154)	Loss 3.1898 (2.9509)	Prec@1 37.500 (38.324)	Prec@5 78.125 (81.010)
Test: [100/160]	Time 0.151 (0.153)	Loss 3.3890 (2.9522)	Prec@1 34.375 (38.243)	Prec@5 81.250 (80.941)
Test: [110/160]	Time 0.145 (0.152)	Loss 3.0221 (2.9693)	Prec@1 31.250 (38.119)	Prec@5 81.250 (80.771)
Test: [120/160]	Time 0.143 (0.152)	Loss 2.4629 (2.9713)	Prec@1 43.750 (38.120)	Prec@5 90.625 (80.708)
Test: [130/160]	Time 0.144 (0.152)	Loss 2.7558 (2.9769)	Prec@1 43.750 (38.025)	Prec@5 87.500 (80.487)
Test: [140/160]	Time 0.144 (0.152)	Loss 3.4519 (2.9598)	Prec@1 37.500 (38.276)	Prec@5 75.000 (80.607)
Test: [150/160]	Time 0.144 (0.151)	Loss 3.7386 (2.9521)	Prec@1 43.750 (38.390)	Prec@5 75.000 (80.629)
 * Prec@1 38.367 Prec@5 80.474
0 168 0.005952380952380952
1 190 0.042105263157894736
2 11 0.0
3 15 0.0
4 1833 0.3807965084560829
5 231 0.7359307359307359
6 13 0.0
7 313 0.25878594249201275
8 91 0.01098901098901099
9 33 0.0
10 54 0.0
11 14 0.0
12 211 0.27488151658767773
13 326 0.0
14 294 0.30612244897959184
15 1309 0.6508785332314744
Epoch: [5][0/430]	Time 0.954 (0.954)	Data 0.644 (0.644)	Loss 0.2927 (0.2927)	Prec@1 87.500 (87.500)	Prec@5 100.000 (100.000)
Epoch: [5][10/430]	Time 0.317 (0.373)	Data 0.000 (0.059)	Loss 0.4056 (0.2887)	Prec@1 87.500 (90.909)	Prec@5 100.000 (99.432)
Epoch: [5][20/430]	Time 0.313 (0.345)	Data 0.000 (0.031)	Loss 0.1671 (0.2508)	Prec@1 93.750 (91.964)	Prec@5 100.000 (99.702)
Epoch: [5][30/430]	Time 0.315 (0.335)	Data 0.000 (0.021)	Loss 0.1854 (0.2680)	Prec@1 93.750 (91.532)	Prec@5 100.000 (99.496)
Epoch: [5][40/430]	Time 0.313 (0.330)	Data 0.000 (0.016)	Loss 0.2310 (0.2767)	Prec@1 93.750 (91.768)	Prec@5 100.000 (99.619)
Epoch: [5][50/430]	Time 0.314 (0.327)	Data 0.000 (0.013)	Loss 0.1467 (0.2678)	Prec@1 93.750 (91.912)	Prec@5 100.000 (99.694)
Epoch: [5][60/430]	Time 0.314 (0.325)	Data 0.000 (0.011)	Loss 0.1262 (0.2886)	Prec@1 93.750 (91.855)	Prec@5 100.000 (99.744)
Epoch: [5][70/430]	Time 0.316 (0.324)	Data 0.000 (0.009)	Loss 0.1842 (0.2929)	Prec@1 93.750 (91.901)	Prec@5 100.000 (99.736)
Epoch: [5][80/430]	Time 0.314 (0.323)	Data 0.000 (0.008)	Loss 0.3417 (0.2906)	Prec@1 87.500 (91.667)	Prec@5 100.000 (99.769)
Epoch: [5][90/430]	Time 0.313 (0.322)	Data 0.000 (0.007)	Loss 2.5423 (0.3202)	Prec@1 87.500 (91.690)	Prec@5 96.875 (99.725)
Epoch: [5][100/430]	Time 0.317 (0.321)	Data 0.000 (0.007)	Loss 0.3698 (0.3237)	Prec@1 87.500 (91.337)	Prec@5 100.000 (99.752)
Epoch: [5][110/430]	Time 0.316 (0.321)	Data 0.000 (0.006)	Loss 0.2960 (0.3243)	Prec@1 93.750 (91.160)	Prec@5 96.875 (99.747)
Epoch: [5][120/430]	Time 0.312 (0.320)	Data 0.000 (0.006)	Loss 0.1386 (0.3262)	Prec@1 96.875 (91.038)	Prec@5 100.000 (99.742)
Epoch: [5][130/430]	Time 0.312 (0.320)	Data 0.000 (0.005)	Loss 0.3898 (0.3771)	Prec@1 87.500 (90.744)	Prec@5 100.000 (99.690)
Epoch: [5][140/430]	Time 0.314 (0.319)	Data 0.000 (0.005)	Loss 0.2740 (0.3749)	Prec@1 90.625 (90.714)	Prec@5 100.000 (99.645)
Epoch: [5][150/430]	Time 0.318 (0.319)	Data 0.000 (0.004)	Loss 0.3275 (0.3848)	Prec@1 87.500 (90.397)	Prec@5 100.000 (99.648)
Epoch: [5][160/430]	Time 0.318 (0.319)	Data 0.000 (0.004)	Loss 0.1180 (0.3839)	Prec@1 96.875 (90.256)	Prec@5 100.000 (99.670)
Epoch: [5][170/430]	Time 0.315 (0.319)	Data 0.000 (0.004)	Loss 0.1428 (0.3900)	Prec@1 96.875 (90.278)	Prec@5 100.000 (99.671)
Epoch: [5][180/430]	Time 0.315 (0.318)	Data 0.000 (0.004)	Loss 0.1871 (0.3891)	Prec@1 93.750 (90.055)	Prec@5 100.000 (99.689)
Epoch: [5][190/430]	Time 0.315 (0.318)	Data 0.000 (0.004)	Loss 0.2765 (0.3846)	Prec@1 87.500 (90.118)	Prec@5 100.000 (99.705)
Epoch: [5][200/430]	Time 0.316 (0.318)	Data 0.000 (0.003)	Loss 0.2196 (0.3815)	Prec@1 90.625 (90.050)	Prec@5 100.000 (99.720)
Epoch: [5][210/430]	Time 0.316 (0.318)	Data 0.000 (0.003)	Loss 0.0950 (0.3801)	Prec@1 100.000 (90.047)	Prec@5 100.000 (99.719)
Epoch: [5][220/430]	Time 0.319 (0.318)	Data 0.000 (0.003)	Loss 0.7587 (0.3778)	Prec@1 81.250 (90.074)	Prec@5 100.000 (99.703)
Epoch: [5][230/430]	Time 0.314 (0.318)	Data 0.000 (0.003)	Loss 0.2274 (0.3800)	Prec@1 90.625 (89.989)	Prec@5 100.000 (99.675)
Epoch: [5][240/430]	Time 0.316 (0.318)	Data 0.000 (0.003)	Loss 0.4790 (0.3803)	Prec@1 84.375 (89.899)	Prec@5 100.000 (99.637)
Epoch: [5][250/430]	Time 0.316 (0.318)	Data 0.000 (0.003)	Loss 0.1539 (0.3764)	Prec@1 100.000 (89.928)	Prec@5 100.000 (99.614)
Epoch: [5][260/430]	Time 0.316 (0.318)	Data 0.000 (0.003)	Loss 0.2694 (0.3785)	Prec@1 90.625 (89.871)	Prec@5 100.000 (99.605)
Epoch: [5][270/430]	Time 0.317 (0.318)	Data 0.000 (0.003)	Loss 0.3884 (0.3758)	Prec@1 87.500 (89.887)	Prec@5 100.000 (99.619)
Epoch: [5][280/430]	Time 0.316 (0.318)	Data 0.000 (0.003)	Loss 0.2794 (0.3732)	Prec@1 90.625 (89.935)	Prec@5 100.000 (99.622)
Epoch: [5][290/430]	Time 0.316 (0.317)	Data 0.000 (0.002)	Loss 0.3275 (0.3725)	Prec@1 90.625 (89.927)	Prec@5 96.875 (99.603)
Epoch: [5][300/430]	Time 0.317 (0.317)	Data 0.000 (0.002)	Loss 0.4177 (0.3712)	Prec@1 90.625 (89.877)	Prec@5 96.875 (99.605)
Epoch: [5][310/430]	Time 0.315 (0.317)	Data 0.000 (0.002)	Loss 0.4837 (0.3691)	Prec@1 81.250 (89.871)	Prec@5 100.000 (99.618)
Epoch: [5][320/430]	Time 0.314 (0.317)	Data 0.000 (0.002)	Loss 1.0416 (0.3699)	Prec@1 78.125 (89.856)	Prec@5 100.000 (99.620)
Epoch: [5][330/430]	Time 0.315 (0.317)	Data 0.000 (0.002)	Loss 0.4808 (0.3664)	Prec@1 87.500 (89.955)	Prec@5 100.000 (99.622)
Epoch: [5][340/430]	Time 0.317 (0.317)	Data 0.000 (0.002)	Loss 0.4151 (0.3647)	Prec@1 87.500 (89.993)	Prec@5 100.000 (99.615)
Epoch: [5][350/430]	Time 0.316 (0.317)	Data 0.000 (0.002)	Loss 0.3082 (0.3665)	Prec@1 87.500 (89.913)	Prec@5 100.000 (99.590)
Epoch: [5][360/430]	Time 0.314 (0.317)	Data 0.000 (0.002)	Loss 0.1612 (0.3646)	Prec@1 93.750 (89.924)	Prec@5 100.000 (99.602)
Epoch: [5][370/430]	Time 0.314 (0.317)	Data 0.000 (0.002)	Loss 0.4370 (0.3635)	Prec@1 78.125 (89.867)	Prec@5 100.000 (99.596)
Epoch: [5][380/430]	Time 0.315 (0.317)	Data 0.000 (0.002)	Loss 0.1546 (0.3613)	Prec@1 96.875 (89.928)	Prec@5 100.000 (99.606)
Epoch: [5][390/430]	Time 0.317 (0.317)	Data 0.000 (0.002)	Loss 0.4750 (0.3611)	Prec@1 90.625 (89.906)	Prec@5 100.000 (99.608)
Epoch: [5][400/430]	Time 0.316 (0.317)	Data 0.000 (0.002)	Loss 0.3375 (0.3594)	Prec@1 87.500 (89.939)	Prec@5 100.000 (99.610)
Epoch: [5][410/430]	Time 0.317 (0.317)	Data 0.000 (0.002)	Loss 0.3088 (0.3586)	Prec@1 90.625 (89.948)	Prec@5 100.000 (99.620)
Epoch: [5][420/430]	Time 0.317 (0.317)	Data 0.000 (0.002)	Loss 0.2033 (0.3584)	Prec@1 93.750 (89.942)	Prec@5 100.000 (99.621)
Test: [0/160]	Time 0.937 (0.937)	Loss 1.9844 (1.9844)	Prec@1 46.875 (46.875)	Prec@5 90.625 (90.625)
Test: [10/160]	Time 0.151 (0.218)	Loss 2.5617 (2.9591)	Prec@1 50.000 (40.341)	Prec@5 81.250 (80.398)
Test: [20/160]	Time 0.147 (0.184)	Loss 3.6016 (2.9657)	Prec@1 37.500 (40.327)	Prec@5 75.000 (80.804)
Test: [30/160]	Time 0.146 (0.172)	Loss 2.7544 (2.9010)	Prec@1 40.625 (42.944)	Prec@5 81.250 (80.847)
Test: [40/160]	Time 0.146 (0.165)	Loss 2.9705 (2.9064)	Prec@1 50.000 (43.140)	Prec@5 78.125 (80.945)
Test: [50/160]	Time 0.146 (0.161)	Loss 2.3351 (2.8652)	Prec@1 65.625 (44.240)	Prec@5 81.250 (81.373)
Test: [60/160]	Time 0.146 (0.159)	Loss 1.7618 (2.9151)	Prec@1 53.125 (43.852)	Prec@5 84.375 (80.840)
Test: [70/160]	Time 0.147 (0.157)	Loss 2.6027 (2.8987)	Prec@1 40.625 (44.630)	Prec@5 87.500 (80.986)
Test: [80/160]	Time 0.144 (0.156)	Loss 2.6839 (2.8976)	Prec@1 40.625 (44.637)	Prec@5 87.500 (81.173)
Test: [90/160]	Time 0.152 (0.155)	Loss 2.9890 (2.8748)	Prec@1 37.500 (44.265)	Prec@5 90.625 (81.559)
Test: [100/160]	Time 0.146 (0.154)	Loss 1.8917 (2.8847)	Prec@1 43.750 (43.967)	Prec@5 87.500 (81.467)
Test: [110/160]	Time 0.146 (0.154)	Loss 5.4366 (2.9482)	Prec@1 37.500 (43.440)	Prec@5 62.500 (81.109)
Test: [120/160]	Time 0.146 (0.153)	Loss 3.4639 (2.9261)	Prec@1 53.125 (43.931)	Prec@5 68.750 (81.482)
Test: [130/160]	Time 0.145 (0.152)	Loss 2.5011 (2.9187)	Prec@1 50.000 (43.845)	Prec@5 90.625 (81.727)
Test: [140/160]	Time 0.145 (0.152)	Loss 3.6567 (2.9165)	Prec@1 34.375 (43.794)	Prec@5 71.875 (81.671)
Test: [150/160]	Time 0.144 (0.152)	Loss 2.8446 (2.9314)	Prec@1 31.250 (43.398)	Prec@5 87.500 (81.643)
 * Prec@1 43.106 Prec@5 81.473
0 168 0.047619047619047616
1 190 0.08421052631578947
2 11 0.0
3 15 0.0
4 1833 0.569012547735952
5 231 0.31601731601731603
6 13 0.0
7 313 0.13738019169329074
8 91 0.0
9 33 0.0
10 54 0.0
11 14 0.0
12 211 0.1990521327014218
13 326 0.0
14 294 0.3469387755102041
15 1309 0.6676852559205501
***********************saving best model *********************
Epoch: [6][0/430]	Time 0.927 (0.927)	Data 0.614 (0.614)	Loss 0.1653 (0.1653)	Prec@1 96.875 (96.875)	Prec@5 100.000 (100.000)
Epoch: [6][10/430]	Time 0.318 (0.373)	Data 0.000 (0.056)	Loss 0.2690 (0.2436)	Prec@1 90.625 (94.034)	Prec@5 100.000 (100.000)
Epoch: [6][20/430]	Time 0.321 (0.346)	Data 0.000 (0.029)	Loss 0.0888 (0.2229)	Prec@1 96.875 (93.750)	Prec@5 100.000 (99.851)
Epoch: [6][30/430]	Time 0.318 (0.337)	Data 0.000 (0.020)	Loss 0.1114 (0.2258)	Prec@1 96.875 (93.649)	Prec@5 100.000 (99.798)
Epoch: [6][40/430]	Time 0.316 (0.332)	Data 0.000 (0.015)	Loss 0.2137 (0.2219)	Prec@1 93.750 (93.369)	Prec@5 100.000 (99.848)
Epoch: [6][50/430]	Time 0.315 (0.329)	Data 0.000 (0.012)	Loss 0.2154 (0.2048)	Prec@1 93.750 (93.995)	Prec@5 100.000 (99.877)
Epoch: [6][60/430]	Time 0.314 (0.327)	Data 0.000 (0.010)	Loss 0.0834 (0.2474)	Prec@1 96.875 (93.955)	Prec@5 100.000 (99.846)
Epoch: [6][70/430]	Time 0.316 (0.325)	Data 0.000 (0.009)	Loss 0.3190 (0.2423)	Prec@1 84.375 (93.750)	Prec@5 100.000 (99.824)
Epoch: [6][80/430]	Time 0.318 (0.324)	Data 0.000 (0.008)	Loss 0.2981 (0.2389)	Prec@1 93.750 (93.596)	Prec@5 100.000 (99.846)
Epoch: [6][90/430]	Time 0.319 (0.323)	Data 0.000 (0.007)	Loss 0.1668 (0.2458)	Prec@1 93.750 (93.269)	Prec@5 100.000 (99.828)
Epoch: [6][100/430]	Time 0.315 (0.323)	Data 0.000 (0.006)	Loss 0.1387 (0.2387)	Prec@1 96.875 (93.533)	Prec@5 100.000 (99.814)
Epoch: [6][110/430]	Time 0.318 (0.322)	Data 0.000 (0.006)	Loss 0.2368 (0.2390)	Prec@1 90.625 (93.468)	Prec@5 100.000 (99.831)
Epoch: [6][120/430]	Time 0.316 (0.321)	Data 0.000 (0.005)	Loss 0.1944 (0.2432)	Prec@1 96.875 (93.285)	Prec@5 100.000 (99.845)
Epoch: [6][130/430]	Time 0.315 (0.321)	Data 0.000 (0.005)	Loss 0.2794 (0.2375)	Prec@1 90.625 (93.416)	Prec@5 100.000 (99.857)
Epoch: [6][140/430]	Time 0.315 (0.321)	Data 0.000 (0.005)	Loss 0.1243 (0.2369)	Prec@1 96.875 (93.395)	Prec@5 100.000 (99.867)
Epoch: [6][150/430]	Time 0.317 (0.320)	Data 0.000 (0.004)	Loss 0.0988 (0.2342)	Prec@1 96.875 (93.460)	Prec@5 100.000 (99.876)
Epoch: [6][160/430]	Time 0.316 (0.320)	Data 0.000 (0.004)	Loss 0.0597 (0.2312)	Prec@1 96.875 (93.536)	Prec@5 100.000 (99.884)
Epoch: [6][170/430]	Time 0.319 (0.320)	Data 0.000 (0.004)	Loss 0.0898 (0.2354)	Prec@1 96.875 (93.458)	Prec@5 100.000 (99.872)
Epoch: [6][180/430]	Time 0.317 (0.320)	Data 0.000 (0.004)	Loss 0.2564 (0.2430)	Prec@1 90.625 (93.267)	Prec@5 100.000 (99.845)
Epoch: [6][190/430]	Time 0.314 (0.320)	Data 0.000 (0.003)	Loss 0.1406 (0.2421)	Prec@1 93.750 (93.308)	Prec@5 100.000 (99.853)
Epoch: [6][200/430]	Time 0.317 (0.319)	Data 0.000 (0.003)	Loss 0.1782 (0.2408)	Prec@1 96.875 (93.346)	Prec@5 100.000 (99.860)
Epoch: [6][210/430]	Time 0.317 (0.319)	Data 0.000 (0.003)	Loss 0.4620 (0.2396)	Prec@1 90.625 (93.365)	Prec@5 100.000 (99.867)
Epoch: [6][220/430]	Time 0.316 (0.319)	Data 0.000 (0.003)	Loss 0.1999 (0.2394)	Prec@1 96.875 (93.340)	Prec@5 100.000 (99.859)
Epoch: [6][230/430]	Time 0.315 (0.319)	Data 0.000 (0.003)	Loss 0.1240 (0.2395)	Prec@1 96.875 (93.344)	Prec@5 100.000 (99.865)
Epoch: [6][240/430]	Time 0.315 (0.319)	Data 0.000 (0.003)	Loss 0.3242 (0.2426)	Prec@1 93.750 (93.231)	Prec@5 100.000 (99.857)
Epoch: [6][250/430]	Time 0.316 (0.319)	Data 0.000 (0.003)	Loss 0.4161 (0.2434)	Prec@1 87.500 (93.140)	Prec@5 100.000 (99.863)
Epoch: [6][260/430]	Time 0.320 (0.319)	Data 0.000 (0.003)	Loss 0.2534 (0.2473)	Prec@1 93.750 (93.020)	Prec@5 100.000 (99.856)
Epoch: [6][270/430]	Time 0.314 (0.319)	Data 0.000 (0.002)	Loss 0.3779 (0.2483)	Prec@1 87.500 (92.931)	Prec@5 100.000 (99.862)
Epoch: [6][280/430]	Time 0.314 (0.319)	Data 0.000 (0.002)	Loss 0.1743 (0.2489)	Prec@1 93.750 (92.871)	Prec@5 100.000 (99.867)
Epoch: [6][290/430]	Time 0.314 (0.318)	Data 0.000 (0.002)	Loss 0.0627 (0.2502)	Prec@1 96.875 (92.784)	Prec@5 100.000 (99.871)
Epoch: [6][300/430]	Time 0.316 (0.318)	Data 0.000 (0.002)	Loss 0.3217 (0.2494)	Prec@1 90.625 (92.753)	Prec@5 100.000 (99.875)
Epoch: [6][310/430]	Time 0.317 (0.318)	Data 0.000 (0.002)	Loss 0.2011 (0.2489)	Prec@1 93.750 (92.765)	Prec@5 100.000 (99.879)
Epoch: [6][320/430]	Time 0.315 (0.318)	Data 0.000 (0.002)	Loss 0.2020 (0.2498)	Prec@1 93.750 (92.718)	Prec@5 100.000 (99.883)
Epoch: [6][330/430]	Time 0.318 (0.318)	Data 0.000 (0.002)	Loss 0.4421 (0.2530)	Prec@1 87.500 (92.627)	Prec@5 100.000 (99.858)
Epoch: [6][340/430]	Time 0.318 (0.318)	Data 0.000 (0.002)	Loss 0.3380 (0.2539)	Prec@1 87.500 (92.568)	Prec@5 100.000 (99.853)
Epoch: [6][350/430]	Time 0.318 (0.318)	Data 0.000 (0.002)	Loss 0.1843 (0.2551)	Prec@1 96.875 (92.548)	Prec@5 100.000 (99.840)
Epoch: [6][360/430]	Time 0.314 (0.318)	Data 0.000 (0.002)	Loss 0.2448 (0.2569)	Prec@1 90.625 (92.486)	Prec@5 100.000 (99.836)
Epoch: [6][370/430]	Time 0.316 (0.318)	Data 0.000 (0.002)	Loss 0.1702 (0.2579)	Prec@1 96.875 (92.453)	Prec@5 100.000 (99.832)
Epoch: [6][380/430]	Time 0.316 (0.318)	Data 0.000 (0.002)	Loss 0.2955 (0.2573)	Prec@1 90.625 (92.487)	Prec@5 100.000 (99.836)
Epoch: [6][390/430]	Time 0.315 (0.318)	Data 0.000 (0.002)	Loss 0.1913 (0.2565)	Prec@1 93.750 (92.511)	Prec@5 100.000 (99.824)
Epoch: [6][400/430]	Time 0.314 (0.318)	Data 0.000 (0.002)	Loss 0.2541 (0.2595)	Prec@1 93.750 (92.480)	Prec@5 96.875 (99.805)
Epoch: [6][410/430]	Time 0.318 (0.318)	Data 0.000 (0.002)	Loss 0.2547 (0.2605)	Prec@1 90.625 (92.465)	Prec@5 100.000 (99.802)
Epoch: [6][420/430]	Time 0.317 (0.318)	Data 0.000 (0.002)	Loss 0.0705 (0.2576)	Prec@1 100.000 (92.548)	Prec@5 100.000 (99.807)
Test: [0/160]	Time 0.895 (0.895)	Loss 2.7891 (2.7891)	Prec@1 37.500 (37.500)	Prec@5 78.125 (78.125)
Test: [10/160]	Time 0.152 (0.218)	Loss 2.1756 (3.1172)	Prec@1 53.125 (36.932)	Prec@5 81.250 (74.432)
Test: [20/160]	Time 0.145 (0.185)	Loss 3.2738 (3.0980)	Prec@1 34.375 (38.095)	Prec@5 71.875 (74.256)
Test: [30/160]	Time 0.145 (0.172)	Loss 2.6998 (2.8838)	Prec@1 53.125 (39.415)	Prec@5 75.000 (76.613)
Test: [40/160]	Time 0.145 (0.166)	Loss 3.3717 (2.9188)	Prec@1 25.000 (38.415)	Prec@5 65.625 (76.220)
Test: [50/160]	Time 0.145 (0.162)	Loss 2.7634 (2.9091)	Prec@1 40.625 (39.338)	Prec@5 81.250 (76.348)
Test: [60/160]	Time 0.146 (0.159)	Loss 2.1524 (2.8766)	Prec@1 37.500 (39.754)	Prec@5 84.375 (77.203)
Test: [70/160]	Time 0.147 (0.158)	Loss 2.8593 (2.9116)	Prec@1 40.625 (39.129)	Prec@5 78.125 (76.805)
Test: [80/160]	Time 0.146 (0.156)	Loss 3.3464 (2.8924)	Prec@1 34.375 (38.850)	Prec@5 65.625 (76.929)
Test: [90/160]	Time 0.146 (0.155)	Loss 3.1531 (2.8887)	Prec@1 34.375 (39.217)	Prec@5 78.125 (77.335)
Test: [100/160]	Time 0.146 (0.154)	Loss 3.0411 (2.8812)	Prec@1 34.375 (39.356)	Prec@5 81.250 (77.382)
Test: [110/160]	Time 0.146 (0.153)	Loss 3.2758 (2.8950)	Prec@1 40.625 (39.386)	Prec@5 75.000 (77.140)
Test: [120/160]	Time 0.146 (0.153)	Loss 2.6185 (2.9098)	Prec@1 46.875 (39.153)	Prec@5 84.375 (77.195)
Test: [130/160]	Time 0.146 (0.152)	Loss 3.0278 (2.8936)	Prec@1 40.625 (39.289)	Prec@5 68.750 (77.290)
Test: [140/160]	Time 0.146 (0.152)	Loss 3.3417 (2.8991)	Prec@1 31.250 (39.406)	Prec@5 71.875 (76.950)
Test: [150/160]	Time 0.145 (0.152)	Loss 3.0350 (2.9058)	Prec@1 31.250 (39.300)	Prec@5 75.000 (76.863)
 * Prec@1 39.385 Prec@5 76.812
0 168 0.05952380952380952
1 190 0.22631578947368422
2 11 0.0
3 15 0.0
4 1833 0.46372067648663395
5 231 0.4805194805194805
6 13 0.0
7 313 0.19808306709265175
8 91 0.0
9 33 0.0
10 54 0.0
11 14 0.0
12 211 0.3033175355450237
13 326 0.0
14 294 0.48299319727891155
15 1309 0.5569136745607334
Epoch: [7][0/430]	Time 0.915 (0.915)	Data 0.605 (0.605)	Loss 0.1698 (0.1698)	Prec@1 93.750 (93.750)	Prec@5 100.000 (100.000)
Epoch: [7][10/430]	Time 0.318 (0.371)	Data 0.000 (0.055)	Loss 0.5613 (1.3780)	Prec@1 78.125 (86.364)	Prec@5 100.000 (98.864)
Epoch: [7][20/430]	Time 0.317 (0.345)	Data 0.000 (0.029)	Loss 0.5280 (1.0447)	Prec@1 81.250 (81.845)	Prec@5 96.875 (98.512)
Epoch: [7][30/430]	Time 0.316 (0.335)	Data 0.000 (0.020)	Loss 0.7013 (1.0284)	Prec@1 81.250 (80.141)	Prec@5 96.875 (97.681)
Epoch: [7][40/430]	Time 0.316 (0.330)	Data 0.000 (0.015)	Loss 0.5977 (1.0140)	Prec@1 75.000 (78.811)	Prec@5 100.000 (97.942)
Epoch: [7][50/430]	Time 0.316 (0.328)	Data 0.000 (0.012)	Loss 0.6303 (0.9592)	Prec@1 84.375 (78.248)	Prec@5 100.000 (98.100)
Epoch: [7][60/430]	Time 0.314 (0.326)	Data 0.000 (0.010)	Loss 0.6329 (0.9203)	Prec@1 78.125 (78.432)	Prec@5 93.750 (98.002)
Epoch: [7][70/430]	Time 0.317 (0.324)	Data 0.000 (0.009)	Loss 0.5406 (0.8965)	Prec@1 84.375 (78.609)	Prec@5 96.875 (97.799)
Epoch: [7][80/430]	Time 0.315 (0.323)	Data 0.000 (0.008)	Loss 0.4281 (0.8588)	Prec@1 81.250 (78.897)	Prec@5 100.000 (97.878)
Epoch: [7][90/430]	Time 0.317 (0.323)	Data 0.000 (0.007)	Loss 0.6589 (0.8770)	Prec@1 78.125 (79.121)	Prec@5 100.000 (97.837)
Epoch: [7][100/430]	Time 0.317 (0.322)	Data 0.000 (0.006)	Loss 1.0219 (0.8924)	Prec@1 68.750 (79.332)	Prec@5 96.875 (97.772)
Epoch: [7][110/430]	Time 0.316 (0.321)	Data 0.000 (0.006)	Loss 3.0503 (0.8927)	Prec@1 87.500 (79.505)	Prec@5 100.000 (97.832)
Epoch: [7][120/430]	Time 0.314 (0.321)	Data 0.000 (0.005)	Loss 0.1661 (0.8709)	Prec@1 100.000 (79.804)	Prec@5 100.000 (97.856)
Epoch: [7][130/430]	Time 0.316 (0.321)	Data 0.000 (0.005)	Loss 0.6564 (0.8439)	Prec@1 75.000 (79.938)	Prec@5 100.000 (97.925)
Epoch: [7][140/430]	Time 0.316 (0.320)	Data 0.000 (0.005)	Loss 0.6242 (0.8254)	Prec@1 75.000 (80.120)	Prec@5 100.000 (97.961)
Epoch: [7][150/430]	Time 0.316 (0.320)	Data 0.000 (0.004)	Loss 0.2709 (0.8197)	Prec@1 96.875 (80.277)	Prec@5 100.000 (97.930)
Epoch: [7][160/430]	Time 0.319 (0.320)	Data 0.000 (0.004)	Loss 0.6292 (0.7948)	Prec@1 78.125 (80.629)	Prec@5 96.875 (97.962)
Epoch: [7][170/430]	Time 0.317 (0.319)	Data 0.000 (0.004)	Loss 0.3433 (0.7858)	Prec@1 84.375 (80.702)	Prec@5 100.000 (97.935)
Epoch: [7][180/430]	Time 0.315 (0.319)	Data 0.000 (0.004)	Loss 0.3637 (0.7751)	Prec@1 90.625 (80.784)	Prec@5 100.000 (97.945)
Epoch: [7][190/430]	Time 0.316 (0.319)	Data 0.000 (0.003)	Loss 0.6516 (0.7595)	Prec@1 75.000 (80.972)	Prec@5 100.000 (98.020)
Epoch: [7][200/430]	Time 0.315 (0.319)	Data 0.000 (0.003)	Loss 6.6828 (0.7790)	Prec@1 68.750 (81.032)	Prec@5 93.750 (98.025)
Epoch: [7][210/430]	Time 0.314 (0.319)	Data 0.000 (0.003)	Loss 0.4384 (0.7680)	Prec@1 81.250 (81.072)	Prec@5 100.000 (98.045)
Epoch: [7][220/430]	Time 0.317 (0.319)	Data 0.000 (0.003)	Loss 0.4860 (0.7742)	Prec@1 93.750 (80.953)	Prec@5 96.875 (98.020)
Epoch: [7][230/430]	Time 0.314 (0.319)	Data 0.000 (0.003)	Loss 0.9435 (0.7726)	Prec@1 78.125 (80.858)	Prec@5 96.875 (98.025)
Epoch: [7][240/430]	Time 0.316 (0.319)	Data 0.000 (0.003)	Loss 1.9207 (0.7885)	Prec@1 68.750 (80.731)	Prec@5 100.000 (98.016)
Epoch: [7][250/430]	Time 0.316 (0.318)	Data 0.000 (0.003)	Loss 1.0005 (0.7798)	Prec@1 71.875 (80.852)	Prec@5 96.875 (98.020)
Epoch: [7][260/430]	Time 0.313 (0.318)	Data 0.000 (0.003)	Loss 0.3023 (0.7693)	Prec@1 93.750 (80.915)	Prec@5 100.000 (98.036)
Epoch: [7][270/430]	Time 0.316 (0.318)	Data 0.000 (0.002)	Loss 0.2944 (0.7624)	Prec@1 90.625 (81.054)	Prec@5 100.000 (98.051)
Epoch: [7][280/430]	Time 0.316 (0.318)	Data 0.000 (0.002)	Loss 0.3834 (0.7750)	Prec@1 87.500 (81.005)	Prec@5 100.000 (98.076)
Epoch: [7][290/430]	Time 0.314 (0.318)	Data 0.000 (0.002)	Loss 0.4443 (0.7818)	Prec@1 87.500 (81.046)	Prec@5 100.000 (98.067)
Epoch: [7][300/430]	Time 0.317 (0.318)	Data 0.000 (0.002)	Loss 0.6405 (0.8138)	Prec@1 81.250 (81.136)	Prec@5 87.500 (98.027)
Epoch: [7][310/430]	Time 0.317 (0.318)	Data 0.000 (0.002)	Loss 0.6217 (0.8092)	Prec@1 81.250 (81.170)	Prec@5 100.000 (98.020)
Epoch: [7][320/430]	Time 0.316 (0.318)	Data 0.000 (0.002)	Loss 0.7728 (0.8257)	Prec@1 75.000 (81.269)	Prec@5 93.750 (98.024)
Epoch: [7][330/430]	Time 0.318 (0.318)	Data 0.000 (0.002)	Loss 0.5708 (0.8349)	Prec@1 84.375 (81.335)	Prec@5 100.000 (98.074)
Epoch: [7][340/430]	Time 0.315 (0.318)	Data 0.000 (0.002)	Loss 0.4025 (0.8278)	Prec@1 84.375 (81.277)	Prec@5 100.000 (98.112)
Epoch: [7][350/430]	Time 0.315 (0.318)	Data 0.000 (0.002)	Loss 0.4685 (0.8215)	Prec@1 90.625 (81.419)	Prec@5 96.875 (98.130)
Epoch: [7][360/430]	Time 0.317 (0.318)	Data 0.000 (0.002)	Loss 0.4101 (0.8139)	Prec@1 84.375 (81.536)	Prec@5 100.000 (98.122)
Epoch: [7][370/430]	Time 0.317 (0.318)	Data 0.000 (0.002)	Loss 0.6210 (0.8053)	Prec@1 78.125 (81.579)	Prec@5 100.000 (98.122)
Epoch: [7][380/430]	Time 0.320 (0.318)	Data 0.000 (0.002)	Loss 0.4310 (0.8141)	Prec@1 87.500 (81.611)	Prec@5 96.875 (98.105)
Epoch: [7][390/430]	Time 0.316 (0.318)	Data 0.000 (0.002)	Loss 0.5268 (0.8145)	Prec@1 87.500 (81.594)	Prec@5 100.000 (98.122)
Epoch: [7][400/430]	Time 0.319 (0.318)	Data 0.000 (0.002)	Loss 0.4926 (0.8199)	Prec@1 75.000 (81.523)	Prec@5 100.000 (98.106)
Epoch: [7][410/430]	Time 0.316 (0.318)	Data 0.000 (0.002)	Loss 0.4422 (0.8112)	Prec@1 87.500 (81.653)	Prec@5 100.000 (98.122)
Epoch: [7][420/430]	Time 0.315 (0.318)	Data 0.000 (0.002)	Loss 0.2926 (0.8051)	Prec@1 81.250 (81.732)	Prec@5 100.000 (98.152)
Test: [0/160]	Time 0.932 (0.932)	Loss 2.5490 (2.5490)	Prec@1 53.125 (53.125)	Prec@5 81.250 (81.250)
Test: [10/160]	Time 0.146 (0.220)	Loss 2.9645 (2.8923)	Prec@1 25.000 (41.761)	Prec@5 81.250 (79.830)
Test: [20/160]	Time 0.145 (0.186)	Loss 3.0259 (2.8013)	Prec@1 34.375 (42.113)	Prec@5 81.250 (80.804)
Test: [30/160]	Time 0.146 (0.174)	Loss 2.9577 (2.7264)	Prec@1 37.500 (43.145)	Prec@5 84.375 (81.452)
Test: [40/160]	Time 0.146 (0.167)	Loss 2.5617 (2.7625)	Prec@1 37.500 (41.845)	Prec@5 81.250 (80.945)
Test: [50/160]	Time 0.146 (0.163)	Loss 1.7439 (2.7610)	Prec@1 53.125 (41.667)	Prec@5 93.750 (81.311)
Test: [60/160]	Time 0.145 (0.161)	Loss 3.4736 (2.7626)	Prec@1 31.250 (42.213)	Prec@5 81.250 (81.506)
Test: [70/160]	Time 0.146 (0.159)	Loss 2.9827 (2.8009)	Prec@1 28.125 (41.813)	Prec@5 78.125 (81.030)
Test: [80/160]	Time 0.145 (0.157)	Loss 3.1322 (2.8077)	Prec@1 28.125 (41.744)	Prec@5 78.125 (80.903)
Test: [90/160]	Time 0.145 (0.156)	Loss 5.2490 (2.8622)	Prec@1 37.500 (41.861)	Prec@5 87.500 (80.735)
Test: [100/160]	Time 0.146 (0.155)	Loss 2.2263 (2.8751)	Prec@1 53.125 (42.079)	Prec@5 87.500 (80.848)
Test: [110/160]	Time 0.146 (0.154)	Loss 2.8626 (2.8724)	Prec@1 43.750 (42.005)	Prec@5 78.125 (80.687)
Test: [120/160]	Time 0.145 (0.153)	Loss 3.3068 (2.8813)	Prec@1 21.875 (42.097)	Prec@5 84.375 (80.940)
Test: [130/160]	Time 0.146 (0.153)	Loss 3.5445 (2.8617)	Prec@1 31.250 (42.128)	Prec@5 78.125 (81.107)
Test: [140/160]	Time 0.147 (0.152)	Loss 3.2181 (2.8659)	Prec@1 53.125 (42.132)	Prec@5 71.875 (81.095)
Test: [150/160]	Time 0.147 (0.152)	Loss 4.8967 (2.8622)	Prec@1 18.750 (42.343)	Prec@5 62.500 (80.940)
 * Prec@1 42.421 Prec@5 80.768
0 168 0.011904761904761904
1 190 0.05263157894736842
2 11 0.0
3 15 0.0
4 1833 0.5384615384615384
5 231 0.5714285714285714
6 13 0.0
7 313 0.051118210862619806
8 91 0.0
9 33 0.0
10 54 0.0
11 14 0.0
12 211 0.2985781990521327
13 326 0.0
14 294 0.3231292517006803
15 1309 0.6577540106951871
Epoch: [8][0/430]	Time 0.937 (0.937)	Data 0.628 (0.628)	Loss 0.2178 (0.2178)	Prec@1 93.750 (93.750)	Prec@5 100.000 (100.000)
Epoch: [8][10/430]	Time 0.314 (0.373)	Data 0.000 (0.057)	Loss 2.8009 (0.5779)	Prec@1 81.250 (85.795)	Prec@5 100.000 (99.432)
Epoch: [8][20/430]	Time 0.317 (0.346)	Data 0.000 (0.030)	Loss 2.9292 (0.7243)	Prec@1 84.375 (85.863)	Prec@5 100.000 (99.256)
Epoch: [8][30/430]	Time 0.318 (0.336)	Data 0.000 (0.020)	Loss 0.4070 (0.5943)	Prec@1 84.375 (87.198)	Prec@5 100.000 (99.496)
Epoch: [8][40/430]	Time 0.317 (0.331)	Data 0.000 (0.016)	Loss 0.3198 (0.5364)	Prec@1 93.750 (87.957)	Prec@5 100.000 (99.543)
Epoch: [8][50/430]	Time 0.318 (0.329)	Data 0.000 (0.012)	Loss 0.1174 (0.4780)	Prec@1 100.000 (88.664)	Prec@5 100.000 (99.571)
Epoch: [8][60/430]	Time 0.316 (0.327)	Data 0.000 (0.010)	Loss 0.3586 (0.4531)	Prec@1 87.500 (88.832)	Prec@5 100.000 (99.590)
Epoch: [8][70/430]	Time 0.313 (0.325)	Data 0.000 (0.009)	Loss 0.3906 (0.5198)	Prec@1 84.375 (88.776)	Prec@5 100.000 (99.560)
Epoch: [8][80/430]	Time 0.316 (0.324)	Data 0.000 (0.008)	Loss 0.2357 (0.4924)	Prec@1 90.625 (88.966)	Prec@5 100.000 (99.576)
Epoch: [8][90/430]	Time 0.317 (0.323)	Data 0.000 (0.007)	Loss 0.4795 (0.4880)	Prec@1 81.250 (88.874)	Prec@5 96.875 (99.416)
Epoch: [8][100/430]	Time 0.316 (0.322)	Data 0.000 (0.006)	Loss 0.2753 (0.4735)	Prec@1 90.625 (88.645)	Prec@5 100.000 (99.474)
Epoch: [8][110/430]	Time 0.317 (0.322)	Data 0.000 (0.006)	Loss 0.4287 (0.4655)	Prec@1 81.250 (88.514)	Prec@5 100.000 (99.521)
Epoch: [8][120/430]	Time 0.316 (0.321)	Data 0.000 (0.005)	Loss 0.8654 (0.4616)	Prec@1 81.250 (88.404)	Prec@5 100.000 (99.509)
Epoch: [8][130/430]	Time 0.317 (0.321)	Data 0.000 (0.005)	Loss 0.2378 (0.4513)	Prec@1 93.750 (88.478)	Prec@5 100.000 (99.547)
Epoch: [8][140/430]	Time 0.313 (0.321)	Data 0.000 (0.005)	Loss 0.5495 (0.4444)	Prec@1 87.500 (88.497)	Prec@5 100.000 (99.557)
Epoch: [8][150/430]	Time 0.315 (0.320)	Data 0.000 (0.004)	Loss 0.1116 (0.4402)	Prec@1 96.875 (88.493)	Prec@5 100.000 (99.545)
Epoch: [8][160/430]	Time 0.315 (0.320)	Data 0.000 (0.004)	Loss 0.2660 (0.4345)	Prec@1 90.625 (88.529)	Prec@5 100.000 (99.573)
Epoch: [8][170/430]	Time 0.314 (0.320)	Data 0.000 (0.004)	Loss 0.2368 (0.4254)	Prec@1 90.625 (88.633)	Prec@5 100.000 (99.598)
Epoch: [8][180/430]	Time 0.316 (0.320)	Data 0.000 (0.004)	Loss 0.3436 (0.4397)	Prec@1 90.625 (88.588)	Prec@5 96.875 (99.551)
Epoch: [8][190/430]	Time 0.317 (0.319)	Data 0.000 (0.003)	Loss 0.3158 (0.4475)	Prec@1 84.375 (88.580)	Prec@5 100.000 (99.575)
Epoch: [8][200/430]	Time 0.318 (0.319)	Data 0.000 (0.003)	Loss 0.4589 (0.4437)	Prec@1 90.625 (88.635)	Prec@5 100.000 (99.580)
Epoch: [8][210/430]	Time 0.316 (0.319)	Data 0.000 (0.003)	Loss 0.4204 (0.4528)	Prec@1 87.500 (88.507)	Prec@5 100.000 (99.570)
Epoch: [8][220/430]	Time 0.315 (0.319)	Data 0.000 (0.003)	Loss 0.2996 (0.4589)	Prec@1 93.750 (88.447)	Prec@5 100.000 (99.562)
Epoch: [8][230/430]	Time 0.314 (0.319)	Data 0.000 (0.003)	Loss 0.4253 (0.4780)	Prec@1 87.500 (88.298)	Prec@5 96.875 (99.513)
Epoch: [8][240/430]	Time 0.315 (0.319)	Data 0.000 (0.003)	Loss 0.3448 (0.5037)	Prec@1 90.625 (88.226)	Prec@5 100.000 (99.442)
Epoch: [8][250/430]	Time 0.317 (0.319)	Data 0.000 (0.003)	Loss 0.8642 (0.5284)	Prec@1 81.250 (88.135)	Prec@5 96.875 (99.390)
Epoch: [8][260/430]	Time 0.315 (0.319)	Data 0.000 (0.003)	Loss 0.2638 (0.5314)	Prec@1 87.500 (87.931)	Prec@5 100.000 (99.377)
Epoch: [8][270/430]	Time 0.318 (0.319)	Data 0.000 (0.002)	Loss 0.4585 (0.5274)	Prec@1 81.250 (87.938)	Prec@5 100.000 (99.377)
Epoch: [8][280/430]	Time 0.317 (0.318)	Data 0.000 (0.002)	Loss 0.1892 (0.5402)	Prec@1 93.750 (87.945)	Prec@5 100.000 (99.366)
Epoch: [8][290/430]	Time 0.316 (0.318)	Data 0.000 (0.002)	Loss 0.2947 (0.5318)	Prec@1 84.375 (87.994)	Prec@5 100.000 (99.388)
Epoch: [8][300/430]	Time 0.315 (0.318)	Data 0.000 (0.002)	Loss 0.6306 (0.5329)	Prec@1 87.500 (87.874)	Prec@5 100.000 (99.387)
Epoch: [8][310/430]	Time 0.316 (0.318)	Data 0.000 (0.002)	Loss 0.3509 (0.5313)	Prec@1 87.500 (87.791)	Prec@5 100.000 (99.397)
Epoch: [8][320/430]	Time 0.315 (0.318)	Data 0.000 (0.002)	Loss 0.3629 (0.5250)	Prec@1 90.625 (87.850)	Prec@5 100.000 (99.396)
Epoch: [8][330/430]	Time 0.317 (0.318)	Data 0.000 (0.002)	Loss 0.5117 (0.5220)	Prec@1 78.125 (87.812)	Prec@5 100.000 (99.396)
Epoch: [8][340/430]	Time 0.316 (0.318)	Data 0.000 (0.002)	Loss 0.1896 (0.5148)	Prec@1 93.750 (87.903)	Prec@5 100.000 (99.395)
Epoch: [8][350/430]	Time 0.318 (0.318)	Data 0.000 (0.002)	Loss 0.4455 (0.5130)	Prec@1 81.250 (87.865)	Prec@5 100.000 (99.386)
Epoch: [8][360/430]	Time 0.319 (0.318)	Data 0.000 (0.002)	Loss 0.2345 (0.5067)	Prec@1 93.750 (87.950)	Prec@5 100.000 (99.394)
Epoch: [8][370/430]	Time 0.320 (0.318)	Data 0.000 (0.002)	Loss 0.1698 (0.5028)	Prec@1 90.625 (87.972)	Prec@5 100.000 (99.402)
Epoch: [8][380/430]	Time 0.319 (0.318)	Data 0.000 (0.002)	Loss 0.2963 (0.5058)	Prec@1 90.625 (88.017)	Prec@5 100.000 (99.393)
Epoch: [8][390/430]	Time 0.314 (0.318)	Data 0.000 (0.002)	Loss 0.3740 (0.5015)	Prec@1 90.625 (88.051)	Prec@5 100.000 (99.409)
Epoch: [8][400/430]	Time 0.317 (0.318)	Data 0.000 (0.002)	Loss 0.4755 (0.4984)	Prec@1 87.500 (88.061)	Prec@5 100.000 (99.384)
Epoch: [8][410/430]	Time 0.316 (0.318)	Data 0.000 (0.002)	Loss 0.6239 (0.4973)	Prec@1 81.250 (88.047)	Prec@5 96.875 (99.384)
Epoch: [8][420/430]	Time 0.316 (0.318)	Data 0.000 (0.002)	Loss 0.2551 (0.4941)	Prec@1 93.750 (88.079)	Prec@5 100.000 (99.376)
Test: [0/160]	Time 0.849 (0.849)	Loss 1.9184 (1.9184)	Prec@1 50.000 (50.000)	Prec@5 87.500 (87.500)
Test: [10/160]	Time 0.145 (0.214)	Loss 2.3401 (2.7216)	Prec@1 50.000 (38.920)	Prec@5 87.500 (84.375)
Test: [20/160]	Time 0.145 (0.183)	Loss 1.9724 (2.8262)	Prec@1 46.875 (38.690)	Prec@5 87.500 (82.589)
Test: [30/160]	Time 0.146 (0.171)	Loss 2.9151 (2.8872)	Prec@1 40.625 (39.617)	Prec@5 87.500 (82.056)
Test: [40/160]	Time 0.145 (0.165)	Loss 2.3394 (2.8248)	Prec@1 43.750 (40.930)	Prec@5 84.375 (81.936)
Test: [50/160]	Time 0.145 (0.161)	Loss 2.0561 (2.8517)	Prec@1 59.375 (41.360)	Prec@5 90.625 (81.618)
Test: [60/160]	Time 0.146 (0.158)	Loss 4.3390 (2.9349)	Prec@1 21.875 (40.420)	Prec@5 65.625 (80.891)
Test: [70/160]	Time 0.177 (0.157)	Loss 2.9975 (2.9211)	Prec@1 46.875 (40.625)	Prec@5 78.125 (80.986)
Test: [80/160]	Time 0.146 (0.156)	Loss 3.6473 (2.8983)	Prec@1 37.500 (41.281)	Prec@5 78.125 (81.250)
Test: [90/160]	Time 0.145 (0.155)	Loss 3.6281 (2.9219)	Prec@1 28.125 (41.518)	Prec@5 78.125 (81.353)
Test: [100/160]	Time 0.145 (0.154)	Loss 2.2727 (2.9274)	Prec@1 46.875 (41.491)	Prec@5 81.250 (81.157)
Test: [110/160]	Time 0.145 (0.153)	Loss 2.6715 (2.9291)	Prec@1 46.875 (41.441)	Prec@5 75.000 (81.166)
Test: [120/160]	Time 0.145 (0.153)	Loss 4.4878 (2.9478)	Prec@1 34.375 (41.581)	Prec@5 71.875 (81.121)
Test: [130/160]	Time 0.145 (0.152)	Loss 2.4253 (2.9519)	Prec@1 56.250 (41.937)	Prec@5 81.250 (81.131)
Test: [140/160]	Time 0.146 (0.152)	Loss 2.8559 (2.9557)	Prec@1 37.500 (41.888)	Prec@5 75.000 (81.028)
Test: [150/160]	Time 0.146 (0.151)	Loss 3.7078 (2.9506)	Prec@1 34.375 (41.970)	Prec@5 78.125 (81.105)
 * Prec@1 41.814 Prec@5 81.022
0 168 0.011904761904761904
1 190 0.042105263157894736
2 11 0.0
3 15 0.0
4 1833 0.44571740316421166
5 231 0.5800865800865801
6 13 0.0
7 313 0.0926517571884984
8 91 0.0
9 33 0.0
10 54 0.0
11 14 0.0
12 211 0.2559241706161137
13 326 0.0
14 294 0.336734693877551
15 1309 0.7578304048892284
Epoch: [9][0/430]	Time 0.960 (0.960)	Data 0.647 (0.647)	Loss 0.0589 (0.0589)	Prec@1 100.000 (100.000)	Prec@5 100.000 (100.000)
Epoch: [9][10/430]	Time 0.318 (0.374)	Data 0.000 (0.059)	Loss 0.3173 (0.3056)	Prec@1 84.375 (93.182)	Prec@5 100.000 (99.432)
Epoch: [9][20/430]	Time 0.317 (0.347)	Data 0.000 (0.031)	Loss 0.0648 (0.3168)	Prec@1 100.000 (93.899)	Prec@5 100.000 (99.554)
Epoch: [9][30/430]	Time 0.315 (0.337)	Data 0.000 (0.021)	Loss 0.1806 (0.2910)	Prec@1 96.875 (93.548)	Prec@5 100.000 (99.597)
Epoch: [9][40/430]	Time 0.315 (0.332)	Data 0.000 (0.016)	Loss 0.8309 (0.3101)	Prec@1 93.750 (93.216)	Prec@5 100.000 (99.619)
Epoch: [9][50/430]	Time 0.317 (0.329)	Data 0.000 (0.013)	Loss 0.2730 (0.3033)	Prec@1 93.750 (92.892)	Prec@5 100.000 (99.694)
Epoch: [9][60/430]	Time 0.315 (0.327)	Data 0.000 (0.011)	Loss 0.0709 (0.2922)	Prec@1 96.875 (92.777)	Prec@5 100.000 (99.744)
Epoch: [9][70/430]	Time 0.317 (0.325)	Data 0.000 (0.009)	Loss 0.1932 (0.2813)	Prec@1 93.750 (92.782)	Prec@5 100.000 (99.736)
Epoch: [9][80/430]	Time 0.317 (0.324)	Data 0.000 (0.008)	Loss 0.1483 (0.2798)	Prec@1 96.875 (92.708)	Prec@5 100.000 (99.769)
Epoch: [9][90/430]	Time 0.319 (0.323)	Data 0.000 (0.007)	Loss 0.2460 (0.2762)	Prec@1 93.750 (92.617)	Prec@5 100.000 (99.760)
Epoch: [9][100/430]	Time 0.316 (0.323)	Data 0.000 (0.007)	Loss 0.2979 (0.2742)	Prec@1 93.750 (92.543)	Prec@5 100.000 (99.783)
Epoch: [9][110/430]	Time 0.315 (0.322)	Data 0.000 (0.006)	Loss 4.7859 (0.3128)	Prec@1 93.750 (92.539)	Prec@5 96.875 (99.775)
Epoch: [9][120/430]	Time 0.316 (0.322)	Data 0.000 (0.006)	Loss 0.3646 (0.3867)	Prec@1 93.750 (92.407)	Prec@5 100.000 (99.742)
Epoch: [9][130/430]	Time 0.314 (0.321)	Data 0.000 (0.005)	Loss 0.2406 (0.3783)	Prec@1 87.500 (92.319)	Prec@5 100.000 (99.738)
Epoch: [9][140/430]	Time 0.317 (0.321)	Data 0.000 (0.005)	Loss 0.2083 (0.3696)	Prec@1 96.875 (92.265)	Prec@5 100.000 (99.734)
Epoch: [9][150/430]	Time 0.318 (0.320)	Data 0.000 (0.004)	Loss 0.1406 (0.3703)	Prec@1 96.875 (92.219)	Prec@5 100.000 (99.752)
Epoch: [9][160/430]	Time 0.317 (0.320)	Data 0.000 (0.004)	Loss 0.1290 (0.3625)	Prec@1 93.750 (92.255)	Prec@5 100.000 (99.748)
Epoch: [9][170/430]	Time 0.318 (0.320)	Data 0.000 (0.004)	Loss 0.2211 (0.3647)	Prec@1 93.750 (91.959)	Prec@5 100.000 (99.762)
Epoch: [9][180/430]	Time 0.315 (0.320)	Data 0.000 (0.004)	Loss 0.2723 (0.3614)	Prec@1 90.625 (91.816)	Prec@5 100.000 (99.758)
Epoch: [9][190/430]	Time 0.316 (0.319)	Data 0.000 (0.004)	Loss 0.2314 (0.3580)	Prec@1 93.750 (91.787)	Prec@5 100.000 (99.738)
Epoch: [9][200/430]	Time 0.314 (0.319)	Data 0.000 (0.003)	Loss 3.7333 (0.3720)	Prec@1 78.125 (91.698)	Prec@5 96.875 (99.705)
Epoch: [9][210/430]	Time 0.316 (0.319)	Data 0.000 (0.003)	Loss 0.3273 (0.3684)	Prec@1 93.750 (91.647)	Prec@5 100.000 (99.704)
Epoch: [9][220/430]	Time 0.318 (0.319)	Data 0.000 (0.003)	Loss 0.2170 (0.3701)	Prec@1 90.625 (91.530)	Prec@5 100.000 (99.717)
Epoch: [9][230/430]	Time 0.318 (0.319)	Data 0.000 (0.003)	Loss 0.3036 (0.3669)	Prec@1 93.750 (91.572)	Prec@5 100.000 (99.729)
Epoch: [9][240/430]	Time 0.315 (0.319)	Data 0.000 (0.003)	Loss 0.1705 (0.3605)	Prec@1 90.625 (91.623)	Prec@5 100.000 (99.741)
Epoch: [9][250/430]	Time 0.315 (0.319)	Data 0.000 (0.003)	Loss 0.2716 (0.3580)	Prec@1 93.750 (91.646)	Prec@5 100.000 (99.739)
Epoch: [9][260/430]	Time 0.314 (0.319)	Data 0.000 (0.003)	Loss 0.1669 (0.3547)	Prec@1 90.625 (91.583)	Prec@5 100.000 (99.749)
Epoch: [9][270/430]	Time 0.315 (0.318)	Data 0.000 (0.003)	Loss 0.1086 (0.3552)	Prec@1 93.750 (91.467)	Prec@5 100.000 (99.735)
Epoch: [9][280/430]	Time 0.315 (0.318)	Data 0.000 (0.003)	Loss 0.2329 (0.3545)	Prec@1 96.875 (91.370)	Prec@5 100.000 (99.733)
Epoch: [9][290/430]	Time 0.318 (0.318)	Data 0.000 (0.002)	Loss 0.0792 (0.3517)	Prec@1 96.875 (91.441)	Prec@5 100.000 (99.742)
Epoch: [9][300/430]	Time 0.317 (0.318)	Data 0.000 (0.002)	Loss 0.4119 (0.3505)	Prec@1 84.375 (91.383)	Prec@5 100.000 (99.751)
Epoch: [9][310/430]	Time 0.319 (0.318)	Data 0.000 (0.002)	Loss 0.1698 (0.3494)	Prec@1 93.750 (91.338)	Prec@5 100.000 (99.749)
Epoch: [9][320/430]	Time 0.316 (0.318)	Data 0.000 (0.002)	Loss 0.4375 (0.3573)	Prec@1 90.625 (91.287)	Prec@5 96.875 (99.727)
Epoch: [9][330/430]	Time 0.316 (0.318)	Data 0.000 (0.002)	Loss 0.3500 (0.3558)	Prec@1 90.625 (91.314)	Prec@5 100.000 (99.726)
Epoch: [9][340/430]	Time 0.314 (0.318)	Data 0.000 (0.002)	Loss 0.3758 (0.3572)	Prec@1 90.625 (91.175)	Prec@5 100.000 (99.725)
Epoch: [9][350/430]	Time 0.317 (0.318)	Data 0.000 (0.002)	Loss 0.4718 (0.3574)	Prec@1 87.500 (91.079)	Prec@5 96.875 (99.706)
Epoch: [9][360/430]	Time 0.316 (0.318)	Data 0.000 (0.002)	Loss 0.1146 (0.3549)	Prec@1 96.875 (91.136)	Prec@5 100.000 (99.706)
Epoch: [9][370/430]	Time 0.316 (0.318)	Data 0.000 (0.002)	Loss 0.2775 (0.3525)	Prec@1 90.625 (91.139)	Prec@5 100.000 (99.714)
Epoch: [9][380/430]	Time 0.318 (0.318)	Data 0.000 (0.002)	Loss 0.2050 (0.3525)	Prec@1 90.625 (91.027)	Prec@5 100.000 (99.721)
Epoch: [9][390/430]	Time 0.316 (0.318)	Data 0.000 (0.002)	Loss 0.3488 (0.3501)	Prec@1 87.500 (91.033)	Prec@5 100.000 (99.728)
Epoch: [9][400/430]	Time 0.316 (0.318)	Data 0.000 (0.002)	Loss 0.2816 (0.3472)	Prec@1 87.500 (91.116)	Prec@5 100.000 (99.727)
Epoch: [9][410/430]	Time 0.316 (0.318)	Data 0.000 (0.002)	Loss 0.2596 (0.3466)	Prec@1 93.750 (91.058)	Prec@5 100.000 (99.726)
Epoch: [9][420/430]	Time 0.316 (0.318)	Data 0.000 (0.002)	Loss 0.1361 (0.3450)	Prec@1 96.875 (91.093)	Prec@5 100.000 (99.725)
Test: [0/160]	Time 0.934 (0.934)	Loss 2.9237 (2.9237)	Prec@1 40.625 (40.625)	Prec@5 84.375 (84.375)
Test: [10/160]	Time 0.146 (0.219)	Loss 2.8825 (3.2059)	Prec@1 37.500 (39.205)	Prec@5 81.250 (76.705)
Test: [20/160]	Time 0.147 (0.186)	Loss 2.8063 (3.2396)	Prec@1 46.875 (38.393)	Prec@5 84.375 (76.935)
Test: [30/160]	Time 0.145 (0.173)	Loss 3.0662 (3.1807)	Prec@1 43.750 (39.214)	Prec@5 81.250 (76.512)
Test: [40/160]	Time 0.145 (0.166)	Loss 2.0711 (3.1040)	Prec@1 46.875 (40.091)	Prec@5 78.125 (76.829)
Test: [50/160]	Time 0.145 (0.162)	Loss 2.6913 (3.0315)	Prec@1 31.250 (40.135)	Prec@5 81.250 (77.696)
Test: [60/160]	Time 0.168 (0.160)	Loss 3.0150 (2.9887)	Prec@1 46.875 (40.113)	Prec@5 78.125 (78.279)
Test: [70/160]	Time 0.147 (0.158)	Loss 3.5063 (3.0367)	Prec@1 46.875 (39.833)	Prec@5 71.875 (78.169)
Test: [80/160]	Time 0.146 (0.157)	Loss 2.3110 (3.0285)	Prec@1 40.625 (39.738)	Prec@5 87.500 (78.395)
Test: [90/160]	Time 0.145 (0.156)	Loss 3.5523 (3.0059)	Prec@1 40.625 (40.144)	Prec@5 75.000 (78.674)
Test: [100/160]	Time 0.146 (0.155)	Loss 3.1104 (2.9856)	Prec@1 37.500 (40.316)	Prec@5 84.375 (78.929)
Test: [110/160]	Time 0.145 (0.154)	Loss 3.6732 (2.9983)	Prec@1 28.125 (39.949)	Prec@5 78.125 (78.885)
Test: [120/160]	Time 0.146 (0.153)	Loss 2.3435 (3.0078)	Prec@1 43.750 (39.618)	Prec@5 90.625 (78.951)
Test: [130/160]	Time 0.145 (0.153)	Loss 2.9220 (3.0002)	Prec@1 34.375 (39.623)	Prec@5 84.375 (79.031)
Test: [140/160]	Time 0.147 (0.152)	Loss 2.9217 (3.0020)	Prec@1 40.625 (39.827)	Prec@5 78.125 (78.856)
Test: [150/160]	Time 0.145 (0.152)	Loss 2.8907 (3.0174)	Prec@1 25.000 (39.652)	Prec@5 87.500 (78.829)
 * Prec@1 39.522 Prec@5 78.907
0 168 0.011904761904761904
1 190 0.2
2 11 0.0
3 15 0.0
4 1833 0.45171849427168576
5 231 0.45021645021645024
6 13 0.0
7 313 0.17891373801916932
8 91 0.0
9 33 0.0
10 54 0.0
11 14 0.0
12 211 0.32701421800947866
13 326 0.0
14 294 0.46598639455782315
15 1309 0.5989304812834224
