creating model and allocating memory
initilzing model with pretrained weights
creating data loaders
start training
Epoch: [0][0/430]	Time 3.211 (3.211)	Data 1.575 (1.575)	Loss 320.3838 (320.3838)	Prec@1 21.875 (21.875)	Prec@5 46.875 (46.875)
Epoch: [0][10/430]	Time 0.309 (0.447)	Data 0.154 (0.157)	Loss 279.2795 (287.2292)	Prec@1 37.500 (33.239)	Prec@5 59.375 (55.682)
Epoch: [0][20/430]	Time 0.155 (0.365)	Data 0.000 (0.140)	Loss 225.3975 (274.3045)	Prec@1 25.000 (32.143)	Prec@5 50.000 (54.911)
Epoch: [0][30/430]	Time 0.174 (0.350)	Data 0.019 (0.147)	Loss 212.1838 (251.9479)	Prec@1 15.625 (30.847)	Prec@5 50.000 (54.940)
Epoch: [0][40/430]	Time 0.452 (0.340)	Data 0.298 (0.149)	Loss 157.0844 (230.5465)	Prec@1 25.000 (29.497)	Prec@5 65.625 (56.250)
Epoch: [0][50/430]	Time 0.958 (0.346)	Data 0.802 (0.162)	Loss 172.1235 (209.6633)	Prec@1 25.000 (30.453)	Prec@5 71.875 (59.191)
Epoch: [0][60/430]	Time 0.310 (0.332)	Data 0.155 (0.152)	Loss 83.6913 (194.6530)	Prec@1 37.500 (30.891)	Prec@5 81.250 (61.424)
Epoch: [0][70/430]	Time 0.156 (0.339)	Data 0.000 (0.163)	Loss 142.4956 (182.4369)	Prec@1 21.875 (30.898)	Prec@5 65.625 (63.512)
Epoch: [0][80/430]	Time 0.371 (0.327)	Data 0.214 (0.153)	Loss 105.1737 (172.0061)	Prec@1 46.875 (31.674)	Prec@5 71.875 (65.625)
Epoch: [0][90/430]	Time 0.211 (0.325)	Data 0.056 (0.153)	Loss 131.2057 (165.6480)	Prec@1 28.125 (31.765)	Prec@5 62.500 (66.724)
Epoch: [0][100/430]	Time 0.749 (0.325)	Data 0.594 (0.155)	Loss 124.3294 (160.4073)	Prec@1 25.000 (31.095)	Prec@5 62.500 (67.203)
Epoch: [0][110/430]	Time 0.158 (0.321)	Data 0.000 (0.152)	Loss 99.7262 (154.8280)	Prec@1 28.125 (31.137)	Prec@5 78.125 (68.215)
Epoch: [0][120/430]	Time 0.174 (0.315)	Data 0.018 (0.148)	Loss 88.7960 (148.9836)	Prec@1 43.750 (32.128)	Prec@5 78.125 (69.447)
Epoch: [0][130/430]	Time 0.784 (0.315)	Data 0.629 (0.148)	Loss 97.9496 (144.8959)	Prec@1 34.375 (32.419)	Prec@5 84.375 (70.110)
Epoch: [0][140/430]	Time 0.417 (0.310)	Data 0.258 (0.144)	Loss 74.5920 (140.2803)	Prec@1 43.750 (32.912)	Prec@5 75.000 (70.922)
Epoch: [0][150/430]	Time 0.417 (0.308)	Data 0.263 (0.143)	Loss 78.0729 (136.0205)	Prec@1 34.375 (33.402)	Prec@5 78.125 (71.730)
Epoch: [0][160/430]	Time 0.203 (0.305)	Data 0.047 (0.141)	Loss 81.1941 (131.9661)	Prec@1 43.750 (34.026)	Prec@5 68.750 (72.166)
Epoch: [0][170/430]	Time 0.155 (0.304)	Data 0.000 (0.140)	Loss 85.2916 (128.4187)	Prec@1 40.625 (34.448)	Prec@5 75.000 (72.697)
Epoch: [0][180/430]	Time 0.202 (0.301)	Data 0.046 (0.137)	Loss 94.0658 (125.8410)	Prec@1 40.625 (34.617)	Prec@5 78.125 (73.015)
Epoch: [0][190/430]	Time 0.285 (0.297)	Data 0.113 (0.134)	Loss 39.7221 (123.0127)	Prec@1 56.250 (35.029)	Prec@5 93.750 (73.544)
Epoch: [0][200/430]	Time 0.233 (0.296)	Data 0.058 (0.133)	Loss 52.4149 (120.7119)	Prec@1 46.875 (35.261)	Prec@5 87.500 (73.927)
Epoch: [0][210/430]	Time 0.531 (0.298)	Data 0.350 (0.135)	Loss 97.6166 (118.7856)	Prec@1 28.125 (35.382)	Prec@5 75.000 (74.185)
Epoch: [0][220/430]	Time 0.636 (0.298)	Data 0.460 (0.135)	Loss 54.4618 (116.8825)	Prec@1 40.625 (35.648)	Prec@5 90.625 (74.533)
Epoch: [0][230/430]	Time 0.156 (0.298)	Data 0.000 (0.134)	Loss 62.3015 (114.9403)	Prec@1 37.500 (35.931)	Prec@5 87.500 (74.784)
Epoch: [0][240/430]	Time 0.358 (0.299)	Data 0.188 (0.136)	Loss 38.7961 (112.6708)	Prec@1 56.250 (36.190)	Prec@5 90.625 (75.195)
Epoch: [0][250/430]	Time 0.362 (0.299)	Data 0.202 (0.136)	Loss 74.2182 (110.8797)	Prec@1 40.625 (36.467)	Prec@5 81.250 (75.548)
Epoch: [0][260/430]	Time 0.769 (0.301)	Data 0.595 (0.137)	Loss 75.9668 (109.2472)	Prec@1 34.375 (36.722)	Prec@5 71.875 (75.706)
Epoch: [0][270/430]	Time 0.295 (0.300)	Data 0.131 (0.137)	Loss 52.9121 (107.1736)	Prec@1 46.875 (37.085)	Prec@5 84.375 (76.015)
Epoch: [0][280/430]	Time 0.178 (0.299)	Data 0.014 (0.136)	Loss 60.2696 (105.4665)	Prec@1 34.375 (37.300)	Prec@5 87.500 (76.279)
Epoch: [0][290/430]	Time 0.478 (0.300)	Data 0.321 (0.137)	Loss 46.4208 (103.7677)	Prec@1 46.875 (37.618)	Prec@5 84.375 (76.536)
Epoch: [0][300/430]	Time 0.480 (0.300)	Data 0.312 (0.136)	Loss 47.5865 (102.0585)	Prec@1 50.000 (37.978)	Prec@5 84.375 (76.796)
Epoch: [0][310/430]	Time 0.296 (0.299)	Data 0.140 (0.136)	Loss 62.4488 (100.8816)	Prec@1 46.875 (38.163)	Prec@5 78.125 (76.929)
Epoch: [0][320/430]	Time 0.173 (0.298)	Data 0.009 (0.135)	Loss 78.9926 (99.2831)	Prec@1 31.250 (38.405)	Prec@5 78.125 (77.268)
Epoch: [0][330/430]	Time 0.157 (0.298)	Data 0.000 (0.135)	Loss 35.4271 (98.1448)	Prec@1 53.125 (38.661)	Prec@5 90.625 (77.455)
Epoch: [0][340/430]	Time 0.157 (0.298)	Data 0.000 (0.135)	Loss 42.1402 (96.9623)	Prec@1 46.875 (38.810)	Prec@5 87.500 (77.603)
Epoch: [0][350/430]	Time 0.444 (0.299)	Data 0.285 (0.136)	Loss 29.3324 (95.6563)	Prec@1 62.500 (39.085)	Prec@5 87.500 (77.751)
Epoch: [0][360/430]	Time 0.166 (0.297)	Data 0.011 (0.134)	Loss 56.9900 (94.4419)	Prec@1 40.625 (39.413)	Prec@5 93.750 (78.021)
Epoch: [0][370/430]	Time 0.562 (0.296)	Data 0.406 (0.133)	Loss 99.0045 (93.5480)	Prec@1 34.375 (39.505)	Prec@5 68.750 (78.209)
Epoch: [0][380/430]	Time 0.157 (0.294)	Data 0.000 (0.132)	Loss 42.8895 (92.3199)	Prec@1 56.250 (39.846)	Prec@5 81.250 (78.387)
Epoch: [0][390/430]	Time 0.477 (0.293)	Data 0.317 (0.130)	Loss 51.5727 (91.0527)	Prec@1 56.250 (40.153)	Prec@5 87.500 (78.684)
Epoch: [0][400/430]	Time 0.157 (0.291)	Data 0.000 (0.128)	Loss 37.6015 (90.1946)	Prec@1 43.750 (40.181)	Prec@5 93.750 (78.780)
Epoch: [0][410/430]	Time 0.176 (0.289)	Data 0.019 (0.126)	Loss 34.4977 (89.2427)	Prec@1 62.500 (40.306)	Prec@5 93.750 (78.961)
Epoch: [0][420/430]	Time 0.178 (0.287)	Data 0.022 (0.125)	Loss 31.3699 (88.2438)	Prec@1 59.375 (40.499)	Prec@5 90.625 (79.120)
Test: [0/160]	Time 1.205 (1.205)	Loss 135.2789 (135.2789)	Prec@1 28.125 (28.125)	Prec@5 56.250 (56.250)
Test: [10/160]	Time 0.174 (0.281)	Loss 101.6903 (99.7159)	Prec@1 31.250 (33.523)	Prec@5 62.500 (70.455)
Test: [20/160]	Time 0.151 (0.247)	Loss 128.1746 (105.4567)	Prec@1 37.500 (34.375)	Prec@5 75.000 (71.577)
Test: [30/160]	Time 0.173 (0.234)	Loss 128.3466 (102.8411)	Prec@1 40.625 (33.065)	Prec@5 65.625 (72.077)
Test: [40/160]	Time 0.149 (0.234)	Loss 63.1848 (103.2201)	Prec@1 21.875 (32.698)	Prec@5 81.250 (72.485)
Test: [50/160]	Time 0.150 (0.230)	Loss 57.4986 (104.1871)	Prec@1 37.500 (32.475)	Prec@5 81.250 (72.672)
Test: [60/160]	Time 0.149 (0.227)	Loss 138.3308 (105.5971)	Prec@1 28.125 (31.865)	Prec@5 68.750 (72.387)
Test: [70/160]	Time 0.169 (0.227)	Loss 156.1808 (106.4498)	Prec@1 21.875 (31.602)	Prec@5 59.375 (71.919)
Test: [80/160]	Time 0.149 (0.234)	Loss 68.0510 (105.6774)	Prec@1 28.125 (32.176)	Prec@5 75.000 (72.106)
Test: [90/160]	Time 0.150 (0.238)	Loss 138.5714 (106.1599)	Prec@1 25.000 (32.109)	Prec@5 65.625 (72.115)
Test: [100/160]	Time 0.150 (0.236)	Loss 60.9359 (104.2188)	Prec@1 53.125 (32.054)	Prec@5 81.250 (72.401)
Test: [110/160]	Time 0.150 (0.238)	Loss 66.0085 (103.3561)	Prec@1 50.000 (32.573)	Prec@5 84.375 (72.635)
Test: [120/160]	Time 0.149 (0.237)	Loss 98.9491 (103.3903)	Prec@1 18.750 (32.722)	Prec@5 78.125 (72.572)
Test: [130/160]	Time 0.434 (0.238)	Loss 42.3259 (103.4775)	Prec@1 37.500 (32.848)	Prec@5 90.625 (72.591)
Test: [140/160]	Time 0.149 (0.236)	Loss 73.2581 (102.4934)	Prec@1 25.000 (33.023)	Prec@5 78.125 (72.695)
Test: [150/160]	Time 0.174 (0.235)	Loss 84.9845 (102.4164)	Prec@1 37.500 (33.030)	Prec@5 75.000 (72.806)
 * Prec@1 32.824 Prec@5 72.660
0 168 0.18452380952380953
1 190 0.042105263157894736
2 11 0.0
3 15 0.0
4 1833 0.3366066557555919
5 231 0.22077922077922077
6 13 0.07692307692307693
7 313 0.054313099041533544
8 91 0.01098901098901099
9 33 0.0
10 54 0.0
11 14 0.0
12 211 0.08530805687203792
13 326 0.0
14 294 0.21428571428571427
15 1309 0.6638655462184874
Epoch: [1][0/430]	Time 0.780 (0.780)	Data 0.616 (0.616)	Loss 54.5311 (54.5311)	Prec@1 37.500 (37.500)	Prec@5 81.250 (81.250)
Epoch: [1][10/430]	Time 0.193 (0.246)	Data 0.035 (0.086)	Loss 78.1974 (52.9433)	Prec@1 28.125 (43.466)	Prec@5 84.375 (83.523)
Epoch: [1][20/430]	Time 0.157 (0.215)	Data 0.000 (0.054)	Loss 44.6078 (52.3458)	Prec@1 46.875 (44.345)	Prec@5 93.750 (83.036)
Epoch: [1][30/430]	Time 0.163 (0.206)	Data 0.000 (0.046)	Loss 25.8502 (47.5343)	Prec@1 56.250 (47.379)	Prec@5 87.500 (85.181)
Epoch: [1][40/430]	Time 0.177 (0.201)	Data 0.020 (0.041)	Loss 36.8307 (46.2466)	Prec@1 50.000 (48.933)	Prec@5 84.375 (85.518)
Epoch: [1][50/430]	Time 0.164 (0.199)	Data 0.000 (0.039)	Loss 40.6067 (45.4975)	Prec@1 56.250 (49.510)	Prec@5 87.500 (85.846)
Epoch: [1][60/430]	Time 0.247 (0.199)	Data 0.088 (0.038)	Loss 63.5759 (45.7118)	Prec@1 53.125 (49.539)	Prec@5 81.250 (85.963)
Epoch: [1][70/430]	Time 0.157 (0.199)	Data 0.000 (0.038)	Loss 60.8306 (45.7649)	Prec@1 40.625 (49.516)	Prec@5 81.250 (85.871)
Epoch: [1][80/430]	Time 0.300 (0.198)	Data 0.143 (0.037)	Loss 61.4531 (45.4947)	Prec@1 46.875 (49.961)	Prec@5 71.875 (85.995)
Epoch: [1][90/430]	Time 0.158 (0.194)	Data 0.001 (0.034)	Loss 75.6507 (44.9044)	Prec@1 43.750 (50.240)	Prec@5 75.000 (86.264)
Epoch: [1][100/430]	Time 0.195 (0.194)	Data 0.020 (0.033)	Loss 35.0131 (44.7338)	Prec@1 43.750 (50.217)	Prec@5 87.500 (86.139)
Epoch: [1][110/430]	Time 0.157 (0.192)	Data 0.000 (0.031)	Loss 54.1335 (44.1685)	Prec@1 46.875 (50.338)	Prec@5 75.000 (86.036)
Epoch: [1][120/430]	Time 0.178 (0.191)	Data 0.018 (0.031)	Loss 49.5688 (43.9817)	Prec@1 50.000 (50.697)	Prec@5 87.500 (86.131)
Epoch: [1][130/430]	Time 0.157 (0.191)	Data 0.000 (0.031)	Loss 62.5081 (44.4039)	Prec@1 43.750 (50.382)	Prec@5 81.250 (86.045)
Epoch: [1][140/430]	Time 0.178 (0.191)	Data 0.021 (0.030)	Loss 26.3969 (44.0578)	Prec@1 53.125 (50.887)	Prec@5 93.750 (86.037)
Epoch: [1][150/430]	Time 0.156 (0.190)	Data 0.000 (0.030)	Loss 17.8683 (44.0407)	Prec@1 59.375 (50.786)	Prec@5 96.875 (86.010)
Epoch: [1][160/430]	Time 0.184 (0.190)	Data 0.016 (0.030)	Loss 60.8330 (44.0613)	Prec@1 34.375 (50.466)	Prec@5 84.375 (86.044)
Epoch: [1][170/430]	Time 0.157 (0.189)	Data 0.001 (0.029)	Loss 32.1544 (43.7417)	Prec@1 62.500 (50.676)	Prec@5 90.625 (86.038)
Epoch: [1][180/430]	Time 0.166 (0.190)	Data 0.005 (0.029)	Loss 37.1184 (43.5807)	Prec@1 40.625 (50.725)	Prec@5 84.375 (85.998)
Epoch: [1][190/430]	Time 0.155 (0.189)	Data 0.000 (0.029)	Loss 42.5196 (43.4156)	Prec@1 43.750 (50.884)	Prec@5 87.500 (86.044)
Epoch: [1][200/430]	Time 0.175 (0.189)	Data 0.017 (0.029)	Loss 37.3536 (43.2124)	Prec@1 56.250 (51.073)	Prec@5 90.625 (86.163)
Epoch: [1][210/430]	Time 0.158 (0.189)	Data 0.000 (0.029)	Loss 39.2989 (43.0830)	Prec@1 56.250 (51.377)	Prec@5 78.125 (86.093)
Epoch: [1][220/430]	Time 0.157 (0.189)	Data 0.000 (0.029)	Loss 44.9747 (42.8122)	Prec@1 40.625 (51.612)	Prec@5 84.375 (86.242)
Epoch: [1][230/430]	Time 0.163 (0.189)	Data 0.000 (0.029)	Loss 44.3141 (42.6904)	Prec@1 53.125 (51.718)	Prec@5 87.500 (86.269)
Epoch: [1][240/430]	Time 0.158 (0.189)	Data 0.000 (0.028)	Loss 42.5532 (42.5100)	Prec@1 40.625 (51.634)	Prec@5 81.250 (86.190)
Epoch: [1][250/430]	Time 0.163 (0.189)	Data 0.000 (0.029)	Loss 40.8481 (42.3341)	Prec@1 59.375 (51.681)	Prec@5 81.250 (86.218)
Epoch: [1][260/430]	Time 0.167 (0.188)	Data 0.009 (0.028)	Loss 40.3856 (41.9952)	Prec@1 59.375 (51.748)	Prec@5 84.375 (86.291)
Epoch: [1][270/430]	Time 0.157 (0.188)	Data 0.000 (0.028)	Loss 30.1705 (41.9119)	Prec@1 59.375 (51.753)	Prec@5 90.625 (86.324)
Epoch: [1][280/430]	Time 0.161 (0.188)	Data 0.000 (0.028)	Loss 30.6197 (41.5756)	Prec@1 62.500 (51.935)	Prec@5 90.625 (86.466)
Epoch: [1][290/430]	Time 0.170 (0.188)	Data 0.013 (0.028)	Loss 36.5185 (41.3046)	Prec@1 46.875 (52.180)	Prec@5 93.750 (86.534)
Epoch: [1][300/430]	Time 0.189 (0.188)	Data 0.024 (0.028)	Loss 22.2250 (41.1718)	Prec@1 65.625 (52.284)	Prec@5 87.500 (86.597)
Epoch: [1][310/430]	Time 0.183 (0.188)	Data 0.025 (0.028)	Loss 43.5535 (40.9722)	Prec@1 50.000 (52.281)	Prec@5 81.250 (86.676)
Epoch: [1][320/430]	Time 0.188 (0.188)	Data 0.026 (0.028)	Loss 27.5528 (40.7781)	Prec@1 53.125 (52.414)	Prec@5 87.500 (86.750)
Epoch: [1][330/430]	Time 0.166 (0.187)	Data 0.000 (0.027)	Loss 40.7149 (40.5834)	Prec@1 62.500 (52.464)	Prec@5 75.000 (86.811)
Epoch: [1][340/430]	Time 0.182 (0.188)	Data 0.013 (0.027)	Loss 38.0095 (40.3258)	Prec@1 59.375 (52.603)	Prec@5 90.625 (86.950)
Epoch: [1][350/430]	Time 0.156 (0.187)	Data 0.000 (0.027)	Loss 31.3893 (40.0202)	Prec@1 53.125 (52.769)	Prec@5 84.375 (87.028)
Epoch: [1][360/430]	Time 0.166 (0.187)	Data 0.003 (0.027)	Loss 46.8889 (39.7373)	Prec@1 50.000 (52.865)	Prec@5 84.375 (87.162)
Epoch: [1][370/430]	Time 0.208 (0.187)	Data 0.045 (0.027)	Loss 34.0131 (39.6388)	Prec@1 71.875 (52.847)	Prec@5 90.625 (87.214)
Epoch: [1][380/430]	Time 0.160 (0.187)	Data 0.000 (0.027)	Loss 47.9690 (39.4491)	Prec@1 50.000 (53.002)	Prec@5 78.125 (87.262)
Epoch: [1][390/430]	Time 0.202 (0.187)	Data 0.042 (0.027)	Loss 17.0738 (39.3138)	Prec@1 46.875 (52.949)	Prec@5 100.000 (87.292)
Epoch: [1][400/430]	Time 0.222 (0.187)	Data 0.063 (0.027)	Loss 32.5599 (39.1056)	Prec@1 62.500 (53.187)	Prec@5 93.750 (87.375)
Epoch: [1][410/430]	Time 0.157 (0.187)	Data 0.000 (0.027)	Loss 18.9391 (38.8609)	Prec@1 65.625 (53.353)	Prec@5 93.750 (87.447)
Epoch: [1][420/430]	Time 0.227 (0.187)	Data 0.044 (0.027)	Loss 30.9249 (38.6189)	Prec@1 53.125 (53.578)	Prec@5 90.625 (87.507)
Test: [0/160]	Time 1.110 (1.110)	Loss 64.7243 (64.7243)	Prec@1 43.750 (43.750)	Prec@5 71.875 (71.875)
Test: [10/160]	Time 0.158 (0.265)	Loss 40.9131 (60.8847)	Prec@1 46.875 (42.898)	Prec@5 84.375 (80.114)
Test: [20/160]	Time 0.366 (0.236)	Loss 61.9488 (69.5314)	Prec@1 40.625 (42.708)	Prec@5 81.250 (80.060)
Test: [30/160]	Time 0.155 (0.221)	Loss 91.3435 (74.8858)	Prec@1 40.625 (41.028)	Prec@5 78.125 (79.435)
Test: [40/160]	Time 0.294 (0.215)	Loss 90.1888 (77.8949)	Prec@1 40.625 (40.244)	Prec@5 75.000 (78.963)
Test: [50/160]	Time 0.177 (0.209)	Loss 89.3783 (77.4056)	Prec@1 28.125 (40.380)	Prec@5 71.875 (78.676)
Test: [60/160]	Time 0.214 (0.206)	Loss 110.7915 (80.0522)	Prec@1 34.375 (39.600)	Prec@5 71.875 (77.715)
Test: [70/160]	Time 0.186 (0.205)	Loss 124.1989 (80.3240)	Prec@1 21.875 (38.864)	Prec@5 62.500 (77.333)
Test: [80/160]	Time 0.149 (0.203)	Loss 95.3471 (80.0341)	Prec@1 21.875 (38.927)	Prec@5 68.750 (77.238)
Test: [90/160]	Time 0.149 (0.198)	Loss 47.4288 (79.4236)	Prec@1 46.875 (39.595)	Prec@5 87.500 (77.713)
Test: [100/160]	Time 0.149 (0.193)	Loss 53.3942 (80.2216)	Prec@1 53.125 (39.944)	Prec@5 78.125 (77.506)
Test: [110/160]	Time 0.150 (0.189)	Loss 35.9990 (79.2314)	Prec@1 37.500 (40.146)	Prec@5 90.625 (77.562)
Test: [120/160]	Time 0.149 (0.186)	Loss 63.4357 (81.3219)	Prec@1 34.375 (40.031)	Prec@5 84.375 (77.169)
Test: [130/160]	Time 0.150 (0.183)	Loss 65.9190 (80.9561)	Prec@1 43.750 (39.933)	Prec@5 75.000 (77.147)
Test: [140/160]	Time 0.151 (0.181)	Loss 76.5288 (81.4426)	Prec@1 34.375 (39.473)	Prec@5 81.250 (77.061)
Test: [150/160]	Time 0.149 (0.179)	Loss 80.9689 (81.3946)	Prec@1 31.250 (39.425)	Prec@5 78.125 (77.111)
 * Prec@1 39.463 Prec@5 77.007
0 168 0.16666666666666666
1 190 0.02631578947368421
2 11 0.0
3 15 0.0
4 1833 0.46590289143480634
5 231 0.3593073593073593
6 13 0.0
7 313 0.07987220447284345
8 91 0.01098901098901099
9 33 0.0
10 54 0.0
11 14 0.0
12 211 0.16587677725118483
13 326 0.0
14 294 0.40816326530612246
15 1309 0.6600458365164248
Epoch: [2][0/430]	Time 0.766 (0.766)	Data 0.609 (0.609)	Loss 29.9604 (29.9604)	Prec@1 46.875 (46.875)	Prec@5 90.625 (90.625)
Epoch: [2][10/430]	Time 0.158 (0.218)	Data 0.000 (0.060)	Loss 25.9129 (34.7091)	Prec@1 53.125 (45.739)	Prec@5 93.750 (89.205)
Epoch: [2][20/430]	Time 0.159 (0.189)	Data 0.000 (0.031)	Loss 23.4533 (29.6126)	Prec@1 59.375 (52.232)	Prec@5 81.250 (90.476)
Epoch: [2][30/430]	Time 0.158 (0.179)	Data 0.000 (0.021)	Loss 34.6465 (29.3852)	Prec@1 53.125 (52.923)	Prec@5 81.250 (89.718)
Epoch: [2][40/430]	Time 0.156 (0.173)	Data 0.000 (0.016)	Loss 22.4594 (29.6873)	Prec@1 75.000 (53.887)	Prec@5 90.625 (89.710)
Epoch: [2][50/430]	Time 0.157 (0.170)	Data 0.000 (0.013)	Loss 27.6278 (30.4166)	Prec@1 68.750 (53.983)	Prec@5 87.500 (89.338)
Epoch: [2][60/430]	Time 0.157 (0.168)	Data 0.000 (0.011)	Loss 24.9413 (30.9901)	Prec@1 75.000 (55.020)	Prec@5 90.625 (89.088)
Epoch: [2][70/430]	Time 0.158 (0.167)	Data 0.000 (0.009)	Loss 26.6229 (31.2840)	Prec@1 50.000 (55.238)	Prec@5 87.500 (88.996)
Epoch: [2][80/430]	Time 0.157 (0.165)	Data 0.000 (0.008)	Loss 33.8398 (30.7479)	Prec@1 46.875 (55.633)	Prec@5 90.625 (89.313)
Epoch: [2][90/430]	Time 0.157 (0.165)	Data 0.000 (0.008)	Loss 32.4472 (30.4540)	Prec@1 62.500 (56.044)	Prec@5 84.375 (89.389)
Epoch: [2][100/430]	Time 0.156 (0.164)	Data 0.000 (0.007)	Loss 23.4175 (30.0474)	Prec@1 53.125 (56.528)	Prec@5 90.625 (89.604)
Epoch: [2][110/430]	Time 0.159 (0.163)	Data 0.000 (0.006)	Loss 27.3850 (30.4592)	Prec@1 50.000 (56.194)	Prec@5 100.000 (89.668)
Epoch: [2][120/430]	Time 0.157 (0.163)	Data 0.000 (0.006)	Loss 38.6822 (30.4910)	Prec@1 53.125 (56.482)	Prec@5 81.250 (89.669)
Epoch: [2][130/430]	Time 0.158 (0.162)	Data 0.000 (0.005)	Loss 39.8485 (30.0575)	Prec@1 53.125 (56.584)	Prec@5 81.250 (89.719)
Epoch: [2][140/430]	Time 0.157 (0.162)	Data 0.000 (0.005)	Loss 30.6980 (29.8915)	Prec@1 56.250 (56.738)	Prec@5 90.625 (89.805)
Epoch: [2][150/430]	Time 0.158 (0.162)	Data 0.000 (0.005)	Loss 31.1413 (29.8627)	Prec@1 46.875 (56.623)	Prec@5 93.750 (89.942)
Epoch: [2][160/430]	Time 0.157 (0.162)	Data 0.000 (0.004)	Loss 26.5102 (30.3256)	Prec@1 43.750 (56.444)	Prec@5 90.625 (89.693)
Epoch: [2][170/430]	Time 0.157 (0.161)	Data 0.000 (0.004)	Loss 30.7111 (30.4466)	Prec@1 46.875 (56.250)	Prec@5 96.875 (89.620)
Epoch: [2][180/430]	Time 0.157 (0.161)	Data 0.000 (0.004)	Loss 18.9513 (30.2516)	Prec@1 59.375 (56.526)	Prec@5 90.625 (89.641)
Epoch: [2][190/430]	Time 0.157 (0.161)	Data 0.000 (0.004)	Loss 27.1711 (30.1568)	Prec@1 68.750 (56.528)	Prec@5 90.625 (89.562)
Epoch: [2][200/430]	Time 0.158 (0.161)	Data 0.000 (0.004)	Loss 26.2194 (30.1231)	Prec@1 62.500 (56.794)	Prec@5 87.500 (89.568)
Epoch: [2][210/430]	Time 0.156 (0.161)	Data 0.000 (0.003)	Loss 13.0018 (29.9057)	Prec@1 71.875 (57.050)	Prec@5 93.750 (89.588)
Epoch: [2][220/430]	Time 0.157 (0.160)	Data 0.000 (0.003)	Loss 20.2955 (29.7413)	Prec@1 62.500 (57.098)	Prec@5 100.000 (89.734)
Epoch: [2][230/430]	Time 0.157 (0.160)	Data 0.000 (0.003)	Loss 19.9973 (29.5464)	Prec@1 65.625 (57.210)	Prec@5 93.750 (89.813)
Epoch: [2][240/430]	Time 0.158 (0.160)	Data 0.000 (0.003)	Loss 30.3681 (29.5757)	Prec@1 62.500 (57.287)	Prec@5 90.625 (89.756)
Epoch: [2][250/430]	Time 0.158 (0.160)	Data 0.000 (0.003)	Loss 40.1243 (29.7179)	Prec@1 46.875 (56.997)	Prec@5 84.375 (89.716)
Epoch: [2][260/430]	Time 0.158 (0.160)	Data 0.000 (0.003)	Loss 31.1396 (29.7785)	Prec@1 56.250 (57.028)	Prec@5 90.625 (89.667)
Epoch: [2][270/430]	Time 0.159 (0.160)	Data 0.000 (0.003)	Loss 27.5444 (29.8647)	Prec@1 62.500 (57.115)	Prec@5 87.500 (89.633)
Epoch: [2][280/430]	Time 0.157 (0.160)	Data 0.000 (0.003)	Loss 47.7013 (29.7658)	Prec@1 40.625 (57.251)	Prec@5 84.375 (89.669)
Epoch: [2][290/430]	Time 0.159 (0.160)	Data 0.000 (0.003)	Loss 22.0887 (29.7277)	Prec@1 50.000 (57.249)	Prec@5 100.000 (89.701)
Epoch: [2][300/430]	Time 0.156 (0.160)	Data 0.000 (0.002)	Loss 30.8879 (29.7079)	Prec@1 53.125 (57.184)	Prec@5 84.375 (89.691)
Epoch: [2][310/430]	Time 0.158 (0.160)	Data 0.000 (0.002)	Loss 20.8633 (29.6515)	Prec@1 65.625 (57.184)	Prec@5 87.500 (89.741)
Epoch: [2][320/430]	Time 0.157 (0.160)	Data 0.000 (0.002)	Loss 19.6901 (29.5670)	Prec@1 75.000 (57.379)	Prec@5 96.875 (89.759)
Epoch: [2][330/430]	Time 0.157 (0.159)	Data 0.000 (0.002)	Loss 23.8470 (29.5127)	Prec@1 59.375 (57.402)	Prec@5 90.625 (89.794)
Epoch: [2][340/430]	Time 0.156 (0.159)	Data 0.000 (0.002)	Loss 28.9338 (29.4016)	Prec@1 59.375 (57.423)	Prec@5 84.375 (89.782)
Epoch: [2][350/430]	Time 0.158 (0.159)	Data 0.000 (0.002)	Loss 37.6206 (29.3537)	Prec@1 59.375 (57.630)	Prec@5 90.625 (89.815)
Epoch: [2][360/430]	Time 0.158 (0.159)	Data 0.000 (0.002)	Loss 30.9875 (29.3339)	Prec@1 50.000 (57.566)	Prec@5 87.500 (89.829)
Epoch: [2][370/430]	Time 0.157 (0.159)	Data 0.000 (0.002)	Loss 13.5438 (29.3192)	Prec@1 59.375 (57.421)	Prec@5 96.875 (89.825)
Epoch: [2][380/430]	Time 0.159 (0.159)	Data 0.000 (0.002)	Loss 24.3422 (29.1866)	Prec@1 65.625 (57.530)	Prec@5 90.625 (89.879)
Epoch: [2][390/430]	Time 0.157 (0.159)	Data 0.000 (0.002)	Loss 20.7154 (29.1312)	Prec@1 65.625 (57.657)	Prec@5 93.750 (89.898)
Epoch: [2][400/430]	Time 0.158 (0.159)	Data 0.000 (0.002)	Loss 17.3559 (29.0515)	Prec@1 81.250 (57.754)	Prec@5 93.750 (89.939)
Epoch: [2][410/430]	Time 0.158 (0.159)	Data 0.000 (0.002)	Loss 17.4667 (28.9100)	Prec@1 68.750 (57.862)	Prec@5 90.625 (90.009)
Epoch: [2][420/430]	Time 0.156 (0.159)	Data 0.000 (0.002)	Loss 44.1640 (28.9236)	Prec@1 40.625 (57.772)	Prec@5 84.375 (90.016)
Test: [0/160]	Time 0.893 (0.893)	Loss 88.1746 (88.1746)	Prec@1 37.500 (37.500)	Prec@5 78.125 (78.125)
Test: [10/160]	Time 0.151 (0.219)	Loss 56.3555 (56.4134)	Prec@1 50.000 (44.318)	Prec@5 87.500 (82.955)
Test: [20/160]	Time 0.151 (0.188)	Loss 61.2584 (62.1003)	Prec@1 43.750 (44.643)	Prec@5 78.125 (81.399)
Test: [30/160]	Time 0.152 (0.176)	Loss 88.6160 (63.3112)	Prec@1 25.000 (43.448)	Prec@5 71.875 (80.847)
Test: [40/160]	Time 0.150 (0.169)	Loss 89.3964 (65.6644)	Prec@1 46.875 (42.149)	Prec@5 65.625 (80.107)
Test: [50/160]	Time 0.151 (0.166)	Loss 62.2645 (68.0231)	Prec@1 50.000 (42.525)	Prec@5 75.000 (79.902)
Test: [60/160]	Time 0.151 (0.163)	Loss 74.4415 (67.7647)	Prec@1 43.750 (42.725)	Prec@5 75.000 (80.277)
Test: [70/160]	Time 0.151 (0.161)	Loss 52.4718 (68.7984)	Prec@1 43.750 (41.769)	Prec@5 90.625 (80.150)
Test: [80/160]	Time 0.151 (0.160)	Loss 59.1811 (68.8721)	Prec@1 40.625 (41.551)	Prec@5 78.125 (79.938)
Test: [90/160]	Time 0.151 (0.159)	Loss 63.5747 (69.6960)	Prec@1 46.875 (41.793)	Prec@5 81.250 (79.876)
Test: [100/160]	Time 0.150 (0.158)	Loss 87.7479 (71.2656)	Prec@1 40.625 (41.708)	Prec@5 75.000 (79.579)
Test: [110/160]	Time 0.151 (0.158)	Loss 130.8757 (73.1507)	Prec@1 34.375 (41.470)	Prec@5 62.500 (78.941)
Test: [120/160]	Time 0.151 (0.157)	Loss 63.9584 (73.3515)	Prec@1 37.500 (41.245)	Prec@5 81.250 (78.977)
Test: [130/160]	Time 0.150 (0.156)	Loss 101.4868 (74.8007)	Prec@1 43.750 (41.054)	Prec@5 78.125 (78.435)
Test: [140/160]	Time 0.150 (0.156)	Loss 29.3931 (74.0099)	Prec@1 43.750 (41.290)	Prec@5 84.375 (78.723)
Test: [150/160]	Time 0.150 (0.156)	Loss 101.0779 (73.8506)	Prec@1 43.750 (41.474)	Prec@5 68.750 (78.725)
 * Prec@1 41.481 Prec@5 78.790
0 168 0.1488095238095238
1 190 0.05263157894736842
2 11 0.0
3 15 0.0
4 1833 0.3949809056192035
5 231 0.3722943722943723
6 13 0.0
7 313 0.07987220447284345
8 91 0.02197802197802198
9 33 0.0
10 54 0.0
11 14 0.0
12 211 0.17535545023696683
13 326 0.0
14 294 0.5986394557823129
15 1309 0.7891520244461421
Epoch: [3][0/430]	Time 0.764 (0.764)	Data 0.607 (0.607)	Loss 59.5875 (59.5875)	Prec@1 40.625 (40.625)	Prec@5 78.125 (78.125)
Epoch: [3][10/430]	Time 0.158 (0.217)	Data 0.000 (0.059)	Loss 25.5767 (27.3493)	Prec@1 62.500 (59.659)	Prec@5 87.500 (90.909)
